--------
Total Statistics
--------
Total Instructions: 6594956433
Total Cycles: 9046414026
IPC: 0.729013

--------
Single level Tlb hierarchy
--------
  Data Tlb:
    Entries:          64
    Page Size(B):   4096
    Associativity:      4

Latencies:    0   50
Tlb-Sets:   16 - LRU - assoc:   4

Tlb Stats:
Tlb-Load-Hits:        1667262295   99.97%
Tlb-Load-Misses:          568626    0.03%
Tlb-Load-Accesses:    1667830921  100.00%

Tlb-Store-Hits:         565369390   99.99%
Tlb-Store-Misses:           62952    0.01%
Tlb-Store-Accesses:     565432342  100.00%

Tlb-Total-Hits:        2232631685   99.97%
Tlb-Total-Misses:          631578    0.03%
Tlb-Total-Accesses:    2233263263  100.00%



--------
Two level Cache hierarchy
--------
  L1-Data Cache:
    Size(KB):          32
    Block Size(B):     64
    Associativity:      8

  L2-Data Cache:
    Size(KB):        1024
    Block Size(B):    128
    Associativity:      8

Latencies:    1   10  150
L1-Sets:   64 - LRU - assoc:   8
L2-Sets: 1024 - LRU - assoc:   8
Store_allocation: Yes
L2_inclusive: Yes
L2_prefetching: Yes ( 16)

L1 Cache Stats:
L1-Load-Hits:        1664279083   99.79%
L1-Load-Misses:         3551838    0.21%
L1-Load-Accesses:    1667830921  100.00%

L1-Store-Hits:         564814752   99.89%
L1-Store-Misses:          617590    0.11%
L1-Store-Accesses:     565432342  100.00%

L1-Total-Hits:        2229093835   99.81%
L1-Total-Misses:         4169428    0.19%
L1-Total-Accesses:    2233263263  100.00%

L2 Cache Stats:
L2-Load-Hits:           2780721   78.29%
L2-Load-Misses:          771117   21.71%
L2-Load-Accesses:       3551838  100.00%

L2-Store-Hits:            422566   68.42%
L2-Store-Misses:          195024   31.58%
L2-Store-Accesses:        617590  100.00%

L2-Total-Hits:           3203287   76.83%
L2-Total-Misses:          966141   23.17%
L2-Total-Accesses:       4169428  100.00%

