--------
Total Statistics
--------
Total Instructions: 10948989397
Total Cycles: 15410282360
IPC: 0.710499

--------
Single level Tlb hierarchy
--------
  Data Tlb:
    Entries:          64
    Page Size(B):   4096
    Associativity:      4

Latencies:    0   50
Tlb-Sets:   16 - LRU - assoc:   4

Tlb Stats:
Tlb-Load-Hits:        2284568499   99.40%
Tlb-Load-Misses:        13713439    0.60%
Tlb-Load-Accesses:    2298281938  100.00%

Tlb-Store-Hits:         591853243   99.93%
Tlb-Store-Misses:          427672    0.07%
Tlb-Store-Accesses:     592280915  100.00%

Tlb-Total-Hits:        2876421742   99.51%
Tlb-Total-Misses:        14141111    0.49%
Tlb-Total-Accesses:    2890562853  100.00%



--------
Two level Cache hierarchy
--------
  L1-Data Cache:
    Size(KB):          64
    Block Size(B):     32
    Associativity:      8

  L2-Data Cache:
    Size(KB):        1024
    Block Size(B):    128
    Associativity:      8

Latencies:    1   10  150
L1-Sets:  256 - LRU - assoc:   8
L2-Sets: 1024 - LRU - assoc:   8
Store_allocation: Yes
L2_inclusive: Yes
L2_prefetching: No

L1 Cache Stats:
L1-Load-Hits:        2233899830   97.20%
L1-Load-Misses:        64382108    2.80%
L1-Load-Accesses:    2298281938  100.00%

L1-Store-Hits:         586483987   99.02%
L1-Store-Misses:         5796928    0.98%
L1-Store-Accesses:     592280915  100.00%

L1-Total-Hits:        2820383817   97.57%
L1-Total-Misses:        70179036    2.43%
L1-Total-Accesses:    2890562853  100.00%

L2 Cache Stats:
L2-Load-Hits:          63804644   99.10%
L2-Load-Misses:          577464    0.90%
L2-Load-Accesses:      64382108  100.00%

L2-Store-Hits:           5295164   91.34%
L2-Store-Misses:          501764    8.66%
L2-Store-Accesses:       5796928  100.00%

L2-Total-Hits:          69099808   98.46%
L2-Total-Misses:         1079228    1.54%
L2-Total-Accesses:      70179036  100.00%

