--------
Total Statistics
--------
Total Instructions: 10948989397
Total Cycles: 15778585790
IPC: 0.693914

--------
Single level Tlb hierarchy
--------
  Data Tlb:
    Entries:          64
    Page Size(B):   4096
    Associativity:      4

Latencies:    0   50
Tlb-Sets:   16 - LRU - assoc:   4

Tlb Stats:
Tlb-Load-Hits:        2284594193   99.40%
Tlb-Load-Misses:        13687745    0.60%
Tlb-Load-Accesses:    2298281938  100.00%

Tlb-Store-Hits:         591933641   99.94%
Tlb-Store-Misses:          347274    0.06%
Tlb-Store-Accesses:     592280915  100.00%

Tlb-Total-Hits:        2876527834   99.51%
Tlb-Total-Misses:        14035019    0.49%
Tlb-Total-Accesses:    2890562853  100.00%



--------
Two level Cache hierarchy
--------
  L1-Data Cache:
    Size(KB):          64
    Block Size(B):     64
    Associativity:      8

  L2-Data Cache:
    Size(KB):        1024
    Block Size(B):    128
    Associativity:      8

Latencies:    1   10  150
L1-Sets:  128 - LRU - assoc:   8
L2-Sets: 1024 - LRU - assoc:   8
Store_allocation: Yes
L2_inclusive: Yes
L2_prefetching: No

L1 Cache Stats:
L1-Load-Hits:        2196104951   95.55%
L1-Load-Misses:       102176987    4.45%
L1-Load-Accesses:    2298281938  100.00%

L1-Store-Hits:         586925113   99.10%
L1-Store-Misses:         5355802    0.90%
L1-Store-Accesses:     592280915  100.00%

L1-Total-Hits:        2783030064   96.28%
L1-Total-Misses:       107532789    3.72%
L1-Total-Accesses:    2890562853  100.00%

L2 Cache Stats:
L2-Load-Hits:         101599107   99.43%
L2-Load-Misses:          577880    0.57%
L2-Load-Accesses:     102176987  100.00%

L2-Store-Hits:           4853984   90.63%
L2-Store-Misses:          501818    9.37%
L2-Store-Accesses:       5355802  100.00%

L2-Total-Hits:         106453091   99.00%
L2-Total-Misses:         1079698    1.00%
L2-Total-Accesses:     107532789  100.00%

