--------
Total Statistics
--------
Total Instructions: 10948989397
Total Cycles: 16006778380
IPC: 0.684022

--------
Single level Tlb hierarchy
--------
  Data Tlb:
    Entries:          64
    Page Size(B):   4096
    Associativity:      4

Latencies:    0   50
Tlb-Sets:   16 - LRU - assoc:   4

Tlb Stats:
Tlb-Load-Hits:        2284513340   99.40%
Tlb-Load-Misses:        13768598    0.60%
Tlb-Load-Accesses:    2298281938  100.00%

Tlb-Store-Hits:         591853682   99.93%
Tlb-Store-Misses:          427233    0.07%
Tlb-Store-Accesses:     592280915  100.00%

Tlb-Total-Hits:        2876367022   99.51%
Tlb-Total-Misses:        14195831    0.49%
Tlb-Total-Accesses:    2890562853  100.00%



--------
Two level Cache hierarchy
--------
  L1-Data Cache:
    Size(KB):          32
    Block Size(B):     32
    Associativity:      8

  L2-Data Cache:
    Size(KB):        1024
    Block Size(B):    128
    Associativity:      8

Latencies:    1   10  150
L1-Sets:  128 - LRU - assoc:   8
L2-Sets: 1024 - LRU - assoc:   8
Store_allocation: Yes
L2_inclusive: Yes
L2_prefetching: No

L1 Cache Stats:
L1-Load-Hits:        2179036278   94.81%
L1-Load-Misses:       119245660    5.19%
L1-Load-Accesses:    2298281938  100.00%

L1-Store-Hits:         581963482   98.26%
L1-Store-Misses:        10317433    1.74%
L1-Store-Accesses:     592280915  100.00%

L1-Total-Hits:        2760999760   95.52%
L1-Total-Misses:       129563093    4.48%
L1-Total-Accesses:    2890562853  100.00%

L2 Cache Stats:
L2-Load-Hits:         118668872   99.52%
L2-Load-Misses:          576788    0.48%
L2-Load-Accesses:     119245660  100.00%

L2-Store-Hits:           9815530   95.14%
L2-Store-Misses:          501903    4.86%
L2-Store-Accesses:      10317433  100.00%

L2-Total-Hits:         128484402   99.17%
L2-Total-Misses:         1078691    0.83%
L2-Total-Accesses:     129563093  100.00%

