--------
Total Statistics
--------
Total Instructions: 20807578891
Total Cycles: 45706255995
IPC: 0.455246

--------
Single level Tlb hierarchy
--------
  Data Tlb:
    Entries:          64
    Page Size(B):   4096
    Associativity:      4

Latencies:    0   50
Tlb-Sets:   16 - LRU - assoc:   4

Tlb Stats:
Tlb-Load-Hits:        6338152675   99.52%
Tlb-Load-Misses:        30830606    0.48%
Tlb-Load-Accesses:    6368983281  100.00%

Tlb-Store-Hits:        2596506709   99.83%
Tlb-Store-Misses:         4409314    0.17%
Tlb-Store-Accesses:    2600916023  100.00%

Tlb-Total-Hits:        8934659384   99.61%
Tlb-Total-Misses:        35239920    0.39%
Tlb-Total-Accesses:    8969899304  100.00%



--------
Two level Cache hierarchy
--------
  L1-Data Cache:
    Size(KB):         128
    Block Size(B):     32
    Associativity:      8

  L2-Data Cache:
    Size(KB):        1024
    Block Size(B):    128
    Associativity:      8

Latencies:    1   10  150
L1-Sets:  512 - LRU - assoc:   8
L2-Sets: 1024 - LRU - assoc:   8
Store_allocation: Yes
L2_inclusive: Yes
L2_prefetching: No

L1 Cache Stats:
L1-Load-Hits:        6039297631   94.82%
L1-Load-Misses:       329685650    5.18%
L1-Load-Accesses:    6368983281  100.00%

L1-Store-Hits:        2571990973   98.89%
L1-Store-Misses:        28925050    1.11%
L1-Store-Accesses:    2600916023  100.00%

L1-Total-Hits:        8611288604   96.00%
L1-Total-Misses:       358610700    4.00%
L1-Total-Accesses:    8969899304  100.00%

L2 Cache Stats:
L2-Load-Hits:         264699315   80.29%
L2-Load-Misses:        64986335   19.71%
L2-Load-Accesses:     329685650  100.00%

L2-Store-Hits:          23373553   80.81%
L2-Store-Misses:         5551497   19.19%
L2-Store-Accesses:      28925050  100.00%

L2-Total-Hits:         288072868   80.33%
L2-Total-Misses:        70537832   19.67%
L2-Total-Accesses:     358610700  100.00%

