--------
Total Statistics
--------
Total Instructions: 20807579093
Total Cycles: 44317170643
IPC: 0.469515

--------
Single level Tlb hierarchy
--------
  Data Tlb:
    Entries:          64
    Page Size(B):   4096
    Associativity:      4

Latencies:    0   50
Tlb-Sets:   16 - LRU - assoc:   4

Tlb Stats:
Tlb-Load-Hits:        6342300762   99.58%
Tlb-Load-Misses:        26682561    0.42%
Tlb-Load-Accesses:    6368983323  100.00%

Tlb-Store-Hits:        2596871727   99.84%
Tlb-Store-Misses:         4044320    0.16%
Tlb-Store-Accesses:    2600916047  100.00%

Tlb-Total-Hits:        8939172489   99.66%
Tlb-Total-Misses:        30726881    0.34%
Tlb-Total-Accesses:    8969899370  100.00%



--------
Two level Cache hierarchy
--------
  L1-Data Cache:
    Size(KB):          32
    Block Size(B):     64
    Associativity:      4

  L2-Data Cache:
    Size(KB):        1024
    Block Size(B):    128
    Associativity:      8

Latencies:    1   10  150
L1-Sets:  128 - LRU - assoc:   4
L2-Sets: 1024 - LRU - assoc:   8
Store_allocation: Yes
L2_inclusive: Yes
L2_prefetching: No

L1 Cache Stats:
L1-Load-Hits:        6145758114   96.50%
L1-Load-Misses:       223225209    3.50%
L1-Load-Accesses:    6368983323  100.00%

L1-Store-Hits:        2581550253   99.26%
L1-Store-Misses:        19365794    0.74%
L1-Store-Accesses:    2600916047  100.00%

L1-Total-Hits:        8727308367   97.30%
L1-Total-Misses:       242591003    2.70%
L1-Total-Accesses:    8969899370  100.00%

L2 Cache Stats:
L2-Load-Hits:         158258056   70.90%
L2-Load-Misses:        64967153   29.10%
L2-Load-Accesses:     223225209  100.00%

L2-Store-Hits:          13816693   71.35%
L2-Store-Misses:         5549101   28.65%
L2-Store-Accesses:      19365794  100.00%

L2-Total-Hits:         172074749   70.93%
L2-Total-Misses:        70516254   29.07%
L2-Total-Accesses:     242591003  100.00%

