--------
Total Statistics
--------
Total Instructions: 32216352860
Total Cycles: 49036169415
IPC: 0.656992

--------
Single level Tlb hierarchy
--------
  Data Tlb:
    Entries:          64
    Page Size(B):   4096
    Associativity:      4

Latencies:    0   50
Tlb-Sets:   16 - LRU - assoc:   4

Tlb Stats:
Tlb-Load-Hits:        9260809020   99.86%
Tlb-Load-Misses:        12932348    0.14%
Tlb-Load-Accesses:    9273741368  100.00%

Tlb-Store-Hits:        4836552699   99.92%
Tlb-Store-Misses:         3951938    0.08%
Tlb-Store-Accesses:    4840504637  100.00%

Tlb-Total-Hits:       14097361719   99.88%
Tlb-Total-Misses:        16884286    0.12%
Tlb-Total-Accesses:   14114246005  100.00%



--------
Two level Cache hierarchy
--------
  L1-Data Cache:
    Size(KB):          32
    Block Size(B):     64
    Associativity:      8

  L2-Data Cache:
    Size(KB):        1024
    Block Size(B):    128
    Associativity:      8

Latencies:    1   10  150
L1-Sets:   64 - LRU - assoc:   8
L2-Sets: 1024 - LRU - assoc:   8
Store_allocation: Yes
L2_inclusive: Yes
L2_prefetching: Yes (  4)

L1 Cache Stats:
L1-Load-Hits:        9223576529   99.46%
L1-Load-Misses:        50164839    0.54%
L1-Load-Accesses:    9273741368  100.00%

L1-Store-Hits:        4830312361   99.79%
L1-Store-Misses:        10192276    0.21%
L1-Store-Accesses:    4840504637  100.00%

L1-Total-Hits:       14053888890   99.57%
L1-Total-Misses:        60357115    0.43%
L1-Total-Accesses:   14114246005  100.00%

L2 Cache Stats:
L2-Load-Hits:          44047380   87.81%
L2-Load-Misses:         6117459   12.19%
L2-Load-Accesses:      50164839  100.00%

L2-Store-Hits:           7924501   77.75%
L2-Store-Misses:         2267775   22.25%
L2-Store-Accesses:      10192276  100.00%

L2-Total-Hits:          51971881   86.11%
L2-Total-Misses:         8385234   13.89%
L2-Total-Accesses:      60357115  100.00%

