--------
Total Statistics
--------
Total Instructions: 32216352854
Total Cycles: 49044929349
IPC: 0.656874

--------
Single level Tlb hierarchy
--------
  Data Tlb:
    Entries:          64
    Page Size(B):   4096
    Associativity:      4

Latencies:    0   50
Tlb-Sets:   16 - LRU - assoc:   4

Tlb Stats:
Tlb-Load-Hits:        9260697451   99.86%
Tlb-Load-Misses:        13043917    0.14%
Tlb-Load-Accesses:    9273741368  100.00%

Tlb-Store-Hits:        4836487684   99.92%
Tlb-Store-Misses:         4016953    0.08%
Tlb-Store-Accesses:    4840504637  100.00%

Tlb-Total-Hits:       14097185135   99.88%
Tlb-Total-Misses:        17060870    0.12%
Tlb-Total-Accesses:   14114246005  100.00%



--------
Two level Cache hierarchy
--------
  L1-Data Cache:
    Size(KB):          32
    Block Size(B):     64
    Associativity:      8

  L2-Data Cache:
    Size(KB):        1024
    Block Size(B):    128
    Associativity:      8

Latencies:    1   10  150
L1-Sets:   64 - LRU - assoc:   8
L2-Sets: 1024 - LRU - assoc:   8
Store_allocation: Yes
L2_inclusive: Yes
L2_prefetching: Yes (  8)

L1 Cache Stats:
L1-Load-Hits:        9223627640   99.46%
L1-Load-Misses:        50113728    0.54%
L1-Load-Accesses:    9273741368  100.00%

L1-Store-Hits:        4830295176   99.79%
L1-Store-Misses:        10209461    0.21%
L1-Store-Accesses:    4840504637  100.00%

L1-Total-Hits:       14053922816   99.57%
L1-Total-Misses:        60323189    0.43%
L1-Total-Accesses:   14114246005  100.00%

L2 Cache Stats:
L2-Load-Hits:          43995062   87.79%
L2-Load-Misses:         6118666   12.21%
L2-Load-Accesses:      50113728  100.00%

L2-Store-Hits:           7941093   77.78%
L2-Store-Misses:         2268368   22.22%
L2-Store-Accesses:      10209461  100.00%

L2-Total-Hits:          51936155   86.10%
L2-Total-Misses:         8387034   13.90%
L2-Total-Accesses:      60323189  100.00%

