--------
Total Statistics
--------
Total Instructions: 6594956433
Total Cycles: 9004497206
IPC: 0.732407

--------
Single level Tlb hierarchy
--------
  Data Tlb:
    Entries:          64
    Page Size(B):   4096
    Associativity:      4

Latencies:    0   50
Tlb-Sets:   16 - LRU - assoc:   4

Tlb Stats:
Tlb-Load-Hits:        1667264919   99.97%
Tlb-Load-Misses:          566002    0.03%
Tlb-Load-Accesses:    1667830921  100.00%

Tlb-Store-Hits:         565375544   99.99%
Tlb-Store-Misses:           56798    0.01%
Tlb-Store-Accesses:     565432342  100.00%

Tlb-Total-Hits:        2232640463   99.97%
Tlb-Total-Misses:          622800    0.03%
Tlb-Total-Accesses:    2233263263  100.00%



--------
Two level Cache hierarchy
--------
  L1-Data Cache:
    Size(KB):          32
    Block Size(B):     64
    Associativity:      8

  L2-Data Cache:
    Size(KB):         512
    Block Size(B):    256
    Associativity:      8

Latencies:    1   10  150
L1-Sets:   64 - LRU - assoc:   8
L2-Sets:  256 - LRU - assoc:   8
Store_allocation: Yes
L2_inclusive: Yes
L2_prefetching: No

L1 Cache Stats:
L1-Load-Hits:        1664382063   99.79%
L1-Load-Misses:         3448858    0.21%
L1-Load-Accesses:    1667830921  100.00%

L1-Store-Hits:         564898544   99.91%
L1-Store-Misses:          533798    0.09%
L1-Store-Accesses:     565432342  100.00%

L1-Total-Hits:        2229280607   99.82%
L1-Total-Misses:         3982656    0.18%
L1-Total-Accesses:    2233263263  100.00%

L2 Cache Stats:
L2-Load-Hits:           2845974   82.52%
L2-Load-Misses:          602884   17.48%
L2-Load-Accesses:       3448858  100.00%

L2-Store-Hits:            434609   81.42%
L2-Store-Misses:           99189   18.58%
L2-Store-Accesses:        533798  100.00%

L2-Total-Hits:           3280583   82.37%
L2-Total-Misses:          702073   17.63%
L2-Total-Accesses:       3982656  100.00%

