--------
Total Statistics
--------
Total Instructions: 6594956458
Total Cycles: 9192340429
IPC: 0.71744

--------
Single level Tlb hierarchy
--------
  Data Tlb:
    Entries:          64
    Page Size(B):   4096
    Associativity:      4

Latencies:    0   50
Tlb-Sets:   16 - LRU - assoc:   4

Tlb Stats:
Tlb-Load-Hits:        1667258028   99.97%
Tlb-Load-Misses:          572901    0.03%
Tlb-Load-Accesses:    1667830929  100.00%

Tlb-Store-Hits:         565374918   99.99%
Tlb-Store-Misses:           57424    0.01%
Tlb-Store-Accesses:     565432342  100.00%

Tlb-Total-Hits:        2232632946   99.97%
Tlb-Total-Misses:          630325    0.03%
Tlb-Total-Accesses:    2233263271  100.00%



--------
Two level Cache hierarchy
--------
  L1-Data Cache:
    Size(KB):          32
    Block Size(B):     64
    Associativity:      8

  L2-Data Cache:
    Size(KB):         512
    Block Size(B):     64
    Associativity:      8

Latencies:    1   10  150
L1-Sets:   64 - LRU - assoc:   8
L2-Sets: 1024 - LRU - assoc:   8
Store_allocation: Yes
L2_inclusive: Yes
L2_prefetching: No

L1 Cache Stats:
L1-Load-Hits:        1665222066   99.84%
L1-Load-Misses:         2608863    0.16%
L1-Load-Accesses:    1667830929  100.00%

L1-Store-Hits:         565012825   99.93%
L1-Store-Misses:          419517    0.07%
L1-Store-Accesses:     565432342  100.00%

L1-Total-Hits:        2230234891   99.86%
L1-Total-Misses:         3028380    0.14%
L1-Total-Accesses:    2233263271  100.00%

L2 Cache Stats:
L2-Load-Hits:            985504   37.78%
L2-Load-Misses:         1623359   62.22%
L2-Load-Accesses:       2608863  100.00%

L2-Store-Hits:             27405    6.53%
L2-Store-Misses:          392112   93.47%
L2-Store-Accesses:        419517  100.00%

L2-Total-Hits:           1012909   33.45%
L2-Total-Misses:         2015471   66.55%
L2-Total-Accesses:       3028380  100.00%

