--------
Total Statistics
--------
Total Instructions: 6594956433
Total Cycles: 9158953016
IPC: 0.720056

--------
Single level Tlb hierarchy
--------
  Data Tlb:
    Entries:          64
    Page Size(B):   4096
    Associativity:      4

Latencies:    0   50
Tlb-Sets:   16 - LRU - assoc:   4

Tlb Stats:
Tlb-Load-Hits:        1667277740   99.97%
Tlb-Load-Misses:          553181    0.03%
Tlb-Load-Accesses:    1667830921  100.00%

Tlb-Store-Hits:         565375835   99.99%
Tlb-Store-Misses:           56507    0.01%
Tlb-Store-Accesses:     565432342  100.00%

Tlb-Total-Hits:        2232653575   99.97%
Tlb-Total-Misses:          609688    0.03%
Tlb-Total-Accesses:    2233263263  100.00%



--------
Two level Cache hierarchy
--------
  L1-Data Cache:
    Size(KB):          32
    Block Size(B):     64
    Associativity:      8

  L2-Data Cache:
    Size(KB):        1024
    Block Size(B):     64
    Associativity:      8

Latencies:    1   10  150
L1-Sets:   64 - LRU - assoc:   8
L2-Sets: 2048 - LRU - assoc:   8
Store_allocation: Yes
L2_inclusive: Yes
L2_prefetching: No

L1 Cache Stats:
L1-Load-Hits:        1665238054   99.84%
L1-Load-Misses:         2592867    0.16%
L1-Load-Accesses:    1667830921  100.00%

L1-Store-Hits:         565018032   99.93%
L1-Store-Misses:          414310    0.07%
L1-Store-Accesses:     565432342  100.00%

L1-Total-Hits:        2230256086   99.87%
L1-Total-Misses:         3007177    0.13%
L1-Total-Accesses:    2233263263  100.00%

L2 Cache Stats:
L2-Load-Hits:           1181845   45.58%
L2-Load-Misses:         1411022   54.42%
L2-Load-Accesses:       2592867  100.00%

L2-Store-Hits:             24151    5.83%
L2-Store-Misses:          390159   94.17%
L2-Store-Accesses:        414310  100.00%

L2-Total-Hits:           1205996   40.10%
L2-Total-Misses:         1801181   59.90%
L2-Total-Accesses:       3007177  100.00%

