--------
Total Statistics
--------
Total Instructions: 6594956433
Total Cycles: 9158033066
IPC: 0.720128

--------
Single level Tlb hierarchy
--------
  Data Tlb:
    Entries:          64
    Page Size(B):   4096
    Associativity:      4

Latencies:    0   50
Tlb-Sets:   16 - LRU - assoc:   4

Tlb Stats:
Tlb-Load-Hits:        1667267372   99.97%
Tlb-Load-Misses:          563549    0.03%
Tlb-Load-Accesses:    1667830921  100.00%

Tlb-Store-Hits:         565378735   99.99%
Tlb-Store-Misses:           53607    0.01%
Tlb-Store-Accesses:     565432342  100.00%

Tlb-Total-Hits:        2232646107   99.97%
Tlb-Total-Misses:          617156    0.03%
Tlb-Total-Accesses:    2233263263  100.00%



--------
Two level Cache hierarchy
--------
  L1-Data Cache:
    Size(KB):          32
    Block Size(B):     64
    Associativity:      8

  L2-Data Cache:
    Size(KB):        1024
    Block Size(B):     64
    Associativity:     16

Latencies:    1   10  150
L1-Sets:   64 - LRU - assoc:   8
L2-Sets: 1024 - LRU - assoc:  16
Store_allocation: Yes
L2_inclusive: Yes
L2_prefetching: No

L1 Cache Stats:
L1-Load-Hits:        1665212267   99.84%
L1-Load-Misses:         2618654    0.16%
L1-Load-Accesses:    1667830921  100.00%

L1-Store-Hits:         565016734   99.93%
L1-Store-Misses:          415608    0.07%
L1-Store-Accesses:     565432342  100.00%

L1-Total-Hits:        2230229001   99.86%
L1-Total-Misses:         3034262    0.14%
L1-Total-Accesses:    2233263263  100.00%

L2 Cache Stats:
L2-Load-Hits:           1218033   46.51%
L2-Load-Misses:         1400621   53.49%
L2-Load-Accesses:       2618654  100.00%

L2-Store-Hits:             25476    6.13%
L2-Store-Misses:          390132   93.87%
L2-Store-Accesses:        415608  100.00%

L2-Total-Hits:           1243509   40.98%
L2-Total-Misses:         1790753   59.02%
L2-Total-Accesses:       3034262  100.00%

