--------
Total Statistics
--------
Total Instructions: 23714279323
Total Cycles: 32800832096
IPC: 0.722978

--------
Single level Tlb hierarchy
--------
  Data Tlb:
    Entries:          64
    Page Size(B):   4096
    Associativity:      4

Latencies:    0   50
Tlb-Sets:   16 - LRU - assoc:   4

Tlb Stats:
Tlb-Load-Hits:        6728858008  100.00%
Tlb-Load-Misses:              56    0.00%
Tlb-Load-Accesses:    6728858064  100.00%

Tlb-Store-Hits:        1857031727  100.00%
Tlb-Store-Misses:             342    0.00%
Tlb-Store-Accesses:    1857032069  100.00%

Tlb-Total-Hits:        8585889735  100.00%
Tlb-Total-Misses:             398    0.00%
Tlb-Total-Accesses:    8585890133  100.00%



--------
Two level Cache hierarchy
--------
  L1-Data Cache:
    Size(KB):          32
    Block Size(B):     64
    Associativity:      8

  L2-Data Cache:
    Size(KB):        2048
    Block Size(B):    256
    Associativity:     16

Latencies:    1   10  150
L1-Sets:   64 - LRU - assoc:   8
L2-Sets:  512 - LRU - assoc:  16
Store_allocation: Yes
L2_inclusive: Yes
L2_prefetching: No

L1 Cache Stats:
L1-Load-Hits:        6710826642   99.73%
L1-Load-Misses:        18031422    0.27%
L1-Load-Accesses:    6728858064  100.00%

L1-Store-Hits:        1825084042   98.28%
L1-Store-Misses:        31948027    1.72%
L1-Store-Accesses:    1857032069  100.00%

L1-Total-Hits:        8535910684   99.42%
L1-Total-Misses:        49979449    0.58%
L1-Total-Accesses:    8585890133  100.00%

L2 Cache Stats:
L2-Load-Hits:          18030914  100.00%
L2-Load-Misses:             508    0.00%
L2-Load-Accesses:      18031422  100.00%

L2-Store-Hits:          31942880   99.98%
L2-Store-Misses:            5147    0.02%
L2-Store-Accesses:      31948027  100.00%

L2-Total-Hits:          49973794   99.99%
L2-Total-Misses:            5655    0.01%
L2-Total-Accesses:      49979449  100.00%

