--------
Total Statistics
--------
Total Instructions: 23714279323
Total Cycles: 32795604816
IPC: 0.723093

--------
Single level Tlb hierarchy
--------
  Data Tlb:
    Entries:          64
    Page Size(B):   4096
    Associativity:      4

Latencies:    0   50
Tlb-Sets:   16 - LRU - assoc:   4

Tlb Stats:
Tlb-Load-Hits:        6728858014  100.00%
Tlb-Load-Misses:              50    0.00%
Tlb-Load-Accesses:    6728858064  100.00%

Tlb-Store-Hits:        1857031727  100.00%
Tlb-Store-Misses:             342    0.00%
Tlb-Store-Accesses:    1857032069  100.00%

Tlb-Total-Hits:        8585889741  100.00%
Tlb-Total-Misses:             392    0.00%
Tlb-Total-Accesses:    8585890133  100.00%



--------
Two level Cache hierarchy
--------
  L1-Data Cache:
    Size(KB):          32
    Block Size(B):     64
    Associativity:      8

  L2-Data Cache:
    Size(KB):         512
    Block Size(B):     64
    Associativity:      8

Latencies:    1   10  150
L1-Sets:   64 - LRU - assoc:   8
L2-Sets: 1024 - LRU - assoc:   8
Store_allocation: Yes
L2_inclusive: Yes
L2_prefetching: No

L1 Cache Stats:
L1-Load-Hits:        6711188129   99.74%
L1-Load-Misses:        17669935    0.26%
L1-Load-Accesses:    6728858064  100.00%

L1-Store-Hits:        1825498243   98.30%
L1-Store-Misses:        31533826    1.70%
L1-Store-Accesses:    1857032069  100.00%

L1-Total-Hits:        8536686372   99.43%
L1-Total-Misses:        49203761    0.57%
L1-Total-Accesses:    8585890133  100.00%

L2 Cache Stats:
L2-Load-Hits:          17667961   99.99%
L2-Load-Misses:            1974    0.01%
L2-Load-Accesses:      17669935  100.00%

L2-Store-Hits:          31513279   99.93%
L2-Store-Misses:           20547    0.07%
L2-Store-Accesses:      31533826  100.00%

L2-Total-Hits:          49181240   99.95%
L2-Total-Misses:           22521    0.05%
L2-Total-Accesses:      49203761  100.00%

