--------
Total Statistics
--------
Total Instructions: 17762792409
Total Cycles: 75971684419
IPC: 0.233808

--------
Single level Tlb hierarchy
--------
  Data Tlb:
    Entries:          64
    Page Size(B):   4096
    Associativity:      4

Latencies:    0   50
Tlb-Sets:   16 - LRU - assoc:   4

Tlb Stats:
Tlb-Load-Hits:        2975262513   98.89%
Tlb-Load-Misses:        33381549    1.11%
Tlb-Load-Accesses:    3008644062  100.00%

Tlb-Store-Hits:          85585485   99.83%
Tlb-Store-Misses:          145603    0.17%
Tlb-Store-Accesses:      85731088  100.00%

Tlb-Total-Hits:        3060847998   98.92%
Tlb-Total-Misses:        33527152    1.08%
Tlb-Total-Accesses:    3094375150  100.00%



--------
Two level Cache hierarchy
--------
  L1-Data Cache:
    Size(KB):          32
    Block Size(B):     64
    Associativity:      8

  L2-Data Cache:
    Size(KB):        1024
    Block Size(B):     64
    Associativity:     16

Latencies:    1   10  150
L1-Sets:   64 - LRU - assoc:   8
L2-Sets: 1024 - LRU - assoc:  16
Store_allocation: Yes
L2_inclusive: Yes
L2_prefetching: No

L1 Cache Stats:
L1-Load-Hits:        2664484925   88.56%
L1-Load-Misses:       344159137   11.44%
L1-Load-Accesses:    3008644062  100.00%

L1-Store-Hits:          84716059   98.82%
L1-Store-Misses:         1015029    1.18%
L1-Store-Accesses:      85731088  100.00%

L1-Total-Hits:        2749200984   88.85%
L1-Total-Misses:       345174166   11.15%
L1-Total-Accesses:    3094375150  100.00%

L2 Cache Stats:
L2-Load-Hits:          11838891    3.44%
L2-Load-Misses:       332320246   96.56%
L2-Load-Accesses:     344159137  100.00%

L2-Store-Hits:             92491    9.11%
L2-Store-Misses:          922538   90.89%
L2-Store-Accesses:       1015029  100.00%

L2-Total-Hits:          11931382    3.46%
L2-Total-Misses:       333242784   96.54%
L2-Total-Accesses:     345174166  100.00%

