--------
Total Statistics
--------
Total Instructions: 17762792384
Total Cycles: 53402083716
IPC: 0.332624

--------
Single level Tlb hierarchy
--------
  Data Tlb:
    Entries:          64
    Page Size(B):   4096
    Associativity:      4

Latencies:    0   50
Tlb-Sets:   16 - LRU - assoc:   4

Tlb Stats:
Tlb-Load-Hits:        2975215655   98.89%
Tlb-Load-Misses:        33428399    1.11%
Tlb-Load-Accesses:    3008644054  100.00%

Tlb-Store-Hits:          85559295   99.80%
Tlb-Store-Misses:          171793    0.20%
Tlb-Store-Accesses:      85731088  100.00%

Tlb-Total-Hits:        3060774950   98.91%
Tlb-Total-Misses:        33600192    1.09%
Tlb-Total-Accesses:    3094375142  100.00%



--------
Two level Cache hierarchy
--------
  L1-Data Cache:
    Size(KB):          32
    Block Size(B):     64
    Associativity:      8

  L2-Data Cache:
    Size(KB):        2048
    Block Size(B):    128
    Associativity:     16

Latencies:    1   10  150
L1-Sets:   64 - LRU - assoc:   8
L2-Sets: 1024 - LRU - assoc:  16
Store_allocation: Yes
L2_inclusive: Yes
L2_prefetching: No

L1 Cache Stats:
L1-Load-Hits:        2497992412   83.03%
L1-Load-Misses:       510651642   16.97%
L1-Load-Accesses:    3008644054  100.00%

L1-Store-Hits:          83760521   97.70%
L1-Store-Misses:         1970567    2.30%
L1-Store-Accesses:      85731088  100.00%

L1-Total-Hits:        2581752933   83.43%
L1-Total-Misses:       512622209   16.57%
L1-Total-Accesses:    3094375142  100.00%

L2 Cache Stats:
L2-Load-Hits:         339493751   66.48%
L2-Load-Misses:       171157891   33.52%
L2-Load-Accesses:     510651642  100.00%

L2-Store-Hits:           1537228   78.01%
L2-Store-Misses:          433339   21.99%
L2-Store-Accesses:       1970567  100.00%

L2-Total-Hits:         341030979   66.53%
L2-Total-Misses:       171591230   33.47%
L2-Total-Accesses:     512622209  100.00%

