--------
Total Statistics
--------
Total Instructions: 17762792384
Total Cycles: 74145108626
IPC: 0.239568

--------
Single level Tlb hierarchy
--------
  Data Tlb:
    Entries:          64
    Page Size(B):   4096
    Associativity:      4

Latencies:    0   50
Tlb-Sets:   16 - LRU - assoc:   4

Tlb Stats:
Tlb-Load-Hits:        2975296092   98.89%
Tlb-Load-Misses:        33347962    1.11%
Tlb-Load-Accesses:    3008644054  100.00%

Tlb-Store-Hits:          85564092   99.81%
Tlb-Store-Misses:          166996    0.19%
Tlb-Store-Accesses:      85731088  100.00%

Tlb-Total-Hits:        3060860184   98.92%
Tlb-Total-Misses:        33514958    1.08%
Tlb-Total-Accesses:    3094375142  100.00%



--------
Two level Cache hierarchy
--------
  L1-Data Cache:
    Size(KB):          32
    Block Size(B):     64
    Associativity:      8

  L2-Data Cache:
    Size(KB):        2048
    Block Size(B):     64
    Associativity:     16

Latencies:    1   10  150
L1-Sets:   64 - LRU - assoc:   8
L2-Sets: 2048 - LRU - assoc:  16
Store_allocation: Yes
L2_inclusive: Yes
L2_prefetching: No

L1 Cache Stats:
L1-Load-Hits:        2664535811   88.56%
L1-Load-Misses:       344108243   11.44%
L1-Load-Accesses:    3008644054  100.00%

L1-Store-Hits:          84716751   98.82%
L1-Store-Misses:         1014337    1.18%
L1-Store-Accesses:      85731088  100.00%

L1-Total-Hits:        2749252562   88.85%
L1-Total-Misses:       345122580   11.15%
L1-Total-Accesses:    3094375142  100.00%

L2 Cache Stats:
L2-Load-Hits:          23873048    6.94%
L2-Load-Misses:       320235195   93.06%
L2-Load-Accesses:     344108243  100.00%

L2-Store-Hits:            176416   17.39%
L2-Store-Misses:          837921   82.61%
L2-Store-Accesses:       1014337  100.00%

L2-Total-Hits:          24049464    6.97%
L2-Total-Misses:       321073116   93.03%
L2-Total-Accesses:     345122580  100.00%

