--------
Total Statistics
--------
Total Instructions: 8308509622
Total Cycles: 11981735257
IPC: 0.693431

--------
Single level Tlb hierarchy
--------
  Data Tlb:
    Entries:          64
    Page Size(B):   4096
    Associativity:      4

Latencies:    0   50
Tlb-Sets:   16 - LRU - assoc:   4

Tlb Stats:
Tlb-Load-Hits:        1869902582   99.97%
Tlb-Load-Misses:          564529    0.03%
Tlb-Load-Accesses:    1870467111  100.00%

Tlb-Store-Hits:         183336846   99.85%
Tlb-Store-Misses:          279848    0.15%
Tlb-Store-Accesses:     183616694  100.00%

Tlb-Total-Hits:        2053239428   99.96%
Tlb-Total-Misses:          844377    0.04%
Tlb-Total-Accesses:    2054083805  100.00%



--------
Two level Cache hierarchy
--------
  L1-Data Cache:
    Size(KB):          32
    Block Size(B):     64
    Associativity:      8

  L2-Data Cache:
    Size(KB):        1024
    Block Size(B):    128
    Associativity:      8

Latencies:    1   10  150
L1-Sets:   64 - LRU - assoc:   8
L2-Sets: 1024 - LRU - assoc:   8
Store_allocation: Yes
L2_inclusive: Yes
L2_prefetching: Yes (  1)

L1 Cache Stats:
L1-Load-Hits:        1848523748   98.83%
L1-Load-Misses:        21943363    1.17%
L1-Load-Accesses:    1870467111  100.00%

L1-Store-Hits:         178121969   97.01%
L1-Store-Misses:         5494725    2.99%
L1-Store-Accesses:     183616694  100.00%

L1-Total-Hits:        2026645717   98.66%
L1-Total-Misses:        27438088    1.34%
L1-Total-Accesses:    2054083805  100.00%

L2 Cache Stats:
L2-Load-Hits:          15978768   72.82%
L2-Load-Misses:         5964595   27.18%
L2-Load-Accesses:      21943363  100.00%

L2-Store-Hits:           2775706   50.52%
L2-Store-Misses:         2719019   49.48%
L2-Store-Accesses:       5494725  100.00%

L2-Total-Hits:          18754474   68.35%
L2-Total-Misses:         8683614   31.65%
L2-Total-Accesses:      27438088  100.00%

