--------
Total Statistics
--------
Total Instructions: 8308509597
Total Cycles: 11986900254
IPC: 0.693132

--------
Single level Tlb hierarchy
--------
  Data Tlb:
    Entries:          64
    Page Size(B):   4096
    Associativity:      4

Latencies:    0   50
Tlb-Sets:   16 - LRU - assoc:   4

Tlb Stats:
Tlb-Load-Hits:        1869805205   99.96%
Tlb-Load-Misses:          661898    0.04%
Tlb-Load-Accesses:    1870467103  100.00%

Tlb-Store-Hits:         183336809   99.85%
Tlb-Store-Misses:          279885    0.15%
Tlb-Store-Accesses:     183616694  100.00%

Tlb-Total-Hits:        2053142014   99.95%
Tlb-Total-Misses:          941783    0.05%
Tlb-Total-Accesses:    2054083797  100.00%



--------
Two level Cache hierarchy
--------
  L1-Data Cache:
    Size(KB):          32
    Block Size(B):     64
    Associativity:      8

  L2-Data Cache:
    Size(KB):        1024
    Block Size(B):    128
    Associativity:      8

Latencies:    1   10  150
L1-Sets:   64 - LRU - assoc:   8
L2-Sets: 1024 - LRU - assoc:   8
Store_allocation: Yes
L2_inclusive: Yes
L2_prefetching: Yes (  2)

L1 Cache Stats:
L1-Load-Hits:        1848496537   98.83%
L1-Load-Misses:        21970566    1.17%
L1-Load-Accesses:    1870467103  100.00%

L1-Store-Hits:         178120284   97.01%
L1-Store-Misses:         5496410    2.99%
L1-Store-Accesses:     183616694  100.00%

L1-Total-Hits:        2026616821   98.66%
L1-Total-Misses:        27466976    1.34%
L1-Total-Accesses:    2054083797  100.00%

L2 Cache Stats:
L2-Load-Hits:          16005850   72.85%
L2-Load-Misses:         5964716   27.15%
L2-Load-Accesses:      21970566  100.00%

L2-Store-Hits:           2777473   50.53%
L2-Store-Misses:         2718937   49.47%
L2-Store-Accesses:       5496410  100.00%

L2-Total-Hits:          18783323   68.39%
L2-Total-Misses:         8683653   31.61%
L2-Total-Accesses:      27466976  100.00%

