--------
Total Statistics
--------
Total Instructions: 8308509597
Total Cycles: 11981762474
IPC: 0.69343

--------
Single level Tlb hierarchy
--------
  Data Tlb:
    Entries:          64
    Page Size(B):   4096
    Associativity:      4

Latencies:    0   50
Tlb-Sets:   16 - LRU - assoc:   4

Tlb Stats:
Tlb-Load-Hits:        1869902463   99.97%
Tlb-Load-Misses:          564640    0.03%
Tlb-Load-Accesses:    1870467103  100.00%

Tlb-Store-Hits:         183336849   99.85%
Tlb-Store-Misses:          279845    0.15%
Tlb-Store-Accesses:     183616694  100.00%

Tlb-Total-Hits:        2053239312   99.96%
Tlb-Total-Misses:          844485    0.04%
Tlb-Total-Accesses:    2054083797  100.00%



--------
Two level Cache hierarchy
--------
  L1-Data Cache:
    Size(KB):          32
    Block Size(B):     64
    Associativity:      8

  L2-Data Cache:
    Size(KB):        1024
    Block Size(B):    128
    Associativity:      8

Latencies:    1   10  150
L1-Sets:   64 - LRU - assoc:   8
L2-Sets: 1024 - LRU - assoc:   8
Store_allocation: Yes
L2_inclusive: Yes
L2_prefetching: Yes ( 32)

L1 Cache Stats:
L1-Load-Hits:        1848523592   98.83%
L1-Load-Misses:        21943511    1.17%
L1-Load-Accesses:    1870467103  100.00%

L1-Store-Hits:         178122287   97.01%
L1-Store-Misses:         5494407    2.99%
L1-Store-Accesses:     183616694  100.00%

L1-Total-Hits:        2026645879   98.66%
L1-Total-Misses:        27437918    1.34%
L1-Total-Accesses:    2054083797  100.00%

L2 Cache Stats:
L2-Load-Hits:          15978532   72.82%
L2-Load-Misses:         5964979   27.18%
L2-Load-Accesses:      21943511  100.00%

L2-Store-Hits:           2775615   50.52%
L2-Store-Misses:         2718792   49.48%
L2-Store-Accesses:       5494407  100.00%

L2-Total-Hits:          18754147   68.35%
L2-Total-Misses:         8683771   31.65%
L2-Total-Accesses:      27437918  100.00%

