--------
Total Statistics
--------
Total Instructions: 2235776094
Total Cycles: 4981197003
IPC: 0.448843

--------
Single level Tlb hierarchy
--------
  Data Tlb:
    Entries:          64
    Page Size(B):   4096
    Associativity:      4

Latencies:    0   50
Tlb-Sets:   16 - LRU - assoc:   4

Tlb Stats:
Tlb-Load-Hits:         563124104   94.17%
Tlb-Load-Misses:        34833226    5.83%
Tlb-Load-Accesses:     597957330  100.00%

Tlb-Store-Hits:         126179307   99.67%
Tlb-Store-Misses:          421102    0.33%
Tlb-Store-Accesses:     126600409  100.00%

Tlb-Total-Hits:         689303411   95.13%
Tlb-Total-Misses:        35254328    4.87%
Tlb-Total-Accesses:     724557739  100.00%



--------
Two level Cache hierarchy
--------
  L1-Data Cache:
    Size(KB):          32
    Block Size(B):     64
    Associativity:      8

  L2-Data Cache:
    Size(KB):        1024
    Block Size(B):    128
    Associativity:     16

Latencies:    1   10  150
L1-Sets:   64 - LRU - assoc:   8
L2-Sets:  512 - LRU - assoc:  16
Store_allocation: Yes
L2_inclusive: Yes
L2_prefetching: No

L1 Cache Stats:
L1-Load-Hits:         594262422   99.38%
L1-Load-Misses:         3694908    0.62%
L1-Load-Accesses:     597957330  100.00%

L1-Store-Hits:         125986860   99.52%
L1-Store-Misses:          613549    0.48%
L1-Store-Accesses:     126600409  100.00%

L1-Total-Hits:         720249282   99.41%
L1-Total-Misses:         4308457    0.59%
L1-Total-Accesses:     724557739  100.00%

L2 Cache Stats:
L2-Load-Hits:           2466066   66.74%
L2-Load-Misses:         1228842   33.26%
L2-Load-Accesses:       3694908  100.00%

L2-Store-Hits:            408643   66.60%
L2-Store-Misses:          204906   33.40%
L2-Store-Accesses:        613549  100.00%

L2-Total-Hits:           2874709   66.72%
L2-Total-Misses:         1433748   33.28%
L2-Total-Accesses:       4308457  100.00%

