--------
Total Statistics
--------
Total Instructions: 2235776119
Total Cycles: 4867067606
IPC: 0.459368

--------
Single level Tlb hierarchy
--------
  Data Tlb:
    Entries:          64
    Page Size(B):   4096
    Associativity:      4

Latencies:    0   50
Tlb-Sets:   16 - LRU - assoc:   4

Tlb Stats:
Tlb-Load-Hits:         563124413   94.17%
Tlb-Load-Misses:        34832925    5.83%
Tlb-Load-Accesses:     597957338  100.00%

Tlb-Store-Hits:         126178807   99.67%
Tlb-Store-Misses:          421602    0.33%
Tlb-Store-Accesses:     126600409  100.00%

Tlb-Total-Hits:         689303220   95.13%
Tlb-Total-Misses:        35254527    4.87%
Tlb-Total-Accesses:     724557747  100.00%



--------
Two level Cache hierarchy
--------
  L1-Data Cache:
    Size(KB):          32
    Block Size(B):     64
    Associativity:      8

  L2-Data Cache:
    Size(KB):         512
    Block Size(B):    256
    Associativity:      8

Latencies:    1   10  150
L1-Sets:   64 - LRU - assoc:   8
L2-Sets:  256 - LRU - assoc:   8
Store_allocation: Yes
L2_inclusive: Yes
L2_prefetching: No

L1 Cache Stats:
L1-Load-Hits:         594828830   99.48%
L1-Load-Misses:         3128508    0.52%
L1-Load-Accesses:     597957338  100.00%

L1-Store-Hits:         126088263   99.60%
L1-Store-Misses:          512146    0.40%
L1-Store-Accesses:     126600409  100.00%

L1-Total-Hits:         720917093   99.50%
L1-Total-Misses:         3640654    0.50%
L1-Total-Accesses:     724557747  100.00%

L2 Cache Stats:
L2-Load-Hits:           2513673   80.35%
L2-Load-Misses:          614835   19.65%
L2-Load-Accesses:       3128508  100.00%

L2-Store-Hits:            409642   79.99%
L2-Store-Misses:          102504   20.01%
L2-Store-Accesses:        512146  100.00%

L2-Total-Hits:           2923315   80.30%
L2-Total-Misses:          717339   19.70%
L2-Total-Accesses:       3640654  100.00%

