--------
Total Statistics
--------
Total Instructions: 2235776094
Total Cycles: 4981276763
IPC: 0.448836

--------
Single level Tlb hierarchy
--------
  Data Tlb:
    Entries:          64
    Page Size(B):   4096
    Associativity:      4

Latencies:    0   50
Tlb-Sets:   16 - LRU - assoc:   4

Tlb Stats:
Tlb-Load-Hits:         563124505   94.17%
Tlb-Load-Misses:        34832825    5.83%
Tlb-Load-Accesses:     597957330  100.00%

Tlb-Store-Hits:         126179307   99.67%
Tlb-Store-Misses:          421102    0.33%
Tlb-Store-Accesses:     126600409  100.00%

Tlb-Total-Hits:         689303812   95.13%
Tlb-Total-Misses:        35253927    4.87%
Tlb-Total-Accesses:     724557739  100.00%



--------
Two level Cache hierarchy
--------
  L1-Data Cache:
    Size(KB):          32
    Block Size(B):     64
    Associativity:      8

  L2-Data Cache:
    Size(KB):         512
    Block Size(B):    128
    Associativity:      8

Latencies:    1   10  150
L1-Sets:   64 - LRU - assoc:   8
L2-Sets:  512 - LRU - assoc:   8
Store_allocation: Yes
L2_inclusive: Yes
L2_prefetching: No

L1 Cache Stats:
L1-Load-Hits:         594258939   99.38%
L1-Load-Misses:         3698391    0.62%
L1-Load-Accesses:     597957330  100.00%

L1-Store-Hits:         125986347   99.51%
L1-Store-Misses:          614062    0.49%
L1-Store-Accesses:     126600409  100.00%

L1-Total-Hits:         720245286   99.40%
L1-Total-Misses:         4312453    0.60%
L1-Total-Accesses:     724557739  100.00%

L2 Cache Stats:
L2-Load-Hits:           2469150   66.76%
L2-Load-Misses:         1229241   33.24%
L2-Load-Accesses:       3698391  100.00%

L2-Store-Hits:            409156   66.63%
L2-Store-Misses:          204906   33.37%
L2-Store-Accesses:        614062  100.00%

L2-Total-Hits:           2878306   66.74%
L2-Total-Misses:         1434147   33.26%
L2-Total-Accesses:       4312453  100.00%

