--------
Total Statistics
--------
Total Instructions: 2235776094
Total Cycles: 4866938643
IPC: 0.45938

--------
Single level Tlb hierarchy
--------
  Data Tlb:
    Entries:          64
    Page Size(B):   4096
    Associativity:      4

Latencies:    0   50
Tlb-Sets:   16 - LRU - assoc:   4

Tlb Stats:
Tlb-Load-Hits:         563124505   94.17%
Tlb-Load-Misses:        34832825    5.83%
Tlb-Load-Accesses:     597957330  100.00%

Tlb-Store-Hits:         126179307   99.67%
Tlb-Store-Misses:          421102    0.33%
Tlb-Store-Accesses:     126600409  100.00%

Tlb-Total-Hits:         689303812   95.13%
Tlb-Total-Misses:        35253927    4.87%
Tlb-Total-Accesses:     724557739  100.00%



--------
Two level Cache hierarchy
--------
  L1-Data Cache:
    Size(KB):          32
    Block Size(B):     64
    Associativity:      8

  L2-Data Cache:
    Size(KB):        1024
    Block Size(B):    256
    Associativity:     16

Latencies:    1   10  150
L1-Sets:   64 - LRU - assoc:   8
L2-Sets:  256 - LRU - assoc:  16
Store_allocation: Yes
L2_inclusive: Yes
L2_prefetching: No

L1 Cache Stats:
L1-Load-Hits:         594832279   99.48%
L1-Load-Misses:         3125051    0.52%
L1-Load-Accesses:     597957330  100.00%

L1-Store-Hits:         126088729   99.60%
L1-Store-Misses:          511680    0.40%
L1-Store-Accesses:     126600409  100.00%

L1-Total-Hits:         720921008   99.50%
L1-Total-Misses:         3636731    0.50%
L1-Total-Accesses:     724557739  100.00%

L2 Cache Stats:
L2-Load-Hits:           2510614   80.34%
L2-Load-Misses:          614437   19.66%
L2-Load-Accesses:       3125051  100.00%

L2-Store-Hits:            409176   79.97%
L2-Store-Misses:          102504   20.03%
L2-Store-Accesses:        511680  100.00%

L2-Total-Hits:           2919790   80.29%
L2-Total-Misses:          716941   19.71%
L2-Total-Accesses:       3636731  100.00%

