--------
Total Statistics
--------
Total Instructions: 32216352829
Total Cycles: 50012425816
IPC: 0.644167

--------
Single level Tlb hierarchy
--------
  Data Tlb:
    Entries:          64
    Page Size(B):   4096
    Associativity:      4

Latencies:    0   50
Tlb-Sets:   16 - LRU - assoc:   4

Tlb Stats:
Tlb-Load-Hits:        9246262009   99.70%
Tlb-Load-Misses:        27479351    0.30%
Tlb-Load-Accesses:    9273741360  100.00%

Tlb-Store-Hits:        4831559011   99.82%
Tlb-Store-Misses:         8945626    0.18%
Tlb-Store-Accesses:    4840504637  100.00%

Tlb-Total-Hits:       14077821020   99.74%
Tlb-Total-Misses:        36424977    0.26%
Tlb-Total-Accesses:   14114245997  100.00%



--------
Two level Cache hierarchy
--------
  L1-Data Cache:
    Size(KB):          32
    Block Size(B):     64
    Associativity:      8

  L2-Data Cache:
    Size(KB):        1024
    Block Size(B):    128
    Associativity:      8

Latencies:    1   10  150
L1-Sets:   64 - LRU - assoc:   8
L2-Sets: 1024 - LRU - assoc:   8
Store_allocation: Yes
L2_inclusive: Yes
L2_prefetching: Yes (  1)

L1 Cache Stats:
L1-Load-Hits:        9223624936   99.46%
L1-Load-Misses:        50116424    0.54%
L1-Load-Accesses:    9273741360  100.00%

L1-Store-Hits:        4830310467   99.79%
L1-Store-Misses:        10194170    0.21%
L1-Store-Accesses:    4840504637  100.00%

L1-Total-Hits:       14053935403   99.57%
L1-Total-Misses:        60310594    0.43%
L1-Total-Accesses:   14114245997  100.00%

L2 Cache Stats:
L2-Load-Hits:          44001347   87.80%
L2-Load-Misses:         6115077   12.20%
L2-Load-Accesses:      50116424  100.00%

L2-Store-Hits:           7926099   77.75%
L2-Store-Misses:         2268071   22.25%
L2-Store-Accesses:      10194170  100.00%

L2-Total-Hits:          51927446   86.10%
L2-Total-Misses:         8383148   13.90%
L2-Total-Accesses:      60310594  100.00%

