--------
Total Statistics
--------
Total Instructions: 23696512929
Total Cycles: 43905997593
IPC: 0.53971

--------
Single level Tlb hierarchy
--------
  Data Tlb:
    Entries:          64
    Page Size(B):   4096
    Associativity:      4

Latencies:    0   50
Tlb-Sets:   16 - LRU - assoc:   4

Tlb Stats:
Tlb-Load-Hits:        6891051613   99.56%
Tlb-Load-Misses:        30506117    0.44%
Tlb-Load-Accesses:    6921557730  100.00%

Tlb-Store-Hits:        1361203337   99.80%
Tlb-Store-Misses:         2665877    0.20%
Tlb-Store-Accesses:    1363869214  100.00%

Tlb-Total-Hits:        8252254950   99.60%
Tlb-Total-Misses:        33171994    0.40%
Tlb-Total-Accesses:    8285426944  100.00%



--------
Two level Cache hierarchy
--------
  L1-Data Cache:
    Size(KB):          32
    Block Size(B):     64
    Associativity:      8

  L2-Data Cache:
    Size(KB):        1024
    Block Size(B):    128
    Associativity:      8

Latencies:    1   10  150
L1-Sets:   64 - LRU - assoc:   8
L2-Sets: 1024 - LRU - assoc:   8
Store_allocation: Yes
L2_inclusive: Yes
L2_prefetching: Yes (  1)

L1 Cache Stats:
L1-Load-Hits:        6750973961   97.54%
L1-Load-Misses:       170583769    2.46%
L1-Load-Accesses:    6921557730  100.00%

L1-Store-Hits:        1259591651   92.35%
L1-Store-Misses:       104277563    7.65%
L1-Store-Accesses:    1363869214  100.00%

L1-Total-Hits:        8010565612   96.68%
L1-Total-Misses:       274861332    3.32%
L1-Total-Accesses:    8285426944  100.00%

L2 Cache Stats:
L2-Load-Hits:         124552130   73.02%
L2-Load-Misses:        46031639   26.98%
L2-Load-Accesses:     170583769  100.00%

L2-Store-Hits:         100196904   96.09%
L2-Store-Misses:         4080659    3.91%
L2-Store-Accesses:     104277563  100.00%

L2-Total-Hits:         224749034   81.77%
L2-Total-Misses:        50112298   18.23%
L2-Total-Accesses:     274861332  100.00%

