--------
Total Statistics
--------
Total Instructions: 1516636487
Total Cycles: 8976196713
IPC: 0.168962

--------
Single level Tlb hierarchy
--------
  Data Tlb:
    Entries:          64
    Page Size(B):   4096
    Associativity:      4

Latencies:    0   50
Tlb-Sets:   16 - LRU - assoc:   4

Tlb Stats:
Tlb-Load-Hits:         242972572   86.11%
Tlb-Load-Misses:        39196700   13.89%
Tlb-Load-Accesses:     282169272  100.00%

Tlb-Store-Hits:          76181471   99.60%
Tlb-Store-Misses:          309623    0.40%
Tlb-Store-Accesses:      76491094  100.00%

Tlb-Total-Hits:         319154043   88.99%
Tlb-Total-Misses:        39506323   11.01%
Tlb-Total-Accesses:     358660366  100.00%



--------
Two level Cache hierarchy
--------
  L1-Data Cache:
    Size(KB):          32
    Block Size(B):     64
    Associativity:      8

  L2-Data Cache:
    Size(KB):        2048
    Block Size(B):     64
    Associativity:     16

Latencies:    1   10  150
L1-Sets:   64 - LRU - assoc:   8
L2-Sets: 2048 - LRU - assoc:  16
Store_allocation: Yes
L2_inclusive: Yes
L2_prefetching: No

L1 Cache Stats:
L1-Load-Hits:         245133990   86.87%
L1-Load-Misses:        37035282   13.13%
L1-Load-Accesses:     282169272  100.00%

L1-Store-Hits:          76489425  100.00%
L1-Store-Misses:            1669    0.00%
L1-Store-Accesses:      76491094  100.00%

L1-Total-Hits:         321623415   89.67%
L1-Total-Misses:        37036951   10.33%
L1-Total-Accesses:     358660366  100.00%

L2 Cache Stats:
L2-Load-Hits:           5334904   14.40%
L2-Load-Misses:        31700378   85.60%
L2-Load-Accesses:      37035282  100.00%

L2-Store-Hits:               619   37.09%
L2-Store-Misses:            1050   62.91%
L2-Store-Accesses:          1669  100.00%

L2-Total-Hits:           5335523   14.41%
L2-Total-Misses:        31701428   85.59%
L2-Total-Accesses:      37036951  100.00%

