--------
Total Statistics
--------
Total Instructions: 1516636512
Total Cycles: 9371003236
IPC: 0.161844

--------
Single level Tlb hierarchy
--------
  Data Tlb:
    Entries:          64
    Page Size(B):   4096
    Associativity:      4

Latencies:    0   50
Tlb-Sets:   16 - LRU - assoc:   4

Tlb Stats:
Tlb-Load-Hits:         242863822   86.07%
Tlb-Load-Misses:        39305458   13.93%
Tlb-Load-Accesses:     282169280  100.00%

Tlb-Store-Hits:          76040684   99.41%
Tlb-Store-Misses:          450410    0.59%
Tlb-Store-Accesses:      76491094  100.00%

Tlb-Total-Hits:         318904506   88.92%
Tlb-Total-Misses:        39755868   11.08%
Tlb-Total-Accesses:     358660374  100.00%



--------
Two level Cache hierarchy
--------
  L1-Data Cache:
    Size(KB):          32
    Block Size(B):     64
    Associativity:      8

  L2-Data Cache:
    Size(KB):        1024
    Block Size(B):    128
    Associativity:      8

Latencies:    1   10  150
L1-Sets:   64 - LRU - assoc:   8
L2-Sets: 1024 - LRU - assoc:   8
Store_allocation: Yes
L2_inclusive: Yes
L2_prefetching: No

L1 Cache Stats:
L1-Load-Hits:         210092771   74.46%
L1-Load-Misses:        72076509   25.54%
L1-Load-Accesses:     282169280  100.00%

L1-Store-Hits:          76482003   99.99%
L1-Store-Misses:            9091    0.01%
L1-Store-Accesses:      76491094  100.00%

L1-Total-Hits:         286574774   79.90%
L1-Total-Misses:        72085600   20.10%
L1-Total-Accesses:     358660374  100.00%

L2 Cache Stats:
L2-Load-Hits:          40164738   55.73%
L2-Load-Misses:        31911771   44.27%
L2-Load-Accesses:      72076509  100.00%

L2-Store-Hits:              7149   78.64%
L2-Store-Misses:            1942   21.36%
L2-Store-Accesses:          9091  100.00%

L2-Total-Hits:          40171887   55.73%
L2-Total-Misses:        31913713   44.27%
L2-Total-Accesses:      72085600  100.00%

