--------
Total Statistics
--------
Total Instructions: 23696515225
Total Cycles: 43878073301
IPC: 0.540054

--------
Single level Tlb hierarchy
--------
  Data Tlb:
    Entries:          64
    Page Size(B):   4096
    Associativity:      4

Latencies:    0   50
Tlb-Sets:   16 - LRU - assoc:   4

Tlb Stats:
Tlb-Load-Hits:        6891590974   99.57%
Tlb-Load-Misses:        29966756    0.43%
Tlb-Load-Accesses:    6921557730  100.00%

Tlb-Store-Hits:        1361013415   99.79%
Tlb-Store-Misses:         2857111    0.21%
Tlb-Store-Accesses:    1363870526  100.00%

Tlb-Total-Hits:        8252604389   99.60%
Tlb-Total-Misses:        32823867    0.40%
Tlb-Total-Accesses:    8285428256  100.00%



--------
Two level Cache hierarchy
--------
  L1-Data Cache:
    Size(KB):          32
    Block Size(B):     64
    Associativity:      8

  L2-Data Cache:
    Size(KB):        1024
    Block Size(B):    128
    Associativity:      8

Latencies:    1   10  150
L1-Sets:   64 - LRU - assoc:   8
L2-Sets: 1024 - LRU - assoc:   8
Store_allocation: Yes
L2_inclusive: Yes
L2_prefetching: Yes ( 16)

L1 Cache Stats:
L1-Load-Hits:        6752261867   97.55%
L1-Load-Misses:       169295863    2.45%
L1-Load-Accesses:    6921557730  100.00%

L1-Store-Hits:        1259190967   92.32%
L1-Store-Misses:       104679559    7.68%
L1-Store-Accesses:    1363870526  100.00%

L1-Total-Hits:        8011452834   96.69%
L1-Total-Misses:       273975422    3.31%
L1-Total-Accesses:    8285428256  100.00%

L2 Cache Stats:
L2-Load-Hits:         123275373   72.82%
L2-Load-Misses:        46020490   27.18%
L2-Load-Accesses:     169295863  100.00%

L2-Store-Hits:         100598834   96.10%
L2-Store-Misses:         4080725    3.90%
L2-Store-Accesses:     104679559  100.00%

L2-Total-Hits:         223874207   81.71%
L2-Total-Misses:        50101215   18.29%
L2-Total-Accesses:     273975422  100.00%

