--------
Total Statistics
--------
Total Instructions: 23696513972
Total Cycles: 43942321722
IPC: 0.539264

--------
Single level Tlb hierarchy
--------
  Data Tlb:
    Entries:          64
    Page Size(B):   4096
    Associativity:      4

Latencies:    0   50
Tlb-Sets:   16 - LRU - assoc:   4

Tlb Stats:
Tlb-Load-Hits:        6891468529   99.57%
Tlb-Load-Misses:        30089201    0.43%
Tlb-Load-Accesses:    6921557730  100.00%

Tlb-Store-Hits:        1360292128   99.74%
Tlb-Store-Misses:         3577682    0.26%
Tlb-Store-Accesses:    1363869810  100.00%

Tlb-Total-Hits:        8251760657   99.59%
Tlb-Total-Misses:        33666883    0.41%
Tlb-Total-Accesses:    8285427540  100.00%



--------
Two level Cache hierarchy
--------
  L1-Data Cache:
    Size(KB):          32
    Block Size(B):     64
    Associativity:      8

  L2-Data Cache:
    Size(KB):        1024
    Block Size(B):    128
    Associativity:      8

Latencies:    1   10  150
L1-Sets:   64 - LRU - assoc:   8
L2-Sets: 1024 - LRU - assoc:   8
Store_allocation: Yes
L2_inclusive: Yes
L2_prefetching: Yes (  2)

L1 Cache Stats:
L1-Load-Hits:        6749999309   97.52%
L1-Load-Misses:       171558421    2.48%
L1-Load-Accesses:    6921557730  100.00%

L1-Store-Hits:        1259489360   92.35%
L1-Store-Misses:       104380450    7.65%
L1-Store-Accesses:    1363869810  100.00%

L1-Total-Hits:        8009488669   96.67%
L1-Total-Misses:       275938871    3.33%
L1-Total-Accesses:    8285427540  100.00%

L2 Cache Stats:
L2-Load-Hits:         125526968   73.17%
L2-Load-Misses:        46031453   26.83%
L2-Load-Accesses:     171558421  100.00%

L2-Store-Hits:         100294254   96.09%
L2-Store-Misses:         4086196    3.91%
L2-Store-Accesses:     104380450  100.00%

L2-Total-Hits:         225821222   81.84%
L2-Total-Misses:        50117649   18.16%
L2-Total-Accesses:     275938871  100.00%

