--------
Total Statistics
--------
Total Instructions: 23696515225
Total Cycles: 43947451741
IPC: 0.539201

--------
Single level Tlb hierarchy
--------
  Data Tlb:
    Entries:          64
    Page Size(B):   4096
    Associativity:      4

Latencies:    0   50
Tlb-Sets:   16 - LRU - assoc:   4

Tlb Stats:
Tlb-Load-Hits:        6892649712   99.58%
Tlb-Load-Misses:        28908018    0.42%
Tlb-Load-Accesses:    6921557730  100.00%

Tlb-Store-Hits:        1360788185   99.77%
Tlb-Store-Misses:         3082341    0.23%
Tlb-Store-Accesses:    1363870526  100.00%

Tlb-Total-Hits:        8253437897   99.61%
Tlb-Total-Misses:        31990359    0.39%
Tlb-Total-Accesses:    8285428256  100.00%



--------
Two level Cache hierarchy
--------
  L1-Data Cache:
    Size(KB):          32
    Block Size(B):     64
    Associativity:      8

  L2-Data Cache:
    Size(KB):        1024
    Block Size(B):    128
    Associativity:      8

Latencies:    1   10  150
L1-Sets:   64 - LRU - assoc:   8
L2-Sets: 1024 - LRU - assoc:   8
Store_allocation: Yes
L2_inclusive: Yes
L2_prefetching: Yes (  8)

L1 Cache Stats:
L1-Load-Hits:        6741171362   97.39%
L1-Load-Misses:       180386368    2.61%
L1-Load-Accesses:    6921557730  100.00%

L1-Store-Hits:        1259364698   92.34%
L1-Store-Misses:       104505828    7.66%
L1-Store-Accesses:    1363870526  100.00%

L1-Total-Hits:        8000536060   96.56%
L1-Total-Misses:       284892196    3.44%
L1-Total-Accesses:    8285428256  100.00%

L2 Cache Stats:
L2-Load-Hits:         134355889   74.48%
L2-Load-Misses:        46030479   25.52%
L2-Load-Accesses:     180386368  100.00%

L2-Store-Hits:         100422518   96.09%
L2-Store-Misses:         4083310    3.91%
L2-Store-Accesses:     104505828  100.00%

L2-Total-Hits:         234778407   82.41%
L2-Total-Misses:        50113789   17.59%
L2-Total-Accesses:     284892196  100.00%

