--------
Total Statistics
--------
Total Instructions: 23696515225
Total Cycles: 43988093361
IPC: 0.538703

--------
Single level Tlb hierarchy
--------
  Data Tlb:
    Entries:          64
    Page Size(B):   4096
    Associativity:      4

Latencies:    0   50
Tlb-Sets:   16 - LRU - assoc:   4

Tlb Stats:
Tlb-Load-Hits:        6889166145   99.53%
Tlb-Load-Misses:        32391585    0.47%
Tlb-Load-Accesses:    6921557730  100.00%

Tlb-Store-Hits:        1361262242   99.81%
Tlb-Store-Misses:         2608284    0.19%
Tlb-Store-Accesses:    1363870526  100.00%

Tlb-Total-Hits:        8250428387   99.58%
Tlb-Total-Misses:        34999869    0.42%
Tlb-Total-Accesses:    8285428256  100.00%



--------
Two level Cache hierarchy
--------
  L1-Data Cache:
    Size(KB):          32
    Block Size(B):     64
    Associativity:      8

  L2-Data Cache:
    Size(KB):        1024
    Block Size(B):    128
    Associativity:      8

Latencies:    1   10  150
L1-Sets:   64 - LRU - assoc:   8
L2-Sets: 1024 - LRU - assoc:   8
Store_allocation: Yes
L2_inclusive: Yes
L2_prefetching: Yes (  4)

L1 Cache Stats:
L1-Load-Hits:        6751969655   97.55%
L1-Load-Misses:       169588075    2.45%
L1-Load-Accesses:    6921557730  100.00%

L1-Store-Hits:        1259448648   92.34%
L1-Store-Misses:       104421878    7.66%
L1-Store-Accesses:    1363870526  100.00%

L1-Total-Hits:        8011418303   96.69%
L1-Total-Misses:       274009953    3.31%
L1-Total-Accesses:    8285428256  100.00%

L2 Cache Stats:
L2-Load-Hits:         123561905   72.86%
L2-Load-Misses:        46026170   27.14%
L2-Load-Accesses:     169588075  100.00%

L2-Store-Hits:         100341002   96.09%
L2-Store-Misses:         4080876    3.91%
L2-Store-Accesses:     104421878  100.00%

L2-Total-Hits:         223902907   81.71%
L2-Total-Misses:        50107046   18.29%
L2-Total-Accesses:     274009953  100.00%

