--------
Total Statistics
--------
Total Instructions: 23714279323
Total Cycles: 33250239106
IPC: 0.713206

--------
Single level Tlb hierarchy
--------
  Data Tlb:
    Entries:          16
    Page Size(B):   4096
    Associativity:      4

Latencies:    0   50
Tlb-Sets:    4 - LRU - assoc:   4

Tlb Stats:
Tlb-Load-Hits:        6721335519   99.89%
Tlb-Load-Misses:         7522545    0.11%
Tlb-Load-Accesses:    6728858064  100.00%

Tlb-Store-Hits:        1855670638   99.93%
Tlb-Store-Misses:         1361431    0.07%
Tlb-Store-Accesses:    1857032069  100.00%

Tlb-Total-Hits:        8577006157   99.90%
Tlb-Total-Misses:         8883976    0.10%
Tlb-Total-Accesses:    8585890133  100.00%



--------
Two level Cache hierarchy
--------
  L1-Data Cache:
    Size(KB):          32
    Block Size(B):     64
    Associativity:      8

  L2-Data Cache:
    Size(KB):        1024
    Block Size(B):    128
    Associativity:      8

Latencies:    1   10  150
L1-Sets:   64 - LRU - assoc:   8
L2-Sets: 1024 - LRU - assoc:   8
Store_allocation: Yes
L2_inclusive: Yes
L2_prefetching: No

L1 Cache Stats:
L1-Load-Hits:        6710795968   99.73%
L1-Load-Misses:        18062096    0.27%
L1-Load-Accesses:    6728858064  100.00%

L1-Store-Hits:        1824676265   98.26%
L1-Store-Misses:        32355804    1.74%
L1-Store-Accesses:    1857032069  100.00%

L1-Total-Hits:        8535472233   99.41%
L1-Total-Misses:        50417900    0.59%
L1-Total-Accesses:    8585890133  100.00%

L2 Cache Stats:
L2-Load-Hits:          18061107   99.99%
L2-Load-Misses:             989    0.01%
L2-Load-Accesses:      18062096  100.00%

L2-Store-Hits:          32345514   99.97%
L2-Store-Misses:           10290    0.03%
L2-Store-Accesses:      32355804  100.00%

L2-Total-Hits:          50406621   99.98%
L2-Total-Misses:           11279    0.02%
L2-Total-Accesses:      50417900  100.00%

