--------
Total Statistics
--------
Total Instructions: 23714279323
Total Cycles: 48514610106
IPC: 0.488807

--------
Single level Tlb hierarchy
--------
  Data Tlb:
    Entries:          64
    Page Size(B):   4096
    Associativity:      1

Latencies:    0   50
Tlb-Sets:   64 - LRU - assoc:   1

Tlb Stats:
Tlb-Load-Hits:        6448519986   95.83%
Tlb-Load-Misses:       280338078    4.17%
Tlb-Load-Accesses:    6728858064  100.00%

Tlb-Store-Hits:        1823276162   98.18%
Tlb-Store-Misses:        33755907    1.82%
Tlb-Store-Accesses:    1857032069  100.00%

Tlb-Total-Hits:        8271796148   96.34%
Tlb-Total-Misses:       314093985    3.66%
Tlb-Total-Accesses:    8585890133  100.00%



--------
Two level Cache hierarchy
--------
  L1-Data Cache:
    Size(KB):          32
    Block Size(B):     64
    Associativity:      8

  L2-Data Cache:
    Size(KB):        1024
    Block Size(B):    128
    Associativity:      8

Latencies:    1   10  150
L1-Sets:   64 - LRU - assoc:   8
L2-Sets: 1024 - LRU - assoc:   8
Store_allocation: Yes
L2_inclusive: Yes
L2_prefetching: No

L1 Cache Stats:
L1-Load-Hits:        6710654155   99.73%
L1-Load-Misses:        18203909    0.27%
L1-Load-Accesses:    6728858064  100.00%

L1-Store-Hits:        1824431023   98.24%
L1-Store-Misses:        32601046    1.76%
L1-Store-Accesses:    1857032069  100.00%

L1-Total-Hits:        8535085178   99.41%
L1-Total-Misses:        50804955    0.59%
L1-Total-Accesses:    8585890133  100.00%

L2 Cache Stats:
L2-Load-Hits:          18202919   99.99%
L2-Load-Misses:             990    0.01%
L2-Load-Accesses:      18203909  100.00%

L2-Store-Hits:          32590757   99.97%
L2-Store-Misses:           10289    0.03%
L2-Store-Accesses:      32601046  100.00%

L2-Total-Hits:          50793676   99.98%
L2-Total-Misses:           11279    0.02%
L2-Total-Accesses:      50804955  100.00%

