--------
Total Statistics
--------
Total Instructions: 23714279323
Total Cycles: 33473439426
IPC: 0.708451

--------
Single level Tlb hierarchy
--------
  Data Tlb:
    Entries:          64
    Page Size(B):   4096
    Associativity:      2

Latencies:    0   50
Tlb-Sets:   32 - LRU - assoc:   2

Tlb Stats:
Tlb-Load-Hits:        6718265495   99.84%
Tlb-Load-Misses:        10592569    0.16%
Tlb-Load-Accesses:    6728858064  100.00%

Tlb-Store-Hits:        1854231016   99.85%
Tlb-Store-Misses:         2801053    0.15%
Tlb-Store-Accesses:    1857032069  100.00%

Tlb-Total-Hits:        8572496511   99.84%
Tlb-Total-Misses:        13393622    0.16%
Tlb-Total-Accesses:    8585890133  100.00%



--------
Two level Cache hierarchy
--------
  L1-Data Cache:
    Size(KB):          32
    Block Size(B):     64
    Associativity:      8

  L2-Data Cache:
    Size(KB):        1024
    Block Size(B):    128
    Associativity:      8

Latencies:    1   10  150
L1-Sets:   64 - LRU - assoc:   8
L2-Sets: 1024 - LRU - assoc:   8
Store_allocation: Yes
L2_inclusive: Yes
L2_prefetching: No

L1 Cache Stats:
L1-Load-Hits:        6710929254   99.73%
L1-Load-Misses:        17928810    0.27%
L1-Load-Accesses:    6728858064  100.00%

L1-Store-Hits:        1824771192   98.26%
L1-Store-Misses:        32260877    1.74%
L1-Store-Accesses:    1857032069  100.00%

L1-Total-Hits:        8535700446   99.42%
L1-Total-Misses:        50189687    0.58%
L1-Total-Accesses:    8585890133  100.00%

L2 Cache Stats:
L2-Load-Hits:          17927819   99.99%
L2-Load-Misses:             991    0.01%
L2-Load-Accesses:      17928810  100.00%

L2-Store-Hits:          32250588   99.97%
L2-Store-Misses:           10289    0.03%
L2-Store-Accesses:      32260877  100.00%

L2-Total-Hits:          50178407   99.98%
L2-Total-Misses:           11280    0.02%
L2-Total-Accesses:      50189687  100.00%

