--------
Total Statistics
--------
Total Instructions: 10948989397
Total Cycles: 16456689670
IPC: 0.665321

--------
Single level Tlb hierarchy
--------
  Data Tlb:
    Entries:          16
    Page Size(B):   4096
    Associativity:      4

Latencies:    0   50
Tlb-Sets:    4 - LRU - assoc:   4

Tlb Stats:
Tlb-Load-Hits:        2273272651   98.91%
Tlb-Load-Misses:        25009287    1.09%
Tlb-Load-Accesses:    2298281938  100.00%

Tlb-Store-Hits:         591845829   99.93%
Tlb-Store-Misses:          435086    0.07%
Tlb-Store-Accesses:     592280915  100.00%

Tlb-Total-Hits:        2865118480   99.12%
Tlb-Total-Misses:        25444373    0.88%
Tlb-Total-Accesses:    2890562853  100.00%



--------
Two level Cache hierarchy
--------
  L1-Data Cache:
    Size(KB):          32
    Block Size(B):     64
    Associativity:      8

  L2-Data Cache:
    Size(KB):        1024
    Block Size(B):    128
    Associativity:      8

Latencies:    1   10  150
L1-Sets:   64 - LRU - assoc:   8
L2-Sets: 1024 - LRU - assoc:   8
Store_allocation: Yes
L2_inclusive: Yes
L2_prefetching: No

L1 Cache Stats:
L1-Load-Hits:        2186506110   95.14%
L1-Load-Misses:       111775828    4.86%
L1-Load-Accesses:    2298281938  100.00%

L1-Store-Hits:         585759676   98.90%
L1-Store-Misses:         6521239    1.10%
L1-Store-Accesses:     592280915  100.00%

L1-Total-Hits:        2772265786   95.91%
L1-Total-Misses:       118297067    4.09%
L1-Total-Accesses:    2890562853  100.00%

L2 Cache Stats:
L2-Load-Hits:         111198069   99.48%
L2-Load-Misses:          577759    0.52%
L2-Load-Accesses:     111775828  100.00%

L2-Store-Hits:           6019344   92.30%
L2-Store-Misses:          501895    7.70%
L2-Store-Accesses:       6521239  100.00%

L2-Total-Hits:         117217413   99.09%
L2-Total-Misses:         1079654    0.91%
L2-Total-Accesses:     118297067  100.00%

