--------
Total Statistics
--------
Total Instructions: 10948989422
Total Cycles: 15888354253
IPC: 0.68912

--------
Single level Tlb hierarchy
--------
  Data Tlb:
    Entries:          64
    Page Size(B):   4096
    Associativity:     16

Latencies:    0   50
Tlb-Sets:    4 - LRU - assoc:  16

Tlb Stats:
Tlb-Load-Hits:        2284596124   99.40%
Tlb-Load-Misses:        13685822    0.60%
Tlb-Load-Accesses:    2298281946  100.00%

Tlb-Store-Hits:         591853672   99.93%
Tlb-Store-Misses:          427243    0.07%
Tlb-Store-Accesses:     592280915  100.00%

Tlb-Total-Hits:        2876449796   99.51%
Tlb-Total-Misses:        14113065    0.49%
Tlb-Total-Accesses:    2890562861  100.00%



--------
Two level Cache hierarchy
--------
  L1-Data Cache:
    Size(KB):          32
    Block Size(B):     64
    Associativity:      8

  L2-Data Cache:
    Size(KB):        1024
    Block Size(B):    128
    Associativity:      8

Latencies:    1   10  150
L1-Sets:   64 - LRU - assoc:   8
L2-Sets: 1024 - LRU - assoc:   8
Store_allocation: Yes
L2_inclusive: Yes
L2_prefetching: No

L1 Cache Stats:
L1-Load-Hits:        2186578050   95.14%
L1-Load-Misses:       111703896    4.86%
L1-Load-Accesses:    2298281946  100.00%

L1-Store-Hits:         585900404   98.92%
L1-Store-Misses:         6380511    1.08%
L1-Store-Accesses:     592280915  100.00%

L1-Total-Hits:        2772478454   95.91%
L1-Total-Misses:       118084407    4.09%
L1-Total-Accesses:    2890562861  100.00%

L2 Cache Stats:
L2-Load-Hits:         111123858   99.48%
L2-Load-Misses:          580038    0.52%
L2-Load-Accesses:     111703896  100.00%

L2-Store-Hits:           5878518   92.13%
L2-Store-Misses:          501993    7.87%
L2-Store-Accesses:       6380511  100.00%

L2-Total-Hits:         117002376   99.08%
L2-Total-Misses:         1082031    0.92%
L2-Total-Accesses:     118084407  100.00%

