--------
Total Statistics
--------
Total Instructions: 10948989397
Total Cycles: 15778864880
IPC: 0.693902

--------
Single level Tlb hierarchy
--------
  Data Tlb:
    Entries:         128
    Page Size(B):   4096
    Associativity:      4

Latencies:    0   50
Tlb-Sets:   32 - LRU - assoc:   4

Tlb Stats:
Tlb-Load-Hits:        2286857439   99.50%
Tlb-Load-Misses:        11424499    0.50%
Tlb-Load-Accesses:    2298281938  100.00%

Tlb-Store-Hits:         591863043   99.93%
Tlb-Store-Misses:          417872    0.07%
Tlb-Store-Accesses:     592280915  100.00%

Tlb-Total-Hits:        2878720482   99.59%
Tlb-Total-Misses:        11842371    0.41%
Tlb-Total-Accesses:    2890562853  100.00%



--------
Two level Cache hierarchy
--------
  L1-Data Cache:
    Size(KB):          32
    Block Size(B):     64
    Associativity:      8

  L2-Data Cache:
    Size(KB):        1024
    Block Size(B):    128
    Associativity:      8

Latencies:    1   10  150
L1-Sets:   64 - LRU - assoc:   8
L2-Sets: 1024 - LRU - assoc:   8
Store_allocation: Yes
L2_inclusive: Yes
L2_prefetching: No

L1 Cache Stats:
L1-Load-Hits:        2186411215   95.13%
L1-Load-Misses:       111870723    4.87%
L1-Load-Accesses:    2298281938  100.00%

L1-Store-Hits:         585643435   98.88%
L1-Store-Misses:         6637480    1.12%
L1-Store-Accesses:     592280915  100.00%

L1-Total-Hits:        2772054650   95.90%
L1-Total-Misses:       118508203    4.10%
L1-Total-Accesses:    2890562853  100.00%

L2 Cache Stats:
L2-Load-Hits:         111291872   99.48%
L2-Load-Misses:          578851    0.52%
L2-Load-Accesses:     111870723  100.00%

L2-Store-Hits:           6135584   92.44%
L2-Store-Misses:          501896    7.56%
L2-Store-Accesses:       6637480  100.00%

L2-Total-Hits:         117427456   99.09%
L2-Total-Misses:         1080747    0.91%
L2-Total-Accesses:     118508203  100.00%

