--------
Total Statistics
--------
Total Instructions: 20807579260
Total Cycles: 44455687428
IPC: 0.468052

--------
Single level Tlb hierarchy
--------
  Data Tlb:
    Entries:          64
    Page Size(B):   4096
    Associativity:      4

Latencies:    0   50
Tlb-Sets:   16 - LRU - assoc:   4

Tlb Stats:
Tlb-Load-Hits:        6339359418   99.53%
Tlb-Load-Misses:        29623934    0.47%
Tlb-Load-Accesses:    6368983352  100.00%

Tlb-Store-Hits:        2596827878   99.84%
Tlb-Store-Misses:         4088208    0.16%
Tlb-Store-Accesses:    2600916086  100.00%

Tlb-Total-Hits:        8936187296   99.62%
Tlb-Total-Misses:        33712142    0.38%
Tlb-Total-Accesses:    8969899438  100.00%



--------
Two level Cache hierarchy
--------
  L1-Data Cache:
    Size(KB):          32
    Block Size(B):     64
    Associativity:      8

  L2-Data Cache:
    Size(KB):        1024
    Block Size(B):    128
    Associativity:      8

Latencies:    1   10  150
L1-Sets:   64 - LRU - assoc:   8
L2-Sets: 1024 - LRU - assoc:   8
Store_allocation: Yes
L2_inclusive: Yes
L2_prefetching: No

L1 Cache Stats:
L1-Load-Hits:        6146790151   96.51%
L1-Load-Misses:       222193201    3.49%
L1-Load-Accesses:    6368983352  100.00%

L1-Store-Hits:        2581560084   99.26%
L1-Store-Misses:        19356002    0.74%
L1-Store-Accesses:    2600916086  100.00%

L1-Total-Hits:        8728350235   97.31%
L1-Total-Misses:       241549203    2.69%
L1-Total-Accesses:    8969899438  100.00%

L2 Cache Stats:
L2-Load-Hits:         157229574   70.76%
L2-Load-Misses:        64963627   29.24%
L2-Load-Accesses:     222193201  100.00%

L2-Store-Hits:          13805565   71.32%
L2-Store-Misses:         5550437   28.68%
L2-Store-Accesses:      19356002  100.00%

L2-Total-Hits:         171035139   70.81%
L2-Total-Misses:        70514064   29.19%
L2-Total-Accesses:     241549203  100.00%

