--------
Total Statistics
--------
Total Instructions: 8308509597
Total Cycles: 11982682584
IPC: 0.693376

--------
Single level Tlb hierarchy
--------
  Data Tlb:
    Entries:          64
    Page Size(B):   4096
    Associativity:      4

Latencies:    0   50
Tlb-Sets:   16 - LRU - assoc:   4

Tlb Stats:
Tlb-Load-Hits:        1869889827   99.97%
Tlb-Load-Misses:          577276    0.03%
Tlb-Load-Accesses:    1870467103  100.00%

Tlb-Store-Hits:         183336845   99.85%
Tlb-Store-Misses:          279849    0.15%
Tlb-Store-Accesses:     183616694  100.00%

Tlb-Total-Hits:        2053226672   99.96%
Tlb-Total-Misses:          857125    0.04%
Tlb-Total-Accesses:    2054083797  100.00%



--------
Two level Cache hierarchy
--------
  L1-Data Cache:
    Size(KB):          32
    Block Size(B):     64
    Associativity:      8

  L2-Data Cache:
    Size(KB):        1024
    Block Size(B):    128
    Associativity:      8

Latencies:    1   10  150
L1-Sets:   64 - LRU - assoc:   8
L2-Sets: 1024 - LRU - assoc:   8
Store_allocation: Yes
L2_inclusive: Yes
L2_prefetching: Yes (  4)

L1 Cache Stats:
L1-Load-Hits:        1848498856   98.83%
L1-Load-Misses:        21968247    1.17%
L1-Load-Accesses:    1870467103  100.00%

L1-Store-Hits:         178121272   97.01%
L1-Store-Misses:         5495422    2.99%
L1-Store-Accesses:     183616694  100.00%

L1-Total-Hits:        2026620128   98.66%
L1-Total-Misses:        27463669    1.34%
L1-Total-Accesses:    2054083797  100.00%

L2 Cache Stats:
L2-Load-Hits:          16003349   72.85%
L2-Load-Misses:         5964898   27.15%
L2-Load-Accesses:      21968247  100.00%

L2-Store-Hits:           2776345   50.52%
L2-Store-Misses:         2719077   49.48%
L2-Store-Accesses:       5495422  100.00%

L2-Total-Hits:          18779694   68.38%
L2-Total-Misses:         8683975   31.62%
L2-Total-Accesses:      27463669  100.00%

