--------
Total Statistics
--------
Total Instructions: 8308509597
Total Cycles: 11982024144
IPC: 0.693415

--------
Single level Tlb hierarchy
--------
  Data Tlb:
    Entries:          64
    Page Size(B):   4096
    Associativity:      4

Latencies:    0   50
Tlb-Sets:   16 - LRU - assoc:   4

Tlb Stats:
Tlb-Load-Hits:        1869902241   99.97%
Tlb-Load-Misses:          564862    0.03%
Tlb-Load-Accesses:    1870467103  100.00%

Tlb-Store-Hits:         183336839   99.85%
Tlb-Store-Misses:          279855    0.15%
Tlb-Store-Accesses:     183616694  100.00%

Tlb-Total-Hits:        2053239080   99.96%
Tlb-Total-Misses:          844717    0.04%
Tlb-Total-Accesses:    2054083797  100.00%



--------
Two level Cache hierarchy
--------
  L1-Data Cache:
    Size(KB):          32
    Block Size(B):     64
    Associativity:      8

  L2-Data Cache:
    Size(KB):        1024
    Block Size(B):    128
    Associativity:      8

Latencies:    1   10  150
L1-Sets:   64 - LRU - assoc:   8
L2-Sets: 1024 - LRU - assoc:   8
Store_allocation: Yes
L2_inclusive: Yes
L2_prefetching: Yes ( 64)

L1 Cache Stats:
L1-Load-Hits:        1848500937   98.83%
L1-Load-Misses:        21966166    1.17%
L1-Load-Accesses:    1870467103  100.00%

L1-Store-Hits:         178121390   97.01%
L1-Store-Misses:         5495304    2.99%
L1-Store-Accesses:     183616694  100.00%

L1-Total-Hits:        2026622327   98.66%
L1-Total-Misses:        27461470    1.34%
L1-Total-Accesses:    2054083797  100.00%

L2 Cache Stats:
L2-Load-Hits:          16001166   72.84%
L2-Load-Misses:         5965000   27.16%
L2-Load-Accesses:      21966166  100.00%

L2-Store-Hits:           2776436   50.52%
L2-Store-Misses:         2718868   49.48%
L2-Store-Accesses:       5495304  100.00%

L2-Total-Hits:          18777602   68.38%
L2-Total-Misses:         8683868   31.62%
L2-Total-Accesses:      27461470  100.00%

