--------
Total Statistics
--------
Total Instructions: 1516636487
Total Cycles: 10091020793
IPC: 0.150296

--------
Single level Tlb hierarchy
--------
  Data Tlb:
    Entries:          64
    Page Size(B):   4096
    Associativity:      1

Latencies:    0   50
Tlb-Sets:   64 - LRU - assoc:   1

Tlb Stats:
Tlb-Load-Hits:         228689330   81.05%
Tlb-Load-Misses:        53479942   18.95%
Tlb-Load-Accesses:     282169272  100.00%

Tlb-Store-Hits:          75814333   99.12%
Tlb-Store-Misses:          676761    0.88%
Tlb-Store-Accesses:      76491094  100.00%

Tlb-Total-Hits:         304503663   84.90%
Tlb-Total-Misses:        54156703   15.10%
Tlb-Total-Accesses:     358660366  100.00%



--------
Two level Cache hierarchy
--------
  L1-Data Cache:
    Size(KB):          32
    Block Size(B):     64
    Associativity:      8

  L2-Data Cache:
    Size(KB):        1024
    Block Size(B):    128
    Associativity:      8

Latencies:    1   10  150
L1-Sets:   64 - LRU - assoc:   8
L2-Sets: 1024 - LRU - assoc:   8
Store_allocation: Yes
L2_inclusive: Yes
L2_prefetching: No

L1 Cache Stats:
L1-Load-Hits:         210098904   74.46%
L1-Load-Misses:        72070368   25.54%
L1-Load-Accesses:     282169272  100.00%

L1-Store-Hits:          76481968   99.99%
L1-Store-Misses:            9126    0.01%
L1-Store-Accesses:      76491094  100.00%

L1-Total-Hits:         286580872   79.90%
L1-Total-Misses:        72079494   20.10%
L1-Total-Accesses:     358660366  100.00%

L2 Cache Stats:
L2-Load-Hits:          40158399   55.72%
L2-Load-Misses:        31911969   44.28%
L2-Load-Accesses:      72070368  100.00%

L2-Store-Hits:              7136   78.19%
L2-Store-Misses:            1990   21.81%
L2-Store-Accesses:          9126  100.00%

L2-Total-Hits:          40165535   55.72%
L2-Total-Misses:        31913959   44.28%
L2-Total-Accesses:      72079494  100.00%

