--------
Total Statistics
--------
Total Instructions: 1516636487
Total Cycles: 9066025013
IPC: 0.167288

--------
Single level Tlb hierarchy
--------
  Data Tlb:
    Entries:          64
    Page Size(B):   4096
    Associativity:     16

Latencies:    0   50
Tlb-Sets:    4 - LRU - assoc:  16

Tlb Stats:
Tlb-Load-Hits:         248751001   88.16%
Tlb-Load-Misses:        33418271   11.84%
Tlb-Load-Accesses:     282169272  100.00%

Tlb-Store-Hits:          76248494   99.68%
Tlb-Store-Misses:          242600    0.32%
Tlb-Store-Accesses:      76491094  100.00%

Tlb-Total-Hits:         324999495   90.61%
Tlb-Total-Misses:        33660871    9.39%
Tlb-Total-Accesses:     358660366  100.00%



--------
Two level Cache hierarchy
--------
  L1-Data Cache:
    Size(KB):          32
    Block Size(B):     64
    Associativity:      8

  L2-Data Cache:
    Size(KB):        1024
    Block Size(B):    128
    Associativity:      8

Latencies:    1   10  150
L1-Sets:   64 - LRU - assoc:   8
L2-Sets: 1024 - LRU - assoc:   8
Store_allocation: Yes
L2_inclusive: Yes
L2_prefetching: No

L1 Cache Stats:
L1-Load-Hits:         210097844   74.46%
L1-Load-Misses:        72071428   25.54%
L1-Load-Accesses:     282169272  100.00%

L1-Store-Hits:          76482011   99.99%
L1-Store-Misses:            9083    0.01%
L1-Store-Accesses:      76491094  100.00%

L1-Total-Hits:         286579855   79.90%
L1-Total-Misses:        72080511   20.10%
L1-Total-Accesses:     358660366  100.00%

L2 Cache Stats:
L2-Load-Hits:          40160837   55.72%
L2-Load-Misses:        31910591   44.28%
L2-Load-Accesses:      72071428  100.00%

L2-Store-Hits:              7144   78.65%
L2-Store-Misses:            1939   21.35%
L2-Store-Accesses:          9083  100.00%

L2-Total-Hits:          40167981   55.73%
L2-Total-Misses:        31912530   44.27%
L2-Total-Accesses:      72080511  100.00%

