--------
Total Statistics
--------
Total Instructions: 1516636487
Total Cycles: 9006881333
IPC: 0.168386

--------
Single level Tlb hierarchy
--------
  Data Tlb:
    Entries:          64
    Page Size(B):   4096
    Associativity:     32

Latencies:    0   50
Tlb-Sets:    2 - LRU - assoc:  32

Tlb Stats:
Tlb-Load-Hits:         249862592   88.55%
Tlb-Load-Misses:        32306680   11.45%
Tlb-Load-Accesses:     282169272  100.00%

Tlb-Store-Hits:          76320752   99.78%
Tlb-Store-Misses:          170342    0.22%
Tlb-Store-Accesses:      76491094  100.00%

Tlb-Total-Hits:         326183344   90.94%
Tlb-Total-Misses:        32477022    9.06%
Tlb-Total-Accesses:     358660366  100.00%



--------
Two level Cache hierarchy
--------
  L1-Data Cache:
    Size(KB):          32
    Block Size(B):     64
    Associativity:      8

  L2-Data Cache:
    Size(KB):        1024
    Block Size(B):    128
    Associativity:      8

Latencies:    1   10  150
L1-Sets:   64 - LRU - assoc:   8
L2-Sets: 1024 - LRU - assoc:   8
Store_allocation: Yes
L2_inclusive: Yes
L2_prefetching: No

L1 Cache Stats:
L1-Load-Hits:         210102059   74.46%
L1-Load-Misses:        72067213   25.54%
L1-Load-Accesses:     282169272  100.00%

L1-Store-Hits:          76481919   99.99%
L1-Store-Misses:            9175    0.01%
L1-Store-Accesses:      76491094  100.00%

L1-Total-Hits:         286583978   79.90%
L1-Total-Misses:        72076388   20.10%
L1-Total-Accesses:     358660366  100.00%

L2 Cache Stats:
L2-Load-Hits:          40156050   55.72%
L2-Load-Misses:        31911163   44.28%
L2-Load-Accesses:      72067213  100.00%

L2-Store-Hits:              7208   78.56%
L2-Store-Misses:            1967   21.44%
L2-Store-Accesses:          9175  100.00%

L2-Total-Hits:          40163258   55.72%
L2-Total-Misses:        31913130   44.28%
L2-Total-Accesses:      72076388  100.00%

