--------
Total Statistics
--------
Total Instructions: 17762792384
Total Cycles: 51366987166
IPC: 0.345802

--------
Single level Tlb hierarchy
--------
  Data Tlb:
    Entries:          64
    Page Size(B):   4096
    Associativity:      4

Latencies:    0   50
Tlb-Sets:   16 - LRU - assoc:   4

Tlb Stats:
Tlb-Load-Hits:        2975243149   98.89%
Tlb-Load-Misses:        33400905    1.11%
Tlb-Load-Accesses:    3008644054  100.00%

Tlb-Store-Hits:          85566243   99.81%
Tlb-Store-Misses:          164845    0.19%
Tlb-Store-Accesses:      85731088  100.00%

Tlb-Total-Hits:        3060809392   98.92%
Tlb-Total-Misses:        33565750    1.08%
Tlb-Total-Accesses:    3094375142  100.00%



--------
Two level Cache hierarchy
--------
  L1-Data Cache:
    Size(KB):          64
    Block Size(B):    128
    Associativity:      8

  L2-Data Cache:
    Size(KB):        1024
    Block Size(B):    128
    Associativity:      8

Latencies:    1   10  150
L1-Sets:   64 - LRU - assoc:   8
L2-Sets: 1024 - LRU - assoc:   8
Store_allocation: Yes
L2_inclusive: Yes
L2_prefetching: No

L1 Cache Stats:
L1-Load-Hits:        2822120221   93.80%
L1-Load-Misses:       186523833    6.20%
L1-Load-Accesses:    3008644054  100.00%

L1-Store-Hits:          85208742   99.39%
L1-Store-Misses:          522346    0.61%
L1-Store-Accesses:      85731088  100.00%

L1-Total-Hits:        2907328963   93.96%
L1-Total-Misses:       187046179    6.04%
L1-Total-Accesses:    3094375142  100.00%

L2 Cache Stats:
L2-Load-Hits:           7261003    3.89%
L2-Load-Misses:       179262830   96.11%
L2-Load-Accesses:     186523833  100.00%

L2-Store-Hits:             44707    8.56%
L2-Store-Misses:          477639   91.44%
L2-Store-Accesses:        522346  100.00%

L2-Total-Hits:           7305710    3.91%
L2-Total-Misses:       179740469   96.09%
L2-Total-Accesses:     187046179  100.00%

