--------
Total Statistics
--------
Total Instructions: 17762792409
Total Cycles: 54594800309
IPC: 0.325357

--------
Single level Tlb hierarchy
--------
  Data Tlb:
    Entries:          64
    Page Size(B):   4096
    Associativity:      4

Latencies:    0   50
Tlb-Sets:   16 - LRU - assoc:   4

Tlb Stats:
Tlb-Load-Hits:        2975308006   98.89%
Tlb-Load-Misses:        33336056    1.11%
Tlb-Load-Accesses:    3008644062  100.00%

Tlb-Store-Hits:          85586676   99.83%
Tlb-Store-Misses:          144412    0.17%
Tlb-Store-Accesses:      85731088  100.00%

Tlb-Total-Hits:        3060894682   98.92%
Tlb-Total-Misses:        33480468    1.08%
Tlb-Total-Accesses:    3094375150  100.00%



--------
Two level Cache hierarchy
--------
  L1-Data Cache:
    Size(KB):          32
    Block Size(B):     64
    Associativity:      8

  L2-Data Cache:
    Size(KB):        1024
    Block Size(B):    128
    Associativity:      8

Latencies:    1   10  150
L1-Sets:   64 - LRU - assoc:   8
L2-Sets: 1024 - LRU - assoc:   8
Store_allocation: Yes
L2_inclusive: Yes
L2_prefetching: No

L1 Cache Stats:
L1-Load-Hits:        2497942925   83.03%
L1-Load-Misses:       510701137   16.97%
L1-Load-Accesses:    3008644062  100.00%

L1-Store-Hits:          83710675   97.64%
L1-Store-Misses:         2020413    2.36%
L1-Store-Accesses:      85731088  100.00%

L1-Total-Hits:        2581653600   83.43%
L1-Total-Misses:       512721550   16.57%
L1-Total-Accesses:    3094375150  100.00%

L2 Cache Stats:
L2-Load-Hits:         331602017   64.93%
L2-Load-Misses:       179099120   35.07%
L2-Load-Accesses:     510701137  100.00%

L2-Store-Hits:           1543574   76.40%
L2-Store-Misses:          476839   23.60%
L2-Store-Accesses:       2020413  100.00%

L2-Total-Hits:         333145591   64.98%
L2-Total-Misses:       179575959   35.02%
L2-Total-Accesses:     512721550  100.00%

