--------
Total Statistics
--------
Total Instructions: 17762792409
Total Cycles: 51359648369
IPC: 0.345851

--------
Single level Tlb hierarchy
--------
  Data Tlb:
    Entries:          64
    Page Size(B):   4096
    Associativity:      4

Latencies:    0   50
Tlb-Sets:   16 - LRU - assoc:   4

Tlb Stats:
Tlb-Load-Hits:        2975277950   98.89%
Tlb-Load-Misses:        33366112    1.11%
Tlb-Load-Accesses:    3008644062  100.00%

Tlb-Store-Hits:          85587472   99.83%
Tlb-Store-Misses:          143616    0.17%
Tlb-Store-Accesses:      85731088  100.00%

Tlb-Total-Hits:        3060865422   98.92%
Tlb-Total-Misses:        33509728    1.08%
Tlb-Total-Accesses:    3094375150  100.00%



--------
Two level Cache hierarchy
--------
  L1-Data Cache:
    Size(KB):         128
    Block Size(B):    128
    Associativity:      8

  L2-Data Cache:
    Size(KB):        1024
    Block Size(B):    128
    Associativity:      8

Latencies:    1   10  150
L1-Sets:  128 - LRU - assoc:   8
L2-Sets: 1024 - LRU - assoc:   8
Store_allocation: Yes
L2_inclusive: Yes
L2_prefetching: No

L1 Cache Stats:
L1-Load-Hits:        2822734300   93.82%
L1-Load-Misses:       185909762    6.18%
L1-Load-Accesses:    3008644062  100.00%

L1-Store-Hits:          85225894   99.41%
L1-Store-Misses:          505194    0.59%
L1-Store-Accesses:      85731088  100.00%

L1-Total-Hits:        2907960194   93.98%
L1-Total-Misses:       186414956    6.02%
L1-Total-Accesses:    3094375150  100.00%

L2 Cache Stats:
L2-Load-Hits:           6636454    3.57%
L2-Load-Misses:       179273308   96.43%
L2-Load-Accesses:     185909762  100.00%

L2-Store-Hits:             26203    5.19%
L2-Store-Misses:          478991   94.81%
L2-Store-Accesses:        505194  100.00%

L2-Total-Hits:           6662657    3.57%
L2-Total-Misses:       179752299   96.43%
L2-Total-Accesses:     186414956  100.00%

