--------
Total Statistics
--------
Total Instructions: 17762792409
Total Cycles: 54491988549
IPC: 0.325971

--------
Single level Tlb hierarchy
--------
  Data Tlb:
    Entries:          64
    Page Size(B):   4096
    Associativity:      4

Latencies:    0   50
Tlb-Sets:   16 - LRU - assoc:   4

Tlb Stats:
Tlb-Load-Hits:        2975291710   98.89%
Tlb-Load-Misses:        33352352    1.11%
Tlb-Load-Accesses:    3008644062  100.00%

Tlb-Store-Hits:          85583366   99.83%
Tlb-Store-Misses:          147722    0.17%
Tlb-Store-Accesses:      85731088  100.00%

Tlb-Total-Hits:        3060875076   98.92%
Tlb-Total-Misses:        33500074    1.08%
Tlb-Total-Accesses:    3094375150  100.00%



--------
Two level Cache hierarchy
--------
  L1-Data Cache:
    Size(KB):          64
    Block Size(B):     64
    Associativity:      4

  L2-Data Cache:
    Size(KB):        1024
    Block Size(B):    128
    Associativity:      8

Latencies:    1   10  150
L1-Sets:  256 - LRU - assoc:   4
L2-Sets: 1024 - LRU - assoc:   8
Store_allocation: Yes
L2_inclusive: Yes
L2_prefetching: No

L1 Cache Stats:
L1-Load-Hits:        2507840706   83.35%
L1-Load-Misses:       500803356   16.65%
L1-Load-Accesses:    3008644062  100.00%

L1-Store-Hits:          84095350   98.09%
L1-Store-Misses:         1635738    1.91%
L1-Store-Accesses:      85731088  100.00%

L1-Total-Hits:        2591936056   83.76%
L1-Total-Misses:       502439094   16.24%
L1-Total-Accesses:    3094375150  100.00%

L2 Cache Stats:
L2-Load-Hits:         321706479   64.24%
L2-Load-Misses:       179096877   35.76%
L2-Load-Accesses:     500803356  100.00%

L2-Store-Hits:           1163106   71.11%
L2-Store-Misses:          472632   28.89%
L2-Store-Accesses:       1635738  100.00%

L2-Total-Hits:         322869585   64.26%
L2-Total-Misses:       179569509   35.74%
L2-Total-Accesses:     502439094  100.00%

