--------
Total Statistics
--------
Total Instructions: 2235776094
Total Cycles: 3220893763
IPC: 0.694148

--------
Single level Tlb hierarchy
--------
  Data Tlb:
    Entries:          64
    Page Size(B):   4096
    Associativity:     16

Latencies:    0   50
Tlb-Sets:    4 - LRU - assoc:  16

Tlb Stats:
Tlb-Load-Hits:         597918704   99.99%
Tlb-Load-Misses:           38626    0.01%
Tlb-Load-Accesses:     597957330  100.00%

Tlb-Store-Hits:         126593907   99.99%
Tlb-Store-Misses:            6502    0.01%
Tlb-Store-Accesses:     126600409  100.00%

Tlb-Total-Hits:         724512611   99.99%
Tlb-Total-Misses:           45128    0.01%
Tlb-Total-Accesses:     724557739  100.00%



--------
Two level Cache hierarchy
--------
  L1-Data Cache:
    Size(KB):          32
    Block Size(B):     64
    Associativity:      8

  L2-Data Cache:
    Size(KB):        1024
    Block Size(B):    128
    Associativity:      8

Latencies:    1   10  150
L1-Sets:   64 - LRU - assoc:   8
L2-Sets: 1024 - LRU - assoc:   8
Store_allocation: Yes
L2_inclusive: Yes
L2_prefetching: No

L1 Cache Stats:
L1-Load-Hits:         594262230   99.38%
L1-Load-Misses:         3695100    0.62%
L1-Load-Accesses:     597957330  100.00%

L1-Store-Hits:         125974346   99.51%
L1-Store-Misses:          626063    0.49%
L1-Store-Accesses:     126600409  100.00%

L1-Total-Hits:         720236576   99.40%
L1-Total-Misses:         4321163    0.60%
L1-Total-Accesses:     724557739  100.00%

L2 Cache Stats:
L2-Load-Hits:           2466061   66.74%
L2-Load-Misses:         1229039   33.26%
L2-Load-Accesses:       3695100  100.00%

L2-Store-Hits:            421156   67.27%
L2-Store-Misses:          204907   32.73%
L2-Store-Accesses:        626063  100.00%

L2-Total-Hits:           2887217   66.82%
L2-Total-Misses:         1433946   33.18%
L2-Total-Accesses:       4321163  100.00%

