--------
Total Statistics
--------
Total Instructions: 2235776094
Total Cycles: 4920018603
IPC: 0.454424

--------
Single level Tlb hierarchy
--------
  Data Tlb:
    Entries:          64
    Page Size(B):   4096
    Associativity:      2

Latencies:    0   50
Tlb-Sets:   32 - LRU - assoc:   2

Tlb Stats:
Tlb-Load-Hits:         564146307   94.35%
Tlb-Load-Misses:        33811023    5.65%
Tlb-Load-Accesses:     597957330  100.00%

Tlb-Store-Hits:         126383807   99.83%
Tlb-Store-Misses:          216602    0.17%
Tlb-Store-Accesses:     126600409  100.00%

Tlb-Total-Hits:         690530114   95.30%
Tlb-Total-Misses:        34027625    4.70%
Tlb-Total-Accesses:     724557739  100.00%



--------
Two level Cache hierarchy
--------
  L1-Data Cache:
    Size(KB):          32
    Block Size(B):     64
    Associativity:      8

  L2-Data Cache:
    Size(KB):        1024
    Block Size(B):    128
    Associativity:      8

Latencies:    1   10  150
L1-Sets:   64 - LRU - assoc:   8
L2-Sets: 1024 - LRU - assoc:   8
Store_allocation: Yes
L2_inclusive: Yes
L2_prefetching: No

L1 Cache Stats:
L1-Load-Hits:         594262230   99.38%
L1-Load-Misses:         3695100    0.62%
L1-Load-Accesses:     597957330  100.00%

L1-Store-Hits:         125974347   99.51%
L1-Store-Misses:          626062    0.49%
L1-Store-Accesses:     126600409  100.00%

L1-Total-Hits:         720236577   99.40%
L1-Total-Misses:         4321162    0.60%
L1-Total-Accesses:     724557739  100.00%

L2 Cache Stats:
L2-Load-Hits:           2466061   66.74%
L2-Load-Misses:         1229039   33.26%
L2-Load-Accesses:       3695100  100.00%

L2-Store-Hits:            421155   67.27%
L2-Store-Misses:          204907   32.73%
L2-Store-Accesses:        626062  100.00%

L2-Total-Hits:           2887216   66.82%
L2-Total-Misses:         1433946   33.18%
L2-Total-Accesses:       4321162  100.00%

