--------
Total Statistics
--------
Total Instructions: 2235776094
Total Cycles: 4888598693
IPC: 0.457345

--------
Single level Tlb hierarchy
--------
  Data Tlb:
    Entries:         256
    Page Size(B):   4096
    Associativity:      4

Latencies:    0   50
Tlb-Sets:   64 - LRU - assoc:   4

Tlb Stats:
Tlb-Load-Hits:         564668605   94.43%
Tlb-Load-Misses:        33288725    5.57%
Tlb-Load-Accesses:     597957330  100.00%

Tlb-Store-Hits:         126489907   99.91%
Tlb-Store-Misses:          110502    0.09%
Tlb-Store-Accesses:     126600409  100.00%

Tlb-Total-Hits:         691158512   95.39%
Tlb-Total-Misses:        33399227    4.61%
Tlb-Total-Accesses:     724557739  100.00%



--------
Two level Cache hierarchy
--------
  L1-Data Cache:
    Size(KB):          32
    Block Size(B):     64
    Associativity:      8

  L2-Data Cache:
    Size(KB):        1024
    Block Size(B):    128
    Associativity:      8

Latencies:    1   10  150
L1-Sets:   64 - LRU - assoc:   8
L2-Sets: 1024 - LRU - assoc:   8
Store_allocation: Yes
L2_inclusive: Yes
L2_prefetching: No

L1 Cache Stats:
L1-Load-Hits:         594262230   99.38%
L1-Load-Misses:         3695100    0.62%
L1-Load-Accesses:     597957330  100.00%

L1-Store-Hits:         125974348   99.51%
L1-Store-Misses:          626061    0.49%
L1-Store-Accesses:     126600409  100.00%

L1-Total-Hits:         720236578   99.40%
L1-Total-Misses:         4321161    0.60%
L1-Total-Accesses:     724557739  100.00%

L2 Cache Stats:
L2-Load-Hits:           2466061   66.74%
L2-Load-Misses:         1229039   33.26%
L2-Load-Accesses:       3695100  100.00%

L2-Store-Hits:            421154   67.27%
L2-Store-Misses:          204907   32.73%
L2-Store-Accesses:        626061  100.00%

L2-Total-Hits:           2887215   66.82%
L2-Total-Misses:         1433946   33.18%
L2-Total-Accesses:       4321161  100.00%

