--------
Total Statistics
--------
Total Instructions: 2235776094
Total Cycles: 3220766593
IPC: 0.694175

--------
Single level Tlb hierarchy
--------
  Data Tlb:
    Entries:          64
    Page Size(B):   4096
    Associativity:     64

Latencies:    0   50
Tlb-Sets:    1 - LRU - assoc:  64

Tlb Stats:
Tlb-Load-Hits:         597918703   99.99%
Tlb-Load-Misses:           38627    0.01%
Tlb-Load-Accesses:     597957330  100.00%

Tlb-Store-Hits:         126593907   99.99%
Tlb-Store-Misses:            6502    0.01%
Tlb-Store-Accesses:     126600409  100.00%

Tlb-Total-Hits:         724512610   99.99%
Tlb-Total-Misses:           45129    0.01%
Tlb-Total-Accesses:     724557739  100.00%



--------
Two level Cache hierarchy
--------
  L1-Data Cache:
    Size(KB):          32
    Block Size(B):     64
    Associativity:      8

  L2-Data Cache:
    Size(KB):        1024
    Block Size(B):    128
    Associativity:      8

Latencies:    1   10  150
L1-Sets:   64 - LRU - assoc:   8
L2-Sets: 1024 - LRU - assoc:   8
Store_allocation: Yes
L2_inclusive: Yes
L2_prefetching: No

L1 Cache Stats:
L1-Load-Hits:         594262227   99.38%
L1-Load-Misses:         3695103    0.62%
L1-Load-Accesses:     597957330  100.00%

L1-Store-Hits:         125987071   99.52%
L1-Store-Misses:          613338    0.48%
L1-Store-Accesses:     126600409  100.00%

L1-Total-Hits:         720249298   99.41%
L1-Total-Misses:         4308441    0.59%
L1-Total-Accesses:     724557739  100.00%

L2 Cache Stats:
L2-Load-Hits:           2466063   66.74%
L2-Load-Misses:         1229040   33.26%
L2-Load-Accesses:       3695103  100.00%

L2-Store-Hits:            408432   66.59%
L2-Store-Misses:          204906   33.41%
L2-Store-Accesses:        613338  100.00%

L2-Total-Hits:           2874495   66.72%
L2-Total-Misses:         1433946   33.28%
L2-Total-Accesses:       4308441  100.00%

