--------
Total Statistics
--------
Total Instructions: 6594956458
Total Cycles: 9055225459
IPC: 0.728304

--------
Single level Tlb hierarchy
--------
  Data Tlb:
    Entries:          64
    Page Size(B):   4096
    Associativity:      4

Latencies:    0   50
Tlb-Sets:   16 - LRU - assoc:   4

Tlb Stats:
Tlb-Load-Hits:        1667271342   99.97%
Tlb-Load-Misses:          559587    0.03%
Tlb-Load-Accesses:    1667830929  100.00%

Tlb-Store-Hits:         565379528   99.99%
Tlb-Store-Misses:           52814    0.01%
Tlb-Store-Accesses:     565432342  100.00%

Tlb-Total-Hits:        2232650870   99.97%
Tlb-Total-Misses:          612401    0.03%
Tlb-Total-Accesses:    2233263271  100.00%



--------
Two level Cache hierarchy
--------
  L1-Data Cache:
    Size(KB):         128
    Block Size(B):     32
    Associativity:      8

  L2-Data Cache:
    Size(KB):        1024
    Block Size(B):    128
    Associativity:      8

Latencies:    1   10  150
L1-Sets:  512 - LRU - assoc:   8
L2-Sets: 1024 - LRU - assoc:   8
Store_allocation: Yes
L2_inclusive: Yes
L2_prefetching: No

L1 Cache Stats:
L1-Load-Hits:        1663654016   99.75%
L1-Load-Misses:         4176913    0.25%
L1-Load-Accesses:    1667830929  100.00%

L1-Store-Hits:         564463162   99.83%
L1-Store-Misses:          969180    0.17%
L1-Store-Accesses:     565432342  100.00%

L1-Total-Hits:        2228117178   99.77%
L1-Total-Misses:         5146093    0.23%
L1-Total-Accesses:    2233263271  100.00%

L2 Cache Stats:
L2-Load-Hits:           3405853   81.54%
L2-Load-Misses:          771060   18.46%
L2-Load-Accesses:       4176913  100.00%

L2-Store-Hits:            774075   79.87%
L2-Store-Misses:          195105   20.13%
L2-Store-Accesses:        969180  100.00%

L2-Total-Hits:           4179928   81.23%
L2-Total-Misses:          966165   18.77%
L2-Total-Accesses:       5146093  100.00%

