--------
Total Statistics
--------
Total Instructions: 6594956433
Total Cycles: 9040566936
IPC: 0.729485

--------
Single level Tlb hierarchy
--------
  Data Tlb:
    Entries:          64
    Page Size(B):   4096
    Associativity:      4

Latencies:    0   50
Tlb-Sets:   16 - LRU - assoc:   4

Tlb Stats:
Tlb-Load-Hits:        1667273336   99.97%
Tlb-Load-Misses:          557585    0.03%
Tlb-Load-Accesses:    1667830921  100.00%

Tlb-Store-Hits:         565378246   99.99%
Tlb-Store-Misses:           54096    0.01%
Tlb-Store-Accesses:     565432342  100.00%

Tlb-Total-Hits:        2232651582   99.97%
Tlb-Total-Misses:          611681    0.03%
Tlb-Total-Accesses:    2233263263  100.00%



--------
Two level Cache hierarchy
--------
  L1-Data Cache:
    Size(KB):          64
    Block Size(B):     64
    Associativity:      8

  L2-Data Cache:
    Size(KB):        1024
    Block Size(B):    128
    Associativity:      8

Latencies:    1   10  150
L1-Sets:  128 - LRU - assoc:   8
L2-Sets: 1024 - LRU - assoc:   8
Store_allocation: Yes
L2_inclusive: Yes
L2_prefetching: No

L1 Cache Stats:
L1-Load-Hits:        1664742375   99.81%
L1-Load-Misses:         3088546    0.19%
L1-Load-Accesses:    1667830921  100.00%

L1-Store-Hits:         564848729   99.90%
L1-Store-Misses:          583613    0.10%
L1-Store-Accesses:     565432342  100.00%

L1-Total-Hits:        2229591104   99.84%
L1-Total-Misses:         3672159    0.16%
L1-Total-Accesses:    2233263263  100.00%

L2 Cache Stats:
L2-Load-Hits:           2316820   75.01%
L2-Load-Misses:          771726   24.99%
L2-Load-Accesses:       3088546  100.00%

L2-Store-Hits:            388395   66.55%
L2-Store-Misses:          195218   33.45%
L2-Store-Accesses:        583613  100.00%

L2-Total-Hits:           2705215   73.67%
L2-Total-Misses:          966944   26.33%
L2-Total-Accesses:       3672159  100.00%

