--------
Total Statistics
--------
Total Instructions: 6594956433
Total Cycles: 9045616576
IPC: 0.729078

--------
Single level Tlb hierarchy
--------
  Data Tlb:
    Entries:          64
    Page Size(B):   4096
    Associativity:      4

Latencies:    0   50
Tlb-Sets:   16 - LRU - assoc:   4

Tlb Stats:
Tlb-Load-Hits:        1667278794   99.97%
Tlb-Load-Misses:          552127    0.03%
Tlb-Load-Accesses:    1667830921  100.00%

Tlb-Store-Hits:         565380082   99.99%
Tlb-Store-Misses:           52260    0.01%
Tlb-Store-Accesses:     565432342  100.00%

Tlb-Total-Hits:        2232658876   99.97%
Tlb-Total-Misses:          604387    0.03%
Tlb-Total-Accesses:    2233263263  100.00%



--------
Two level Cache hierarchy
--------
  L1-Data Cache:
    Size(KB):          32
    Block Size(B):     64
    Associativity:      4

  L2-Data Cache:
    Size(KB):        1024
    Block Size(B):    128
    Associativity:      8

Latencies:    1   10  150
L1-Sets:  128 - LRU - assoc:   4
L2-Sets: 1024 - LRU - assoc:   8
Store_allocation: Yes
L2_inclusive: Yes
L2_prefetching: No

L1 Cache Stats:
L1-Load-Hits:        1664234654   99.78%
L1-Load-Misses:         3596267    0.22%
L1-Load-Accesses:    1667830921  100.00%

L1-Store-Hits:         564810786   99.89%
L1-Store-Misses:          621556    0.11%
L1-Store-Accesses:     565432342  100.00%

L1-Total-Hits:        2229045440   99.81%
L1-Total-Misses:         4217823    0.19%
L1-Total-Accesses:    2233263263  100.00%

L2 Cache Stats:
L2-Load-Hits:           2824618   78.54%
L2-Load-Misses:          771649   21.46%
L2-Load-Accesses:       3596267  100.00%

L2-Store-Hits:            426543   68.63%
L2-Store-Misses:          195013   31.37%
L2-Store-Accesses:        621556  100.00%

L2-Total-Hits:           3251161   77.08%
L2-Total-Misses:          966662   22.92%
L2-Total-Accesses:       4217823  100.00%

