--------
Total Statistics
--------
Total Instructions: 10948989397
Total Cycles: 15733292330
IPC: 0.695912

--------
Single level Tlb hierarchy
--------
  Data Tlb:
    Entries:          64
    Page Size(B):   4096
    Associativity:      4

Latencies:    0   50
Tlb-Sets:   16 - LRU - assoc:   4

Tlb Stats:
Tlb-Load-Hits:        2284592986   99.40%
Tlb-Load-Misses:        13688952    0.60%
Tlb-Load-Accesses:    2298281938  100.00%

Tlb-Store-Hits:         591853669   99.93%
Tlb-Store-Misses:          427246    0.07%
Tlb-Store-Accesses:     592280915  100.00%

Tlb-Total-Hits:        2876446655   99.51%
Tlb-Total-Misses:        14116198    0.49%
Tlb-Total-Accesses:    2890562853  100.00%



--------
Two level Cache hierarchy
--------
  L1-Data Cache:
    Size(KB):          64
    Block Size(B):     64
    Associativity:      4

  L2-Data Cache:
    Size(KB):        1024
    Block Size(B):    128
    Associativity:      8

Latencies:    1   10  150
L1-Sets:  256 - LRU - assoc:   4
L2-Sets: 1024 - LRU - assoc:   8
Store_allocation: Yes
L2_inclusive: Yes
L2_prefetching: No

L1 Cache Stats:
L1-Load-Hits:        2201253428   95.78%
L1-Load-Misses:        97028510    4.22%
L1-Load-Accesses:    2298281938  100.00%

L1-Store-Hits:         586741997   99.06%
L1-Store-Misses:         5538918    0.94%
L1-Store-Accesses:     592280915  100.00%

L1-Total-Hits:        2787995425   96.45%
L1-Total-Misses:       102567428    3.55%
L1-Total-Accesses:    2890562853  100.00%

L2 Cache Stats:
L2-Load-Hits:          96448779   99.40%
L2-Load-Misses:          579731    0.60%
L2-Load-Accesses:      97028510  100.00%

L2-Store-Hits:           5036943   90.94%
L2-Store-Misses:          501975    9.06%
L2-Store-Accesses:       5538918  100.00%

L2-Total-Hits:         101485722   98.95%
L2-Total-Misses:         1081706    1.05%
L2-Total-Accesses:     102567428  100.00%

