--------
Total Statistics
--------
Total Instructions: 20807579028
Total Cycles: 44404370346
IPC: 0.468593

--------
Single level Tlb hierarchy
--------
  Data Tlb:
    Entries:          64
    Page Size(B):   4096
    Associativity:      4

Latencies:    0   50
Tlb-Sets:   16 - LRU - assoc:   4

Tlb Stats:
Tlb-Load-Hits:        6340043910   99.55%
Tlb-Load-Misses:        28939399    0.45%
Tlb-Load-Accesses:    6368983309  100.00%

Tlb-Store-Hits:        2597228185   99.86%
Tlb-Store-Misses:         3687884    0.14%
Tlb-Store-Accesses:    2600916069  100.00%

Tlb-Total-Hits:        8937272095   99.64%
Tlb-Total-Misses:        32627283    0.36%
Tlb-Total-Accesses:    8969899378  100.00%



--------
Two level Cache hierarchy
--------
  L1-Data Cache:
    Size(KB):          32
    Block Size(B):     64
    Associativity:      8

  L2-Data Cache:
    Size(KB):        1024
    Block Size(B):    128
    Associativity:      8

Latencies:    1   10  150
L1-Sets:   64 - LRU - assoc:   8
L2-Sets: 1024 - LRU - assoc:   8
Store_allocation: Yes
L2_inclusive: Yes
L2_prefetching: No

L1 Cache Stats:
L1-Load-Hits:        6146570275   96.51%
L1-Load-Misses:       222413034    3.49%
L1-Load-Accesses:    6368983309  100.00%

L1-Store-Hits:        2581562809   99.26%
L1-Store-Misses:        19353260    0.74%
L1-Store-Accesses:    2600916069  100.00%

L1-Total-Hits:        8728133084   97.30%
L1-Total-Misses:       241766294    2.70%
L1-Total-Accesses:    8969899378  100.00%

L2 Cache Stats:
L2-Load-Hits:         157443675   70.79%
L2-Load-Misses:        64969359   29.21%
L2-Load-Accesses:     222413034  100.00%

L2-Store-Hits:          13803520   71.32%
L2-Store-Misses:         5549740   28.68%
L2-Store-Accesses:      19353260  100.00%

L2-Total-Hits:         171247195   70.83%
L2-Total-Misses:        70519099   29.17%
L2-Total-Accesses:     241766294  100.00%

