--------
Total Statistics
--------
Total Instructions: 20807579296
Total Cycles: 44468881863
IPC: 0.467913

--------
Single level Tlb hierarchy
--------
  Data Tlb:
    Entries:          64
    Page Size(B):   4096
    Associativity:      4

Latencies:    0   50
Tlb-Sets:   16 - LRU - assoc:   4

Tlb Stats:
Tlb-Load-Hits:        6339351447   99.53%
Tlb-Load-Misses:        29631928    0.47%
Tlb-Load-Accesses:    6368983375  100.00%

Tlb-Store-Hits:        2596615765   99.83%
Tlb-Store-Misses:         4300347    0.17%
Tlb-Store-Accesses:    2600916112  100.00%

Tlb-Total-Hits:        8935967212   99.62%
Tlb-Total-Misses:        33932275    0.38%
Tlb-Total-Accesses:    8969899487  100.00%



--------
Two level Cache hierarchy
--------
  L1-Data Cache:
    Size(KB):          32
    Block Size(B):     64
    Associativity:      8

  L2-Data Cache:
    Size(KB):        1024
    Block Size(B):    128
    Associativity:      8

Latencies:    1   10  150
L1-Sets:   64 - LRU - assoc:   8
L2-Sets: 1024 - LRU - assoc:   8
Store_allocation: Yes
L2_inclusive: Yes
L2_prefetching: Yes ( 32)

L1 Cache Stats:
L1-Load-Hits:        6146615945   96.51%
L1-Load-Misses:       222367430    3.49%
L1-Load-Accesses:    6368983375  100.00%

L1-Store-Hits:        2581547819   99.26%
L1-Store-Misses:        19368293    0.74%
L1-Store-Accesses:    2600916112  100.00%

L1-Total-Hits:        8728163764   97.31%
L1-Total-Misses:       241735723    2.69%
L1-Total-Accesses:    8969899487  100.00%

L2 Cache Stats:
L2-Load-Hits:         157400464   70.78%
L2-Load-Misses:        64966966   29.22%
L2-Load-Accesses:     222367430  100.00%

L2-Store-Hits:          13819045   71.35%
L2-Store-Misses:         5549248   28.65%
L2-Store-Accesses:      19368293  100.00%

L2-Total-Hits:         171219509   70.83%
L2-Total-Misses:        70516214   29.17%
L2-Total-Accesses:     241735723  100.00%

