--------
Total Statistics
--------
Total Instructions: 20807579427
Total Cycles: 44507296732
IPC: 0.467509

--------
Single level Tlb hierarchy
--------
  Data Tlb:
    Entries:          64
    Page Size(B):   4096
    Associativity:      4

Latencies:    0   50
Tlb-Sets:   16 - LRU - assoc:   4

Tlb Stats:
Tlb-Load-Hits:        6337728727   99.51%
Tlb-Load-Misses:        31254670    0.49%
Tlb-Load-Accesses:    6368983397  100.00%

Tlb-Store-Hits:        2597262349   99.86%
Tlb-Store-Misses:         3653779    0.14%
Tlb-Store-Accesses:    2600916128  100.00%

Tlb-Total-Hits:        8934991076   99.61%
Tlb-Total-Misses:        34908449    0.39%
Tlb-Total-Accesses:    8969899525  100.00%



--------
Two level Cache hierarchy
--------
  L1-Data Cache:
    Size(KB):          32
    Block Size(B):     64
    Associativity:      8

  L2-Data Cache:
    Size(KB):        1024
    Block Size(B):    128
    Associativity:      8

Latencies:    1   10  150
L1-Sets:   64 - LRU - assoc:   8
L2-Sets: 1024 - LRU - assoc:   8
Store_allocation: Yes
L2_inclusive: Yes
L2_prefetching: Yes (  2)

L1 Cache Stats:
L1-Load-Hits:        6147442012   96.52%
L1-Load-Misses:       221541385    3.48%
L1-Load-Accesses:    6368983397  100.00%

L1-Store-Hits:        2581755115   99.26%
L1-Store-Misses:        19161013    0.74%
L1-Store-Accesses:    2600916128  100.00%

L1-Total-Hits:        8729197127   97.32%
L1-Total-Misses:       240702398    2.68%
L1-Total-Accesses:    8969899525  100.00%

L2 Cache Stats:
L2-Load-Hits:         156575495   70.68%
L2-Load-Misses:        64965890   29.32%
L2-Load-Accesses:     221541385  100.00%

L2-Store-Hits:          13611094   71.04%
L2-Store-Misses:         5549919   28.96%
L2-Store-Accesses:      19161013  100.00%

L2-Total-Hits:         170186589   70.70%
L2-Total-Misses:        70515809   29.30%
L2-Total-Accesses:     240702398  100.00%

