--------
Total Statistics
--------
Total Instructions: 20807579074
Total Cycles: 44285750988
IPC: 0.469848

--------
Single level Tlb hierarchy
--------
  Data Tlb:
    Entries:          64
    Page Size(B):   4096
    Associativity:      4

Latencies:    0   50
Tlb-Sets:   16 - LRU - assoc:   4

Tlb Stats:
Tlb-Load-Hits:        6342110005   99.58%
Tlb-Load-Misses:        26873315    0.42%
Tlb-Load-Accesses:    6368983320  100.00%

Tlb-Store-Hits:        2597327906   99.86%
Tlb-Store-Misses:         3588168    0.14%
Tlb-Store-Accesses:    2600916074  100.00%

Tlb-Total-Hits:        8939437911   99.66%
Tlb-Total-Misses:        30461483    0.34%
Tlb-Total-Accesses:    8969899394  100.00%



--------
Two level Cache hierarchy
--------
  L1-Data Cache:
    Size(KB):          32
    Block Size(B):     64
    Associativity:      8

  L2-Data Cache:
    Size(KB):        1024
    Block Size(B):    128
    Associativity:      8

Latencies:    1   10  150
L1-Sets:   64 - LRU - assoc:   8
L2-Sets: 1024 - LRU - assoc:   8
Store_allocation: Yes
L2_inclusive: Yes
L2_prefetching: Yes ( 64)

L1 Cache Stats:
L1-Load-Hits:        6147429697   96.52%
L1-Load-Misses:       221553623    3.48%
L1-Load-Accesses:    6368983320  100.00%

L1-Store-Hits:        2581752065   99.26%
L1-Store-Misses:        19164009    0.74%
L1-Store-Accesses:    2600916074  100.00%

L1-Total-Hits:        8729181762   97.32%
L1-Total-Misses:       240717632    2.68%
L1-Total-Accesses:    8969899394  100.00%

L2 Cache Stats:
L2-Load-Hits:         156583723   70.68%
L2-Load-Misses:        64969900   29.32%
L2-Load-Accesses:     221553623  100.00%

L2-Store-Hits:          13613762   71.04%
L2-Store-Misses:         5550247   28.96%
L2-Store-Accesses:      19164009  100.00%

L2-Total-Hits:         170197485   70.70%
L2-Total-Misses:        70520147   29.30%
L2-Total-Accesses:     240717632  100.00%

