--------
Total Statistics
--------
Total Instructions: 23714279348
Total Cycles: 47479319069
IPC: 0.499465

--------
Single level Tlb hierarchy
--------
  Data Tlb:
    Entries:           8
    Page Size(B):   4096
    Associativity:      4

Latencies:    0   50
Tlb-Sets:    2 - LRU - assoc:   4

Tlb Stats:
Tlb-Load-Hits:        6481047197   96.32%
Tlb-Load-Misses:       247810875    3.68%
Tlb-Load-Accesses:    6728858072  100.00%

Tlb-Store-Hits:        1811523089   97.55%
Tlb-Store-Misses:        45508980    2.45%
Tlb-Store-Accesses:    1857032069  100.00%

Tlb-Total-Hits:        8292570286   96.58%
Tlb-Total-Misses:       293319855    3.42%
Tlb-Total-Accesses:    8585890141  100.00%



--------
Two level Cache hierarchy
--------
  L1-Data Cache:
    Size(KB):          32
    Block Size(B):     64
    Associativity:      8

  L2-Data Cache:
    Size(KB):        1024
    Block Size(B):    128
    Associativity:      8

Latencies:    1   10  150
L1-Sets:   64 - LRU - assoc:   8
L2-Sets: 1024 - LRU - assoc:   8
Store_allocation: Yes
L2_inclusive: Yes
L2_prefetching: No

L1 Cache Stats:
L1-Load-Hits:        6710662842   99.73%
L1-Load-Misses:        18195230    0.27%
L1-Load-Accesses:    6728858072  100.00%

L1-Store-Hits:        1824080786   98.23%
L1-Store-Misses:        32951283    1.77%
L1-Store-Accesses:    1857032069  100.00%

L1-Total-Hits:        8534743628   99.40%
L1-Total-Misses:        51146513    0.60%
L1-Total-Accesses:    8585890141  100.00%

L2 Cache Stats:
L2-Load-Hits:          18194242   99.99%
L2-Load-Misses:             988    0.01%
L2-Load-Accesses:      18195230  100.00%

L2-Store-Hits:          32940993   99.97%
L2-Store-Misses:           10290    0.03%
L2-Store-Accesses:      32951283  100.00%

L2-Total-Hits:          51135235   99.98%
L2-Total-Misses:           11278    0.02%
L2-Total-Accesses:      51146513  100.00%

