--------
Total Statistics
--------
Total Instructions: 23714279348
Total Cycles: 32796993079
IPC: 0.723063

--------
Single level Tlb hierarchy
--------
  Data Tlb:
    Entries:          64
    Page Size(B):   4096
    Associativity:      4

Latencies:    0   50
Tlb-Sets:   16 - LRU - assoc:   4

Tlb Stats:
Tlb-Load-Hits:        6728858022  100.00%
Tlb-Load-Misses:              50    0.00%
Tlb-Load-Accesses:    6728858072  100.00%

Tlb-Store-Hits:        1857031727  100.00%
Tlb-Store-Misses:             342    0.00%
Tlb-Store-Accesses:    1857032069  100.00%

Tlb-Total-Hits:        8585889749  100.00%
Tlb-Total-Misses:             392    0.00%
Tlb-Total-Accesses:    8585890141  100.00%



--------
Two level Cache hierarchy
--------
  L1-Data Cache:
    Size(KB):          32
    Block Size(B):     64
    Associativity:      8

  L2-Data Cache:
    Size(KB):        1024
    Block Size(B):    128
    Associativity:      8

Latencies:    1   10  150
L1-Sets:   64 - LRU - assoc:   8
L2-Sets: 1024 - LRU - assoc:   8
Store_allocation: Yes
L2_inclusive: Yes
L2_prefetching: No

L1 Cache Stats:
L1-Load-Hits:        6711028948   99.74%
L1-Load-Misses:        17829124    0.26%
L1-Load-Accesses:    6728858072  100.00%

L1-Store-Hits:        1825349979   98.29%
L1-Store-Misses:        31682090    1.71%
L1-Store-Accesses:    1857032069  100.00%

L1-Total-Hits:        8536378927   99.42%
L1-Total-Misses:        49511214    0.58%
L1-Total-Accesses:    8585890141  100.00%

L2 Cache Stats:
L2-Load-Hits:          17828134   99.99%
L2-Load-Misses:             990    0.01%
L2-Load-Accesses:      17829124  100.00%

L2-Store-Hits:          31671801   99.97%
L2-Store-Misses:           10289    0.03%
L2-Store-Accesses:      31682090  100.00%

L2-Total-Hits:          49499935   99.98%
L2-Total-Misses:           11279    0.02%
L2-Total-Accesses:      49511214  100.00%

