--------
Total Statistics
--------
Total Instructions: 1516636512
Total Cycles: 9436796036
IPC: 0.160715

--------
Single level Tlb hierarchy
--------
  Data Tlb:
    Entries:          64
    Page Size(B):   4096
    Associativity:      4

Latencies:    0   50
Tlb-Sets:   16 - LRU - assoc:   4

Tlb Stats:
Tlb-Load-Hits:         242307256   85.87%
Tlb-Load-Misses:        39862024   14.13%
Tlb-Load-Accesses:     282169280  100.00%

Tlb-Store-Hits:          76184854   99.60%
Tlb-Store-Misses:          306240    0.40%
Tlb-Store-Accesses:      76491094  100.00%

Tlb-Total-Hits:         318492110   88.80%
Tlb-Total-Misses:        40168264   11.20%
Tlb-Total-Accesses:     358660374  100.00%



--------
Two level Cache hierarchy
--------
  L1-Data Cache:
    Size(KB):          32
    Block Size(B):     32
    Associativity:      8

  L2-Data Cache:
    Size(KB):        1024
    Block Size(B):    128
    Associativity:      8

Latencies:    1   10  150
L1-Sets:  128 - LRU - assoc:   8
L2-Sets: 1024 - LRU - assoc:   8
Store_allocation: Yes
L2_inclusive: Yes
L2_prefetching: No

L1 Cache Stats:
L1-Load-Hits:         205652134   72.88%
L1-Load-Misses:        76517146   27.12%
L1-Load-Accesses:     282169280  100.00%

L1-Store-Hits:          76296335   99.75%
L1-Store-Misses:          194759    0.25%
L1-Store-Accesses:      76491094  100.00%

L1-Total-Hits:         281948469   78.61%
L1-Total-Misses:        76711905   21.39%
L1-Total-Accesses:     358660374  100.00%

L2 Cache Stats:
L2-Load-Hits:          44610724   58.30%
L2-Load-Misses:        31906422   41.70%
L2-Load-Accesses:      76517146  100.00%

L2-Store-Hits:            194735   99.99%
L2-Store-Misses:              24    0.01%
L2-Store-Accesses:        194759  100.00%

L2-Total-Hits:          44805459   58.41%
L2-Total-Misses:        31906446   41.59%
L2-Total-Accesses:      76711905  100.00%

