--------
Total Statistics
--------
Total Instructions: 1516636487
Total Cycles: 9289658693
IPC: 0.163261

--------
Single level Tlb hierarchy
--------
  Data Tlb:
    Entries:          64
    Page Size(B):   4096
    Associativity:      4

Latencies:    0   50
Tlb-Sets:   16 - LRU - assoc:   4

Tlb Stats:
Tlb-Load-Hits:         243965660   86.46%
Tlb-Load-Misses:        38203612   13.54%
Tlb-Load-Accesses:     282169272  100.00%

Tlb-Store-Hits:          76182830   99.60%
Tlb-Store-Misses:          308264    0.40%
Tlb-Store-Accesses:      76491094  100.00%

Tlb-Total-Hits:         320148490   89.26%
Tlb-Total-Misses:        38511876   10.74%
Tlb-Total-Accesses:     358660366  100.00%



--------
Two level Cache hierarchy
--------
  L1-Data Cache:
    Size(KB):          64
    Block Size(B):     64
    Associativity:      8

  L2-Data Cache:
    Size(KB):        1024
    Block Size(B):    128
    Associativity:      8

Latencies:    1   10  150
L1-Sets:  128 - LRU - assoc:   8
L2-Sets: 1024 - LRU - assoc:   8
Store_allocation: Yes
L2_inclusive: Yes
L2_prefetching: No

L1 Cache Stats:
L1-Load-Hits:         211852820   75.08%
L1-Load-Misses:        70316452   24.92%
L1-Load-Accesses:     282169272  100.00%

L1-Store-Hits:          76489407  100.00%
L1-Store-Misses:            1687    0.00%
L1-Store-Accesses:      76491094  100.00%

L1-Total-Hits:         288342227   80.39%
L1-Total-Misses:        70318139   19.61%
L1-Total-Accesses:     358660366  100.00%

L2 Cache Stats:
L2-Load-Hits:          38413170   54.63%
L2-Load-Misses:        31903282   45.37%
L2-Load-Accesses:      70316452  100.00%

L2-Store-Hits:              1058   62.71%
L2-Store-Misses:             629   37.29%
L2-Store-Accesses:          1687  100.00%

L2-Total-Hits:          38414228   54.63%
L2-Total-Misses:        31903911   45.37%
L2-Total-Accesses:      70318139  100.00%

