--------
Total Statistics
--------
Total Instructions: 1516636512
Total Cycles: 9304955966
IPC: 0.162992

--------
Single level Tlb hierarchy
--------
  Data Tlb:
    Entries:          64
    Page Size(B):   4096
    Associativity:      4

Latencies:    0   50
Tlb-Sets:   16 - LRU - assoc:   4

Tlb Stats:
Tlb-Load-Hits:         244062957   86.50%
Tlb-Load-Misses:        38106323   13.50%
Tlb-Load-Accesses:     282169280  100.00%

Tlb-Store-Hits:          75933860   99.27%
Tlb-Store-Misses:          557234    0.73%
Tlb-Store-Accesses:      76491094  100.00%

Tlb-Total-Hits:         319996817   89.22%
Tlb-Total-Misses:        38663557   10.78%
Tlb-Total-Accesses:     358660374  100.00%



--------
Two level Cache hierarchy
--------
  L1-Data Cache:
    Size(KB):          32
    Block Size(B):     64
    Associativity:      4

  L2-Data Cache:
    Size(KB):        1024
    Block Size(B):    128
    Associativity:      8

Latencies:    1   10  150
L1-Sets:  128 - LRU - assoc:   4
L2-Sets: 1024 - LRU - assoc:   8
Store_allocation: Yes
L2_inclusive: Yes
L2_prefetching: No

L1 Cache Stats:
L1-Load-Hits:         211255652   74.87%
L1-Load-Misses:        70913628   25.13%
L1-Load-Accesses:     282169280  100.00%

L1-Store-Hits:          76464334   99.97%
L1-Store-Misses:           26760    0.03%
L1-Store-Accesses:      76491094  100.00%

L1-Total-Hits:         287719986   80.22%
L1-Total-Misses:        70940388   19.78%
L1-Total-Accesses:     358660374  100.00%

L2 Cache Stats:
L2-Load-Hits:          39000423   55.00%
L2-Load-Misses:        31913205   45.00%
L2-Load-Accesses:      70913628  100.00%

L2-Store-Hits:             26116   97.59%
L2-Store-Misses:             644    2.41%
L2-Store-Accesses:         26760  100.00%

L2-Total-Hits:          39026539   55.01%
L2-Total-Misses:        31913849   44.99%
L2-Total-Accesses:      70940388  100.00%

