--------
Total Statistics
--------
Total Instructions: 1516636487
Total Cycles: 9373329303
IPC: 0.161803

--------
Single level Tlb hierarchy
--------
  Data Tlb:
    Entries:          64
    Page Size(B):   4096
    Associativity:      4

Latencies:    0   50
Tlb-Sets:   16 - LRU - assoc:   4

Tlb Stats:
Tlb-Load-Hits:         242306260   85.87%
Tlb-Load-Misses:        39863012   14.13%
Tlb-Load-Accesses:     282169272  100.00%

Tlb-Store-Hits:          75938221   99.28%
Tlb-Store-Misses:          552873    0.72%
Tlb-Store-Accesses:      76491094  100.00%

Tlb-Total-Hits:         318244481   88.73%
Tlb-Total-Misses:        40415885   11.27%
Tlb-Total-Accesses:     358660366  100.00%



--------
Two level Cache hierarchy
--------
  L1-Data Cache:
    Size(KB):         128
    Block Size(B):     64
    Associativity:      8

  L2-Data Cache:
    Size(KB):        1024
    Block Size(B):    128
    Associativity:      8

Latencies:    1   10  150
L1-Sets:  256 - LRU - assoc:   8
L2-Sets: 1024 - LRU - assoc:   8
Store_allocation: Yes
L2_inclusive: Yes
L2_prefetching: No

L1 Cache Stats:
L1-Load-Hits:         213141778   75.54%
L1-Load-Misses:        69027494   24.46%
L1-Load-Accesses:     282169272  100.00%

L1-Store-Hits:          76490758  100.00%
L1-Store-Misses:             336    0.00%
L1-Store-Accesses:      76491094  100.00%

L1-Total-Hits:         289632536   80.75%
L1-Total-Misses:        69027830   19.25%
L1-Total-Accesses:     358660366  100.00%

L2 Cache Stats:
L2-Load-Hits:          37114526   53.77%
L2-Load-Misses:        31912968   46.23%
L2-Load-Accesses:      69027494  100.00%

L2-Store-Hits:               238   70.83%
L2-Store-Misses:              98   29.17%
L2-Store-Accesses:           336  100.00%

L2-Total-Hits:          37114764   53.77%
L2-Total-Misses:        31913066   46.23%
L2-Total-Accesses:      69027830  100.00%

