--------
Total Statistics
--------
Total Instructions: 8308509597
Total Cycles: 12016245874
IPC: 0.69144

--------
Single level Tlb hierarchy
--------
  Data Tlb:
    Entries:          64
    Page Size(B):   4096
    Associativity:      4

Latencies:    0   50
Tlb-Sets:   16 - LRU - assoc:   4

Tlb Stats:
Tlb-Load-Hits:        1869902702   99.97%
Tlb-Load-Misses:          564401    0.03%
Tlb-Load-Accesses:    1870467103  100.00%

Tlb-Store-Hits:         183336839   99.85%
Tlb-Store-Misses:          279855    0.15%
Tlb-Store-Accesses:     183616694  100.00%

Tlb-Total-Hits:        2053239541   99.96%
Tlb-Total-Misses:          844256    0.04%
Tlb-Total-Accesses:    2054083797  100.00%



--------
Two level Cache hierarchy
--------
  L1-Data Cache:
    Size(KB):          64
    Block Size(B):     32
    Associativity:      8

  L2-Data Cache:
    Size(KB):        1024
    Block Size(B):    128
    Associativity:      8

Latencies:    1   10  150
L1-Sets:  256 - LRU - assoc:   8
L2-Sets: 1024 - LRU - assoc:   8
Store_allocation: Yes
L2_inclusive: Yes
L2_prefetching: No

L1 Cache Stats:
L1-Load-Hits:        1846388797   98.71%
L1-Load-Misses:        24078306    1.29%
L1-Load-Accesses:    1870467103  100.00%

L1-Store-Hits:         176798282   96.29%
L1-Store-Misses:         6818412    3.71%
L1-Store-Accesses:     183616694  100.00%

L1-Total-Hits:        2023187079   98.50%
L1-Total-Misses:        30896718    1.50%
L1-Total-Accesses:    2054083797  100.00%

L2 Cache Stats:
L2-Load-Hits:          18114090   75.23%
L2-Load-Misses:         5964216   24.77%
L2-Load-Accesses:      24078306  100.00%

L2-Store-Hits:           4099478   60.12%
L2-Store-Misses:         2718934   39.88%
L2-Store-Accesses:       6818412  100.00%

L2-Total-Hits:          22213568   71.90%
L2-Total-Misses:         8683150   28.10%
L2-Total-Accesses:      30896718  100.00%

