--------
Total Statistics
--------
Total Instructions: 8308509622
Total Cycles: 11982265827
IPC: 0.693401

--------
Single level Tlb hierarchy
--------
  Data Tlb:
    Entries:          64
    Page Size(B):   4096
    Associativity:      4

Latencies:    0   50
Tlb-Sets:   16 - LRU - assoc:   4

Tlb Stats:
Tlb-Load-Hits:        1869902344   99.97%
Tlb-Load-Misses:          564767    0.03%
Tlb-Load-Accesses:    1870467111  100.00%

Tlb-Store-Hits:         183336831   99.85%
Tlb-Store-Misses:          279863    0.15%
Tlb-Store-Accesses:     183616694  100.00%

Tlb-Total-Hits:        2053239175   99.96%
Tlb-Total-Misses:          844630    0.04%
Tlb-Total-Accesses:    2054083805  100.00%



--------
Two level Cache hierarchy
--------
  L1-Data Cache:
    Size(KB):          32
    Block Size(B):     64
    Associativity:      4

  L2-Data Cache:
    Size(KB):        1024
    Block Size(B):    128
    Associativity:      8

Latencies:    1   10  150
L1-Sets:  128 - LRU - assoc:   4
L2-Sets: 1024 - LRU - assoc:   8
Store_allocation: Yes
L2_inclusive: Yes
L2_prefetching: No

L1 Cache Stats:
L1-Load-Hits:        1848462575   98.82%
L1-Load-Misses:        22004536    1.18%
L1-Load-Accesses:    1870467111  100.00%

L1-Store-Hits:         178126985   97.01%
L1-Store-Misses:         5489709    2.99%
L1-Store-Accesses:     183616694  100.00%

L1-Total-Hits:        2026589560   98.66%
L1-Total-Misses:        27494245    1.34%
L1-Total-Accesses:    2054083805  100.00%

L2 Cache Stats:
L2-Load-Hits:          16040022   72.89%
L2-Load-Misses:         5964514   27.11%
L2-Load-Accesses:      22004536  100.00%

L2-Store-Hits:           2770900   50.47%
L2-Store-Misses:         2718809   49.53%
L2-Store-Accesses:       5489709  100.00%

L2-Total-Hits:          18810922   68.42%
L2-Total-Misses:         8683323   31.58%
L2-Total-Accesses:      27494245  100.00%

