--------
Total Statistics
--------
Total Instructions: 23696512904
Total Cycles: 43410596260
IPC: 0.545869

--------
Single level Tlb hierarchy
--------
  Data Tlb:
    Entries:         128
    Page Size(B):   4096
    Associativity:      4

Latencies:    0   50
Tlb-Sets:   32 - LRU - assoc:   4

Tlb Stats:
Tlb-Load-Hits:        6898168316   99.66%
Tlb-Load-Misses:        23389406    0.34%
Tlb-Load-Accesses:    6921557722  100.00%

Tlb-Store-Hits:        1363626890   99.98%
Tlb-Store-Misses:          242324    0.02%
Tlb-Store-Accesses:    1363869214  100.00%

Tlb-Total-Hits:        8261795206   99.71%
Tlb-Total-Misses:        23631730    0.29%
Tlb-Total-Accesses:    8285426936  100.00%



--------
Two level Cache hierarchy
--------
  L1-Data Cache:
    Size(KB):          32
    Block Size(B):     64
    Associativity:      8

  L2-Data Cache:
    Size(KB):        1024
    Block Size(B):    128
    Associativity:      8

Latencies:    1   10  150
L1-Sets:   64 - LRU - assoc:   8
L2-Sets: 1024 - LRU - assoc:   8
Store_allocation: Yes
L2_inclusive: Yes
L2_prefetching: No

L1 Cache Stats:
L1-Load-Hits:        6752602170   97.56%
L1-Load-Misses:       168955552    2.44%
L1-Load-Accesses:    6921557722  100.00%

L1-Store-Hits:        1259646154   92.36%
L1-Store-Misses:       104223060    7.64%
L1-Store-Accesses:    1363869214  100.00%

L1-Total-Hits:        8012248324   96.70%
L1-Total-Misses:       273178612    3.30%
L1-Total-Accesses:    8285426936  100.00%

L2 Cache Stats:
L2-Load-Hits:         122936309   72.76%
L2-Load-Misses:        46019243   27.24%
L2-Load-Accesses:     168955552  100.00%

L2-Store-Hits:         100140411   96.08%
L2-Store-Misses:         4082649    3.92%
L2-Store-Accesses:     104223060  100.00%

L2-Total-Hits:         223076720   81.66%
L2-Total-Misses:        50101892   18.34%
L2-Total-Accesses:     273178612  100.00%

