--------
Total Statistics
--------
Total Instructions: 23696513947
Total Cycles: 43432469599
IPC: 0.545594

--------
Single level Tlb hierarchy
--------
  Data Tlb:
    Entries:          64
    Page Size(B):   4096
    Associativity:     64

Latencies:    0   50
Tlb-Sets:    1 - LRU - assoc:  64

Tlb Stats:
Tlb-Load-Hits:        6898295222   99.66%
Tlb-Load-Misses:        23262500    0.34%
Tlb-Load-Accesses:    6921557722  100.00%

Tlb-Store-Hits:        1363402909   99.97%
Tlb-Store-Misses:          466901    0.03%
Tlb-Store-Accesses:    1363869810  100.00%

Tlb-Total-Hits:        8261698131   99.71%
Tlb-Total-Misses:        23729401    0.29%
Tlb-Total-Accesses:    8285427532  100.00%



--------
Two level Cache hierarchy
--------
  L1-Data Cache:
    Size(KB):          32
    Block Size(B):     64
    Associativity:      8

  L2-Data Cache:
    Size(KB):        1024
    Block Size(B):    128
    Associativity:      8

Latencies:    1   10  150
L1-Sets:   64 - LRU - assoc:   8
L2-Sets: 1024 - LRU - assoc:   8
Store_allocation: Yes
L2_inclusive: Yes
L2_prefetching: No

L1 Cache Stats:
L1-Load-Hits:        6751142543   97.54%
L1-Load-Misses:       170415179    2.46%
L1-Load-Accesses:    6921557722  100.00%

L1-Store-Hits:        1259609312   92.36%
L1-Store-Misses:       104260498    7.64%
L1-Store-Accesses:    1363869810  100.00%

L1-Total-Hits:        8010751855   96.68%
L1-Total-Misses:       274675677    3.32%
L1-Total-Accesses:    8285427532  100.00%

L2 Cache Stats:
L2-Load-Hits:         124384567   72.99%
L2-Load-Misses:        46030612   27.01%
L2-Load-Accesses:     170415179  100.00%

L2-Store-Hits:         100175768   96.08%
L2-Store-Misses:         4084730    3.92%
L2-Store-Accesses:     104260498  100.00%

L2-Total-Hits:         224560335   81.75%
L2-Total-Misses:        50115342   18.25%
L2-Total-Accesses:     274675677  100.00%

