--------
Total Statistics
--------
Total Instructions: 23696515200
Total Cycles: 44000541768
IPC: 0.538551

--------
Single level Tlb hierarchy
--------
  Data Tlb:
    Entries:          64
    Page Size(B):   4096
    Associativity:      4

Latencies:    0   50
Tlb-Sets:   16 - LRU - assoc:   4

Tlb Stats:
Tlb-Load-Hits:        6889093753   99.53%
Tlb-Load-Misses:        32463969    0.47%
Tlb-Load-Accesses:    6921557722  100.00%

Tlb-Store-Hits:        1360438454   99.75%
Tlb-Store-Misses:         3432072    0.25%
Tlb-Store-Accesses:    1363870526  100.00%

Tlb-Total-Hits:        8249532207   99.57%
Tlb-Total-Misses:        35896041    0.43%
Tlb-Total-Accesses:    8285428248  100.00%



--------
Two level Cache hierarchy
--------
  L1-Data Cache:
    Size(KB):          32
    Block Size(B):     64
    Associativity:      8

  L2-Data Cache:
    Size(KB):        1024
    Block Size(B):    128
    Associativity:      8

Latencies:    1   10  150
L1-Sets:   64 - LRU - assoc:   8
L2-Sets: 1024 - LRU - assoc:   8
Store_allocation: Yes
L2_inclusive: Yes
L2_prefetching: No

L1 Cache Stats:
L1-Load-Hits:        6755068290   97.59%
L1-Load-Misses:       166489432    2.41%
L1-Load-Accesses:    6921557722  100.00%

L1-Store-Hits:        1259547861   92.35%
L1-Store-Misses:       104322665    7.65%
L1-Store-Accesses:    1363870526  100.00%

L1-Total-Hits:        8014616151   96.73%
L1-Total-Misses:       270812097    3.27%
L1-Total-Accesses:    8285428248  100.00%

L2 Cache Stats:
L2-Load-Hits:         120467701   72.36%
L2-Load-Misses:        46021731   27.64%
L2-Load-Accesses:     166489432  100.00%

L2-Store-Hits:         100239894   96.09%
L2-Store-Misses:         4082771    3.91%
L2-Store-Accesses:     104322665  100.00%

L2-Total-Hits:         220707595   81.50%
L2-Total-Misses:        50104502   18.50%
L2-Total-Accesses:     270812097  100.00%

