--------
Total Statistics
--------
Total Instructions: 23696514283
Total Cycles: 46422611557
IPC: 0.510452

--------
Single level Tlb hierarchy
--------
  Data Tlb:
    Entries:          64
    Page Size(B):   4096
    Associativity:      2

Latencies:    0   50
Tlb-Sets:   32 - LRU - assoc:   2

Tlb Stats:
Tlb-Load-Hits:        6867548745   99.22%
Tlb-Load-Misses:        54008977    0.78%
Tlb-Load-Accesses:    6921557722  100.00%

Tlb-Store-Hits:        1336461348   97.99%
Tlb-Store-Misses:        27408654    2.01%
Tlb-Store-Accesses:    1363870002  100.00%

Tlb-Total-Hits:        8204010093   99.02%
Tlb-Total-Misses:        81417631    0.98%
Tlb-Total-Accesses:    8285427724  100.00%



--------
Two level Cache hierarchy
--------
  L1-Data Cache:
    Size(KB):          32
    Block Size(B):     64
    Associativity:      8

  L2-Data Cache:
    Size(KB):        1024
    Block Size(B):    128
    Associativity:      8

Latencies:    1   10  150
L1-Sets:   64 - LRU - assoc:   8
L2-Sets: 1024 - LRU - assoc:   8
Store_allocation: Yes
L2_inclusive: Yes
L2_prefetching: No

L1 Cache Stats:
L1-Load-Hits:        6740895279   97.39%
L1-Load-Misses:       180662443    2.61%
L1-Load-Accesses:    6921557722  100.00%

L1-Store-Hits:        1259288005   92.33%
L1-Store-Misses:       104581997    7.67%
L1-Store-Accesses:    1363870002  100.00%

L1-Total-Hits:        8000183284   96.56%
L1-Total-Misses:       285244440    3.44%
L1-Total-Accesses:    8285427724  100.00%

L2 Cache Stats:
L2-Load-Hits:         134626306   74.52%
L2-Load-Misses:        46036137   25.48%
L2-Load-Accesses:     180662443  100.00%

L2-Store-Hits:         100502510   96.10%
L2-Store-Misses:         4079487    3.90%
L2-Store-Accesses:     104581997  100.00%

L2-Total-Hits:         235128816   82.43%
L2-Total-Misses:        50115624   17.57%
L2-Total-Accesses:     285244440  100.00%

