--------
Total Statistics
--------
Total Instructions: 23696513947
Total Cycles: 51581050549
IPC: 0.459403

--------
Single level Tlb hierarchy
--------
  Data Tlb:
    Entries:          64
    Page Size(B):   4096
    Associativity:      1

Latencies:    0   50
Tlb-Sets:   64 - LRU - assoc:   1

Tlb Stats:
Tlb-Load-Hits:        6760730759   97.68%
Tlb-Load-Misses:       160826963    2.32%
Tlb-Load-Accesses:    6921557722  100.00%

Tlb-Store-Hits:        1337547722   98.07%
Tlb-Store-Misses:        26322088    1.93%
Tlb-Store-Accesses:    1363869810  100.00%

Tlb-Total-Hits:        8098278481   97.74%
Tlb-Total-Misses:       187149051    2.26%
Tlb-Total-Accesses:    8285427532  100.00%



--------
Two level Cache hierarchy
--------
  L1-Data Cache:
    Size(KB):          32
    Block Size(B):     64
    Associativity:      8

  L2-Data Cache:
    Size(KB):        1024
    Block Size(B):    128
    Associativity:      8

Latencies:    1   10  150
L1-Sets:   64 - LRU - assoc:   8
L2-Sets: 1024 - LRU - assoc:   8
Store_allocation: Yes
L2_inclusive: Yes
L2_prefetching: No

L1 Cache Stats:
L1-Load-Hits:        6753238653   97.57%
L1-Load-Misses:       168319069    2.43%
L1-Load-Accesses:    6921557722  100.00%

L1-Store-Hits:        1259662112   92.36%
L1-Store-Misses:       104207698    7.64%
L1-Store-Accesses:    1363869810  100.00%

L1-Total-Hits:        8012900765   96.71%
L1-Total-Misses:       272526767    3.29%
L1-Total-Accesses:    8285427532  100.00%

L2 Cache Stats:
L2-Load-Hits:         122288107   72.65%
L2-Load-Misses:        46030962   27.35%
L2-Load-Accesses:     168319069  100.00%

L2-Store-Hits:         100129401   96.09%
L2-Store-Misses:         4078297    3.91%
L2-Store-Accesses:     104207698  100.00%

L2-Total-Hits:         222417508   81.61%
L2-Total-Misses:        50109259   18.39%
L2-Total-Accesses:     272526767  100.00%

