--------
Total Statistics
--------
Total Instructions: 23696514283
Total Cycles: 43392561967
IPC: 0.546096

--------
Single level Tlb hierarchy
--------
  Data Tlb:
    Entries:          64
    Page Size(B):   4096
    Associativity:     32

Latencies:    0   50
Tlb-Sets:    2 - LRU - assoc:  32

Tlb Stats:
Tlb-Load-Hits:        6898324574   99.66%
Tlb-Load-Misses:        23233148    0.34%
Tlb-Load-Accesses:    6921557722  100.00%

Tlb-Store-Hits:        1363450931   99.97%
Tlb-Store-Misses:          419071    0.03%
Tlb-Store-Accesses:    1363870002  100.00%

Tlb-Total-Hits:        8261775505   99.71%
Tlb-Total-Misses:        23652219    0.29%
Tlb-Total-Accesses:    8285427724  100.00%



--------
Two level Cache hierarchy
--------
  L1-Data Cache:
    Size(KB):          32
    Block Size(B):     64
    Associativity:      8

  L2-Data Cache:
    Size(KB):        1024
    Block Size(B):    128
    Associativity:      8

Latencies:    1   10  150
L1-Sets:   64 - LRU - assoc:   8
L2-Sets: 1024 - LRU - assoc:   8
Store_allocation: Yes
L2_inclusive: Yes
L2_prefetching: No

L1 Cache Stats:
L1-Load-Hits:        6755009785   97.59%
L1-Load-Misses:       166547937    2.41%
L1-Load-Accesses:    6921557722  100.00%

L1-Store-Hits:        1259381563   92.34%
L1-Store-Misses:       104488439    7.66%
L1-Store-Accesses:    1363870002  100.00%

L1-Total-Hits:        8014391348   96.73%
L1-Total-Misses:       271036376    3.27%
L1-Total-Accesses:    8285427724  100.00%

L2 Cache Stats:
L2-Load-Hits:         120511638   72.36%
L2-Load-Misses:        46036299   27.64%
L2-Load-Accesses:     166547937  100.00%

L2-Store-Hits:         100407103   96.09%
L2-Store-Misses:         4081336    3.91%
L2-Store-Accesses:     104488439  100.00%

L2-Total-Hits:         220918741   81.51%
L2-Total-Misses:        50117635   18.49%
L2-Total-Accesses:     271036376  100.00%

