--------
Total Statistics
--------
Total Instructions: 23696514283
Total Cycles: 43298879017
IPC: 0.547278

--------
Single level Tlb hierarchy
--------
  Data Tlb:
    Entries:         256
    Page Size(B):   4096
    Associativity:      4

Latencies:    0   50
Tlb-Sets:   64 - LRU - assoc:   4

Tlb Stats:
Tlb-Load-Hits:        6900558403   99.70%
Tlb-Load-Misses:        20999319    0.30%
Tlb-Load-Accesses:    6921557722  100.00%

Tlb-Store-Hits:        1363699359   99.99%
Tlb-Store-Misses:          170643    0.01%
Tlb-Store-Accesses:    1363870002  100.00%

Tlb-Total-Hits:        8264257762   99.74%
Tlb-Total-Misses:        21169962    0.26%
Tlb-Total-Accesses:    8285427724  100.00%



--------
Two level Cache hierarchy
--------
  L1-Data Cache:
    Size(KB):          32
    Block Size(B):     64
    Associativity:      8

  L2-Data Cache:
    Size(KB):        1024
    Block Size(B):    128
    Associativity:      8

Latencies:    1   10  150
L1-Sets:   64 - LRU - assoc:   8
L2-Sets: 1024 - LRU - assoc:   8
Store_allocation: Yes
L2_inclusive: Yes
L2_prefetching: No

L1 Cache Stats:
L1-Load-Hits:        6751506167   97.54%
L1-Load-Misses:       170051555    2.46%
L1-Load-Accesses:    6921557722  100.00%

L1-Store-Hits:        1259634006   92.36%
L1-Store-Misses:       104235996    7.64%
L1-Store-Accesses:    1363870002  100.00%

L1-Total-Hits:        8011140173   96.69%
L1-Total-Misses:       274287551    3.31%
L1-Total-Accesses:    8285427724  100.00%

L2 Cache Stats:
L2-Load-Hits:         124029488   72.94%
L2-Load-Misses:        46022067   27.06%
L2-Load-Accesses:     170051555  100.00%

L2-Store-Hits:         100154307   96.08%
L2-Store-Misses:         4081689    3.92%
L2-Store-Accesses:     104235996  100.00%

L2-Total-Hits:         224183795   81.73%
L2-Total-Misses:        50103756   18.27%
L2-Total-Accesses:     274287551  100.00%

