--------
Total Statistics
--------
Total Instructions: 23696514283
Total Cycles: 53258252857
IPC: 0.444936

--------
Single level Tlb hierarchy
--------
  Data Tlb:
    Entries:          16
    Page Size(B):   4096
    Associativity:      4

Latencies:    0   50
Tlb-Sets:    4 - LRU - assoc:   4

Tlb Stats:
Tlb-Load-Hits:        6722164672   97.12%
Tlb-Load-Misses:       199393050    2.88%
Tlb-Load-Accesses:    6921557722  100.00%

Tlb-Store-Hits:        1342308082   98.42%
Tlb-Store-Misses:        21561920    1.58%
Tlb-Store-Accesses:    1363870002  100.00%

Tlb-Total-Hits:        8064472754   97.33%
Tlb-Total-Misses:       220954970    2.67%
Tlb-Total-Accesses:    8285427724  100.00%



--------
Two level Cache hierarchy
--------
  L1-Data Cache:
    Size(KB):          32
    Block Size(B):     64
    Associativity:      8

  L2-Data Cache:
    Size(KB):        1024
    Block Size(B):    128
    Associativity:      8

Latencies:    1   10  150
L1-Sets:   64 - LRU - assoc:   8
L2-Sets: 1024 - LRU - assoc:   8
Store_allocation: Yes
L2_inclusive: Yes
L2_prefetching: No

L1 Cache Stats:
L1-Load-Hits:        6754894843   97.59%
L1-Load-Misses:       166662879    2.41%
L1-Load-Accesses:    6921557722  100.00%

L1-Store-Hits:        1259461826   92.34%
L1-Store-Misses:       104408176    7.66%
L1-Store-Accesses:    1363870002  100.00%

L1-Total-Hits:        8014356669   96.73%
L1-Total-Misses:       271071055    3.27%
L1-Total-Accesses:    8285427724  100.00%

L2 Cache Stats:
L2-Load-Hits:         120624249   72.38%
L2-Load-Misses:        46038630   27.62%
L2-Load-Accesses:     166662879  100.00%

L2-Store-Hits:         100327794   96.09%
L2-Store-Misses:         4080382    3.91%
L2-Store-Accesses:     104408176  100.00%

L2-Total-Hits:         220952043   81.51%
L2-Total-Misses:        50119012   18.49%
L2-Total-Accesses:     271071055  100.00%

