--------
Total Statistics
--------
Total Instructions: 23696512904
Total Cycles: 45910084550
IPC: 0.51615

--------
Single level Tlb hierarchy
--------
  Data Tlb:
    Entries:          32
    Page Size(B):   4096
    Associativity:      4

Latencies:    0   50
Tlb-Sets:    8 - LRU - assoc:   4

Tlb Stats:
Tlb-Load-Hits:        6857616409   99.08%
Tlb-Load-Misses:        63941313    0.92%
Tlb-Load-Accesses:    6921557722  100.00%

Tlb-Store-Hits:        1354347496   99.30%
Tlb-Store-Misses:         9521718    0.70%
Tlb-Store-Accesses:    1363869214  100.00%

Tlb-Total-Hits:        8211963905   99.11%
Tlb-Total-Misses:        73463031    0.89%
Tlb-Total-Accesses:    8285426936  100.00%



--------
Two level Cache hierarchy
--------
  L1-Data Cache:
    Size(KB):          32
    Block Size(B):     64
    Associativity:      8

  L2-Data Cache:
    Size(KB):        1024
    Block Size(B):    128
    Associativity:      8

Latencies:    1   10  150
L1-Sets:   64 - LRU - assoc:   8
L2-Sets: 1024 - LRU - assoc:   8
Store_allocation: Yes
L2_inclusive: Yes
L2_prefetching: No

L1 Cache Stats:
L1-Load-Hits:        6752000869   97.55%
L1-Load-Misses:       169556853    2.45%
L1-Load-Accesses:    6921557722  100.00%

L1-Store-Hits:        1259625786   92.36%
L1-Store-Misses:       104243428    7.64%
L1-Store-Accesses:    1363869214  100.00%

L1-Total-Hits:        8011626655   96.70%
L1-Total-Misses:       273800281    3.30%
L1-Total-Accesses:    8285426936  100.00%

L2 Cache Stats:
L2-Load-Hits:         123520000   72.85%
L2-Load-Misses:        46036853   27.15%
L2-Load-Accesses:     169556853  100.00%

L2-Store-Hits:         100167012   96.09%
L2-Store-Misses:         4076416    3.91%
L2-Store-Accesses:     104243428  100.00%

L2-Total-Hits:         223687012   81.70%
L2-Total-Misses:        50113269   18.30%
L2-Total-Accesses:     273800281  100.00%

