--------
Total Statistics
--------
Total Instructions: 6594956433
Total Cycles: 9039741586
IPC: 0.729551

--------
Single level Tlb hierarchy
--------
  Data Tlb:
    Entries:          64
    Page Size(B):   4096
    Associativity:     64

Latencies:    0   50
Tlb-Sets:    1 - LRU - assoc:  64

Tlb Stats:
Tlb-Load-Hits:        1667383333   99.97%
Tlb-Load-Misses:          447588    0.03%
Tlb-Load-Accesses:    1667830921  100.00%

Tlb-Store-Hits:         565384232   99.99%
Tlb-Store-Misses:           48110    0.01%
Tlb-Store-Accesses:     565432342  100.00%

Tlb-Total-Hits:        2232767565   99.98%
Tlb-Total-Misses:          495698    0.02%
Tlb-Total-Accesses:    2233263263  100.00%



--------
Two level Cache hierarchy
--------
  L1-Data Cache:
    Size(KB):          32
    Block Size(B):     64
    Associativity:      8

  L2-Data Cache:
    Size(KB):        1024
    Block Size(B):    128
    Associativity:      8

Latencies:    1   10  150
L1-Sets:   64 - LRU - assoc:   8
L2-Sets: 1024 - LRU - assoc:   8
Store_allocation: Yes
L2_inclusive: Yes
L2_prefetching: No

L1 Cache Stats:
L1-Load-Hits:        1664255423   99.79%
L1-Load-Misses:         3575498    0.21%
L1-Load-Accesses:    1667830921  100.00%

L1-Store-Hits:         564813266   99.89%
L1-Store-Misses:          619076    0.11%
L1-Store-Accesses:     565432342  100.00%

L1-Total-Hits:        2229068689   99.81%
L1-Total-Misses:         4194574    0.19%
L1-Total-Accesses:    2233263263  100.00%

L2 Cache Stats:
L2-Load-Hits:           2805279   78.46%
L2-Load-Misses:          770219   21.54%
L2-Load-Accesses:       3575498  100.00%

L2-Store-Hits:            424020   68.49%
L2-Store-Misses:          195056   31.51%
L2-Store-Accesses:        619076  100.00%

L2-Total-Hits:           3229299   76.99%
L2-Total-Misses:          965275   23.01%
L2-Total-Accesses:       4194574  100.00%

