--------
Total Statistics
--------
Total Instructions: 6594956433
Total Cycles: 9078827206
IPC: 0.726411

--------
Single level Tlb hierarchy
--------
  Data Tlb:
    Entries:          32
    Page Size(B):   4096
    Associativity:      4

Latencies:    0   50
Tlb-Sets:    8 - LRU - assoc:   4

Tlb Stats:
Tlb-Load-Hits:        1666697384   99.93%
Tlb-Load-Misses:         1133537    0.07%
Tlb-Load-Accesses:    1667830921  100.00%

Tlb-Store-Hits:         565286314   99.97%
Tlb-Store-Misses:          146028    0.03%
Tlb-Store-Accesses:     565432342  100.00%

Tlb-Total-Hits:        2231983698   99.94%
Tlb-Total-Misses:         1279565    0.06%
Tlb-Total-Accesses:    2233263263  100.00%



--------
Two level Cache hierarchy
--------
  L1-Data Cache:
    Size(KB):          32
    Block Size(B):     64
    Associativity:      8

  L2-Data Cache:
    Size(KB):        1024
    Block Size(B):    128
    Associativity:      8

Latencies:    1   10  150
L1-Sets:   64 - LRU - assoc:   8
L2-Sets: 1024 - LRU - assoc:   8
Store_allocation: Yes
L2_inclusive: Yes
L2_prefetching: No

L1 Cache Stats:
L1-Load-Hits:        1664266257   99.79%
L1-Load-Misses:         3564664    0.21%
L1-Load-Accesses:    1667830921  100.00%

L1-Store-Hits:         564816490   99.89%
L1-Store-Misses:          615852    0.11%
L1-Store-Accesses:     565432342  100.00%

L1-Total-Hits:        2229082747   99.81%
L1-Total-Misses:         4180516    0.19%
L1-Total-Accesses:    2233263263  100.00%

L2 Cache Stats:
L2-Load-Hits:           2794251   78.39%
L2-Load-Misses:          770413   21.61%
L2-Load-Accesses:       3564664  100.00%

L2-Store-Hits:            420771   68.32%
L2-Store-Misses:          195081   31.68%
L2-Store-Accesses:        615852  100.00%

L2-Total-Hits:           3215022   76.90%
L2-Total-Misses:          965494   23.10%
L2-Total-Accesses:       4180516  100.00%

