--------
Total Statistics
--------
Total Instructions: 6594956433
Total Cycles: 9045840556
IPC: 0.72906

--------
Single level Tlb hierarchy
--------
  Data Tlb:
    Entries:          64
    Page Size(B):   4096
    Associativity:      4

Latencies:    0   50
Tlb-Sets:   16 - LRU - assoc:   4

Tlb Stats:
Tlb-Load-Hits:        1667265523   99.97%
Tlb-Load-Misses:          565398    0.03%
Tlb-Load-Accesses:    1667830921  100.00%

Tlb-Store-Hits:         565375206   99.99%
Tlb-Store-Misses:           57136    0.01%
Tlb-Store-Accesses:     565432342  100.00%

Tlb-Total-Hits:        2232640729   99.97%
Tlb-Total-Misses:          622534    0.03%
Tlb-Total-Accesses:    2233263263  100.00%



--------
Two level Cache hierarchy
--------
  L1-Data Cache:
    Size(KB):          32
    Block Size(B):     64
    Associativity:      8

  L2-Data Cache:
    Size(KB):        1024
    Block Size(B):    128
    Associativity:      8

Latencies:    1   10  150
L1-Sets:   64 - LRU - assoc:   8
L2-Sets: 1024 - LRU - assoc:   8
Store_allocation: Yes
L2_inclusive: Yes
L2_prefetching: No

L1 Cache Stats:
L1-Load-Hits:        1664276213   99.79%
L1-Load-Misses:         3554708    0.21%
L1-Load-Accesses:    1667830921  100.00%

L1-Store-Hits:         564818454   99.89%
L1-Store-Misses:          613888    0.11%
L1-Store-Accesses:     565432342  100.00%

L1-Total-Hits:        2229094667   99.81%
L1-Total-Misses:         4168596    0.19%
L1-Total-Accesses:    2233263263  100.00%

L2 Cache Stats:
L2-Load-Hits:           2784338   78.33%
L2-Load-Misses:          770370   21.67%
L2-Load-Accesses:       3554708  100.00%

L2-Store-Hits:            418870   68.23%
L2-Store-Misses:          195018   31.77%
L2-Store-Accesses:        613888  100.00%

L2-Total-Hits:           3203208   76.84%
L2-Total-Misses:          965388   23.16%
L2-Total-Accesses:       4168596  100.00%

