--------
Total Statistics
--------
Total Instructions: 6594956433
Total Cycles: 9040450576
IPC: 0.729494

--------
Single level Tlb hierarchy
--------
  Data Tlb:
    Entries:          64
    Page Size(B):   4096
    Associativity:     32

Latencies:    0   50
Tlb-Sets:    2 - LRU - assoc:  32

Tlb Stats:
Tlb-Load-Hits:        1667374203   99.97%
Tlb-Load-Misses:          456718    0.03%
Tlb-Load-Accesses:    1667830921  100.00%

Tlb-Store-Hits:         565373860   99.99%
Tlb-Store-Misses:           58482    0.01%
Tlb-Store-Accesses:     565432342  100.00%

Tlb-Total-Hits:        2232748063   99.98%
Tlb-Total-Misses:          515200    0.02%
Tlb-Total-Accesses:    2233263263  100.00%



--------
Two level Cache hierarchy
--------
  L1-Data Cache:
    Size(KB):          32
    Block Size(B):     64
    Associativity:      8

  L2-Data Cache:
    Size(KB):        1024
    Block Size(B):    128
    Associativity:      8

Latencies:    1   10  150
L1-Sets:   64 - LRU - assoc:   8
L2-Sets: 1024 - LRU - assoc:   8
Store_allocation: Yes
L2_inclusive: Yes
L2_prefetching: No

L1 Cache Stats:
L1-Load-Hits:        1664262848   99.79%
L1-Load-Misses:         3568073    0.21%
L1-Load-Accesses:    1667830921  100.00%

L1-Store-Hits:         564821157   99.89%
L1-Store-Misses:          611185    0.11%
L1-Store-Accesses:     565432342  100.00%

L1-Total-Hits:        2229084005   99.81%
L1-Total-Misses:         4179258    0.19%
L1-Total-Accesses:    2233263263  100.00%

L2 Cache Stats:
L2-Load-Hits:           2798639   78.44%
L2-Load-Misses:          769434   21.56%
L2-Load-Accesses:       3568073  100.00%

L2-Store-Hits:            416097   68.08%
L2-Store-Misses:          195088   31.92%
L2-Store-Accesses:        611185  100.00%

L2-Total-Hits:           3214736   76.92%
L2-Total-Misses:          964522   23.08%
L2-Total-Accesses:       4179258  100.00%

