--------
Total Statistics
--------
Total Instructions: 23714279323
Total Cycles: 32757045786
IPC: 0.723944

--------
Single level Tlb hierarchy
--------
  Data Tlb:
    Entries:          64
    Page Size(B):   4096
    Associativity:      4

Latencies:    0   50
Tlb-Sets:   16 - LRU - assoc:   4

Tlb Stats:
Tlb-Load-Hits:        6728850511  100.00%
Tlb-Load-Misses:            7553    0.00%
Tlb-Load-Accesses:    6728858064  100.00%

Tlb-Store-Hits:        1857031724  100.00%
Tlb-Store-Misses:             345    0.00%
Tlb-Store-Accesses:    1857032069  100.00%

Tlb-Total-Hits:        8585882235  100.00%
Tlb-Total-Misses:            7898    0.00%
Tlb-Total-Accesses:    8585890133  100.00%



--------
Two level Cache hierarchy
--------
  L1-Data Cache:
    Size(KB):          32
    Block Size(B):     64
    Associativity:      4

  L2-Data Cache:
    Size(KB):        1024
    Block Size(B):    128
    Associativity:      8

Latencies:    1   10  150
L1-Sets:  128 - LRU - assoc:   4
L2-Sets: 1024 - LRU - assoc:   8
Store_allocation: Yes
L2_inclusive: Yes
L2_prefetching: No

L1 Cache Stats:
L1-Load-Hits:        6711563559   99.74%
L1-Load-Misses:        17294505    0.26%
L1-Load-Accesses:    6728858064  100.00%

L1-Store-Hits:        1828847631   98.48%
L1-Store-Misses:        28184438    1.52%
L1-Store-Accesses:    1857032069  100.00%

L1-Total-Hits:        8540411190   99.47%
L1-Total-Misses:        45478943    0.53%
L1-Total-Accesses:    8585890133  100.00%

L2 Cache Stats:
L2-Load-Hits:          17293515   99.99%
L2-Load-Misses:             990    0.01%
L2-Load-Accesses:      17294505  100.00%

L2-Store-Hits:          28174148   99.96%
L2-Store-Misses:           10290    0.04%
L2-Store-Accesses:      28184438  100.00%

L2-Total-Hits:          45467663   99.98%
L2-Total-Misses:           11280    0.02%
L2-Total-Accesses:      45478943  100.00%

