--------
Total Statistics
--------
Total Instructions: 23714279348
Total Cycles: 32323253929
IPC: 0.73366

--------
Single level Tlb hierarchy
--------
  Data Tlb:
    Entries:          64
    Page Size(B):   4096
    Associativity:      4

Latencies:    0   50
Tlb-Sets:   16 - LRU - assoc:   4

Tlb Stats:
Tlb-Load-Hits:        6728502997   99.99%
Tlb-Load-Misses:          355075    0.01%
Tlb-Load-Accesses:    6728858072  100.00%

Tlb-Store-Hits:        1856969240  100.00%
Tlb-Store-Misses:           62829    0.00%
Tlb-Store-Accesses:    1857032069  100.00%

Tlb-Total-Hits:        8585472237  100.00%
Tlb-Total-Misses:          417904    0.00%
Tlb-Total-Accesses:    8585890141  100.00%



--------
Two level Cache hierarchy
--------
  L1-Data Cache:
    Size(KB):         128
    Block Size(B):     32
    Associativity:      8

  L2-Data Cache:
    Size(KB):        1024
    Block Size(B):    128
    Associativity:      8

Latencies:    1   10  150
L1-Sets:  512 - LRU - assoc:   8
L2-Sets: 1024 - LRU - assoc:   8
Store_allocation: Yes
L2_inclusive: Yes
L2_prefetching: No

L1 Cache Stats:
L1-Load-Hits:        6728854628  100.00%
L1-Load-Misses:            3444    0.00%
L1-Load-Accesses:    6728858072  100.00%

L1-Store-Hits:        1856986674  100.00%
L1-Store-Misses:           45395    0.00%
L1-Store-Accesses:    1857032069  100.00%

L1-Total-Hits:        8585841302  100.00%
L1-Total-Misses:           48839    0.00%
L1-Total-Accesses:    8585890141  100.00%

L2 Cache Stats:
L2-Load-Hits:              2398   69.63%
L2-Load-Misses:            1046   30.37%
L2-Load-Accesses:          3444  100.00%

L2-Store-Hits:             35102   77.33%
L2-Store-Misses:           10293   22.67%
L2-Store-Accesses:         45395  100.00%

L2-Total-Hits:             37500   76.78%
L2-Total-Misses:           11339   23.22%
L2-Total-Accesses:         48839  100.00%

