--------
Total Statistics
--------
Total Instructions: 23714279348
Total Cycles: 32302149939
IPC: 0.734139

--------
Single level Tlb hierarchy
--------
  Data Tlb:
    Entries:          64
    Page Size(B):   4096
    Associativity:      4

Latencies:    0   50
Tlb-Sets:   16 - LRU - assoc:   4

Tlb Stats:
Tlb-Load-Hits:        6728858011  100.00%
Tlb-Load-Misses:              61    0.00%
Tlb-Load-Accesses:    6728858072  100.00%

Tlb-Store-Hits:        1857031727  100.00%
Tlb-Store-Misses:             342    0.00%
Tlb-Store-Accesses:    1857032069  100.00%

Tlb-Total-Hits:        8585889738  100.00%
Tlb-Total-Misses:             403    0.00%
Tlb-Total-Accesses:    8585890141  100.00%



--------
Two level Cache hierarchy
--------
  L1-Data Cache:
    Size(KB):         128
    Block Size(B):     64
    Associativity:      8

  L2-Data Cache:
    Size(KB):        1024
    Block Size(B):    128
    Associativity:      8

Latencies:    1   10  150
L1-Sets:  256 - LRU - assoc:   8
L2-Sets: 1024 - LRU - assoc:   8
Store_allocation: Yes
L2_inclusive: Yes
L2_prefetching: No

L1 Cache Stats:
L1-Load-Hits:        6728855681  100.00%
L1-Load-Misses:            2391    0.00%
L1-Load-Accesses:    6728858072  100.00%

L1-Store-Hits:        1857008515  100.00%
L1-Store-Misses:           23554    0.00%
L1-Store-Accesses:    1857032069  100.00%

L1-Total-Hits:        8585864196  100.00%
L1-Total-Misses:           25945    0.00%
L1-Total-Accesses:    8585890141  100.00%

L2 Cache Stats:
L2-Load-Hits:              1346   56.29%
L2-Load-Misses:            1045   43.71%
L2-Load-Accesses:          2391  100.00%

L2-Store-Hits:             13260   56.30%
L2-Store-Misses:           10294   43.70%
L2-Store-Accesses:         23554  100.00%

L2-Total-Hits:             14606   56.30%
L2-Total-Misses:           11339   43.70%
L2-Total-Accesses:         25945  100.00%

