--------
Total Statistics
--------
Total Instructions: 17762792384
Total Cycles: 54484360186
IPC: 0.326016

--------
Single level Tlb hierarchy
--------
  Data Tlb:
    Entries:          64
    Page Size(B):   4096
    Associativity:      4

Latencies:    0   50
Tlb-Sets:   16 - LRU - assoc:   4

Tlb Stats:
Tlb-Load-Hits:        2975306119   98.89%
Tlb-Load-Misses:        33337935    1.11%
Tlb-Load-Accesses:    3008644054  100.00%

Tlb-Store-Hits:          85568874   99.81%
Tlb-Store-Misses:          162214    0.19%
Tlb-Store-Accesses:      85731088  100.00%

Tlb-Total-Hits:        3060874993   98.92%
Tlb-Total-Misses:        33500149    1.08%
Tlb-Total-Accesses:    3094375142  100.00%



--------
Two level Cache hierarchy
--------
  L1-Data Cache:
    Size(KB):         128
    Block Size(B):     64
    Associativity:      8

  L2-Data Cache:
    Size(KB):        1024
    Block Size(B):    128
    Associativity:      8

Latencies:    1   10  150
L1-Sets:  256 - LRU - assoc:   8
L2-Sets: 1024 - LRU - assoc:   8
Store_allocation: Yes
L2_inclusive: Yes
L2_prefetching: No

L1 Cache Stats:
L1-Load-Hits:        2508741198   83.38%
L1-Load-Misses:       499902856   16.62%
L1-Load-Accesses:    3008644054  100.00%

L1-Store-Hits:          84112558   98.11%
L1-Store-Misses:         1618530    1.89%
L1-Store-Accesses:      85731088  100.00%

L1-Total-Hits:        2592853756   83.79%
L1-Total-Misses:       501521386   16.21%
L1-Total-Accesses:    3094375142  100.00%

L2 Cache Stats:
L2-Load-Hits:         320800754   64.17%
L2-Load-Misses:       179102102   35.83%
L2-Load-Accesses:     499902856  100.00%

L2-Store-Hits:           1140823   70.49%
L2-Store-Misses:          477707   29.51%
L2-Store-Accesses:       1618530  100.00%

L2-Total-Hits:         321941577   64.19%
L2-Total-Misses:       179579809   35.81%
L2-Total-Accesses:     501521386  100.00%

