--------
Total Statistics
--------
Total Instructions: 17762792384
Total Cycles: 54523149826
IPC: 0.325784

--------
Single level Tlb hierarchy
--------
  Data Tlb:
    Entries:          64
    Page Size(B):   4096
    Associativity:      4

Latencies:    0   50
Tlb-Sets:   16 - LRU - assoc:   4

Tlb Stats:
Tlb-Load-Hits:        2975258516   98.89%
Tlb-Load-Misses:        33385538    1.11%
Tlb-Load-Accesses:    3008644054  100.00%

Tlb-Store-Hits:          85594458   99.84%
Tlb-Store-Misses:          136630    0.16%
Tlb-Store-Accesses:      85731088  100.00%

Tlb-Total-Hits:        3060852974   98.92%
Tlb-Total-Misses:        33522168    1.08%
Tlb-Total-Accesses:    3094375142  100.00%



--------
Two level Cache hierarchy
--------
  L1-Data Cache:
    Size(KB):          32
    Block Size(B):     64
    Associativity:      4

  L2-Data Cache:
    Size(KB):        1024
    Block Size(B):    128
    Associativity:      8

Latencies:    1   10  150
L1-Sets:  128 - LRU - assoc:   4
L2-Sets: 1024 - LRU - assoc:   8
Store_allocation: Yes
L2_inclusive: Yes
L2_prefetching: No

L1 Cache Stats:
L1-Load-Hits:        2504437773   83.24%
L1-Load-Misses:       504206281   16.76%
L1-Load-Accesses:    3008644054  100.00%

L1-Store-Hits:          83933969   97.90%
L1-Store-Misses:         1797119    2.10%
L1-Store-Accesses:      85731088  100.00%

L1-Total-Hits:        2588371742   83.65%
L1-Total-Misses:       506003400   16.35%
L1-Total-Accesses:    3094375142  100.00%

L2 Cache Stats:
L2-Load-Hits:         325138616   64.49%
L2-Load-Misses:       179067665   35.51%
L2-Load-Accesses:     504206281  100.00%

L2-Store-Hits:           1332518   74.15%
L2-Store-Misses:          464601   25.85%
L2-Store-Accesses:       1797119  100.00%

L2-Total-Hits:         326471134   64.52%
L2-Total-Misses:       179532266   35.48%
L2-Total-Accesses:     506003400  100.00%

