--------
Total Statistics
--------
Total Instructions: 17762792384
Total Cycles: 56907075266
IPC: 0.312137

--------
Single level Tlb hierarchy
--------
  Data Tlb:
    Entries:          64
    Page Size(B):   4096
    Associativity:      4

Latencies:    0   50
Tlb-Sets:   16 - LRU - assoc:   4

Tlb Stats:
Tlb-Load-Hits:        2975225862   98.89%
Tlb-Load-Misses:        33418192    1.11%
Tlb-Load-Accesses:    3008644054  100.00%

Tlb-Store-Hits:          85566291   99.81%
Tlb-Store-Misses:          164797    0.19%
Tlb-Store-Accesses:      85731088  100.00%

Tlb-Total-Hits:        3060792153   98.91%
Tlb-Total-Misses:        33582989    1.09%
Tlb-Total-Accesses:    3094375142  100.00%



--------
Two level Cache hierarchy
--------
  L1-Data Cache:
    Size(KB):          32
    Block Size(B):     32
    Associativity:      8

  L2-Data Cache:
    Size(KB):        1024
    Block Size(B):    128
    Associativity:      8

Latencies:    1   10  150
L1-Sets:  128 - LRU - assoc:   8
L2-Sets: 1024 - LRU - assoc:   8
Store_allocation: Yes
L2_inclusive: Yes
L2_prefetching: No

L1 Cache Stats:
L1-Load-Hits:        2266940787   75.35%
L1-Load-Misses:       741703267   24.65%
L1-Load-Accesses:    3008644054  100.00%

L1-Store-Hits:          83311541   97.18%
L1-Store-Misses:         2419547    2.82%
L1-Store-Accesses:      85731088  100.00%

L1-Total-Hits:        2350252328   75.95%
L1-Total-Misses:       744122814   24.05%
L1-Total-Accesses:    3094375142  100.00%

L2 Cache Stats:
L2-Load-Hits:         562652901   75.86%
L2-Load-Misses:       179050366   24.14%
L2-Load-Accesses:     741703267  100.00%

L2-Store-Hits:           1939712   80.17%
L2-Store-Misses:          479835   19.83%
L2-Store-Accesses:       2419547  100.00%

L2-Total-Hits:         564592613   75.87%
L2-Total-Misses:       179530201   24.13%
L2-Total-Accesses:     744122814  100.00%

