--------
Total Statistics
--------
Total Instructions: 17762792384
Total Cycles: 56795809716
IPC: 0.312748

--------
Single level Tlb hierarchy
--------
  Data Tlb:
    Entries:          64
    Page Size(B):   4096
    Associativity:      4

Latencies:    0   50
Tlb-Sets:   16 - LRU - assoc:   4

Tlb Stats:
Tlb-Load-Hits:        2975234315   98.89%
Tlb-Load-Misses:        33409739    1.11%
Tlb-Load-Accesses:    3008644054  100.00%

Tlb-Store-Hits:          85573787   99.82%
Tlb-Store-Misses:          157301    0.18%
Tlb-Store-Accesses:      85731088  100.00%

Tlb-Total-Hits:        3060808102   98.92%
Tlb-Total-Misses:        33567040    1.08%
Tlb-Total-Accesses:    3094375142  100.00%



--------
Two level Cache hierarchy
--------
  L1-Data Cache:
    Size(KB):          64
    Block Size(B):     32
    Associativity:      8

  L2-Data Cache:
    Size(KB):        1024
    Block Size(B):    128
    Associativity:      8

Latencies:    1   10  150
L1-Sets:  256 - LRU - assoc:   8
L2-Sets: 1024 - LRU - assoc:   8
Store_allocation: Yes
L2_inclusive: Yes
L2_prefetching: No

L1 Cache Stats:
L1-Load-Hits:        2277762272   75.71%
L1-Load-Misses:       730881782   24.29%
L1-Load-Accesses:    3008644054  100.00%

L1-Store-Hits:          83414346   97.30%
L1-Store-Misses:         2316742    2.70%
L1-Store-Accesses:      85731088  100.00%

L1-Total-Hits:        2361176618   76.31%
L1-Total-Misses:       733198524   23.69%
L1-Total-Accesses:    3094375142  100.00%

L2 Cache Stats:
L2-Load-Hits:         551838411   75.50%
L2-Load-Misses:       179043371   24.50%
L2-Load-Accesses:     730881782  100.00%

L2-Store-Hits:           1838080   79.34%
L2-Store-Misses:          478662   20.66%
L2-Store-Accesses:       2316742  100.00%

L2-Total-Hits:         553676491   75.52%
L2-Total-Misses:       179522033   24.48%
L2-Total-Accesses:     733198524  100.00%

