--------
Total Statistics
--------
Total Instructions: 1516636512
Total Cycles: 9238325686
IPC: 0.164168

--------
Single level Tlb hierarchy
--------
  Data Tlb:
    Entries:          64
    Page Size(B):   4096
    Associativity:      4

Latencies:    0   50
Tlb-Sets:   16 - LRU - assoc:   4

Tlb Stats:
Tlb-Load-Hits:         243696713   86.37%
Tlb-Load-Misses:        38472567   13.63%
Tlb-Load-Accesses:     282169280  100.00%

Tlb-Store-Hits:          76182328   99.60%
Tlb-Store-Misses:          308766    0.40%
Tlb-Store-Accesses:      76491094  100.00%

Tlb-Total-Hits:         319879041   89.19%
Tlb-Total-Misses:        38781333   10.81%
Tlb-Total-Accesses:     358660374  100.00%



--------
Two level Cache hierarchy
--------
  L1-Data Cache:
    Size(KB):          32
    Block Size(B):     64
    Associativity:      8

  L2-Data Cache:
    Size(KB):        1024
    Block Size(B):     64
    Associativity:     16

Latencies:    1   10  150
L1-Sets:   64 - LRU - assoc:   8
L2-Sets: 1024 - LRU - assoc:  16
Store_allocation: Yes
L2_inclusive: Yes
L2_prefetching: No

L1 Cache Stats:
L1-Load-Hits:         245128115   86.87%
L1-Load-Misses:        37041165   13.13%
L1-Load-Accesses:     282169280  100.00%

L1-Store-Hits:          76488579  100.00%
L1-Store-Misses:            2515    0.00%
L1-Store-Accesses:      76491094  100.00%

L1-Total-Hits:         321616694   89.67%
L1-Total-Misses:        37043680   10.33%
L1-Total-Accesses:     358660374  100.00%

L2 Cache Stats:
L2-Load-Hits:           3353073    9.05%
L2-Load-Misses:        33688092   90.95%
L2-Load-Accesses:      37041165  100.00%

L2-Store-Hits:               438   17.42%
L2-Store-Misses:            2077   82.58%
L2-Store-Accesses:          2515  100.00%

L2-Total-Hits:           3353511    9.05%
L2-Total-Misses:        33690169   90.95%
L2-Total-Accesses:      37043680  100.00%

