--------
Total Statistics
--------
Total Instructions: 1516636512
Total Cycles: 8829942766
IPC: 0.171761

--------
Single level Tlb hierarchy
--------
  Data Tlb:
    Entries:          64
    Page Size(B):   4096
    Associativity:      4

Latencies:    0   50
Tlb-Sets:   16 - LRU - assoc:   4

Tlb Stats:
Tlb-Load-Hits:         243956774   86.46%
Tlb-Load-Misses:        38212506   13.54%
Tlb-Load-Accesses:     282169280  100.00%

Tlb-Store-Hits:          76183052   99.60%
Tlb-Store-Misses:          308042    0.40%
Tlb-Store-Accesses:      76491094  100.00%

Tlb-Total-Hits:         320139826   89.26%
Tlb-Total-Misses:        38520548   10.74%
Tlb-Total-Accesses:     358660374  100.00%



--------
Two level Cache hierarchy
--------
  L1-Data Cache:
    Size(KB):          32
    Block Size(B):     64
    Associativity:      8

  L2-Data Cache:
    Size(KB):        2048
    Block Size(B):    256
    Associativity:     16

Latencies:    1   10  150
L1-Sets:   64 - LRU - assoc:   8
L2-Sets:  512 - LRU - assoc:  16
Store_allocation: Yes
L2_inclusive: Yes
L2_prefetching: No

L1 Cache Stats:
L1-Load-Hits:         211122000   74.82%
L1-Load-Misses:        71047280   25.18%
L1-Load-Accesses:     282169280  100.00%

L1-Store-Hits:          76483491   99.99%
L1-Store-Misses:            7603    0.01%
L1-Store-Accesses:      76491094  100.00%

L1-Total-Hits:         287605491   80.19%
L1-Total-Misses:        71054883   19.81%
L1-Total-Accesses:     358660374  100.00%

L2 Cache Stats:
L2-Load-Hits:          42261558   59.48%
L2-Load-Misses:        28785722   40.52%
L2-Load-Accesses:      71047280  100.00%

L2-Store-Hits:              6194   81.47%
L2-Store-Misses:            1409   18.53%
L2-Store-Accesses:          7603  100.00%

L2-Total-Hits:          42267752   59.49%
L2-Total-Misses:        28787131   40.51%
L2-Total-Accesses:      71054883  100.00%

