--------
Total Statistics
--------
Total Instructions: 1516636487
Total Cycles: 9179850553
IPC: 0.165214

--------
Single level Tlb hierarchy
--------
  Data Tlb:
    Entries:          64
    Page Size(B):   4096
    Associativity:      4

Latencies:    0   50
Tlb-Sets:   16 - LRU - assoc:   4

Tlb Stats:
Tlb-Load-Hits:         243441588   86.28%
Tlb-Load-Misses:        38727684   13.72%
Tlb-Load-Accesses:     282169272  100.00%

Tlb-Store-Hits:          76183006   99.60%
Tlb-Store-Misses:          308088    0.40%
Tlb-Store-Accesses:      76491094  100.00%

Tlb-Total-Hits:         319624594   89.12%
Tlb-Total-Misses:        39035772   10.88%
Tlb-Total-Accesses:     358660366  100.00%



--------
Two level Cache hierarchy
--------
  L1-Data Cache:
    Size(KB):          32
    Block Size(B):     64
    Associativity:      8

  L2-Data Cache:
    Size(KB):        1024
    Block Size(B):    256
    Associativity:      8

Latencies:    1   10  150
L1-Sets:   64 - LRU - assoc:   8
L2-Sets:  512 - LRU - assoc:   8
Store_allocation: Yes
L2_inclusive: Yes
L2_prefetching: No

L1 Cache Stats:
L1-Load-Hits:         208802585   74.00%
L1-Load-Misses:        73366687   26.00%
L1-Load-Accesses:     282169272  100.00%

L1-Store-Hits:          76476091   99.98%
L1-Store-Misses:           15003    0.02%
L1-Store-Accesses:      76491094  100.00%

L1-Total-Hits:         285278676   79.54%
L1-Total-Misses:        73381690   20.46%
L1-Total-Accesses:     358660366  100.00%

L2 Cache Stats:
L2-Load-Hits:          42576952   58.03%
L2-Load-Misses:        30789735   41.97%
L2-Load-Accesses:      73366687  100.00%

L2-Store-Hits:             11750   78.32%
L2-Store-Misses:            3253   21.68%
L2-Store-Accesses:         15003  100.00%

L2-Total-Hits:          42588702   58.04%
L2-Total-Misses:        30792988   41.96%
L2-Total-Accesses:      73381690  100.00%

