--------
Total Statistics
--------
Total Instructions: 32216352829
Total Cycles: 48617749826
IPC: 0.662646

--------
Single level Tlb hierarchy
--------
  Data Tlb:
    Entries:          64
    Page Size(B):   4096
    Associativity:      4

Latencies:    0   50
Tlb-Sets:   16 - LRU - assoc:   4

Tlb Stats:
Tlb-Load-Hits:        9261273240   99.87%
Tlb-Load-Misses:        12468120    0.13%
Tlb-Load-Accesses:    9273741360  100.00%

Tlb-Store-Hits:        4836860314   99.92%
Tlb-Store-Misses:         3644323    0.08%
Tlb-Store-Accesses:    4840504637  100.00%

Tlb-Total-Hits:       14098133554   99.89%
Tlb-Total-Misses:        16112443    0.11%
Tlb-Total-Accesses:   14114245997  100.00%



--------
Two level Cache hierarchy
--------
  L1-Data Cache:
    Size(KB):         128
    Block Size(B):    128
    Associativity:      8

  L2-Data Cache:
    Size(KB):        1024
    Block Size(B):    128
    Associativity:      8

Latencies:    1   10  150
L1-Sets:  128 - LRU - assoc:   8
L2-Sets: 1024 - LRU - assoc:   8
Store_allocation: Yes
L2_inclusive: Yes
L2_prefetching: No

L1 Cache Stats:
L1-Load-Hits:        9255848000   99.81%
L1-Load-Misses:        17893360    0.19%
L1-Load-Accesses:    9273741360  100.00%

L1-Store-Hits:        4836786552   99.92%
L1-Store-Misses:         3718085    0.08%
L1-Store-Accesses:    4840504637  100.00%

L1-Total-Hits:       14092634552   99.85%
L1-Total-Misses:        21611445    0.15%
L1-Total-Accesses:   14114245997  100.00%

L2 Cache Stats:
L2-Load-Hits:          11731820   65.57%
L2-Load-Misses:         6161540   34.43%
L2-Load-Accesses:      17893360  100.00%

L2-Store-Hits:           1443529   38.82%
L2-Store-Misses:         2274556   61.18%
L2-Store-Accesses:       3718085  100.00%

L2-Total-Hits:          13175349   60.96%
L2-Total-Misses:         8436096   39.04%
L2-Total-Accesses:      21611445  100.00%

