--------
Total Statistics
--------
Total Instructions: 32216352829
Total Cycles: 49020251246
IPC: 0.657205

--------
Single level Tlb hierarchy
--------
  Data Tlb:
    Entries:          64
    Page Size(B):   4096
    Associativity:      4

Latencies:    0   50
Tlb-Sets:   16 - LRU - assoc:   4

Tlb Stats:
Tlb-Load-Hits:        9261099189   99.86%
Tlb-Load-Misses:        12642171    0.14%
Tlb-Load-Accesses:    9273741360  100.00%

Tlb-Store-Hits:        4836542655   99.92%
Tlb-Store-Misses:         3961982    0.08%
Tlb-Store-Accesses:    4840504637  100.00%

Tlb-Total-Hits:       14097641844   99.88%
Tlb-Total-Misses:        16604153    0.12%
Tlb-Total-Accesses:   14114245997  100.00%



--------
Two level Cache hierarchy
--------
  L1-Data Cache:
    Size(KB):          64
    Block Size(B):     32
    Associativity:      8

  L2-Data Cache:
    Size(KB):        1024
    Block Size(B):    128
    Associativity:      8

Latencies:    1   10  150
L1-Sets:  256 - LRU - assoc:   8
L2-Sets: 1024 - LRU - assoc:   8
Store_allocation: Yes
L2_inclusive: Yes
L2_prefetching: No

L1 Cache Stats:
L1-Load-Hits:        9227277828   99.50%
L1-Load-Misses:        46463532    0.50%
L1-Load-Accesses:    9273741360  100.00%

L1-Store-Hits:        4826887237   99.72%
L1-Store-Misses:        13617400    0.28%
L1-Store-Accesses:    4840504637  100.00%

L1-Total-Hits:       14054165065   99.57%
L1-Total-Misses:        60080932    0.43%
L1-Total-Accesses:   14114245997  100.00%

L2 Cache Stats:
L2-Load-Hits:          40342056   86.83%
L2-Load-Misses:         6121476   13.17%
L2-Load-Accesses:      46463532  100.00%

L2-Store-Hits:          11347973   83.33%
L2-Store-Misses:         2269427   16.67%
L2-Store-Accesses:      13617400  100.00%

L2-Total-Hits:          51690029   86.03%
L2-Total-Misses:         8390903   13.97%
L2-Total-Accesses:      60080932  100.00%

