--------
Total Statistics
--------
Total Instructions: 32216352854
Total Cycles: 49643988559
IPC: 0.648948

--------
Single level Tlb hierarchy
--------
  Data Tlb:
    Entries:          64
    Page Size(B):   4096
    Associativity:      4

Latencies:    0   50
Tlb-Sets:   16 - LRU - assoc:   4

Tlb Stats:
Tlb-Load-Hits:        9248753099   99.73%
Tlb-Load-Misses:        24988269    0.27%
Tlb-Load-Accesses:    9273741368  100.00%

Tlb-Store-Hits:        4833737772   99.86%
Tlb-Store-Misses:         6766865    0.14%
Tlb-Store-Accesses:    4840504637  100.00%

Tlb-Total-Hits:       14082490871   99.78%
Tlb-Total-Misses:        31755134    0.22%
Tlb-Total-Accesses:   14114246005  100.00%



--------
Two level Cache hierarchy
--------
  L1-Data Cache:
    Size(KB):          32
    Block Size(B):    128
    Associativity:      8

  L2-Data Cache:
    Size(KB):        1024
    Block Size(B):    128
    Associativity:      8

Latencies:    1   10  150
L1-Sets:   32 - LRU - assoc:   8
L2-Sets: 1024 - LRU - assoc:   8
Store_allocation: Yes
L2_inclusive: Yes
L2_prefetching: No

L1 Cache Stats:
L1-Load-Hits:        9232502566   99.56%
L1-Load-Misses:        41238802    0.44%
L1-Load-Accesses:    9273741368  100.00%

L1-Store-Hits:        4835056824   99.89%
L1-Store-Misses:         5447813    0.11%
L1-Store-Accesses:    4840504637  100.00%

L1-Total-Hits:       14067559390   99.67%
L1-Total-Misses:        46686615    0.33%
L1-Total-Accesses:   14114246005  100.00%

L2 Cache Stats:
L2-Load-Hits:          35116954   85.16%
L2-Load-Misses:         6121848   14.84%
L2-Load-Accesses:      41238802  100.00%

L2-Store-Hits:           3177882   58.33%
L2-Store-Misses:         2269931   41.67%
L2-Store-Accesses:       5447813  100.00%

L2-Total-Hits:          38294836   82.03%
L2-Total-Misses:         8391779   17.97%
L2-Total-Accesses:      46686615  100.00%

