--------
Total Statistics
--------
Total Instructions: 1516636487
Total Cycles: 9365338503
IPC: 0.161941

--------
Single level Tlb hierarchy
--------
  Data Tlb:
    Entries:          64
    Page Size(B):   4096
    Associativity:      4

Latencies:    0   50
Tlb-Sets:   16 - LRU - assoc:   4

Tlb Stats:
Tlb-Load-Hits:         242819453   86.05%
Tlb-Load-Misses:        39349819   13.95%
Tlb-Load-Accesses:     282169272  100.00%

Tlb-Store-Hits:          75746316   99.03%
Tlb-Store-Misses:          744778    0.97%
Tlb-Store-Accesses:      76491094  100.00%

Tlb-Total-Hits:         318565769   88.82%
Tlb-Total-Misses:        40094597   11.18%
Tlb-Total-Accesses:     358660366  100.00%



--------
Two level Cache hierarchy
--------
  L1-Data Cache:
    Size(KB):          64
    Block Size(B):     64
    Associativity:      4

  L2-Data Cache:
    Size(KB):        1024
    Block Size(B):    128
    Associativity:      8

Latencies:    1   10  150
L1-Sets:  256 - LRU - assoc:   4
L2-Sets: 1024 - LRU - assoc:   8
Store_allocation: Yes
L2_inclusive: Yes
L2_prefetching: No

L1 Cache Stats:
L1-Load-Hits:         212548131   75.33%
L1-Load-Misses:        69621141   24.67%
L1-Load-Accesses:     282169272  100.00%

L1-Store-Hits:          76479635   99.99%
L1-Store-Misses:           11459    0.01%
L1-Store-Accesses:      76491094  100.00%

L1-Total-Hits:         289027766   80.59%
L1-Total-Misses:        69632600   19.41%
L1-Total-Accesses:     358660366  100.00%

L2 Cache Stats:
L2-Load-Hits:          37696415   54.15%
L2-Load-Misses:        31924726   45.85%
L2-Load-Accesses:      69621141  100.00%

L2-Store-Hits:              9613   83.89%
L2-Store-Misses:            1846   16.11%
L2-Store-Accesses:         11459  100.00%

L2-Total-Hits:          37706028   54.15%
L2-Total-Misses:        31926572   45.85%
L2-Total-Accesses:      69632600  100.00%

