--------
Total Statistics
--------
Total Instructions: 10948989397
Total Cycles: 15886747240
IPC: 0.68919

--------
Single level Tlb hierarchy
--------
  Data Tlb:
    Entries:          64
    Page Size(B):   4096
    Associativity:     32

Latencies:    0   50
Tlb-Sets:    2 - LRU - assoc:  32

Tlb Stats:
Tlb-Load-Hits:        2284596141   99.40%
Tlb-Load-Misses:        13685797    0.60%
Tlb-Load-Accesses:    2298281938  100.00%

Tlb-Store-Hits:         591933584   99.94%
Tlb-Store-Misses:          347331    0.06%
Tlb-Store-Accesses:     592280915  100.00%

Tlb-Total-Hits:        2876529725   99.51%
Tlb-Total-Misses:        14033128    0.49%
Tlb-Total-Accesses:    2890562853  100.00%



--------
Two level Cache hierarchy
--------
  L1-Data Cache:
    Size(KB):          32
    Block Size(B):     64
    Associativity:      8

  L2-Data Cache:
    Size(KB):        1024
    Block Size(B):    128
    Associativity:      8

Latencies:    1   10  150
L1-Sets:   64 - LRU - assoc:   8
L2-Sets: 1024 - LRU - assoc:   8
Store_allocation: Yes
L2_inclusive: Yes
L2_prefetching: No

L1 Cache Stats:
L1-Load-Hits:        2186477314   95.14%
L1-Load-Misses:       111804624    4.86%
L1-Load-Accesses:    2298281938  100.00%

L1-Store-Hits:         585727165   98.89%
L1-Store-Misses:         6553750    1.11%
L1-Store-Accesses:     592280915  100.00%

L1-Total-Hits:        2772204479   95.91%
L1-Total-Misses:       118358374    4.09%
L1-Total-Accesses:    2890562853  100.00%

L2 Cache Stats:
L2-Load-Hits:         111226695   99.48%
L2-Load-Misses:          577929    0.52%
L2-Load-Accesses:     111804624  100.00%

L2-Store-Hits:           6051980   92.34%
L2-Store-Misses:          501770    7.66%
L2-Store-Accesses:       6553750  100.00%

L2-Total-Hits:         117278675   99.09%
L2-Total-Misses:         1079699    0.91%
L2-Total-Accesses:     118358374  100.00%

