--------
Total Statistics
--------
Total Instructions: 10948989397
Total Cycles: 15215139980
IPC: 0.719611

--------
Single level Tlb hierarchy
--------
  Data Tlb:
    Entries:         256
    Page Size(B):   4096
    Associativity:      4

Latencies:    0   50
Tlb-Sets:   64 - LRU - assoc:   4

Tlb Stats:
Tlb-Load-Hits:        2297782132   99.98%
Tlb-Load-Misses:          499806    0.02%
Tlb-Load-Accesses:    2298281938  100.00%

Tlb-Store-Hits:         592086489   99.97%
Tlb-Store-Misses:          194426    0.03%
Tlb-Store-Accesses:     592280915  100.00%

Tlb-Total-Hits:        2889868621   99.98%
Tlb-Total-Misses:          694232    0.02%
Tlb-Total-Accesses:    2890562853  100.00%



--------
Two level Cache hierarchy
--------
  L1-Data Cache:
    Size(KB):          32
    Block Size(B):     64
    Associativity:      8

  L2-Data Cache:
    Size(KB):        1024
    Block Size(B):    128
    Associativity:      8

Latencies:    1   10  150
L1-Sets:   64 - LRU - assoc:   8
L2-Sets: 1024 - LRU - assoc:   8
Store_allocation: Yes
L2_inclusive: Yes
L2_prefetching: No

L1 Cache Stats:
L1-Load-Hits:        2186683187   95.14%
L1-Load-Misses:       111598751    4.86%
L1-Load-Accesses:    2298281938  100.00%

L1-Store-Hits:         585983803   98.94%
L1-Store-Misses:         6297112    1.06%
L1-Store-Accesses:     592280915  100.00%

L1-Total-Hits:        2772666990   95.92%
L1-Total-Misses:       117895863    4.08%
L1-Total-Accesses:    2890562853  100.00%

L2 Cache Stats:
L2-Load-Hits:         111021238   99.48%
L2-Load-Misses:          577513    0.52%
L2-Load-Accesses:     111598751  100.00%

L2-Store-Hits:           5795175   92.03%
L2-Store-Misses:          501937    7.97%
L2-Store-Accesses:       6297112  100.00%

L2-Total-Hits:         116816413   99.08%
L2-Total-Misses:         1079450    0.92%
L2-Total-Accesses:     117895863  100.00%

