--------
Total Statistics
--------
Total Instructions: 10948989397
Total Cycles: 16017637570
IPC: 0.683558

--------
Single level Tlb hierarchy
--------
  Data Tlb:
    Entries:          32
    Page Size(B):   4096
    Associativity:      4

Latencies:    0   50
Tlb-Sets:    8 - LRU - assoc:   4

Tlb Stats:
Tlb-Load-Hits:        2281987806   99.29%
Tlb-Load-Misses:        16294132    0.71%
Tlb-Load-Accesses:    2298281938  100.00%

Tlb-Store-Hits:         591852611   99.93%
Tlb-Store-Misses:          428304    0.07%
Tlb-Store-Accesses:     592280915  100.00%

Tlb-Total-Hits:        2873840417   99.42%
Tlb-Total-Misses:        16722436    0.58%
Tlb-Total-Accesses:    2890562853  100.00%



--------
Two level Cache hierarchy
--------
  L1-Data Cache:
    Size(KB):          32
    Block Size(B):     64
    Associativity:      8

  L2-Data Cache:
    Size(KB):        1024
    Block Size(B):    128
    Associativity:      8

Latencies:    1   10  150
L1-Sets:   64 - LRU - assoc:   8
L2-Sets: 1024 - LRU - assoc:   8
Store_allocation: Yes
L2_inclusive: Yes
L2_prefetching: No

L1 Cache Stats:
L1-Load-Hits:        2186660011   95.14%
L1-Load-Misses:       111621927    4.86%
L1-Load-Accesses:    2298281938  100.00%

L1-Store-Hits:         585924070   98.93%
L1-Store-Misses:         6356845    1.07%
L1-Store-Accesses:     592280915  100.00%

L1-Total-Hits:        2772584081   95.92%
L1-Total-Misses:       117978772    4.08%
L1-Total-Accesses:    2890562853  100.00%

L2 Cache Stats:
L2-Load-Hits:         111042647   99.48%
L2-Load-Misses:          579280    0.52%
L2-Load-Accesses:     111621927  100.00%

L2-Store-Hits:           5854953   92.10%
L2-Store-Misses:          501892    7.90%
L2-Store-Accesses:       6356845  100.00%

L2-Total-Hits:         116897600   99.08%
L2-Total-Misses:         1081172    0.92%
L2-Total-Accesses:     117978772  100.00%

