--------
Total Statistics
--------
Total Instructions: 10948989397
Total Cycles: 15888832870
IPC: 0.6891

--------
Single level Tlb hierarchy
--------
  Data Tlb:
    Entries:          64
    Page Size(B):   4096
    Associativity:     64

Latencies:    0   50
Tlb-Sets:    1 - LRU - assoc:  64

Tlb Stats:
Tlb-Load-Hits:        2284596155   99.40%
Tlb-Load-Misses:        13685783    0.60%
Tlb-Load-Accesses:    2298281938  100.00%

Tlb-Store-Hits:         591933582   99.94%
Tlb-Store-Misses:          347333    0.06%
Tlb-Store-Accesses:     592280915  100.00%

Tlb-Total-Hits:        2876529737   99.51%
Tlb-Total-Misses:        14033116    0.49%
Tlb-Total-Accesses:    2890562853  100.00%



--------
Two level Cache hierarchy
--------
  L1-Data Cache:
    Size(KB):          32
    Block Size(B):     64
    Associativity:      8

  L2-Data Cache:
    Size(KB):        1024
    Block Size(B):    128
    Associativity:      8

Latencies:    1   10  150
L1-Sets:   64 - LRU - assoc:   8
L2-Sets: 1024 - LRU - assoc:   8
Store_allocation: Yes
L2_inclusive: Yes
L2_prefetching: No

L1 Cache Stats:
L1-Load-Hits:        2186394968   95.13%
L1-Load-Misses:       111886970    4.87%
L1-Load-Accesses:    2298281938  100.00%

L1-Store-Hits:         585642003   98.88%
L1-Store-Misses:         6638912    1.12%
L1-Store-Accesses:     592280915  100.00%

L1-Total-Hits:        2772036971   95.90%
L1-Total-Misses:       118525882    4.10%
L1-Total-Accesses:    2890562853  100.00%

L2 Cache Stats:
L2-Load-Hits:         111306468   99.48%
L2-Load-Misses:          580502    0.52%
L2-Load-Accesses:     111886970  100.00%

L2-Store-Hits:           6136974   92.44%
L2-Store-Misses:          501938    7.56%
L2-Store-Accesses:       6638912  100.00%

L2-Total-Hits:         117443442   99.09%
L2-Total-Misses:         1082440    0.91%
L2-Total-Accesses:     118525882  100.00%

