--------
Total Statistics
--------
Total Instructions: 10948989422
Total Cycles: 16860676473
IPC: 0.64938

--------
Single level Tlb hierarchy
--------
  Data Tlb:
    Entries:          64
    Page Size(B):   4096
    Associativity:      1

Latencies:    0   50
Tlb-Sets:   64 - LRU - assoc:   1

Tlb Stats:
Tlb-Load-Hits:        2267085008   98.64%
Tlb-Load-Misses:        31196938    1.36%
Tlb-Load-Accesses:    2298281946  100.00%

Tlb-Store-Hits:         589965610   99.61%
Tlb-Store-Misses:         2315305    0.39%
Tlb-Store-Accesses:     592280915  100.00%

Tlb-Total-Hits:        2857050618   98.84%
Tlb-Total-Misses:        33512243    1.16%
Tlb-Total-Accesses:    2890562861  100.00%



--------
Two level Cache hierarchy
--------
  L1-Data Cache:
    Size(KB):          32
    Block Size(B):     64
    Associativity:      8

  L2-Data Cache:
    Size(KB):        1024
    Block Size(B):    128
    Associativity:      8

Latencies:    1   10  150
L1-Sets:   64 - LRU - assoc:   8
L2-Sets: 1024 - LRU - assoc:   8
Store_allocation: Yes
L2_inclusive: Yes
L2_prefetching: No

L1 Cache Stats:
L1-Load-Hits:        2186486002   95.14%
L1-Load-Misses:       111795944    4.86%
L1-Load-Accesses:    2298281946  100.00%

L1-Store-Hits:         585725220   98.89%
L1-Store-Misses:         6555695    1.11%
L1-Store-Accesses:     592280915  100.00%

L1-Total-Hits:        2772211222   95.91%
L1-Total-Misses:       118351639    4.09%
L1-Total-Accesses:    2890562861  100.00%

L2 Cache Stats:
L2-Load-Hits:         111217929   99.48%
L2-Load-Misses:          578015    0.52%
L2-Load-Accesses:     111795944  100.00%

L2-Store-Hits:           6053739   92.34%
L2-Store-Misses:          501956    7.66%
L2-Store-Accesses:       6555695  100.00%

L2-Total-Hits:         117271668   99.09%
L2-Total-Misses:         1079971    0.91%
L2-Total-Accesses:     118351639  100.00%

