--------
Total Statistics
--------
Total Instructions: 10948989422
Total Cycles: 15887270173
IPC: 0.689167

--------
Single level Tlb hierarchy
--------
  Data Tlb:
    Entries:          64
    Page Size(B):   4096
    Associativity:      8

Latencies:    0   50
Tlb-Sets:    8 - LRU - assoc:   8

Tlb Stats:
Tlb-Load-Hits:        2284596067   99.40%
Tlb-Load-Misses:        13685879    0.60%
Tlb-Load-Accesses:    2298281946  100.00%

Tlb-Store-Hits:         591933674   99.94%
Tlb-Store-Misses:          347241    0.06%
Tlb-Store-Accesses:     592280915  100.00%

Tlb-Total-Hits:        2876529741   99.51%
Tlb-Total-Misses:        14033120    0.49%
Tlb-Total-Accesses:    2890562861  100.00%



--------
Two level Cache hierarchy
--------
  L1-Data Cache:
    Size(KB):          32
    Block Size(B):     64
    Associativity:      8

  L2-Data Cache:
    Size(KB):        1024
    Block Size(B):    128
    Associativity:      8

Latencies:    1   10  150
L1-Sets:   64 - LRU - assoc:   8
L2-Sets: 1024 - LRU - assoc:   8
Store_allocation: Yes
L2_inclusive: Yes
L2_prefetching: No

L1 Cache Stats:
L1-Load-Hits:        2186524041   95.14%
L1-Load-Misses:       111757905    4.86%
L1-Load-Accesses:    2298281946  100.00%

L1-Store-Hits:         585654126   98.88%
L1-Store-Misses:         6626789    1.12%
L1-Store-Accesses:     592280915  100.00%

L1-Total-Hits:        2772178167   95.90%
L1-Total-Misses:       118384694    4.10%
L1-Total-Accesses:    2890562861  100.00%

L2 Cache Stats:
L2-Load-Hits:         111178342   99.48%
L2-Load-Misses:          579563    0.52%
L2-Load-Accesses:     111757905  100.00%

L2-Store-Hits:           6124919   92.43%
L2-Store-Misses:          501870    7.57%
L2-Store-Accesses:       6626789  100.00%

L2-Total-Hits:         117303261   99.09%
L2-Total-Misses:         1081433    0.91%
L2-Total-Accesses:     118384694  100.00%

