--------
Total Statistics
--------
Total Instructions: 23696513972
Total Cycles: 45386757522
IPC: 0.522102

--------
Single level Tlb hierarchy
--------
  Data Tlb:
    Entries:          64
    Page Size(B):   4096
    Associativity:      4

Latencies:    0   50
Tlb-Sets:   16 - LRU - assoc:   4

Tlb Stats:
Tlb-Load-Hits:        6889812860   99.54%
Tlb-Load-Misses:        31744870    0.46%
Tlb-Load-Accesses:    6921557730  100.00%

Tlb-Store-Hits:        1360004091   99.72%
Tlb-Store-Misses:         3865719    0.28%
Tlb-Store-Accesses:    1363869810  100.00%

Tlb-Total-Hits:        8249816951   99.57%
Tlb-Total-Misses:        35610589    0.43%
Tlb-Total-Accesses:    8285427540  100.00%



--------
Two level Cache hierarchy
--------
  L1-Data Cache:
    Size(KB):          32
    Block Size(B):     64
    Associativity:      8

  L2-Data Cache:
    Size(KB):        2048
    Block Size(B):     64
    Associativity:     16

Latencies:    1   10  150
L1-Sets:   64 - LRU - assoc:   8
L2-Sets: 2048 - LRU - assoc:  16
Store_allocation: Yes
L2_inclusive: Yes
L2_prefetching: No

L1 Cache Stats:
L1-Load-Hits:        6798806075   98.23%
L1-Load-Misses:       122751655    1.77%
L1-Load-Accesses:    6921557730  100.00%

L1-Store-Hits:        1264926689   92.75%
L1-Store-Misses:        98943121    7.25%
L1-Store-Accesses:    1363869810  100.00%

L1-Total-Hits:        8063732764   97.32%
L1-Total-Misses:       221694776    2.68%
L1-Total-Accesses:    8285427540  100.00%

L2 Cache Stats:
L2-Load-Hits:          66493347   54.17%
L2-Load-Misses:        56258308   45.83%
L2-Load-Accesses:     122751655  100.00%

L2-Store-Hits:          92485837   93.47%
L2-Store-Misses:         6457284    6.53%
L2-Store-Accesses:      98943121  100.00%

L2-Total-Hits:         158979184   71.71%
L2-Total-Misses:        62715592   28.29%
L2-Total-Accesses:     221694776  100.00%

