--------
Total Statistics
--------
Total Instructions: 23696515225
Total Cycles: 44012056691
IPC: 0.53841

--------
Single level Tlb hierarchy
--------
  Data Tlb:
    Entries:          64
    Page Size(B):   4096
    Associativity:      4

Latencies:    0   50
Tlb-Sets:   16 - LRU - assoc:   4

Tlb Stats:
Tlb-Load-Hits:        6889688425   99.54%
Tlb-Load-Misses:        31869305    0.46%
Tlb-Load-Accesses:    6921557730  100.00%

Tlb-Store-Hits:        1360329447   99.74%
Tlb-Store-Misses:         3541079    0.26%
Tlb-Store-Accesses:    1363870526  100.00%

Tlb-Total-Hits:        8250017872   99.57%
Tlb-Total-Misses:        35410384    0.43%
Tlb-Total-Accesses:    8285428256  100.00%



--------
Two level Cache hierarchy
--------
  L1-Data Cache:
    Size(KB):          32
    Block Size(B):     64
    Associativity:      8

  L2-Data Cache:
    Size(KB):        1024
    Block Size(B):    128
    Associativity:      8

Latencies:    1   10  150
L1-Sets:   64 - LRU - assoc:   8
L2-Sets: 1024 - LRU - assoc:   8
Store_allocation: Yes
L2_inclusive: Yes
L2_prefetching: No

L1 Cache Stats:
L1-Load-Hits:        6752009897   97.55%
L1-Load-Misses:       169547833    2.45%
L1-Load-Accesses:    6921557730  100.00%

L1-Store-Hits:        1259261808   92.33%
L1-Store-Misses:       104608718    7.67%
L1-Store-Accesses:    1363870526  100.00%

L1-Total-Hits:        8011271705   96.69%
L1-Total-Misses:       274156551    3.31%
L1-Total-Accesses:    8285428256  100.00%

L2 Cache Stats:
L2-Load-Hits:         123508827   72.85%
L2-Load-Misses:        46039006   27.15%
L2-Load-Accesses:     169547833  100.00%

L2-Store-Hits:         100527534   96.10%
L2-Store-Misses:         4081184    3.90%
L2-Store-Accesses:     104608718  100.00%

L2-Total-Hits:         224036361   81.72%
L2-Total-Misses:        50120190   18.28%
L2-Total-Accesses:     274156551  100.00%

