--------
Total Statistics
--------
Total Instructions: 23696512904
Total Cycles: 43211272530
IPC: 0.548387

--------
Single level Tlb hierarchy
--------
  Data Tlb:
    Entries:          64
    Page Size(B):   4096
    Associativity:      4

Latencies:    0   50
Tlb-Sets:   16 - LRU - assoc:   4

Tlb Stats:
Tlb-Load-Hits:        6889436737   99.54%
Tlb-Load-Misses:        32120985    0.46%
Tlb-Load-Accesses:    6921557722  100.00%

Tlb-Store-Hits:        1360992658   99.79%
Tlb-Store-Misses:         2876556    0.21%
Tlb-Store-Accesses:    1363869214  100.00%

Tlb-Total-Hits:        8250429395   99.58%
Tlb-Total-Misses:        34997541    0.42%
Tlb-Total-Accesses:    8285426936  100.00%



--------
Two level Cache hierarchy
--------
  L1-Data Cache:
    Size(KB):          32
    Block Size(B):     64
    Associativity:      8

  L2-Data Cache:
    Size(KB):         512
    Block Size(B):    256
    Associativity:      8

Latencies:    1   10  150
L1-Sets:   64 - LRU - assoc:   8
L2-Sets:  256 - LRU - assoc:   8
Store_allocation: Yes
L2_inclusive: Yes
L2_prefetching: No

L1 Cache Stats:
L1-Load-Hits:        6751091415   97.54%
L1-Load-Misses:       170466307    2.46%
L1-Load-Accesses:    6921557722  100.00%

L1-Store-Hits:        1259736942   92.36%
L1-Store-Misses:       104132272    7.64%
L1-Store-Accesses:    1363869214  100.00%

L1-Total-Hits:        8010828357   96.69%
L1-Total-Misses:       274598579    3.31%
L1-Total-Accesses:    8285426936  100.00%

L2 Cache Stats:
L2-Load-Hits:         128315884   75.27%
L2-Load-Misses:        42150423   24.73%
L2-Load-Accesses:     170466307  100.00%

L2-Store-Hits:         101392896   97.37%
L2-Store-Misses:         2739376    2.63%
L2-Store-Accesses:     104132272  100.00%

L2-Total-Hits:         229708780   83.65%
L2-Total-Misses:        44889799   16.35%
L2-Total-Accesses:     274598579  100.00%

