--------
Total Statistics
--------
Total Instructions: 23696514283
Total Cycles: 48506718827
IPC: 0.48852

--------
Single level Tlb hierarchy
--------
  Data Tlb:
    Entries:          64
    Page Size(B):   4096
    Associativity:      4

Latencies:    0   50
Tlb-Sets:   16 - LRU - assoc:   4

Tlb Stats:
Tlb-Load-Hits:        6891777293   99.57%
Tlb-Load-Misses:        29780429    0.43%
Tlb-Load-Accesses:    6921557722  100.00%

Tlb-Store-Hits:        1361213390   99.81%
Tlb-Store-Misses:         2656612    0.19%
Tlb-Store-Accesses:    1363870002  100.00%

Tlb-Total-Hits:        8252990683   99.61%
Tlb-Total-Misses:        32437041    0.39%
Tlb-Total-Accesses:    8285427724  100.00%



--------
Two level Cache hierarchy
--------
  L1-Data Cache:
    Size(KB):          32
    Block Size(B):     64
    Associativity:      8

  L2-Data Cache:
    Size(KB):         512
    Block Size(B):     64
    Associativity:      8

Latencies:    1   10  150
L1-Sets:   64 - LRU - assoc:   8
L2-Sets: 1024 - LRU - assoc:   8
Store_allocation: Yes
L2_inclusive: Yes
L2_prefetching: No

L1 Cache Stats:
L1-Load-Hits:        6798691836   98.22%
L1-Load-Misses:       122865886    1.78%
L1-Load-Accesses:    6921557722  100.00%

L1-Store-Hits:        1264753291   92.73%
L1-Store-Misses:        99116711    7.27%
L1-Store-Accesses:    1363870002  100.00%

L1-Total-Hits:        8063445127   97.32%
L1-Total-Misses:       221982597    2.68%
L1-Total-Accesses:    8285427724  100.00%

L2 Cache Stats:
L2-Load-Hits:          48861952   39.77%
L2-Load-Misses:        74003934   60.23%
L2-Load-Accesses:     122865886  100.00%

L2-Store-Hits:          88566653   89.36%
L2-Store-Misses:        10550058   10.64%
L2-Store-Accesses:      99116711  100.00%

L2-Total-Hits:         137428605   61.91%
L2-Total-Misses:        84553992   38.09%
L2-Total-Accesses:     221982597  100.00%

