--------
Total Statistics
--------
Total Instructions: 23696514308
Total Cycles: 43889609710
IPC: 0.539912

--------
Single level Tlb hierarchy
--------
  Data Tlb:
    Entries:          64
    Page Size(B):   4096
    Associativity:      4

Latencies:    0   50
Tlb-Sets:   16 - LRU - assoc:   4

Tlb Stats:
Tlb-Load-Hits:        6891572307   99.57%
Tlb-Load-Misses:        29985423    0.43%
Tlb-Load-Accesses:    6921557730  100.00%

Tlb-Store-Hits:        1361043090   99.79%
Tlb-Store-Misses:         2826912    0.21%
Tlb-Store-Accesses:    1363870002  100.00%

Tlb-Total-Hits:        8252615397   99.60%
Tlb-Total-Misses:        32812335    0.40%
Tlb-Total-Accesses:    8285427732  100.00%



--------
Two level Cache hierarchy
--------
  L1-Data Cache:
    Size(KB):          32
    Block Size(B):     64
    Associativity:      8

  L2-Data Cache:
    Size(KB):        1024
    Block Size(B):    128
    Associativity:     16

Latencies:    1   10  150
L1-Sets:   64 - LRU - assoc:   8
L2-Sets:  512 - LRU - assoc:  16
Store_allocation: Yes
L2_inclusive: Yes
L2_prefetching: No

L1 Cache Stats:
L1-Load-Hits:        6751473301   97.54%
L1-Load-Misses:       170084429    2.46%
L1-Load-Accesses:    6921557730  100.00%

L1-Store-Hits:        1259420019   92.34%
L1-Store-Misses:       104449983    7.66%
L1-Store-Accesses:    1363870002  100.00%

L1-Total-Hits:        8010893320   96.69%
L1-Total-Misses:       274534412    3.31%
L1-Total-Accesses:    8285427732  100.00%

L2 Cache Stats:
L2-Load-Hits:         124036613   72.93%
L2-Load-Misses:        46047816   27.07%
L2-Load-Accesses:     170084429  100.00%

L2-Store-Hits:         100353087   96.08%
L2-Store-Misses:         4096896    3.92%
L2-Store-Accesses:     104449983  100.00%

L2-Total-Hits:         224389700   81.73%
L2-Total-Misses:        50144712   18.27%
L2-Total-Accesses:     274534412  100.00%

