--------
Total Statistics
--------
Total Instructions: 23696512904
Total Cycles: 43055536190
IPC: 0.550371

--------
Single level Tlb hierarchy
--------
  Data Tlb:
    Entries:          64
    Page Size(B):   4096
    Associativity:      4

Latencies:    0   50
Tlb-Sets:   16 - LRU - assoc:   4

Tlb Stats:
Tlb-Load-Hits:        6891141210   99.56%
Tlb-Load-Misses:        30416512    0.44%
Tlb-Load-Accesses:    6921557722  100.00%

Tlb-Store-Hits:        1360642490   99.76%
Tlb-Store-Misses:         3226724    0.24%
Tlb-Store-Accesses:    1363869214  100.00%

Tlb-Total-Hits:        8251783700   99.59%
Tlb-Total-Misses:        33643236    0.41%
Tlb-Total-Accesses:    8285426936  100.00%



--------
Two level Cache hierarchy
--------
  L1-Data Cache:
    Size(KB):          32
    Block Size(B):     64
    Associativity:      8

  L2-Data Cache:
    Size(KB):        2048
    Block Size(B):    128
    Associativity:     16

Latencies:    1   10  150
L1-Sets:   64 - LRU - assoc:   8
L2-Sets: 1024 - LRU - assoc:  16
Store_allocation: Yes
L2_inclusive: Yes
L2_prefetching: No

L1 Cache Stats:
L1-Load-Hits:        6757028094   97.62%
L1-Load-Misses:       164529628    2.38%
L1-Load-Accesses:    6921557722  100.00%

L1-Store-Hits:        1260374692   92.41%
L1-Store-Misses:       103494522    7.59%
L1-Store-Accesses:    1363869214  100.00%

L1-Total-Hits:        8017402786   96.77%
L1-Total-Misses:       268024150    3.23%
L1-Total-Accesses:    8285426936  100.00%

L2 Cache Stats:
L2-Load-Hits:         123273633   74.92%
L2-Load-Misses:        41255995   25.08%
L2-Load-Accesses:     164529628  100.00%

L2-Store-Hits:         100009230   96.63%
L2-Store-Misses:         3485292    3.37%
L2-Store-Accesses:     103494522  100.00%

L2-Total-Hits:         223282863   83.31%
L2-Total-Misses:        44741287   16.69%
L2-Total-Accesses:     268024150  100.00%

