--------
Total Statistics
--------
Total Instructions: 23696515225
Total Cycles: 45279874901
IPC: 0.523334

--------
Single level Tlb hierarchy
--------
  Data Tlb:
    Entries:          64
    Page Size(B):   4096
    Associativity:      4

Latencies:    0   50
Tlb-Sets:   16 - LRU - assoc:   4

Tlb Stats:
Tlb-Load-Hits:        6891114003   99.56%
Tlb-Load-Misses:        30443727    0.44%
Tlb-Load-Accesses:    6921557730  100.00%

Tlb-Store-Hits:        1360627919   99.76%
Tlb-Store-Misses:         3242607    0.24%
Tlb-Store-Accesses:    1363870526  100.00%

Tlb-Total-Hits:        8251741922   99.59%
Tlb-Total-Misses:        33686334    0.41%
Tlb-Total-Accesses:    8285428256  100.00%



--------
Two level Cache hierarchy
--------
  L1-Data Cache:
    Size(KB):          32
    Block Size(B):     64
    Associativity:      8

  L2-Data Cache:
    Size(KB):         512
    Block Size(B):    128
    Associativity:      8

Latencies:    1   10  150
L1-Sets:   64 - LRU - assoc:   8
L2-Sets:  512 - LRU - assoc:   8
Store_allocation: Yes
L2_inclusive: Yes
L2_prefetching: No

L1 Cache Stats:
L1-Load-Hits:        6748267322   97.50%
L1-Load-Misses:       173290408    2.50%
L1-Load-Accesses:    6921557730  100.00%

L1-Store-Hits:        1256064577   92.10%
L1-Store-Misses:       107805949    7.90%
L1-Store-Accesses:    1363870526  100.00%

L1-Total-Hits:        8004331899   96.61%
L1-Total-Misses:       281096357    3.39%
L1-Total-Accesses:    8285428256  100.00%

L2 Cache Stats:
L2-Load-Hits:         119971333   69.23%
L2-Load-Misses:        53319075   30.77%
L2-Load-Accesses:     173290408  100.00%

L2-Store-Hits:         102440683   95.02%
L2-Store-Misses:         5365266    4.98%
L2-Store-Accesses:     107805949  100.00%

L2-Total-Hits:         222412016   79.12%
L2-Total-Misses:        58684341   20.88%
L2-Total-Accesses:     281096357  100.00%

