--------
Total Statistics
--------
Total Instructions: 32216352829
Total Cycles: 48764678366
IPC: 0.660649

--------
Single level Tlb hierarchy
--------
  Data Tlb:
    Entries:          64
    Page Size(B):   4096
    Associativity:      4

Latencies:    0   50
Tlb-Sets:   16 - LRU - assoc:   4

Tlb Stats:
Tlb-Load-Hits:        9260530238   99.86%
Tlb-Load-Misses:        13211122    0.14%
Tlb-Load-Accesses:    9273741360  100.00%

Tlb-Store-Hits:        4836388992   99.91%
Tlb-Store-Misses:         4115645    0.09%
Tlb-Store-Accesses:    4840504637  100.00%

Tlb-Total-Hits:       14096919230   99.88%
Tlb-Total-Misses:        17326767    0.12%
Tlb-Total-Accesses:   14114245997  100.00%



--------
Two level Cache hierarchy
--------
  L1-Data Cache:
    Size(KB):          32
    Block Size(B):     64
    Associativity:      8

  L2-Data Cache:
    Size(KB):        1024
    Block Size(B):    256
    Associativity:      8

Latencies:    1   10  150
L1-Sets:   64 - LRU - assoc:   8
L2-Sets:  512 - LRU - assoc:   8
Store_allocation: Yes
L2_inclusive: Yes
L2_prefetching: No

L1 Cache Stats:
L1-Load-Hits:        9224261691   99.47%
L1-Load-Misses:        49479669    0.53%
L1-Load-Accesses:    9273741360  100.00%

L1-Store-Hits:        4831428732   99.81%
L1-Store-Misses:         9075905    0.19%
L1-Store-Accesses:    4840504637  100.00%

L1-Total-Hits:       14055690423   99.59%
L1-Total-Misses:        58555574    0.41%
L1-Total-Accesses:   14114245997  100.00%

L2 Cache Stats:
L2-Load-Hits:          44180389   89.29%
L2-Load-Misses:         5299280   10.71%
L2-Load-Accesses:      49479669  100.00%

L2-Store-Hits:           7827282   86.24%
L2-Store-Misses:         1248623   13.76%
L2-Store-Accesses:       9075905  100.00%

L2-Total-Hits:          52007671   88.82%
L2-Total-Misses:         6547903   11.18%
L2-Total-Accesses:      58555574  100.00%

