--------
Total Statistics
--------
Total Instructions: 32216352829
Total Cycles: 49532446916
IPC: 0.650409

--------
Single level Tlb hierarchy
--------
  Data Tlb:
    Entries:          64
    Page Size(B):   4096
    Associativity:      4

Latencies:    0   50
Tlb-Sets:   16 - LRU - assoc:   4

Tlb Stats:
Tlb-Load-Hits:        9242585548   99.66%
Tlb-Load-Misses:        31155812    0.34%
Tlb-Load-Accesses:    9273741360  100.00%

Tlb-Store-Hits:        4832243595   99.83%
Tlb-Store-Misses:         8261042    0.17%
Tlb-Store-Accesses:    4840504637  100.00%

Tlb-Total-Hits:       14074829143   99.72%
Tlb-Total-Misses:        39416854    0.28%
Tlb-Total-Accesses:   14114245997  100.00%



--------
Two level Cache hierarchy
--------
  L1-Data Cache:
    Size(KB):          32
    Block Size(B):     64
    Associativity:      8

  L2-Data Cache:
    Size(KB):        2048
    Block Size(B):    256
    Associativity:     16

Latencies:    1   10  150
L1-Sets:   64 - LRU - assoc:   8
L2-Sets:  512 - LRU - assoc:  16
Store_allocation: Yes
L2_inclusive: Yes
L2_prefetching: No

L1 Cache Stats:
L1-Load-Hits:        9226629602   99.49%
L1-Load-Misses:        47111758    0.51%
L1-Load-Accesses:    9273741360  100.00%

L1-Store-Hits:        4831790541   99.82%
L1-Store-Misses:         8714096    0.18%
L1-Store-Accesses:    4840504637  100.00%

L1-Total-Hits:       14058420143   99.60%
L1-Total-Misses:        55825854    0.40%
L1-Total-Accesses:   14114245997  100.00%

L2 Cache Stats:
L2-Load-Hits:          43665312   92.68%
L2-Load-Misses:         3446446    7.32%
L2-Load-Accesses:      47111758  100.00%

L2-Store-Hits:           7675563   88.08%
L2-Store-Misses:         1038533   11.92%
L2-Store-Accesses:       8714096  100.00%

L2-Total-Hits:          51340875   91.97%
L2-Total-Misses:         4484979    8.03%
L2-Total-Accesses:      55825854  100.00%

