--------
Total Statistics
--------
Total Instructions: 32216352829
Total Cycles: 49074396706
IPC: 0.65648

--------
Single level Tlb hierarchy
--------
  Data Tlb:
    Entries:          64
    Page Size(B):   4096
    Associativity:      4

Latencies:    0   50
Tlb-Sets:   16 - LRU - assoc:   4

Tlb Stats:
Tlb-Load-Hits:        9261354400   99.87%
Tlb-Load-Misses:        12386960    0.13%
Tlb-Load-Accesses:    9273741360  100.00%

Tlb-Store-Hits:        4836815704   99.92%
Tlb-Store-Misses:         3688933    0.08%
Tlb-Store-Accesses:    4840504637  100.00%

Tlb-Total-Hits:       14098170104   99.89%
Tlb-Total-Misses:        16075893    0.11%
Tlb-Total-Accesses:   14114245997  100.00%



--------
Two level Cache hierarchy
--------
  L1-Data Cache:
    Size(KB):          32
    Block Size(B):     64
    Associativity:      8

  L2-Data Cache:
    Size(KB):        2048
    Block Size(B):     64
    Associativity:     16

Latencies:    1   10  150
L1-Sets:   64 - LRU - assoc:   8
L2-Sets: 2048 - LRU - assoc:  16
Store_allocation: Yes
L2_inclusive: Yes
L2_prefetching: No

L1 Cache Stats:
L1-Load-Hits:        9230955987   99.54%
L1-Load-Misses:        42785373    0.46%
L1-Load-Accesses:    9273741360  100.00%

L1-Store-Hits:        4833055492   99.85%
L1-Store-Misses:         7449145    0.15%
L1-Store-Accesses:    4840504637  100.00%

L1-Total-Hits:       14064011479   99.64%
L1-Total-Misses:        50234518    0.36%
L1-Total-Accesses:   14114245997  100.00%

L2 Cache Stats:
L2-Load-Hits:          36431383   85.15%
L2-Load-Misses:         6353990   14.85%
L2-Load-Accesses:      42785373  100.00%

L2-Store-Hits:           4218748   56.63%
L2-Store-Misses:         3230397   43.37%
L2-Store-Accesses:       7449145  100.00%

L2-Total-Hits:          40650131   80.92%
L2-Total-Misses:         9584387   19.08%
L2-Total-Accesses:      50234518  100.00%

