--------
Total Statistics
--------
Total Instructions: 32216352854
Total Cycles: 55201749969
IPC: 0.583611

--------
Single level Tlb hierarchy
--------
  Data Tlb:
    Entries:          64
    Page Size(B):   4096
    Associativity:      4

Latencies:    0   50
Tlb-Sets:   16 - LRU - assoc:   4

Tlb Stats:
Tlb-Load-Hits:        9177752894   98.96%
Tlb-Load-Misses:        95988474    1.04%
Tlb-Load-Accesses:    9273741368  100.00%

Tlb-Store-Hits:        4806560306   99.30%
Tlb-Store-Misses:        33944331    0.70%
Tlb-Store-Accesses:    4840504637  100.00%

Tlb-Total-Hits:       13984313200   99.08%
Tlb-Total-Misses:       129932805    0.92%
Tlb-Total-Accesses:   14114246005  100.00%



--------
Two level Cache hierarchy
--------
  L1-Data Cache:
    Size(KB):          32
    Block Size(B):     64
    Associativity:      8

  L2-Data Cache:
    Size(KB):         512
    Block Size(B):    128
    Associativity:      8

Latencies:    1   10  150
L1-Sets:   64 - LRU - assoc:   8
L2-Sets:  512 - LRU - assoc:   8
Store_allocation: Yes
L2_inclusive: Yes
L2_prefetching: No

L1 Cache Stats:
L1-Load-Hits:        9220624687   99.43%
L1-Load-Misses:        53116681    0.57%
L1-Load-Accesses:    9273741368  100.00%

L1-Store-Hits:        4829862897   99.78%
L1-Store-Misses:        10641740    0.22%
L1-Store-Accesses:    4840504637  100.00%

L1-Total-Hits:       14050487584   99.55%
L1-Total-Misses:        63758421    0.45%
L1-Total-Accesses:   14114246005  100.00%

L2 Cache Stats:
L2-Load-Hits:          44087518   83.00%
L2-Load-Misses:         9029163   17.00%
L2-Load-Accesses:      53116681  100.00%

L2-Store-Hits:           8091392   76.03%
L2-Store-Misses:         2550348   23.97%
L2-Store-Accesses:      10641740  100.00%

L2-Total-Hits:          52178910   81.84%
L2-Total-Misses:        11579511   18.16%
L2-Total-Accesses:      63758421  100.00%

