--------
Total Statistics
--------
Total Instructions: 32216352854
Total Cycles: 54691209389
IPC: 0.589059

--------
Single level Tlb hierarchy
--------
  Data Tlb:
    Entries:          64
    Page Size(B):   4096
    Associativity:      4

Latencies:    0   50
Tlb-Sets:   16 - LRU - assoc:   4

Tlb Stats:
Tlb-Load-Hits:        9177724052   98.96%
Tlb-Load-Misses:        96017316    1.04%
Tlb-Load-Accesses:    9273741368  100.00%

Tlb-Store-Hits:        4806541476   99.30%
Tlb-Store-Misses:        33963161    0.70%
Tlb-Store-Accesses:    4840504637  100.00%

Tlb-Total-Hits:       13984265528   99.08%
Tlb-Total-Misses:       129980477    0.92%
Tlb-Total-Accesses:   14114246005  100.00%



--------
Two level Cache hierarchy
--------
  L1-Data Cache:
    Size(KB):          32
    Block Size(B):     64
    Associativity:      8

  L2-Data Cache:
    Size(KB):        1024
    Block Size(B):    128
    Associativity:      8

Latencies:    1   10  150
L1-Sets:   64 - LRU - assoc:   8
L2-Sets: 1024 - LRU - assoc:   8
Store_allocation: Yes
L2_inclusive: Yes
L2_prefetching: No

L1 Cache Stats:
L1-Load-Hits:        9223615186   99.46%
L1-Load-Misses:        50126182    0.54%
L1-Load-Accesses:    9273741368  100.00%

L1-Store-Hits:        4830292976   99.79%
L1-Store-Misses:        10211661    0.21%
L1-Store-Accesses:    4840504637  100.00%

L1-Total-Hits:       14053908162   99.57%
L1-Total-Misses:        60337843    0.43%
L1-Total-Accesses:   14114246005  100.00%

L2 Cache Stats:
L2-Load-Hits:          44006897   87.79%
L2-Load-Misses:         6119285   12.21%
L2-Load-Accesses:      50126182  100.00%

L2-Store-Hits:           7942891   77.78%
L2-Store-Misses:         2268770   22.22%
L2-Store-Accesses:      10211661  100.00%

L2-Total-Hits:          51949788   86.10%
L2-Total-Misses:         8388055   13.90%
L2-Total-Accesses:      60337843  100.00%

