--------
Total Statistics
--------
Total Instructions: 32216352835
Total Cycles: 48861966392
IPC: 0.659334

--------
Single level Tlb hierarchy
--------
  Data Tlb:
    Entries:          64
    Page Size(B):   4096
    Associativity:      4

Latencies:    0   50
Tlb-Sets:   16 - LRU - assoc:   4

Tlb Stats:
Tlb-Load-Hits:        9260714034   99.86%
Tlb-Load-Misses:        13027326    0.14%
Tlb-Load-Accesses:    9273741360  100.00%

Tlb-Store-Hits:        4835694173   99.90%
Tlb-Store-Misses:         4810464    0.10%
Tlb-Store-Accesses:    4840504637  100.00%

Tlb-Total-Hits:       14096408207   99.87%
Tlb-Total-Misses:        17837790    0.13%
Tlb-Total-Accesses:   14114245997  100.00%



--------
Two level Cache hierarchy
--------
  L1-Data Cache:
    Size(KB):         128
    Block Size(B):     64
    Associativity:      8

  L2-Data Cache:
    Size(KB):        1024
    Block Size(B):    128
    Associativity:      8

Latencies:    1   10  150
L1-Sets:  256 - LRU - assoc:   8
L2-Sets: 1024 - LRU - assoc:   8
Store_allocation: Yes
L2_inclusive: Yes
L2_prefetching: No

L1 Cache Stats:
L1-Load-Hits:        9244666734   99.69%
L1-Load-Misses:        29074626    0.31%
L1-Load-Accesses:    9273741360  100.00%

L1-Store-Hits:        4831920432   99.82%
L1-Store-Misses:         8584205    0.18%
L1-Store-Accesses:    4840504637  100.00%

L1-Total-Hits:       14076587166   99.73%
L1-Total-Misses:        37658831    0.27%
L1-Total-Accesses:   14114245997  100.00%

L2 Cache Stats:
L2-Load-Hits:          22928329   78.86%
L2-Load-Misses:         6146297   21.14%
L2-Load-Accesses:      29074626  100.00%

L2-Store-Hits:           6311237   73.52%
L2-Store-Misses:         2272968   26.48%
L2-Store-Accesses:       8584205  100.00%

L2-Total-Hits:          29239566   77.64%
L2-Total-Misses:         8419265   22.36%
L2-Total-Accesses:      37658831  100.00%

