--------
Total Statistics
--------
Total Instructions: 32216352829
Total Cycles: 50300369156
IPC: 0.640479

--------
Single level Tlb hierarchy
--------
  Data Tlb:
    Entries:          64
    Page Size(B):   4096
    Associativity:      4

Latencies:    0   50
Tlb-Sets:   16 - LRU - assoc:   4

Tlb Stats:
Tlb-Load-Hits:        9241019436   99.65%
Tlb-Load-Misses:        32721924    0.35%
Tlb-Load-Accesses:    9273741360  100.00%

Tlb-Store-Hits:        4831494373   99.81%
Tlb-Store-Misses:         9010264    0.19%
Tlb-Store-Accesses:    4840504637  100.00%

Tlb-Total-Hits:       14072513809   99.70%
Tlb-Total-Misses:        41732188    0.30%
Tlb-Total-Accesses:   14114245997  100.00%



--------
Two level Cache hierarchy
--------
  L1-Data Cache:
    Size(KB):          32
    Block Size(B):     64
    Associativity:      4

  L2-Data Cache:
    Size(KB):        1024
    Block Size(B):    128
    Associativity:      8

Latencies:    1   10  150
L1-Sets:  128 - LRU - assoc:   4
L2-Sets: 1024 - LRU - assoc:   8
Store_allocation: Yes
L2_inclusive: Yes
L2_prefetching: No

L1 Cache Stats:
L1-Load-Hits:        9222208570   99.44%
L1-Load-Misses:        51532790    0.56%
L1-Load-Accesses:    9273741360  100.00%

L1-Store-Hits:        4829532319   99.77%
L1-Store-Misses:        10972318    0.23%
L1-Store-Accesses:    4840504637  100.00%

L1-Total-Hits:       14051740889   99.56%
L1-Total-Misses:        62505108    0.44%
L1-Total-Accesses:   14114245997  100.00%

L2 Cache Stats:
L2-Load-Hits:          45414842   88.13%
L2-Load-Misses:         6117948   11.87%
L2-Load-Accesses:      51532790  100.00%

L2-Store-Hits:           8702867   79.32%
L2-Store-Misses:         2269451   20.68%
L2-Store-Accesses:      10972318  100.00%

L2-Total-Hits:          54117709   86.58%
L2-Total-Misses:         8387399   13.42%
L2-Total-Accesses:      62505108  100.00%

