--------
Total Statistics
--------
Total Instructions: 32216352829
Total Cycles: 48698717336
IPC: 0.661544

--------
Single level Tlb hierarchy
--------
  Data Tlb:
    Entries:          64
    Page Size(B):   4096
    Associativity:      4

Latencies:    0   50
Tlb-Sets:   16 - LRU - assoc:   4

Tlb Stats:
Tlb-Load-Hits:        9261270989   99.87%
Tlb-Load-Misses:        12470371    0.13%
Tlb-Load-Accesses:    9273741360  100.00%

Tlb-Store-Hits:        4836853142   99.92%
Tlb-Store-Misses:         3651495    0.08%
Tlb-Store-Accesses:    4840504637  100.00%

Tlb-Total-Hits:       14098124131   99.89%
Tlb-Total-Misses:        16121866    0.11%
Tlb-Total-Accesses:   14114245997  100.00%



--------
Two level Cache hierarchy
--------
  L1-Data Cache:
    Size(KB):          64
    Block Size(B):    128
    Associativity:      8

  L2-Data Cache:
    Size(KB):        1024
    Block Size(B):    128
    Associativity:      8

Latencies:    1   10  150
L1-Sets:   64 - LRU - assoc:   8
L2-Sets: 1024 - LRU - assoc:   8
Store_allocation: Yes
L2_inclusive: Yes
L2_prefetching: No

L1 Cache Stats:
L1-Load-Hits:        9248258423   99.73%
L1-Load-Misses:        25482937    0.27%
L1-Load-Accesses:    9273741360  100.00%

L1-Store-Hits:        4835949438   99.91%
L1-Store-Misses:         4555199    0.09%
L1-Store-Accesses:    4840504637  100.00%

L1-Total-Hits:       14084207861   99.79%
L1-Total-Misses:        30038136    0.21%
L1-Total-Accesses:   14114245997  100.00%

L2 Cache Stats:
L2-Load-Hits:          19345517   75.92%
L2-Load-Misses:         6137420   24.08%
L2-Load-Accesses:      25482937  100.00%

L2-Store-Hits:           2281660   50.09%
L2-Store-Misses:         2273539   49.91%
L2-Store-Accesses:       4555199  100.00%

L2-Total-Hits:          21627177   72.00%
L2-Total-Misses:         8410959   28.00%
L2-Total-Accesses:      30038136  100.00%

