--------
Total Statistics
--------
Total Instructions: 17762792384
Total Cycles: 54580577706
IPC: 0.325442

--------
Single level Tlb hierarchy
--------
  Data Tlb:
    Entries:          64
    Page Size(B):   4096
    Associativity:     64

Latencies:    0   50
Tlb-Sets:    1 - LRU - assoc:  64

Tlb Stats:
Tlb-Load-Hits:        2975507730   98.90%
Tlb-Load-Misses:        33136324    1.10%
Tlb-Load-Accesses:    3008644054  100.00%

Tlb-Store-Hits:          85631293   99.88%
Tlb-Store-Misses:           99795    0.12%
Tlb-Store-Accesses:      85731088  100.00%

Tlb-Total-Hits:        3061139023   98.93%
Tlb-Total-Misses:        33236119    1.07%
Tlb-Total-Accesses:    3094375142  100.00%



--------
Two level Cache hierarchy
--------
  L1-Data Cache:
    Size(KB):          32
    Block Size(B):     64
    Associativity:      8

  L2-Data Cache:
    Size(KB):        1024
    Block Size(B):    128
    Associativity:      8

Latencies:    1   10  150
L1-Sets:   64 - LRU - assoc:   8
L2-Sets: 1024 - LRU - assoc:   8
Store_allocation: Yes
L2_inclusive: Yes
L2_prefetching: No

L1 Cache Stats:
L1-Load-Hits:        2497943303   83.03%
L1-Load-Misses:       510700751   16.97%
L1-Load-Accesses:    3008644054  100.00%

L1-Store-Hits:          83710626   97.64%
L1-Store-Misses:         2020462    2.36%
L1-Store-Accesses:      85731088  100.00%

L1-Total-Hits:        2581653929   83.43%
L1-Total-Misses:       512721213   16.57%
L1-Total-Accesses:    3094375142  100.00%

L2 Cache Stats:
L2-Load-Hits:         331614201   64.93%
L2-Load-Misses:       179086550   35.07%
L2-Load-Accesses:     510700751  100.00%

L2-Store-Hits:           1544398   76.44%
L2-Store-Misses:          476064   23.56%
L2-Store-Accesses:       2020462  100.00%

L2-Total-Hits:         333158599   64.98%
L2-Total-Misses:       179562614   35.02%
L2-Total-Accesses:     512721213  100.00%

