--------
Total Statistics
--------
Total Instructions: 17762792384
Total Cycles: 55417148416
IPC: 0.320529

--------
Single level Tlb hierarchy
--------
  Data Tlb:
    Entries:          16
    Page Size(B):   4096
    Associativity:      4

Latencies:    0   50
Tlb-Sets:    4 - LRU - assoc:   4

Tlb Stats:
Tlb-Load-Hits:        2961082684   98.42%
Tlb-Load-Misses:        47561370    1.58%
Tlb-Load-Accesses:    3008644054  100.00%

Tlb-Store-Hits:          84711196   98.81%
Tlb-Store-Misses:         1019892    1.19%
Tlb-Store-Accesses:      85731088  100.00%

Tlb-Total-Hits:        3045793880   98.43%
Tlb-Total-Misses:        48581262    1.57%
Tlb-Total-Accesses:    3094375142  100.00%



--------
Two level Cache hierarchy
--------
  L1-Data Cache:
    Size(KB):          32
    Block Size(B):     64
    Associativity:      8

  L2-Data Cache:
    Size(KB):        1024
    Block Size(B):    128
    Associativity:      8

Latencies:    1   10  150
L1-Sets:   64 - LRU - assoc:   8
L2-Sets: 1024 - LRU - assoc:   8
Store_allocation: Yes
L2_inclusive: Yes
L2_prefetching: No

L1 Cache Stats:
L1-Load-Hits:        2490848412   82.79%
L1-Load-Misses:       517795642   17.21%
L1-Load-Accesses:    3008644054  100.00%

L1-Store-Hits:          83705846   97.64%
L1-Store-Misses:         2025242    2.36%
L1-Store-Accesses:      85731088  100.00%

L1-Total-Hits:        2574554258   83.20%
L1-Total-Misses:       519820884   16.80%
L1-Total-Accesses:    3094375142  100.00%

L2 Cache Stats:
L2-Load-Hits:         338725019   65.42%
L2-Load-Misses:       179070623   34.58%
L2-Load-Accesses:     517795642  100.00%

L2-Store-Hits:           1544472   76.26%
L2-Store-Misses:          480770   23.74%
L2-Store-Accesses:       2025242  100.00%

L2-Total-Hits:         340269491   65.46%
L2-Total-Misses:       179551393   34.54%
L2-Total-Accesses:     519820884  100.00%

