--------
Total Statistics
--------
Total Instructions: 10948989397
Total Cycles: 15907762140
IPC: 0.68828

--------
Single level Tlb hierarchy
--------
  Data Tlb:
    Entries:          64
    Page Size(B):   4096
    Associativity:      4

Latencies:    0   50
Tlb-Sets:   16 - LRU - assoc:   4

Tlb Stats:
Tlb-Load-Hits:        2284094417   99.38%
Tlb-Load-Misses:        14187521    0.62%
Tlb-Load-Accesses:    2298281938  100.00%

Tlb-Store-Hits:         591933362   99.94%
Tlb-Store-Misses:          347553    0.06%
Tlb-Store-Accesses:     592280915  100.00%

Tlb-Total-Hits:        2876027779   99.50%
Tlb-Total-Misses:        14535074    0.50%
Tlb-Total-Accesses:    2890562853  100.00%



--------
Two level Cache hierarchy
--------
  L1-Data Cache:
    Size(KB):          32
    Block Size(B):     64
    Associativity:      8

  L2-Data Cache:
    Size(KB):        1024
    Block Size(B):    128
    Associativity:      8

Latencies:    1   10  150
L1-Sets:   64 - LRU - assoc:   8
L2-Sets: 1024 - LRU - assoc:   8
Store_allocation: Yes
L2_inclusive: Yes
L2_prefetching: Yes (  1)

L1 Cache Stats:
L1-Load-Hits:        2186680099   95.14%
L1-Load-Misses:       111601839    4.86%
L1-Load-Accesses:    2298281938  100.00%

L1-Store-Hits:         585980185   98.94%
L1-Store-Misses:         6300730    1.06%
L1-Store-Accesses:     592280915  100.00%

L1-Total-Hits:        2772660284   95.92%
L1-Total-Misses:       117902569    4.08%
L1-Total-Accesses:    2890562853  100.00%

L2 Cache Stats:
L2-Load-Hits:         111021013   99.48%
L2-Load-Misses:          580826    0.52%
L2-Load-Accesses:     111601839  100.00%

L2-Store-Hits:           5798686   92.03%
L2-Store-Misses:          502044    7.97%
L2-Store-Accesses:       6300730  100.00%

L2-Total-Hits:         116819699   99.08%
L2-Total-Misses:         1082870    0.92%
L2-Total-Accesses:     117902569  100.00%

