--------
Total Statistics
--------
Total Instructions: 10948989397
Total Cycles: 15885119430
IPC: 0.689261

--------
Single level Tlb hierarchy
--------
  Data Tlb:
    Entries:          64
    Page Size(B):   4096
    Associativity:      4

Latencies:    0   50
Tlb-Sets:   16 - LRU - assoc:   4

Tlb Stats:
Tlb-Load-Hits:        2284582079   99.40%
Tlb-Load-Misses:        13699859    0.60%
Tlb-Load-Accesses:    2298281938  100.00%

Tlb-Store-Hits:         591933723   99.94%
Tlb-Store-Misses:          347192    0.06%
Tlb-Store-Accesses:     592280915  100.00%

Tlb-Total-Hits:        2876515802   99.51%
Tlb-Total-Misses:        14047051    0.49%
Tlb-Total-Accesses:    2890562853  100.00%



--------
Two level Cache hierarchy
--------
  L1-Data Cache:
    Size(KB):          32
    Block Size(B):     64
    Associativity:      8

  L2-Data Cache:
    Size(KB):        1024
    Block Size(B):    128
    Associativity:      8

Latencies:    1   10  150
L1-Sets:   64 - LRU - assoc:   8
L2-Sets: 1024 - LRU - assoc:   8
Store_allocation: Yes
L2_inclusive: Yes
L2_prefetching: Yes ( 32)

L1 Cache Stats:
L1-Load-Hits:        2186546890   95.14%
L1-Load-Misses:       111735048    4.86%
L1-Load-Accesses:    2298281938  100.00%

L1-Store-Hits:         585880565   98.92%
L1-Store-Misses:         6400350    1.08%
L1-Store-Accesses:     592280915  100.00%

L1-Total-Hits:        2772427455   95.91%
L1-Total-Misses:       118135398    4.09%
L1-Total-Accesses:    2890562853  100.00%

L2 Cache Stats:
L2-Load-Hits:         111157860   99.48%
L2-Load-Misses:          577188    0.52%
L2-Load-Accesses:     111735048  100.00%

L2-Store-Hits:           5898467   92.16%
L2-Store-Misses:          501883    7.84%
L2-Store-Accesses:       6400350  100.00%

L2-Total-Hits:         117056327   99.09%
L2-Total-Misses:         1079071    0.91%
L2-Total-Accesses:     118135398  100.00%

