--------
Total Statistics
--------
Total Instructions: 1516636512
Total Cycles: 8977319296
IPC: 0.168941

--------
Single level Tlb hierarchy
--------
  Data Tlb:
    Entries:         128
    Page Size(B):   4096
    Associativity:      4

Latencies:    0   50
Tlb-Sets:   32 - LRU - assoc:   4

Tlb Stats:
Tlb-Load-Hits:         250351600   88.72%
Tlb-Load-Misses:        31817680   11.28%
Tlb-Load-Accesses:     282169280  100.00%

Tlb-Store-Hits:          76434031   99.93%
Tlb-Store-Misses:           57063    0.07%
Tlb-Store-Accesses:      76491094  100.00%

Tlb-Total-Hits:         326785631   91.11%
Tlb-Total-Misses:        31874743    8.89%
Tlb-Total-Accesses:     358660374  100.00%



--------
Two level Cache hierarchy
--------
  L1-Data Cache:
    Size(KB):          32
    Block Size(B):     64
    Associativity:      8

  L2-Data Cache:
    Size(KB):        1024
    Block Size(B):    128
    Associativity:      8

Latencies:    1   10  150
L1-Sets:   64 - LRU - assoc:   8
L2-Sets: 1024 - LRU - assoc:   8
Store_allocation: Yes
L2_inclusive: Yes
L2_prefetching: No

L1 Cache Stats:
L1-Load-Hits:         210087895   74.45%
L1-Load-Misses:        72081385   25.55%
L1-Load-Accesses:     282169280  100.00%

L1-Store-Hits:          76481628   99.99%
L1-Store-Misses:            9466    0.01%
L1-Store-Accesses:      76491094  100.00%

L1-Total-Hits:         286569523   79.90%
L1-Total-Misses:        72090851   20.10%
L1-Total-Accesses:     358660374  100.00%

L2 Cache Stats:
L2-Load-Hits:          40167543   55.73%
L2-Load-Misses:        31913842   44.27%
L2-Load-Accesses:      72081385  100.00%

L2-Store-Hits:              7463   78.84%
L2-Store-Misses:            2003   21.16%
L2-Store-Accesses:          9466  100.00%

L2-Total-Hits:          40175006   55.73%
L2-Total-Misses:        31915845   44.27%
L2-Total-Accesses:      72090851  100.00%

