--------
Total Statistics
--------
Total Instructions: 1516636487
Total Cycles: 10418034393
IPC: 0.145578

--------
Single level Tlb hierarchy
--------
  Data Tlb:
    Entries:          32
    Page Size(B):   4096
    Associativity:      4

Latencies:    0   50
Tlb-Sets:    8 - LRU - assoc:   4

Tlb Stats:
Tlb-Load-Hits:         222560160   78.87%
Tlb-Load-Misses:        59609112   21.13%
Tlb-Load-Accesses:     282169272  100.00%

Tlb-Store-Hits:          75410554   98.59%
Tlb-Store-Misses:         1080540    1.41%
Tlb-Store-Accesses:      76491094  100.00%

Tlb-Total-Hits:         297970714   83.08%
Tlb-Total-Misses:        60689652   16.92%
Tlb-Total-Accesses:     358660366  100.00%



--------
Two level Cache hierarchy
--------
  L1-Data Cache:
    Size(KB):          32
    Block Size(B):     64
    Associativity:      8

  L2-Data Cache:
    Size(KB):        1024
    Block Size(B):    128
    Associativity:      8

Latencies:    1   10  150
L1-Sets:   64 - LRU - assoc:   8
L2-Sets: 1024 - LRU - assoc:   8
Store_allocation: Yes
L2_inclusive: Yes
L2_prefetching: No

L1 Cache Stats:
L1-Load-Hits:         210088120   74.45%
L1-Load-Misses:        72081152   25.55%
L1-Load-Accesses:     282169272  100.00%

L1-Store-Hits:          76481697   99.99%
L1-Store-Misses:            9397    0.01%
L1-Store-Accesses:      76491094  100.00%

L1-Total-Hits:         286569817   79.90%
L1-Total-Misses:        72090549   20.10%
L1-Total-Accesses:     358660366  100.00%

L2 Cache Stats:
L2-Load-Hits:          40167561   55.73%
L2-Load-Misses:        31913591   44.27%
L2-Load-Accesses:      72081152  100.00%

L2-Store-Hits:              7325   77.95%
L2-Store-Misses:            2072   22.05%
L2-Store-Accesses:          9397  100.00%

L2-Total-Hits:          40174886   55.73%
L2-Total-Misses:        31915663   44.27%
L2-Total-Accesses:      72090549  100.00%

