--------
Total Statistics
--------
Total Instructions: 1516636487
Total Cycles: 9194798553
IPC: 0.164945

--------
Single level Tlb hierarchy
--------
  Data Tlb:
    Entries:          64
    Page Size(B):   4096
    Associativity:      8

Latencies:    0   50
Tlb-Sets:    8 - LRU - assoc:   8

Tlb Stats:
Tlb-Load-Hits:         246396856   87.32%
Tlb-Load-Misses:        35772416   12.68%
Tlb-Load-Accesses:     282169272  100.00%

Tlb-Store-Hits:          76027618   99.39%
Tlb-Store-Misses:          463476    0.61%
Tlb-Store-Accesses:      76491094  100.00%

Tlb-Total-Hits:         322424474   89.90%
Tlb-Total-Misses:        36235892   10.10%
Tlb-Total-Accesses:     358660366  100.00%



--------
Two level Cache hierarchy
--------
  L1-Data Cache:
    Size(KB):          32
    Block Size(B):     64
    Associativity:      8

  L2-Data Cache:
    Size(KB):        1024
    Block Size(B):    128
    Associativity:      8

Latencies:    1   10  150
L1-Sets:   64 - LRU - assoc:   8
L2-Sets: 1024 - LRU - assoc:   8
Store_allocation: Yes
L2_inclusive: Yes
L2_prefetching: No

L1 Cache Stats:
L1-Load-Hits:         210062115   74.45%
L1-Load-Misses:        72107157   25.55%
L1-Load-Accesses:     282169272  100.00%

L1-Store-Hits:          76481966   99.99%
L1-Store-Misses:            9128    0.01%
L1-Store-Accesses:      76491094  100.00%

L1-Total-Hits:         286544081   79.89%
L1-Total-Misses:        72116285   20.11%
L1-Total-Accesses:     358660366  100.00%

L2 Cache Stats:
L2-Load-Hits:          40198786   55.75%
L2-Load-Misses:        31908371   44.25%
L2-Load-Accesses:      72107157  100.00%

L2-Store-Hits:              7204   78.92%
L2-Store-Misses:            1924   21.08%
L2-Store-Accesses:          9128  100.00%

L2-Total-Hits:          40205990   55.75%
L2-Total-Misses:        31910295   44.25%
L2-Total-Accesses:      72116285  100.00%

