--------
Total Statistics
--------
Total Instructions: 1516636512
Total Cycles: 11537430246
IPC: 0.131454

--------
Single level Tlb hierarchy
--------
  Data Tlb:
    Entries:          16
    Page Size(B):   4096
    Associativity:      4

Latencies:    0   50
Tlb-Sets:    4 - LRU - assoc:   4

Tlb Stats:
Tlb-Load-Hits:         200439174   71.04%
Tlb-Load-Misses:        81730106   28.96%
Tlb-Load-Accesses:     282169280  100.00%

Tlb-Store-Hits:          75132303   98.22%
Tlb-Store-Misses:         1358791    1.78%
Tlb-Store-Accesses:      76491094  100.00%

Tlb-Total-Hits:         275571477   76.83%
Tlb-Total-Misses:        83088897   23.17%
Tlb-Total-Accesses:     358660374  100.00%



--------
Two level Cache hierarchy
--------
  L1-Data Cache:
    Size(KB):          32
    Block Size(B):     64
    Associativity:      8

  L2-Data Cache:
    Size(KB):        1024
    Block Size(B):    128
    Associativity:      8

Latencies:    1   10  150
L1-Sets:   64 - LRU - assoc:   8
L2-Sets: 1024 - LRU - assoc:   8
Store_allocation: Yes
L2_inclusive: Yes
L2_prefetching: No

L1 Cache Stats:
L1-Load-Hits:         210091388   74.46%
L1-Load-Misses:        72077892   25.54%
L1-Load-Accesses:     282169280  100.00%

L1-Store-Hits:          76477285   99.98%
L1-Store-Misses:           13809    0.02%
L1-Store-Accesses:      76491094  100.00%

L1-Total-Hits:         286568673   79.90%
L1-Total-Misses:        72091701   20.10%
L1-Total-Accesses:     358660374  100.00%

L2 Cache Stats:
L2-Load-Hits:          40167683   55.73%
L2-Load-Misses:        31910209   44.27%
L2-Load-Accesses:      72077892  100.00%

L2-Store-Hits:             12208   88.41%
L2-Store-Misses:            1601   11.59%
L2-Store-Accesses:         13809  100.00%

L2-Total-Hits:          40179891   55.73%
L2-Total-Misses:        31911810   44.27%
L2-Total-Accesses:      72091701  100.00%

