--------
Total Statistics
--------
Total Instructions: 2235776094
Total Cycles: 4952787303
IPC: 0.451418

--------
Single level Tlb hierarchy
--------
  Data Tlb:
    Entries:          64
    Page Size(B):   4096
    Associativity:      4

Latencies:    0   50
Tlb-Sets:   16 - LRU - assoc:   4

Tlb Stats:
Tlb-Load-Hits:         563124105   94.17%
Tlb-Load-Misses:        34833225    5.83%
Tlb-Load-Accesses:     597957330  100.00%

Tlb-Store-Hits:         126179307   99.67%
Tlb-Store-Misses:          421102    0.33%
Tlb-Store-Accesses:     126600409  100.00%

Tlb-Total-Hits:         689303412   95.13%
Tlb-Total-Misses:        35254327    4.87%
Tlb-Total-Accesses:     724557739  100.00%



--------
Two level Cache hierarchy
--------
  L1-Data Cache:
    Size(KB):          64
    Block Size(B):    128
    Associativity:      8

  L2-Data Cache:
    Size(KB):        1024
    Block Size(B):    128
    Associativity:      8

Latencies:    1   10  150
L1-Sets:   64 - LRU - assoc:   8
L2-Sets: 1024 - LRU - assoc:   8
Store_allocation: Yes
L2_inclusive: Yes
L2_prefetching: No

L1 Cache Stats:
L1-Load-Hits:         596726678   99.79%
L1-Load-Misses:         1230652    0.21%
L1-Load-Accesses:     597957330  100.00%

L1-Store-Hits:         126395204   99.84%
L1-Store-Misses:          205205    0.16%
L1-Store-Accesses:     126600409  100.00%

L1-Total-Hits:         723121882   99.80%
L1-Total-Misses:         1435857    0.20%
L1-Total-Accesses:     724557739  100.00%

L2 Cache Stats:
L2-Load-Hits:                 0    0.00%
L2-Load-Misses:         1230652  100.00%
L2-Load-Accesses:       1230652  100.00%

L2-Store-Hits:                 0    0.00%
L2-Store-Misses:          205205  100.00%
L2-Store-Accesses:        205205  100.00%

L2-Total-Hits:                 0    0.00%
L2-Total-Misses:         1435857  100.00%
L2-Total-Accesses:       1435857  100.00%

