--------
Total Statistics
--------
Total Instructions: 2235776119
Total Cycles: 4981461616
IPC: 0.448819

--------
Single level Tlb hierarchy
--------
  Data Tlb:
    Entries:          64
    Page Size(B):   4096
    Associativity:      4

Latencies:    0   50
Tlb-Sets:   16 - LRU - assoc:   4

Tlb Stats:
Tlb-Load-Hits:         563124113   94.17%
Tlb-Load-Misses:        34833225    5.83%
Tlb-Load-Accesses:     597957338  100.00%

Tlb-Store-Hits:         126179306   99.67%
Tlb-Store-Misses:          421103    0.33%
Tlb-Store-Accesses:     126600409  100.00%

Tlb-Total-Hits:         689303419   95.13%
Tlb-Total-Misses:        35254328    4.87%
Tlb-Total-Accesses:     724557747  100.00%



--------
Two level Cache hierarchy
--------
  L1-Data Cache:
    Size(KB):          32
    Block Size(B):     64
    Associativity:      8

  L2-Data Cache:
    Size(KB):        1024
    Block Size(B):    128
    Associativity:      8

Latencies:    1   10  150
L1-Sets:   64 - LRU - assoc:   8
L2-Sets: 1024 - LRU - assoc:   8
Store_allocation: Yes
L2_inclusive: Yes
L2_prefetching: No

L1 Cache Stats:
L1-Load-Hits:         594254240   99.38%
L1-Load-Misses:         3703098    0.62%
L1-Load-Accesses:     597957338  100.00%

L1-Store-Hits:         125974562   99.51%
L1-Store-Misses:          625847    0.49%
L1-Store-Accesses:     126600409  100.00%

L1-Total-Hits:         720228802   99.40%
L1-Total-Misses:         4328945    0.60%
L1-Total-Accesses:     724557747  100.00%

L2 Cache Stats:
L2-Load-Hits:           2473860   66.81%
L2-Load-Misses:         1229238   33.19%
L2-Load-Accesses:       3703098  100.00%

L2-Store-Hits:            420939   67.26%
L2-Store-Misses:          204908   32.74%
L2-Store-Accesses:        625847  100.00%

L2-Total-Hits:           2894799   66.87%
L2-Total-Misses:         1434146   33.13%
L2-Total-Accesses:       4328945  100.00%

