--------
Total Statistics
--------
Total Instructions: 2235776094
Total Cycles: 5009957153
IPC: 0.446267

--------
Single level Tlb hierarchy
--------
  Data Tlb:
    Entries:          64
    Page Size(B):   4096
    Associativity:      4

Latencies:    0   50
Tlb-Sets:   16 - LRU - assoc:   4

Tlb Stats:
Tlb-Load-Hits:         563124104   94.17%
Tlb-Load-Misses:        34833226    5.83%
Tlb-Load-Accesses:     597957330  100.00%

Tlb-Store-Hits:         126179307   99.67%
Tlb-Store-Misses:          421102    0.33%
Tlb-Store-Accesses:     126600409  100.00%

Tlb-Total-Hits:         689303411   95.13%
Tlb-Total-Misses:        35254328    4.87%
Tlb-Total-Accesses:     724557739  100.00%



--------
Two level Cache hierarchy
--------
  L1-Data Cache:
    Size(KB):         128
    Block Size(B):     32
    Associativity:      8

  L2-Data Cache:
    Size(KB):        1024
    Block Size(B):    128
    Associativity:      8

Latencies:    1   10  150
L1-Sets:  512 - LRU - assoc:   8
L2-Sets: 1024 - LRU - assoc:   8
Store_allocation: Yes
L2_inclusive: Yes
L2_prefetching: No

L1 Cache Stats:
L1-Load-Hits:         591800362   98.97%
L1-Load-Misses:         6156968    1.03%
L1-Load-Accesses:     597957330  100.00%

L1-Store-Hits:         125572920   99.19%
L1-Store-Misses:         1027489    0.81%
L1-Store-Accesses:     126600409  100.00%

L1-Total-Hits:         717373282   99.01%
L1-Total-Misses:         7184457    0.99%
L1-Total-Accesses:     724557739  100.00%

L2 Cache Stats:
L2-Load-Hits:           4928126   80.04%
L2-Load-Misses:         1228842   19.96%
L2-Load-Accesses:       6156968  100.00%

L2-Store-Hits:            822582   80.06%
L2-Store-Misses:          204907   19.94%
L2-Store-Accesses:       1027489  100.00%

L2-Total-Hits:           5750708   80.04%
L2-Total-Misses:         1433749   19.96%
L2-Total-Accesses:       7184457  100.00%

