--------
Total Statistics
--------
Total Instructions: 8308509622
Total Cycles: 11980859907
IPC: 0.693482

--------
Single level Tlb hierarchy
--------
  Data Tlb:
    Entries:          64
    Page Size(B):   4096
    Associativity:     16

Latencies:    0   50
Tlb-Sets:    4 - LRU - assoc:  16

Tlb Stats:
Tlb-Load-Hits:        1869926688   99.97%
Tlb-Load-Misses:          540423    0.03%
Tlb-Load-Accesses:    1870467111  100.00%

Tlb-Store-Hits:         183336849   99.85%
Tlb-Store-Misses:          279845    0.15%
Tlb-Store-Accesses:     183616694  100.00%

Tlb-Total-Hits:        2053263537   99.96%
Tlb-Total-Misses:          820268    0.04%
Tlb-Total-Accesses:    2054083805  100.00%



--------
Two level Cache hierarchy
--------
  L1-Data Cache:
    Size(KB):          32
    Block Size(B):     64
    Associativity:      8

  L2-Data Cache:
    Size(KB):        1024
    Block Size(B):    128
    Associativity:      8

Latencies:    1   10  150
L1-Sets:   64 - LRU - assoc:   8
L2-Sets: 1024 - LRU - assoc:   8
Store_allocation: Yes
L2_inclusive: Yes
L2_prefetching: No

L1 Cache Stats:
L1-Load-Hits:        1848486446   98.82%
L1-Load-Misses:        21980665    1.18%
L1-Load-Accesses:    1870467111  100.00%

L1-Store-Hits:         178119271   97.01%
L1-Store-Misses:         5497423    2.99%
L1-Store-Accesses:     183616694  100.00%

L1-Total-Hits:        2026605717   98.66%
L1-Total-Misses:        27478088    1.34%
L1-Total-Accesses:    2054083805  100.00%

L2 Cache Stats:
L2-Load-Hits:          16016427   72.87%
L2-Load-Misses:         5964238   27.13%
L2-Load-Accesses:      21980665  100.00%

L2-Store-Hits:           2778513   50.54%
L2-Store-Misses:         2718910   49.46%
L2-Store-Accesses:       5497423  100.00%

L2-Total-Hits:          18794940   68.40%
L2-Total-Misses:         8683148   31.60%
L2-Total-Accesses:      27478088  100.00%

