--------
Total Statistics
--------
Total Instructions: 8308509597
Total Cycles: 12013762514
IPC: 0.691583

--------
Single level Tlb hierarchy
--------
  Data Tlb:
    Entries:          64
    Page Size(B):   4096
    Associativity:      2

Latencies:    0   50
Tlb-Sets:   32 - LRU - assoc:   2

Tlb Stats:
Tlb-Load-Hits:        1869267703   99.94%
Tlb-Load-Misses:         1199400    0.06%
Tlb-Load-Accesses:    1870467103  100.00%

Tlb-Store-Hits:         183329425   99.84%
Tlb-Store-Misses:          287269    0.16%
Tlb-Store-Accesses:     183616694  100.00%

Tlb-Total-Hits:        2052597128   99.93%
Tlb-Total-Misses:         1486669    0.07%
Tlb-Total-Accesses:    2054083797  100.00%



--------
Two level Cache hierarchy
--------
  L1-Data Cache:
    Size(KB):          32
    Block Size(B):     64
    Associativity:      8

  L2-Data Cache:
    Size(KB):        1024
    Block Size(B):    128
    Associativity:      8

Latencies:    1   10  150
L1-Sets:   64 - LRU - assoc:   8
L2-Sets: 1024 - LRU - assoc:   8
Store_allocation: Yes
L2_inclusive: Yes
L2_prefetching: No

L1 Cache Stats:
L1-Load-Hits:        1848524675   98.83%
L1-Load-Misses:        21942428    1.17%
L1-Load-Accesses:    1870467103  100.00%

L1-Store-Hits:         178122055   97.01%
L1-Store-Misses:         5494639    2.99%
L1-Store-Accesses:     183616694  100.00%

L1-Total-Hits:        2026646730   98.66%
L1-Total-Misses:        27437067    1.34%
L1-Total-Accesses:    2054083797  100.00%

L2 Cache Stats:
L2-Load-Hits:          15978312   72.82%
L2-Load-Misses:         5964116   27.18%
L2-Load-Accesses:      21942428  100.00%

L2-Store-Hits:           2775655   50.52%
L2-Store-Misses:         2718984   49.48%
L2-Store-Accesses:       5494639  100.00%

L2-Total-Hits:          18753967   68.35%
L2-Total-Misses:         8683100   31.65%
L2-Total-Accesses:      27437067  100.00%

