--------
Total Statistics
--------
Total Instructions: 17762792384
Total Cycles: 40486197526
IPC: 0.438737

--------
Single level Tlb hierarchy
--------
  Data Tlb:
    Entries:          64
    Page Size(B):   4096
    Associativity:      4

Latencies:    0   50
Tlb-Sets:   16 - LRU - assoc:   4

Tlb Stats:
Tlb-Load-Hits:        2975282722   98.89%
Tlb-Load-Misses:        33361332    1.11%
Tlb-Load-Accesses:    3008644054  100.00%

Tlb-Store-Hits:          85588440   99.83%
Tlb-Store-Misses:          142648    0.17%
Tlb-Store-Accesses:      85731088  100.00%

Tlb-Total-Hits:        3060871162   98.92%
Tlb-Total-Misses:        33503980    1.08%
Tlb-Total-Accesses:    3094375142  100.00%



--------
Two level Cache hierarchy
--------
  L1-Data Cache:
    Size(KB):          32
    Block Size(B):     64
    Associativity:      8

  L2-Data Cache:
    Size(KB):        1024
    Block Size(B):    256
    Associativity:     16

Latencies:    1   10  150
L1-Sets:   64 - LRU - assoc:   8
L2-Sets:  256 - LRU - assoc:  16
Store_allocation: Yes
L2_inclusive: Yes
L2_prefetching: No

L1 Cache Stats:
L1-Load-Hits:        2562264370   85.16%
L1-Load-Misses:       446379684   14.84%
L1-Load-Accesses:    3008644054  100.00%

L1-Store-Hits:          84218367   98.24%
L1-Store-Misses:         1512721    1.76%
L1-Store-Accesses:      85731088  100.00%

L1-Total-Hits:        2646482737   85.53%
L1-Total-Misses:       447892405   14.47%
L1-Total-Accesses:    3094375142  100.00%

L2 Cache Stats:
L2-Load-Hits:         356788595   79.93%
L2-Load-Misses:        89591089   20.07%
L2-Load-Accesses:     446379684  100.00%

L2-Store-Hits:           1271097   84.03%
L2-Store-Misses:          241624   15.97%
L2-Store-Accesses:       1512721  100.00%

L2-Total-Hits:         358059692   79.94%
L2-Total-Misses:        89832713   20.06%
L2-Total-Accesses:     447892405  100.00%

