--------
Total Statistics
--------
Total Instructions: 17762792384
Total Cycles: 75957737806
IPC: 0.233851

--------
Single level Tlb hierarchy
--------
  Data Tlb:
    Entries:          64
    Page Size(B):   4096
    Associativity:      4

Latencies:    0   50
Tlb-Sets:   16 - LRU - assoc:   4

Tlb Stats:
Tlb-Load-Hits:        2975229889   98.89%
Tlb-Load-Misses:        33414165    1.11%
Tlb-Load-Accesses:    3008644054  100.00%

Tlb-Store-Hits:          85569875   99.81%
Tlb-Store-Misses:          161213    0.19%
Tlb-Store-Accesses:      85731088  100.00%

Tlb-Total-Hits:        3060799764   98.91%
Tlb-Total-Misses:        33575378    1.09%
Tlb-Total-Accesses:    3094375142  100.00%



--------
Two level Cache hierarchy
--------
  L1-Data Cache:
    Size(KB):          32
    Block Size(B):     64
    Associativity:      8

  L2-Data Cache:
    Size(KB):        1024
    Block Size(B):     64
    Associativity:      8

Latencies:    1   10  150
L1-Sets:   64 - LRU - assoc:   8
L2-Sets: 2048 - LRU - assoc:   8
Store_allocation: Yes
L2_inclusive: Yes
L2_prefetching: No

L1 Cache Stats:
L1-Load-Hits:        2664419870   88.56%
L1-Load-Misses:       344224184   11.44%
L1-Load-Accesses:    3008644054  100.00%

L1-Store-Hits:          84715414   98.82%
L1-Store-Misses:         1015674    1.18%
L1-Store-Accesses:      85731088  100.00%

L1-Total-Hits:        2749135284   88.84%
L1-Total-Misses:       345239858   11.16%
L1-Total-Accesses:    3094375142  100.00%

L2 Cache Stats:
L2-Load-Hits:          12003032    3.49%
L2-Load-Misses:       332221152   96.51%
L2-Load-Accesses:     344224184  100.00%

L2-Store-Hits:            107474   10.58%
L2-Store-Misses:          908200   89.42%
L2-Store-Accesses:       1015674  100.00%

L2-Total-Hits:          12110506    3.51%
L2-Total-Misses:       333129352   96.49%
L2-Total-Accesses:     345239858  100.00%

