--------
Total Statistics
--------
Total Instructions: 17762792384
Total Cycles: 76886275766
IPC: 0.231027

--------
Single level Tlb hierarchy
--------
  Data Tlb:
    Entries:          64
    Page Size(B):   4096
    Associativity:      4

Latencies:    0   50
Tlb-Sets:   16 - LRU - assoc:   4

Tlb Stats:
Tlb-Load-Hits:        2975286305   98.89%
Tlb-Load-Misses:        33357749    1.11%
Tlb-Load-Accesses:    3008644054  100.00%

Tlb-Store-Hits:          85587156   99.83%
Tlb-Store-Misses:          143932    0.17%
Tlb-Store-Accesses:      85731088  100.00%

Tlb-Total-Hits:        3060873461   98.92%
Tlb-Total-Misses:        33501681    1.08%
Tlb-Total-Accesses:    3094375142  100.00%



--------
Two level Cache hierarchy
--------
  L1-Data Cache:
    Size(KB):          32
    Block Size(B):     64
    Associativity:      8

  L2-Data Cache:
    Size(KB):         512
    Block Size(B):     64
    Associativity:      8

Latencies:    1   10  150
L1-Sets:   64 - LRU - assoc:   8
L2-Sets: 1024 - LRU - assoc:   8
Store_allocation: Yes
L2_inclusive: Yes
L2_prefetching: No

L1 Cache Stats:
L1-Load-Hits:        2664004588   88.55%
L1-Load-Misses:       344639466   11.45%
L1-Load-Accesses:    3008644054  100.00%

L1-Store-Hits:          84717045   98.82%
L1-Store-Misses:         1014043    1.18%
L1-Store-Accesses:      85731088  100.00%

L1-Total-Hits:        2748721633   88.83%
L1-Total-Misses:       345653509   11.17%
L1-Total-Accesses:    3094375142  100.00%

L2 Cache Stats:
L2-Load-Hits:           6269775    1.82%
L2-Load-Misses:       338369691   98.18%
L2-Load-Accesses:     344639466  100.00%

L2-Store-Hits:             67140    6.62%
L2-Store-Misses:          946903   93.38%
L2-Store-Accesses:       1014043  100.00%

L2-Total-Hits:           6336915    1.83%
L2-Total-Misses:       339316594   98.17%
L2-Total-Accesses:     345653509  100.00%

