--------
Total Statistics
--------
Total Instructions: 17762792384
Total Cycles: 40807283176
IPC: 0.435285

--------
Single level Tlb hierarchy
--------
  Data Tlb:
    Entries:          64
    Page Size(B):   4096
    Associativity:      4

Latencies:    0   50
Tlb-Sets:   16 - LRU - assoc:   4

Tlb Stats:
Tlb-Load-Hits:        2975203238   98.89%
Tlb-Load-Misses:        33440816    1.11%
Tlb-Load-Accesses:    3008644054  100.00%

Tlb-Store-Hits:          85578073   99.82%
Tlb-Store-Misses:          153015    0.18%
Tlb-Store-Accesses:      85731088  100.00%

Tlb-Total-Hits:        3060781311   98.91%
Tlb-Total-Misses:        33593831    1.09%
Tlb-Total-Accesses:    3094375142  100.00%



--------
Two level Cache hierarchy
--------
  L1-Data Cache:
    Size(KB):          32
    Block Size(B):     64
    Associativity:      8

  L2-Data Cache:
    Size(KB):         512
    Block Size(B):    256
    Associativity:      8

Latencies:    1   10  150
L1-Sets:   64 - LRU - assoc:   8
L2-Sets:  256 - LRU - assoc:   8
Store_allocation: Yes
L2_inclusive: Yes
L2_prefetching: No

L1 Cache Stats:
L1-Load-Hits:        2559935827   85.09%
L1-Load-Misses:       448708227   14.91%
L1-Load-Accesses:    3008644054  100.00%

L1-Store-Hits:          84207200   98.22%
L1-Store-Misses:         1523888    1.78%
L1-Store-Accesses:      85731088  100.00%

L1-Total-Hits:        2644143027   85.45%
L1-Total-Misses:       450232115   14.55%
L1-Total-Accesses:    3094375142  100.00%

L2 Cache Stats:
L2-Load-Hits:         357169395   79.60%
L2-Load-Misses:        91538832   20.40%
L2-Load-Accesses:     448708227  100.00%

L2-Store-Hits:           1275367   83.69%
L2-Store-Misses:          248521   16.31%
L2-Store-Accesses:       1523888  100.00%

L2-Total-Hits:         358444762   79.61%
L2-Total-Misses:        91787353   20.39%
L2-Total-Accesses:     450232115  100.00%

