--------
Total Statistics
--------
Total Instructions: 17762792384
Total Cycles: 40551479586
IPC: 0.438031

--------
Single level Tlb hierarchy
--------
  Data Tlb:
    Entries:          64
    Page Size(B):   4096
    Associativity:      4

Latencies:    0   50
Tlb-Sets:   16 - LRU - assoc:   4

Tlb Stats:
Tlb-Load-Hits:        2975305514   98.89%
Tlb-Load-Misses:        33338540    1.11%
Tlb-Load-Accesses:    3008644054  100.00%

Tlb-Store-Hits:          85587471   99.83%
Tlb-Store-Misses:          143617    0.17%
Tlb-Store-Accesses:      85731088  100.00%

Tlb-Total-Hits:        3060892985   98.92%
Tlb-Total-Misses:        33482157    1.08%
Tlb-Total-Accesses:    3094375142  100.00%



--------
Two level Cache hierarchy
--------
  L1-Data Cache:
    Size(KB):          32
    Block Size(B):     64
    Associativity:      8

  L2-Data Cache:
    Size(KB):        1024
    Block Size(B):    256
    Associativity:      8

Latencies:    1   10  150
L1-Sets:   64 - LRU - assoc:   8
L2-Sets:  512 - LRU - assoc:   8
Store_allocation: Yes
L2_inclusive: Yes
L2_prefetching: No

L1 Cache Stats:
L1-Load-Hits:        2555148346   84.93%
L1-Load-Misses:       453495708   15.07%
L1-Load-Accesses:    3008644054  100.00%

L1-Store-Hits:          84214655   98.23%
L1-Store-Misses:         1516433    1.77%
L1-Store-Accesses:      85731088  100.00%

L1-Total-Hits:        2639363001   85.30%
L1-Total-Misses:       455012141   14.70%
L1-Total-Accesses:    3094375142  100.00%

L2 Cache Stats:
L2-Load-Hits:         363938726   80.25%
L2-Load-Misses:        89556982   19.75%
L2-Load-Accesses:     453495708  100.00%

L2-Store-Hits:           1272863   83.94%
L2-Store-Misses:          243570   16.06%
L2-Store-Accesses:       1516433  100.00%

L2-Total-Hits:         365211589   80.26%
L2-Total-Misses:        89800552   19.74%
L2-Total-Accesses:     455012141  100.00%

