--------
Total Statistics
--------
Total Instructions: 17762792409
Total Cycles: 39878123519
IPC: 0.445427

--------
Single level Tlb hierarchy
--------
  Data Tlb:
    Entries:          64
    Page Size(B):   4096
    Associativity:      4

Latencies:    0   50
Tlb-Sets:   16 - LRU - assoc:   4

Tlb Stats:
Tlb-Load-Hits:        2975226935   98.89%
Tlb-Load-Misses:        33417127    1.11%
Tlb-Load-Accesses:    3008644062  100.00%

Tlb-Store-Hits:          85587319   99.83%
Tlb-Store-Misses:          143769    0.17%
Tlb-Store-Accesses:      85731088  100.00%

Tlb-Total-Hits:        3060814254   98.92%
Tlb-Total-Misses:        33560896    1.08%
Tlb-Total-Accesses:    3094375150  100.00%



--------
Two level Cache hierarchy
--------
  L1-Data Cache:
    Size(KB):          32
    Block Size(B):     64
    Associativity:      8

  L2-Data Cache:
    Size(KB):        2048
    Block Size(B):    256
    Associativity:     16

Latencies:    1   10  150
L1-Sets:   64 - LRU - assoc:   8
L2-Sets:  512 - LRU - assoc:  16
Store_allocation: Yes
L2_inclusive: Yes
L2_prefetching: No

L1 Cache Stats:
L1-Load-Hits:        2563071369   85.19%
L1-Load-Misses:       445572693   14.81%
L1-Load-Accesses:    3008644062  100.00%

L1-Store-Hits:          84238535   98.26%
L1-Store-Misses:         1492553    1.74%
L1-Store-Accesses:      85731088  100.00%

L1-Total-Hits:        2647309904   85.55%
L1-Total-Misses:       447065246   14.45%
L1-Total-Accesses:    3094375150  100.00%

L2 Cache Stats:
L2-Load-Hits:         359978392   80.79%
L2-Load-Misses:        85594301   19.21%
L2-Load-Accesses:     445572693  100.00%

L2-Store-Hits:           1271796   85.21%
L2-Store-Misses:          220757   14.79%
L2-Store-Accesses:       1492553  100.00%

L2-Total-Hits:         361250188   80.80%
L2-Total-Misses:        85815058   19.20%
L2-Total-Accesses:     447065246  100.00%

