--------
Total Statistics
--------
Total Instructions: 32216352854
Total Cycles: 53292921549
IPC: 0.604515

--------
Single level Tlb hierarchy
--------
  Data Tlb:
    Entries:          64
    Page Size(B):   4096
    Associativity:      4

Latencies:    0   50
Tlb-Sets:   16 - LRU - assoc:   4

Tlb Stats:
Tlb-Load-Hits:        9182945576   99.02%
Tlb-Load-Misses:        90795792    0.98%
Tlb-Load-Accesses:    9273741368  100.00%

Tlb-Store-Hits:        4822101120   99.62%
Tlb-Store-Misses:        18403517    0.38%
Tlb-Store-Accesses:    4840504637  100.00%

Tlb-Total-Hits:       14005046696   99.23%
Tlb-Total-Misses:       109199309    0.77%
Tlb-Total-Accesses:   14114246005  100.00%



--------
Two level Cache hierarchy
--------
  L1-Data Cache:
    Size(KB):          32
    Block Size(B):     64
    Associativity:      8

  L2-Data Cache:
    Size(KB):        2048
    Block Size(B):    128
    Associativity:     16

Latencies:    1   10  150
L1-Sets:   64 - LRU - assoc:   8
L2-Sets: 1024 - LRU - assoc:  16
Store_allocation: Yes
L2_inclusive: Yes
L2_prefetching: No

L1 Cache Stats:
L1-Load-Hits:        9225660629   99.48%
L1-Load-Misses:        48080739    0.52%
L1-Load-Accesses:    9273741368  100.00%

L1-Store-Hits:        4830873267   99.80%
L1-Store-Misses:         9631370    0.20%
L1-Store-Accesses:    4840504637  100.00%

L1-Total-Hits:       14056533896   99.59%
L1-Total-Misses:        57712109    0.41%
L1-Total-Accesses:   14114246005  100.00%

L2 Cache Stats:
L2-Load-Hits:          43708130   90.91%
L2-Load-Misses:         4372609    9.09%
L2-Load-Accesses:      48080739  100.00%

L2-Store-Hits:           7835738   81.36%
L2-Store-Misses:         1795632   18.64%
L2-Store-Accesses:       9631370  100.00%

L2-Total-Hits:          51543868   89.31%
L2-Total-Misses:         6168241   10.69%
L2-Total-Accesses:      57712109  100.00%

