--------
Total Statistics
--------
Total Instructions: 32216352829
Total Cycles: 49824999386
IPC: 0.64659

--------
Single level Tlb hierarchy
--------
  Data Tlb:
    Entries:          64
    Page Size(B):   4096
    Associativity:      4

Latencies:    0   50
Tlb-Sets:   16 - LRU - assoc:   4

Tlb Stats:
Tlb-Load-Hits:        9243722827   99.68%
Tlb-Load-Misses:        30018533    0.32%
Tlb-Load-Accesses:    9273741360  100.00%

Tlb-Store-Hits:        4831510697   99.81%
Tlb-Store-Misses:         8993940    0.19%
Tlb-Store-Accesses:    4840504637  100.00%

Tlb-Total-Hits:       14075233524   99.72%
Tlb-Total-Misses:        39012473    0.28%
Tlb-Total-Accesses:   14114245997  100.00%



--------
Two level Cache hierarchy
--------
  L1-Data Cache:
    Size(KB):          32
    Block Size(B):     64
    Associativity:      8

  L2-Data Cache:
    Size(KB):        1024
    Block Size(B):    256
    Associativity:     16

Latencies:    1   10  150
L1-Sets:   64 - LRU - assoc:   8
L2-Sets:  256 - LRU - assoc:  16
Store_allocation: Yes
L2_inclusive: Yes
L2_prefetching: No

L1 Cache Stats:
L1-Load-Hits:        9224327959   99.47%
L1-Load-Misses:        49413401    0.53%
L1-Load-Accesses:    9273741360  100.00%

L1-Store-Hits:        4831421937   99.81%
L1-Store-Misses:         9082700    0.19%
L1-Store-Accesses:    4840504637  100.00%

L1-Total-Hits:       14055749896   99.59%
L1-Total-Misses:        58496101    0.41%
L1-Total-Accesses:   14114245997  100.00%

L2 Cache Stats:
L2-Load-Hits:          44252740   89.56%
L2-Load-Misses:         5160661   10.44%
L2-Load-Accesses:      49413401  100.00%

L2-Store-Hits:           7851255   86.44%
L2-Store-Misses:         1231445   13.56%
L2-Store-Accesses:       9082700  100.00%

L2-Total-Hits:          52103995   89.07%
L2-Total-Misses:         6392106   10.93%
L2-Total-Accesses:      58496101  100.00%

