--------
Total Statistics
--------
Total Instructions: 32216352854
Total Cycles: 49812049599
IPC: 0.646758

--------
Single level Tlb hierarchy
--------
  Data Tlb:
    Entries:          64
    Page Size(B):   4096
    Associativity:      4

Latencies:    0   50
Tlb-Sets:   16 - LRU - assoc:   4

Tlb Stats:
Tlb-Load-Hits:        9257466643   99.82%
Tlb-Load-Misses:        16274725    0.18%
Tlb-Load-Accesses:    9273741368  100.00%

Tlb-Store-Hits:        4835039169   99.89%
Tlb-Store-Misses:         5465468    0.11%
Tlb-Store-Accesses:    4840504637  100.00%

Tlb-Total-Hits:       14092505812   99.85%
Tlb-Total-Misses:        21740193    0.15%
Tlb-Total-Accesses:   14114246005  100.00%



--------
Two level Cache hierarchy
--------
  L1-Data Cache:
    Size(KB):          32
    Block Size(B):     64
    Associativity:      8

  L2-Data Cache:
    Size(KB):        1024
    Block Size(B):     64
    Associativity:      8

Latencies:    1   10  150
L1-Sets:   64 - LRU - assoc:   8
L2-Sets: 2048 - LRU - assoc:   8
Store_allocation: Yes
L2_inclusive: Yes
L2_prefetching: No

L1 Cache Stats:
L1-Load-Hits:        9230948181   99.54%
L1-Load-Misses:        42793187    0.46%
L1-Load-Accesses:    9273741368  100.00%

L1-Store-Hits:        4833065200   99.85%
L1-Store-Misses:         7439437    0.15%
L1-Store-Accesses:    4840504637  100.00%

L1-Total-Hits:       14064013381   99.64%
L1-Total-Misses:        50232624    0.36%
L1-Total-Accesses:   14114246005  100.00%

L2 Cache Stats:
L2-Load-Hits:          34414435   80.42%
L2-Load-Misses:         8378752   19.58%
L2-Load-Accesses:      42793187  100.00%

L2-Store-Hits:           3204090   43.07%
L2-Store-Misses:         4235347   56.93%
L2-Store-Accesses:       7439437  100.00%

L2-Total-Hits:          37618525   74.89%
L2-Total-Misses:        12614099   25.11%
L2-Total-Accesses:      50232624  100.00%

