--------
Total Statistics
--------
Total Instructions: 32216352829
Total Cycles: 49051429836
IPC: 0.656787

--------
Single level Tlb hierarchy
--------
  Data Tlb:
    Entries:          64
    Page Size(B):   4096
    Associativity:      4

Latencies:    0   50
Tlb-Sets:   16 - LRU - assoc:   4

Tlb Stats:
Tlb-Load-Hits:        9260657706   99.86%
Tlb-Load-Misses:        13083654    0.14%
Tlb-Load-Accesses:    9273741360  100.00%

Tlb-Store-Hits:        4836399660   99.92%
Tlb-Store-Misses:         4104977    0.08%
Tlb-Store-Accesses:    4840504637  100.00%

Tlb-Total-Hits:       14097057366   99.88%
Tlb-Total-Misses:        17188631    0.12%
Tlb-Total-Accesses:   14114245997  100.00%



--------
Two level Cache hierarchy
--------
  L1-Data Cache:
    Size(KB):          32
    Block Size(B):     64
    Associativity:      8

  L2-Data Cache:
    Size(KB):        1024
    Block Size(B):    128
    Associativity:      8

Latencies:    1   10  150
L1-Sets:   64 - LRU - assoc:   8
L2-Sets: 1024 - LRU - assoc:   8
Store_allocation: Yes
L2_inclusive: Yes
L2_prefetching: No

L1 Cache Stats:
L1-Load-Hits:        9223582708   99.46%
L1-Load-Misses:        50158652    0.54%
L1-Load-Accesses:    9273741360  100.00%

L1-Store-Hits:        4830310688   99.79%
L1-Store-Misses:        10193949    0.21%
L1-Store-Accesses:    4840504637  100.00%

L1-Total-Hits:       14053893396   99.57%
L1-Total-Misses:        60352601    0.43%
L1-Total-Accesses:   14114245997  100.00%

L2 Cache Stats:
L2-Load-Hits:          44040600   87.80%
L2-Load-Misses:         6118052   12.20%
L2-Load-Accesses:      50158652  100.00%

L2-Store-Hits:           7926178   77.75%
L2-Store-Misses:         2267771   22.25%
L2-Store-Accesses:      10193949  100.00%

L2-Total-Hits:          51966778   86.11%
L2-Total-Misses:         8385823   13.89%
L2-Total-Accesses:      60352601  100.00%

