--------
Total Statistics
--------
Total Instructions: 32216352854
Total Cycles: 50991991089
IPC: 0.631792

--------
Single level Tlb hierarchy
--------
  Data Tlb:
    Entries:          64
    Page Size(B):   4096
    Associativity:      4

Latencies:    0   50
Tlb-Sets:   16 - LRU - assoc:   4

Tlb Stats:
Tlb-Load-Hits:        9232906198   99.56%
Tlb-Load-Misses:        40835170    0.44%
Tlb-Load-Accesses:    9273741368  100.00%

Tlb-Store-Hits:        4835810743   99.90%
Tlb-Store-Misses:         4693894    0.10%
Tlb-Store-Accesses:    4840504637  100.00%

Tlb-Total-Hits:       14068716941   99.68%
Tlb-Total-Misses:        45529064    0.32%
Tlb-Total-Accesses:   14114246005  100.00%



--------
Two level Cache hierarchy
--------
  L1-Data Cache:
    Size(KB):          32
    Block Size(B):     64
    Associativity:      8

  L2-Data Cache:
    Size(KB):        1024
    Block Size(B):     64
    Associativity:     16

Latencies:    1   10  150
L1-Sets:   64 - LRU - assoc:   8
L2-Sets: 1024 - LRU - assoc:  16
Store_allocation: Yes
L2_inclusive: Yes
L2_prefetching: No

L1 Cache Stats:
L1-Load-Hits:        9230933225   99.54%
L1-Load-Misses:        42808143    0.46%
L1-Load-Accesses:    9273741368  100.00%

L1-Store-Hits:        4833042477   99.85%
L1-Store-Misses:         7462160    0.15%
L1-Store-Accesses:    4840504637  100.00%

L1-Total-Hits:       14063975702   99.64%
L1-Total-Misses:        50270303    0.36%
L1-Total-Accesses:   14114246005  100.00%

L2 Cache Stats:
L2-Load-Hits:          34517162   80.63%
L2-Load-Misses:         8290981   19.37%
L2-Load-Accesses:      42808143  100.00%

L2-Store-Hits:           3204901   42.95%
L2-Store-Misses:         4257259   57.05%
L2-Store-Accesses:       7462160  100.00%

L2-Total-Hits:          37722063   75.04%
L2-Total-Misses:        12548240   24.96%
L2-Total-Accesses:      50270303  100.00%

