--------
Total Statistics
--------
Total Instructions: 20807584664
Total Cycles: 43174327260
IPC: 0.481943

--------
Single level Tlb hierarchy
--------
  Data Tlb:
    Entries:          64
    Page Size(B):   4096
    Associativity:     64

Latencies:    0   50
Tlb-Sets:    1 - LRU - assoc:  64

Tlb Stats:
Tlb-Load-Hits:        6361333417   99.88%
Tlb-Load-Misses:         7651314    0.12%
Tlb-Load-Accesses:    6368984731  100.00%

Tlb-Store-Hits:        2600330323   99.98%
Tlb-Store-Misses:          586562    0.02%
Tlb-Store-Accesses:    2600916885  100.00%

Tlb-Total-Hits:        8961663740   99.91%
Tlb-Total-Misses:         8237876    0.09%
Tlb-Total-Accesses:    8969901616  100.00%



--------
Two level Cache hierarchy
--------
  L1-Data Cache:
    Size(KB):          32
    Block Size(B):     64
    Associativity:      8

  L2-Data Cache:
    Size(KB):        1024
    Block Size(B):    128
    Associativity:      8

Latencies:    1   10  150
L1-Sets:   64 - LRU - assoc:   8
L2-Sets: 1024 - LRU - assoc:   8
Store_allocation: Yes
L2_inclusive: Yes
L2_prefetching: No

L1 Cache Stats:
L1-Load-Hits:        6147447616   96.52%
L1-Load-Misses:       221537115    3.48%
L1-Load-Accesses:    6368984731  100.00%

L1-Store-Hits:        2581752172   99.26%
L1-Store-Misses:        19164713    0.74%
L1-Store-Accesses:    2600916885  100.00%

L1-Total-Hits:        8729199788   97.32%
L1-Total-Misses:       240701828    2.68%
L1-Total-Accesses:    8969901616  100.00%

L2 Cache Stats:
L2-Load-Hits:         156567246   70.67%
L2-Load-Misses:        64969869   29.33%
L2-Load-Accesses:     221537115  100.00%

L2-Store-Hits:          13615056   71.04%
L2-Store-Misses:         5549657   28.96%
L2-Store-Accesses:      19164713  100.00%

L2-Total-Hits:         170182302   70.70%
L2-Total-Misses:        70519526   29.30%
L2-Total-Accesses:     240701828  100.00%

