--------
Total Statistics
--------
Total Instructions: 20807579194
Total Cycles: 60404832602
IPC: 0.344469

--------
Single level Tlb hierarchy
--------
  Data Tlb:
    Entries:           8
    Page Size(B):   4096
    Associativity:      4

Latencies:    0   50
Tlb-Sets:    2 - LRU - assoc:   4

Tlb Stats:
Tlb-Load-Hits:        6035816017   94.77%
Tlb-Load-Misses:       333167334    5.23%
Tlb-Load-Accesses:    6368983351  100.00%

Tlb-Store-Hits:        2581241653   99.24%
Tlb-Store-Misses:        19674434    0.76%
Tlb-Store-Accesses:    2600916087  100.00%

Tlb-Total-Hits:        8617057670   96.07%
Tlb-Total-Misses:       352841768    3.93%
Tlb-Total-Accesses:    8969899438  100.00%



--------
Two level Cache hierarchy
--------
  L1-Data Cache:
    Size(KB):          32
    Block Size(B):     64
    Associativity:      8

  L2-Data Cache:
    Size(KB):        1024
    Block Size(B):    128
    Associativity:      8

Latencies:    1   10  150
L1-Sets:   64 - LRU - assoc:   8
L2-Sets: 1024 - LRU - assoc:   8
Store_allocation: Yes
L2_inclusive: Yes
L2_prefetching: No

L1 Cache Stats:
L1-Load-Hits:        6147435346   96.52%
L1-Load-Misses:       221548005    3.48%
L1-Load-Accesses:    6368983351  100.00%

L1-Store-Hits:        2581748365   99.26%
L1-Store-Misses:        19167722    0.74%
L1-Store-Accesses:    2600916087  100.00%

L1-Total-Hits:        8729183711   97.32%
L1-Total-Misses:       240715727    2.68%
L1-Total-Accesses:    8969899438  100.00%

L2 Cache Stats:
L2-Load-Hits:         156577265   70.67%
L2-Load-Misses:        64970740   29.33%
L2-Load-Accesses:     221548005  100.00%

L2-Store-Hits:          13617740   71.05%
L2-Store-Misses:         5549982   28.95%
L2-Store-Accesses:      19167722  100.00%

L2-Total-Hits:         170195005   70.70%
L2-Total-Misses:        70520722   29.30%
L2-Total-Accesses:     240715727  100.00%

