--------
Total Statistics
--------
Total Instructions: 20807579394
Total Cycles: 44347753930
IPC: 0.469191

--------
Single level Tlb hierarchy
--------
  Data Tlb:
    Entries:          64
    Page Size(B):   4096
    Associativity:      4

Latencies:    0   50
Tlb-Sets:   16 - LRU - assoc:   4

Tlb Stats:
Tlb-Load-Hits:        6341009912   99.56%
Tlb-Load-Misses:        27973477    0.44%
Tlb-Load-Accesses:    6368983389  100.00%

Tlb-Store-Hits:        2597373047   99.86%
Tlb-Store-Misses:         3543050    0.14%
Tlb-Store-Accesses:    2600916097  100.00%

Tlb-Total-Hits:        8938382959   99.65%
Tlb-Total-Misses:        31516527    0.35%
Tlb-Total-Accesses:    8969899486  100.00%



--------
Two level Cache hierarchy
--------
  L1-Data Cache:
    Size(KB):          32
    Block Size(B):     64
    Associativity:      8

  L2-Data Cache:
    Size(KB):        1024
    Block Size(B):    128
    Associativity:      8

Latencies:    1   10  150
L1-Sets:   64 - LRU - assoc:   8
L2-Sets: 1024 - LRU - assoc:   8
Store_allocation: Yes
L2_inclusive: Yes
L2_prefetching: No

L1 Cache Stats:
L1-Load-Hits:        6146805755   96.51%
L1-Load-Misses:       222177634    3.49%
L1-Load-Accesses:    6368983389  100.00%

L1-Store-Hits:        2581467236   99.25%
L1-Store-Misses:        19448861    0.75%
L1-Store-Accesses:    2600916097  100.00%

L1-Total-Hits:        8728272991   97.31%
L1-Total-Misses:       241626495    2.69%
L1-Total-Accesses:    8969899486  100.00%

L2 Cache Stats:
L2-Load-Hits:         157206021   70.76%
L2-Load-Misses:        64971613   29.24%
L2-Load-Accesses:     222177634  100.00%

L2-Store-Hits:          13899249   71.47%
L2-Store-Misses:         5549612   28.53%
L2-Store-Accesses:      19448861  100.00%

L2-Total-Hits:         171105270   70.81%
L2-Total-Misses:        70521225   29.19%
L2-Total-Accesses:     241626495  100.00%

