--------
Total Statistics
--------
Total Instructions: 6594956433
Total Cycles: 9045606386
IPC: 0.729078

--------
Single level Tlb hierarchy
--------
  Data Tlb:
    Entries:          64
    Page Size(B):   4096
    Associativity:      4

Latencies:    0   50
Tlb-Sets:   16 - LRU - assoc:   4

Tlb Stats:
Tlb-Load-Hits:        1667270256   99.97%
Tlb-Load-Misses:          560665    0.03%
Tlb-Load-Accesses:    1667830921  100.00%

Tlb-Store-Hits:         565379992   99.99%
Tlb-Store-Misses:           52350    0.01%
Tlb-Store-Accesses:     565432342  100.00%

Tlb-Total-Hits:        2232650248   99.97%
Tlb-Total-Misses:          613015    0.03%
Tlb-Total-Accesses:    2233263263  100.00%



--------
Two level Cache hierarchy
--------
  L1-Data Cache:
    Size(KB):          32
    Block Size(B):     64
    Associativity:      8

  L2-Data Cache:
    Size(KB):        1024
    Block Size(B):    128
    Associativity:      8

Latencies:    1   10  150
L1-Sets:   64 - LRU - assoc:   8
L2-Sets: 1024 - LRU - assoc:   8
Store_allocation: Yes
L2_inclusive: Yes
L2_prefetching: Yes (  4)

L1 Cache Stats:
L1-Load-Hits:        1664267054   99.79%
L1-Load-Misses:         3563867    0.21%
L1-Load-Accesses:    1667830921  100.00%

L1-Store-Hits:         564818270   99.89%
L1-Store-Misses:          614072    0.11%
L1-Store-Accesses:     565432342  100.00%

L1-Total-Hits:        2229085324   99.81%
L1-Total-Misses:         4177939    0.19%
L1-Total-Accesses:    2233263263  100.00%

L2 Cache Stats:
L2-Load-Hits:           2792582   78.36%
L2-Load-Misses:          771285   21.64%
L2-Load-Accesses:       3563867  100.00%

L2-Store-Hits:            418980   68.23%
L2-Store-Misses:          195092   31.77%
L2-Store-Accesses:        614072  100.00%

L2-Total-Hits:           3211562   76.87%
L2-Total-Misses:          966377   23.13%
L2-Total-Accesses:       4177939  100.00%

