--------
Total Statistics
--------
Total Instructions: 6594956458
Total Cycles: 9044886469
IPC: 0.729136

--------
Single level Tlb hierarchy
--------
  Data Tlb:
    Entries:          64
    Page Size(B):   4096
    Associativity:      4

Latencies:    0   50
Tlb-Sets:   16 - LRU - assoc:   4

Tlb Stats:
Tlb-Load-Hits:        1667285048   99.97%
Tlb-Load-Misses:          545881    0.03%
Tlb-Load-Accesses:    1667830929  100.00%

Tlb-Store-Hits:         565379137   99.99%
Tlb-Store-Misses:           53205    0.01%
Tlb-Store-Accesses:     565432342  100.00%

Tlb-Total-Hits:        2232664185   99.97%
Tlb-Total-Misses:          599086    0.03%
Tlb-Total-Accesses:    2233263271  100.00%



--------
Two level Cache hierarchy
--------
  L1-Data Cache:
    Size(KB):          32
    Block Size(B):     64
    Associativity:      8

  L2-Data Cache:
    Size(KB):        1024
    Block Size(B):    128
    Associativity:      8

Latencies:    1   10  150
L1-Sets:   64 - LRU - assoc:   8
L2-Sets: 1024 - LRU - assoc:   8
Store_allocation: Yes
L2_inclusive: Yes
L2_prefetching: No

L1 Cache Stats:
L1-Load-Hits:        1664268848   99.79%
L1-Load-Misses:         3562081    0.21%
L1-Load-Accesses:    1667830929  100.00%

L1-Store-Hits:         564808244   99.89%
L1-Store-Misses:          624098    0.11%
L1-Store-Accesses:     565432342  100.00%

L1-Total-Hits:        2229077092   99.81%
L1-Total-Misses:         4186179    0.19%
L1-Total-Accesses:    2233263271  100.00%

L2 Cache Stats:
L2-Load-Hits:           2791491   78.37%
L2-Load-Misses:          770590   21.63%
L2-Load-Accesses:       3562081  100.00%

L2-Store-Hits:            429017   68.74%
L2-Store-Misses:          195081   31.26%
L2-Store-Accesses:        624098  100.00%

L2-Total-Hits:           3220508   76.93%
L2-Total-Misses:          965671   23.07%
L2-Total-Accesses:       4186179  100.00%

