--------
Total Statistics
--------
Total Instructions: 6594956458
Total Cycles: 9045476939
IPC: 0.729089

--------
Single level Tlb hierarchy
--------
  Data Tlb:
    Entries:          64
    Page Size(B):   4096
    Associativity:      4

Latencies:    0   50
Tlb-Sets:   16 - LRU - assoc:   4

Tlb Stats:
Tlb-Load-Hits:        1667271669   99.97%
Tlb-Load-Misses:          559260    0.03%
Tlb-Load-Accesses:    1667830929  100.00%

Tlb-Store-Hits:         565379590   99.99%
Tlb-Store-Misses:           52752    0.01%
Tlb-Store-Accesses:     565432342  100.00%

Tlb-Total-Hits:        2232651259   99.97%
Tlb-Total-Misses:          612012    0.03%
Tlb-Total-Accesses:    2233263271  100.00%



--------
Two level Cache hierarchy
--------
  L1-Data Cache:
    Size(KB):          32
    Block Size(B):     64
    Associativity:      8

  L2-Data Cache:
    Size(KB):        1024
    Block Size(B):    128
    Associativity:      8

Latencies:    1   10  150
L1-Sets:   64 - LRU - assoc:   8
L2-Sets: 1024 - LRU - assoc:   8
Store_allocation: Yes
L2_inclusive: Yes
L2_prefetching: Yes (  2)

L1 Cache Stats:
L1-Load-Hits:        1664247894   99.79%
L1-Load-Misses:         3583035    0.21%
L1-Load-Accesses:    1667830929  100.00%

L1-Store-Hits:         564812056   99.89%
L1-Store-Misses:          620286    0.11%
L1-Store-Accesses:     565432342  100.00%

L1-Total-Hits:        2229059950   99.81%
L1-Total-Misses:         4203321    0.19%
L1-Total-Accesses:    2233263271  100.00%

L2 Cache Stats:
L2-Load-Hits:           2813894   78.53%
L2-Load-Misses:          769141   21.47%
L2-Load-Accesses:       3583035  100.00%

L2-Store-Hits:            425271   68.56%
L2-Store-Misses:          195015   31.44%
L2-Store-Accesses:        620286  100.00%

L2-Total-Hits:           3239165   77.06%
L2-Total-Misses:          964156   22.94%
L2-Total-Accesses:       4203321  100.00%

