--------
Total Statistics
--------
Total Instructions: 2235776119
Total Cycles: 5010160156
IPC: 0.446248

--------
Single level Tlb hierarchy
--------
  Data Tlb:
    Entries:          64
    Page Size(B):   4096
    Associativity:      4

Latencies:    0   50
Tlb-Sets:   16 - LRU - assoc:   4

Tlb Stats:
Tlb-Load-Hits:         563124713   94.17%
Tlb-Load-Misses:        34832625    5.83%
Tlb-Load-Accesses:     597957338  100.00%

Tlb-Store-Hits:         126178807   99.67%
Tlb-Store-Misses:          421602    0.33%
Tlb-Store-Accesses:     126600409  100.00%

Tlb-Total-Hits:         689303520   95.13%
Tlb-Total-Misses:        35254227    4.87%
Tlb-Total-Accesses:     724557747  100.00%



--------
Two level Cache hierarchy
--------
  L1-Data Cache:
    Size(KB):          64
    Block Size(B):     32
    Associativity:      8

  L2-Data Cache:
    Size(KB):        1024
    Block Size(B):    128
    Associativity:      8

Latencies:    1   10  150
L1-Sets:  256 - LRU - assoc:   8
L2-Sets: 1024 - LRU - assoc:   8
Store_allocation: Yes
L2_inclusive: Yes
L2_prefetching: No

L1 Cache Stats:
L1-Load-Hits:         591784519   98.97%
L1-Load-Misses:         6172819    1.03%
L1-Load-Accesses:     597957338  100.00%

L1-Store-Hits:         125567924   99.18%
L1-Store-Misses:         1032485    0.82%
L1-Store-Accesses:     126600409  100.00%

L1-Total-Hits:         717352443   99.01%
L1-Total-Misses:         7205304    0.99%
L1-Total-Accesses:     724557747  100.00%

L2 Cache Stats:
L2-Load-Hits:           4943978   80.09%
L2-Load-Misses:         1228841   19.91%
L2-Load-Accesses:       6172819  100.00%

L2-Store-Hits:            827580   80.15%
L2-Store-Misses:          204905   19.85%
L2-Store-Accesses:       1032485  100.00%

L2-Total-Hits:           5771558   80.10%
L2-Total-Misses:         1433746   19.90%
L2-Total-Accesses:       7205304  100.00%

