--------
Total Statistics
--------
Total Instructions: 2235776119
Total Cycles: 5010302466
IPC: 0.446236

--------
Single level Tlb hierarchy
--------
  Data Tlb:
    Entries:          64
    Page Size(B):   4096
    Associativity:      4

Latencies:    0   50
Tlb-Sets:   16 - LRU - assoc:   4

Tlb Stats:
Tlb-Load-Hits:         563124112   94.17%
Tlb-Load-Misses:        34833226    5.83%
Tlb-Load-Accesses:     597957338  100.00%

Tlb-Store-Hits:         126179007   99.67%
Tlb-Store-Misses:          421402    0.33%
Tlb-Store-Accesses:     126600409  100.00%

Tlb-Total-Hits:         689303119   95.13%
Tlb-Total-Misses:        35254628    4.87%
Tlb-Total-Accesses:     724557747  100.00%



--------
Two level Cache hierarchy
--------
  L1-Data Cache:
    Size(KB):          32
    Block Size(B):     32
    Associativity:      8

  L2-Data Cache:
    Size(KB):        1024
    Block Size(B):    128
    Associativity:      8

Latencies:    1   10  150
L1-Sets:  128 - LRU - assoc:   8
L2-Sets: 1024 - LRU - assoc:   8
Store_allocation: Yes
L2_inclusive: Yes
L2_prefetching: No

L1 Cache Stats:
L1-Load-Hits:         591775269   98.97%
L1-Load-Misses:         6182069    1.03%
L1-Load-Accesses:     597957338  100.00%

L1-Store-Hits:         125564978   99.18%
L1-Store-Misses:         1035431    0.82%
L1-Store-Accesses:     126600409  100.00%

L1-Total-Hits:         717340247   99.00%
L1-Total-Misses:         7217500    1.00%
L1-Total-Accesses:     724557747  100.00%

L2 Cache Stats:
L2-Load-Hits:           4953227   80.12%
L2-Load-Misses:         1228842   19.88%
L2-Load-Accesses:       6182069  100.00%

L2-Store-Hits:            830525   80.21%
L2-Store-Misses:          204906   19.79%
L2-Store-Accesses:       1035431  100.00%

L2-Total-Hits:           5783752   80.14%
L2-Total-Misses:         1433748   19.86%
L2-Total-Accesses:       7217500  100.00%

