--------
Total Statistics
--------
Total Instructions: 2235776094
Total Cycles: 5343610063
IPC: 0.418402

--------
Single level Tlb hierarchy
--------
  Data Tlb:
    Entries:          64
    Page Size(B):   4096
    Associativity:      4

Latencies:    0   50
Tlb-Sets:   16 - LRU - assoc:   4

Tlb Stats:
Tlb-Load-Hits:         563124104   94.17%
Tlb-Load-Misses:        34833226    5.83%
Tlb-Load-Accesses:     597957330  100.00%

Tlb-Store-Hits:         126179307   99.67%
Tlb-Store-Misses:          421102    0.33%
Tlb-Store-Accesses:     126600409  100.00%

Tlb-Total-Hits:         689303411   95.13%
Tlb-Total-Misses:        35254328    4.87%
Tlb-Total-Accesses:     724557739  100.00%



--------
Two level Cache hierarchy
--------
  L1-Data Cache:
    Size(KB):          32
    Block Size(B):     64
    Associativity:      4

  L2-Data Cache:
    Size(KB):        1024
    Block Size(B):    128
    Associativity:      8

Latencies:    1   10  150
L1-Sets:  128 - LRU - assoc:   4
L2-Sets: 1024 - LRU - assoc:   8
Store_allocation: Yes
L2_inclusive: Yes
L2_prefetching: No

L1 Cache Stats:
L1-Load-Hits:         558078649   93.33%
L1-Load-Misses:        39878681    6.67%
L1-Load-Accesses:     597957330  100.00%

L1-Store-Hits:         125929312   99.47%
L1-Store-Misses:          671097    0.53%
L1-Store-Accesses:     126600409  100.00%

L1-Total-Hits:         684007961   94.40%
L1-Total-Misses:        40549778    5.60%
L1-Total-Accesses:     724557739  100.00%

L2 Cache Stats:
L2-Load-Hits:          38649841   96.92%
L2-Load-Misses:         1228840    3.08%
L2-Load-Accesses:      39878681  100.00%

L2-Store-Hits:            466190   69.47%
L2-Store-Misses:          204907   30.53%
L2-Store-Accesses:        671097  100.00%

L2-Total-Hits:          39116031   96.46%
L2-Total-Misses:         1433747    3.54%
L2-Total-Accesses:      40549778  100.00%

