--------
Total Statistics
--------
Total Instructions: 2235776119
Total Cycles: 4981175976
IPC: 0.448845

--------
Single level Tlb hierarchy
--------
  Data Tlb:
    Entries:          64
    Page Size(B):   4096
    Associativity:      4

Latencies:    0   50
Tlb-Sets:   16 - LRU - assoc:   4

Tlb Stats:
Tlb-Load-Hits:         563124713   94.17%
Tlb-Load-Misses:        34832625    5.83%
Tlb-Load-Accesses:     597957338  100.00%

Tlb-Store-Hits:         126178807   99.67%
Tlb-Store-Misses:          421602    0.33%
Tlb-Store-Accesses:     126600409  100.00%

Tlb-Total-Hits:         689303520   95.13%
Tlb-Total-Misses:        35254227    4.87%
Tlb-Total-Accesses:     724557747  100.00%



--------
Two level Cache hierarchy
--------
  L1-Data Cache:
    Size(KB):         128
    Block Size(B):     64
    Associativity:      8

  L2-Data Cache:
    Size(KB):        1024
    Block Size(B):    128
    Associativity:      8

Latencies:    1   10  150
L1-Sets:  256 - LRU - assoc:   8
L2-Sets: 1024 - LRU - assoc:   8
Store_allocation: Yes
L2_inclusive: Yes
L2_prefetching: No

L1 Cache Stats:
L1-Load-Hits:         594269790   99.38%
L1-Load-Misses:         3687548    0.62%
L1-Load-Accesses:     597957338  100.00%

L1-Store-Hits:         125987071   99.52%
L1-Store-Misses:          613338    0.48%
L1-Store-Accesses:     126600409  100.00%

L1-Total-Hits:         720256861   99.41%
L1-Total-Misses:         4300886    0.59%
L1-Total-Accesses:     724557747  100.00%

L2 Cache Stats:
L2-Load-Hits:           2458309   66.67%
L2-Load-Misses:         1229239   33.33%
L2-Load-Accesses:       3687548  100.00%

L2-Store-Hits:            408431   66.59%
L2-Store-Misses:          204907   33.41%
L2-Store-Accesses:        613338  100.00%

L2-Total-Hits:           2866740   66.65%
L2-Total-Misses:         1434146   33.35%
L2-Total-Accesses:       4300886  100.00%

