--------
Total Statistics
--------
Total Instructions: 32216352829
Total Cycles: 48717756156
IPC: 0.661286

--------
Single level Tlb hierarchy
--------
  Data Tlb:
    Entries:         128
    Page Size(B):   4096
    Associativity:      4

Latencies:    0   50
Tlb-Sets:   32 - LRU - assoc:   4

Tlb Stats:
Tlb-Load-Hits:        9266217845   99.92%
Tlb-Load-Misses:         7523515    0.08%
Tlb-Load-Accesses:    9273741360  100.00%

Tlb-Store-Hits:        4837518317   99.94%
Tlb-Store-Misses:         2986320    0.06%
Tlb-Store-Accesses:    4840504637  100.00%

Tlb-Total-Hits:       14103736162   99.93%
Tlb-Total-Misses:        10509835    0.07%
Tlb-Total-Accesses:   14114245997  100.00%



--------
Two level Cache hierarchy
--------
  L1-Data Cache:
    Size(KB):          32
    Block Size(B):     64
    Associativity:      8

  L2-Data Cache:
    Size(KB):        1024
    Block Size(B):    128
    Associativity:      8

Latencies:    1   10  150
L1-Sets:   64 - LRU - assoc:   8
L2-Sets: 1024 - LRU - assoc:   8
Store_allocation: Yes
L2_inclusive: Yes
L2_prefetching: No

L1 Cache Stats:
L1-Load-Hits:        9223612218   99.46%
L1-Load-Misses:        50129142    0.54%
L1-Load-Accesses:    9273741360  100.00%

L1-Store-Hits:        4830280006   99.79%
L1-Store-Misses:        10224631    0.21%
L1-Store-Accesses:    4840504637  100.00%

L1-Total-Hits:       14053892224   99.57%
L1-Total-Misses:        60353773    0.43%
L1-Total-Accesses:   14114245997  100.00%

L2 Cache Stats:
L2-Load-Hits:          44010447   87.79%
L2-Load-Misses:         6118695   12.21%
L2-Load-Accesses:      50129142  100.00%

L2-Store-Hits:           7955807   77.81%
L2-Store-Misses:         2268824   22.19%
L2-Store-Accesses:      10224631  100.00%

L2-Total-Hits:          51966254   86.10%
L2-Total-Misses:         8387519   13.90%
L2-Total-Accesses:      60353773  100.00%

