--------
Total Statistics
--------
Total Instructions: 32216352829
Total Cycles: 48943608636
IPC: 0.658234

--------
Single level Tlb hierarchy
--------
  Data Tlb:
    Entries:          64
    Page Size(B):   4096
    Associativity:     32

Latencies:    0   50
Tlb-Sets:    2 - LRU - assoc:  32

Tlb Stats:
Tlb-Load-Hits:        9262104778   99.87%
Tlb-Load-Misses:        11636582    0.13%
Tlb-Load-Accesses:    9273741360  100.00%

Tlb-Store-Hits:        4837112780   99.93%
Tlb-Store-Misses:         3391857    0.07%
Tlb-Store-Accesses:    4840504637  100.00%

Tlb-Total-Hits:       14099217558   99.89%
Tlb-Total-Misses:        15028439    0.11%
Tlb-Total-Accesses:   14114245997  100.00%



--------
Two level Cache hierarchy
--------
  L1-Data Cache:
    Size(KB):          32
    Block Size(B):     64
    Associativity:      8

  L2-Data Cache:
    Size(KB):        1024
    Block Size(B):    128
    Associativity:      8

Latencies:    1   10  150
L1-Sets:   64 - LRU - assoc:   8
L2-Sets: 1024 - LRU - assoc:   8
Store_allocation: Yes
L2_inclusive: Yes
L2_prefetching: No

L1 Cache Stats:
L1-Load-Hits:        9223607370   99.46%
L1-Load-Misses:        50133990    0.54%
L1-Load-Accesses:    9273741360  100.00%

L1-Store-Hits:        4830294711   99.79%
L1-Store-Misses:        10209926    0.21%
L1-Store-Accesses:    4840504637  100.00%

L1-Total-Hits:       14053902081   99.57%
L1-Total-Misses:        60343916    0.43%
L1-Total-Accesses:   14114245997  100.00%

L2 Cache Stats:
L2-Load-Hits:          44015483   87.80%
L2-Load-Misses:         6118507   12.20%
L2-Load-Accesses:      50133990  100.00%

L2-Store-Hits:           7940775   77.78%
L2-Store-Misses:         2269151   22.22%
L2-Store-Accesses:      10209926  100.00%

L2-Total-Hits:          51956258   86.10%
L2-Total-Misses:         8387658   13.90%
L2-Total-Accesses:      60343916  100.00%

