--------
Total Statistics
--------
Total Instructions: 32216352829
Total Cycles: 87719334486
IPC: 0.367266

--------
Single level Tlb hierarchy
--------
  Data Tlb:
    Entries:          64
    Page Size(B):   4096
    Associativity:      1

Latencies:    0   50
Tlb-Sets:   64 - LRU - assoc:   1

Tlb Stats:
Tlb-Load-Hits:        8580485698   92.52%
Tlb-Load-Misses:       693255662    7.48%
Tlb-Load-Accesses:    9273741360  100.00%

Tlb-Store-Hits:        4743209519   97.99%
Tlb-Store-Misses:        97295118    2.01%
Tlb-Store-Accesses:    4840504637  100.00%

Tlb-Total-Hits:       13323695217   94.40%
Tlb-Total-Misses:       790550780    5.60%
Tlb-Total-Accesses:   14114245997  100.00%



--------
Two level Cache hierarchy
--------
  L1-Data Cache:
    Size(KB):          32
    Block Size(B):     64
    Associativity:      8

  L2-Data Cache:
    Size(KB):        1024
    Block Size(B):    128
    Associativity:      8

Latencies:    1   10  150
L1-Sets:   64 - LRU - assoc:   8
L2-Sets: 1024 - LRU - assoc:   8
Store_allocation: Yes
L2_inclusive: Yes
L2_prefetching: No

L1 Cache Stats:
L1-Load-Hits:        9223661511   99.46%
L1-Load-Misses:        50079849    0.54%
L1-Load-Accesses:    9273741360  100.00%

L1-Store-Hits:        4830299820   99.79%
L1-Store-Misses:        10204817    0.21%
L1-Store-Accesses:    4840504637  100.00%

L1-Total-Hits:       14053961331   99.57%
L1-Total-Misses:        60284666    0.43%
L1-Total-Accesses:   14114245997  100.00%

L2 Cache Stats:
L2-Load-Hits:          43960143   87.78%
L2-Load-Misses:         6119706   12.22%
L2-Load-Accesses:      50079849  100.00%

L2-Store-Hits:           7935523   77.76%
L2-Store-Misses:         2269294   22.24%
L2-Store-Accesses:      10204817  100.00%

L2-Total-Hits:          51895666   86.08%
L2-Total-Misses:         8389000   13.92%
L2-Total-Accesses:      60284666  100.00%

