--------
Total Statistics
--------
Total Instructions: 32216352854
Total Cycles: 48943362159
IPC: 0.658237

--------
Single level Tlb hierarchy
--------
  Data Tlb:
    Entries:          64
    Page Size(B):   4096
    Associativity:     64

Latencies:    0   50
Tlb-Sets:    1 - LRU - assoc:  64

Tlb Stats:
Tlb-Load-Hits:        9262093556   99.87%
Tlb-Load-Misses:        11647812    0.13%
Tlb-Load-Accesses:    9273741368  100.00%

Tlb-Store-Hits:        4837143915   99.93%
Tlb-Store-Misses:         3360722    0.07%
Tlb-Store-Accesses:    4840504637  100.00%

Tlb-Total-Hits:       14099237471   99.89%
Tlb-Total-Misses:        15008534    0.11%
Tlb-Total-Accesses:   14114246005  100.00%



--------
Two level Cache hierarchy
--------
  L1-Data Cache:
    Size(KB):          32
    Block Size(B):     64
    Associativity:      8

  L2-Data Cache:
    Size(KB):        1024
    Block Size(B):    128
    Associativity:      8

Latencies:    1   10  150
L1-Sets:   64 - LRU - assoc:   8
L2-Sets: 1024 - LRU - assoc:   8
Store_allocation: Yes
L2_inclusive: Yes
L2_prefetching: No

L1 Cache Stats:
L1-Load-Hits:        9223593190   99.46%
L1-Load-Misses:        50148178    0.54%
L1-Load-Accesses:    9273741368  100.00%

L1-Store-Hits:        4830300340   99.79%
L1-Store-Misses:        10204297    0.21%
L1-Store-Accesses:    4840504637  100.00%

L1-Total-Hits:       14053893530   99.57%
L1-Total-Misses:        60352475    0.43%
L1-Total-Accesses:   14114246005  100.00%

L2 Cache Stats:
L2-Load-Hits:          44026047   87.79%
L2-Load-Misses:         6122131   12.21%
L2-Load-Accesses:      50148178  100.00%

L2-Store-Hits:           7934349   77.75%
L2-Store-Misses:         2269948   22.25%
L2-Store-Accesses:      10204297  100.00%

L2-Total-Hits:          51960396   86.09%
L2-Total-Misses:         8392079   13.91%
L2-Total-Accesses:      60352475  100.00%

