--------
Total Statistics
--------
Total Instructions: 32216352829
Total Cycles: 48954816536
IPC: 0.658083

--------
Single level Tlb hierarchy
--------
  Data Tlb:
    Entries:          64
    Page Size(B):   4096
    Associativity:      8

Latencies:    0   50
Tlb-Sets:    8 - LRU - assoc:   8

Tlb Stats:
Tlb-Load-Hits:        9261962684   99.87%
Tlb-Load-Misses:        11778676    0.13%
Tlb-Load-Accesses:    9273741360  100.00%

Tlb-Store-Hits:        4837036716   99.93%
Tlb-Store-Misses:         3467921    0.07%
Tlb-Store-Accesses:    4840504637  100.00%

Tlb-Total-Hits:       14098999400   99.89%
Tlb-Total-Misses:        15246597    0.11%
Tlb-Total-Accesses:   14114245997  100.00%



--------
Two level Cache hierarchy
--------
  L1-Data Cache:
    Size(KB):          32
    Block Size(B):     64
    Associativity:      8

  L2-Data Cache:
    Size(KB):        1024
    Block Size(B):    128
    Associativity:      8

Latencies:    1   10  150
L1-Sets:   64 - LRU - assoc:   8
L2-Sets: 1024 - LRU - assoc:   8
Store_allocation: Yes
L2_inclusive: Yes
L2_prefetching: No

L1 Cache Stats:
L1-Load-Hits:        9223570190   99.46%
L1-Load-Misses:        50171170    0.54%
L1-Load-Accesses:    9273741360  100.00%

L1-Store-Hits:        4830301711   99.79%
L1-Store-Misses:        10202926    0.21%
L1-Store-Accesses:    4840504637  100.00%

L1-Total-Hits:       14053871901   99.57%
L1-Total-Misses:        60374096    0.43%
L1-Total-Accesses:   14114245997  100.00%

L2 Cache Stats:
L2-Load-Hits:          44052202   87.80%
L2-Load-Misses:         6118968   12.20%
L2-Load-Accesses:      50171170  100.00%

L2-Store-Hits:           7934248   77.76%
L2-Store-Misses:         2268678   22.24%
L2-Store-Accesses:      10202926  100.00%

L2-Total-Hits:          51986450   86.11%
L2-Total-Misses:         8387646   13.89%
L2-Total-Accesses:      60374096  100.00%

