--------
Total Statistics
--------
Total Instructions: 32216352829
Total Cycles: 56749509076
IPC: 0.567694

--------
Single level Tlb hierarchy
--------
  Data Tlb:
    Entries:          64
    Page Size(B):   4096
    Associativity:      2

Latencies:    0   50
Tlb-Sets:   32 - LRU - assoc:   2

Tlb Stats:
Tlb-Load-Hits:        9120738729   98.35%
Tlb-Load-Misses:       153002631    1.65%
Tlb-Load-Accesses:    9273741360  100.00%

Tlb-Store-Hits:        4822361938   99.63%
Tlb-Store-Misses:        18142699    0.37%
Tlb-Store-Accesses:    4840504637  100.00%

Tlb-Total-Hits:       13943100667   98.79%
Tlb-Total-Misses:       171145330    1.21%
Tlb-Total-Accesses:   14114245997  100.00%



--------
Two level Cache hierarchy
--------
  L1-Data Cache:
    Size(KB):          32
    Block Size(B):     64
    Associativity:      8

  L2-Data Cache:
    Size(KB):        1024
    Block Size(B):    128
    Associativity:      8

Latencies:    1   10  150
L1-Sets:   64 - LRU - assoc:   8
L2-Sets: 1024 - LRU - assoc:   8
Store_allocation: Yes
L2_inclusive: Yes
L2_prefetching: No

L1 Cache Stats:
L1-Load-Hits:        9223584785   99.46%
L1-Load-Misses:        50156575    0.54%
L1-Load-Accesses:    9273741360  100.00%

L1-Store-Hits:        4830314197   99.79%
L1-Store-Misses:        10190440    0.21%
L1-Store-Accesses:    4840504637  100.00%

L1-Total-Hits:       14053898982   99.57%
L1-Total-Misses:        60347015    0.43%
L1-Total-Accesses:   14114245997  100.00%

L2 Cache Stats:
L2-Load-Hits:          44038694   87.80%
L2-Load-Misses:         6117881   12.20%
L2-Load-Accesses:      50156575  100.00%

L2-Store-Hits:           7920497   77.72%
L2-Store-Misses:         2269943   22.28%
L2-Store-Accesses:      10190440  100.00%

L2-Total-Hits:          51959191   86.10%
L2-Total-Misses:         8387824   13.90%
L2-Total-Accesses:      60347015  100.00%

