--------
Total Statistics
--------
Total Instructions: 32216352829
Total Cycles: 48520796266
IPC: 0.66397

--------
Single level Tlb hierarchy
--------
  Data Tlb:
    Entries:         256
    Page Size(B):   4096
    Associativity:      4

Latencies:    0   50
Tlb-Sets:   64 - LRU - assoc:   4

Tlb Stats:
Tlb-Load-Hits:        9269584803   99.96%
Tlb-Load-Misses:         4156557    0.04%
Tlb-Load-Accesses:    9273741360  100.00%

Tlb-Store-Hits:        4838082765   99.95%
Tlb-Store-Misses:         2421872    0.05%
Tlb-Store-Accesses:    4840504637  100.00%

Tlb-Total-Hits:       14107667568   99.95%
Tlb-Total-Misses:         6578429    0.05%
Tlb-Total-Accesses:   14114245997  100.00%



--------
Two level Cache hierarchy
--------
  L1-Data Cache:
    Size(KB):          32
    Block Size(B):     64
    Associativity:      8

  L2-Data Cache:
    Size(KB):        1024
    Block Size(B):    128
    Associativity:      8

Latencies:    1   10  150
L1-Sets:   64 - LRU - assoc:   8
L2-Sets: 1024 - LRU - assoc:   8
Store_allocation: Yes
L2_inclusive: Yes
L2_prefetching: No

L1 Cache Stats:
L1-Load-Hits:        9223627892   99.46%
L1-Load-Misses:        50113468    0.54%
L1-Load-Accesses:    9273741360  100.00%

L1-Store-Hits:        4830318276   99.79%
L1-Store-Misses:        10186361    0.21%
L1-Store-Accesses:    4840504637  100.00%

L1-Total-Hits:       14053946168   99.57%
L1-Total-Misses:        60299829    0.43%
L1-Total-Accesses:   14114245997  100.00%

L2 Cache Stats:
L2-Load-Hits:          43994652   87.79%
L2-Load-Misses:         6118816   12.21%
L2-Load-Accesses:      50113468  100.00%

L2-Store-Hits:           7916659   77.72%
L2-Store-Misses:         2269702   22.28%
L2-Store-Accesses:      10186361  100.00%

L2-Total-Hits:          51911311   86.09%
L2-Total-Misses:         8388518   13.91%
L2-Total-Accesses:      60299829  100.00%

