--------
Total Statistics
--------
Total Instructions: 6594956433
Total Cycles: 9041775576
IPC: 0.729387

--------
Single level Tlb hierarchy
--------
  Data Tlb:
    Entries:          64
    Page Size(B):   4096
    Associativity:      4

Latencies:    0   50
Tlb-Sets:   16 - LRU - assoc:   4

Tlb Stats:
Tlb-Load-Hits:        1667282268   99.97%
Tlb-Load-Misses:          548653    0.03%
Tlb-Load-Accesses:    1667830921  100.00%

Tlb-Store-Hits:         565380352   99.99%
Tlb-Store-Misses:           51990    0.01%
Tlb-Store-Accesses:     565432342  100.00%

Tlb-Total-Hits:        2232662620   99.97%
Tlb-Total-Misses:          600643    0.03%
Tlb-Total-Accesses:    2233263263  100.00%



--------
Two level Cache hierarchy
--------
  L1-Data Cache:
    Size(KB):          32
    Block Size(B):     64
    Associativity:      8

  L2-Data Cache:
    Size(KB):        2048
    Block Size(B):    128
    Associativity:     16

Latencies:    1   10  150
L1-Sets:   64 - LRU - assoc:   8
L2-Sets: 1024 - LRU - assoc:  16
Store_allocation: Yes
L2_inclusive: Yes
L2_prefetching: No

L1 Cache Stats:
L1-Load-Hits:        1664301416   99.79%
L1-Load-Misses:         3529505    0.21%
L1-Load-Accesses:    1667830921  100.00%

L1-Store-Hits:         564820279   99.89%
L1-Store-Misses:          612063    0.11%
L1-Store-Accesses:     565432342  100.00%

L1-Total-Hits:        2229121695   99.81%
L1-Total-Misses:         4141568    0.19%
L1-Total-Accesses:    2233263263  100.00%

L2 Cache Stats:
L2-Load-Hits:           2776773   78.67%
L2-Load-Misses:          752732   21.33%
L2-Load-Accesses:       3529505  100.00%

L2-Store-Hits:            417408   68.20%
L2-Store-Misses:          194655   31.80%
L2-Store-Accesses:        612063  100.00%

L2-Total-Hits:           3194181   77.12%
L2-Total-Misses:          947387   22.88%
L2-Total-Accesses:       4141568  100.00%

