--------
Total Statistics
--------
Total Instructions: 6594956433
Total Cycles: 9042911926
IPC: 0.729296

--------
Single level Tlb hierarchy
--------
  Data Tlb:
    Entries:          64
    Page Size(B):   4096
    Associativity:      4

Latencies:    0   50
Tlb-Sets:   16 - LRU - assoc:   4

Tlb Stats:
Tlb-Load-Hits:        1667277556   99.97%
Tlb-Load-Misses:          553365    0.03%
Tlb-Load-Accesses:    1667830921  100.00%

Tlb-Store-Hits:         565379947   99.99%
Tlb-Store-Misses:           52395    0.01%
Tlb-Store-Accesses:     565432342  100.00%

Tlb-Total-Hits:        2232657503   99.97%
Tlb-Total-Misses:          605760    0.03%
Tlb-Total-Accesses:    2233263263  100.00%



--------
Two level Cache hierarchy
--------
  L1-Data Cache:
    Size(KB):          32
    Block Size(B):     64
    Associativity:      8

  L2-Data Cache:
    Size(KB):        1024
    Block Size(B):    128
    Associativity:     16

Latencies:    1   10  150
L1-Sets:   64 - LRU - assoc:   8
L2-Sets:  512 - LRU - assoc:  16
Store_allocation: Yes
L2_inclusive: Yes
L2_prefetching: No

L1 Cache Stats:
L1-Load-Hits:        1664287752   99.79%
L1-Load-Misses:         3543169    0.21%
L1-Load-Accesses:    1667830921  100.00%

L1-Store-Hits:         564819303   99.89%
L1-Store-Misses:          613039    0.11%
L1-Store-Accesses:     565432342  100.00%

L1-Total-Hits:        2229107055   99.81%
L1-Total-Misses:         4156208    0.19%
L1-Total-Accesses:    2233263263  100.00%

L2 Cache Stats:
L2-Load-Hits:           2785785   78.62%
L2-Load-Misses:          757384   21.38%
L2-Load-Accesses:       3543169  100.00%

L2-Store-Hits:            418142   68.21%
L2-Store-Misses:          194897   31.79%
L2-Store-Accesses:        613039  100.00%

L2-Total-Hits:           3203927   77.09%
L2-Total-Misses:          952281   22.91%
L2-Total-Accesses:       4156208  100.00%

