--------
Total Statistics
--------
Total Instructions: 6594956433
Total Cycles: 8970257656
IPC: 0.735203

--------
Single level Tlb hierarchy
--------
  Data Tlb:
    Entries:          64
    Page Size(B):   4096
    Associativity:      4

Latencies:    0   50
Tlb-Sets:   16 - LRU - assoc:   4

Tlb Stats:
Tlb-Load-Hits:        1667279263   99.97%
Tlb-Load-Misses:          551658    0.03%
Tlb-Load-Accesses:    1667830921  100.00%

Tlb-Store-Hits:         565380263   99.99%
Tlb-Store-Misses:           52079    0.01%
Tlb-Store-Accesses:     565432342  100.00%

Tlb-Total-Hits:        2232659526   99.97%
Tlb-Total-Misses:          603737    0.03%
Tlb-Total-Accesses:    2233263263  100.00%



--------
Two level Cache hierarchy
--------
  L1-Data Cache:
    Size(KB):          32
    Block Size(B):     64
    Associativity:      8

  L2-Data Cache:
    Size(KB):        2048
    Block Size(B):    256
    Associativity:     16

Latencies:    1   10  150
L1-Sets:   64 - LRU - assoc:   8
L2-Sets:  512 - LRU - assoc:  16
Store_allocation: Yes
L2_inclusive: Yes
L2_prefetching: No

L1 Cache Stats:
L1-Load-Hits:        1664654784   99.81%
L1-Load-Misses:         3176137    0.19%
L1-Load-Accesses:    1667830921  100.00%

L1-Store-Hits:         564909673   99.91%
L1-Store-Misses:          522669    0.09%
L1-Store-Accesses:     565432342  100.00%

L1-Total-Hits:        2229564457   99.83%
L1-Total-Misses:         3698806    0.17%
L1-Total-Accesses:    2233263263  100.00%

L2 Cache Stats:
L2-Load-Hits:           2774398   87.35%
L2-Load-Misses:          401739   12.65%
L2-Load-Accesses:       3176137  100.00%

L2-Store-Hits:            425321   81.37%
L2-Store-Misses:           97348   18.63%
L2-Store-Accesses:        522669  100.00%

L2-Total-Hits:           3199719   86.51%
L2-Total-Misses:          499087   13.49%
L2-Total-Accesses:       3698806  100.00%

