--------
Total Statistics
--------
Total Instructions: 6594956433
Total Cycles: 8974392326
IPC: 0.734864

--------
Single level Tlb hierarchy
--------
  Data Tlb:
    Entries:          64
    Page Size(B):   4096
    Associativity:      4

Latencies:    0   50
Tlb-Sets:   16 - LRU - assoc:   4

Tlb Stats:
Tlb-Load-Hits:        1667286842   99.97%
Tlb-Load-Misses:          544079    0.03%
Tlb-Load-Accesses:    1667830921  100.00%

Tlb-Store-Hits:         565380353   99.99%
Tlb-Store-Misses:           51989    0.01%
Tlb-Store-Accesses:     565432342  100.00%

Tlb-Total-Hits:        2232667195   99.97%
Tlb-Total-Misses:          596068    0.03%
Tlb-Total-Accesses:    2233263263  100.00%



--------
Two level Cache hierarchy
--------
  L1-Data Cache:
    Size(KB):          32
    Block Size(B):     64
    Associativity:      8

  L2-Data Cache:
    Size(KB):        1024
    Block Size(B):    256
    Associativity:      8

Latencies:    1   10  150
L1-Sets:   64 - LRU - assoc:   8
L2-Sets:  512 - LRU - assoc:   8
Store_allocation: Yes
L2_inclusive: Yes
L2_prefetching: No

L1 Cache Stats:
L1-Load-Hits:        1664602643   99.81%
L1-Load-Misses:         3228278    0.19%
L1-Load-Accesses:    1667830921  100.00%

L1-Store-Hits:         564905972   99.91%
L1-Store-Misses:          526370    0.09%
L1-Store-Accesses:     565432342  100.00%

L1-Total-Hits:        2229508615   99.83%
L1-Total-Misses:         3754648    0.17%
L1-Total-Accesses:    2233263263  100.00%

L2 Cache Stats:
L2-Load-Hits:           2800454   86.75%
L2-Load-Misses:          427824   13.25%
L2-Load-Accesses:       3228278  100.00%

L2-Store-Hits:            428709   81.45%
L2-Store-Misses:           97661   18.55%
L2-Store-Accesses:        526370  100.00%

L2-Total-Hits:           3229163   86.00%
L2-Total-Misses:          525485   14.00%
L2-Total-Accesses:       3754648  100.00%

