--------
Total Statistics
--------
Total Instructions: 23714279323
Total Cycles: 32808604216
IPC: 0.722807

--------
Single level Tlb hierarchy
--------
  Data Tlb:
    Entries:          64
    Page Size(B):   4096
    Associativity:      4

Latencies:    0   50
Tlb-Sets:   16 - LRU - assoc:   4

Tlb Stats:
Tlb-Load-Hits:        6728729237  100.00%
Tlb-Load-Misses:          128827    0.00%
Tlb-Load-Accesses:    6728858064  100.00%

Tlb-Store-Hits:        1857019225  100.00%
Tlb-Store-Misses:           12844    0.00%
Tlb-Store-Accesses:    1857032069  100.00%

Tlb-Total-Hits:        8585748462  100.00%
Tlb-Total-Misses:          141671    0.00%
Tlb-Total-Accesses:    8585890133  100.00%



--------
Two level Cache hierarchy
--------
  L1-Data Cache:
    Size(KB):          32
    Block Size(B):     64
    Associativity:      8

  L2-Data Cache:
    Size(KB):        2048
    Block Size(B):     64
    Associativity:     16

Latencies:    1   10  150
L1-Sets:   64 - LRU - assoc:   8
L2-Sets: 2048 - LRU - assoc:  16
Store_allocation: Yes
L2_inclusive: Yes
L2_prefetching: No

L1 Cache Stats:
L1-Load-Hits:        6710930624   99.73%
L1-Load-Misses:        17927440    0.27%
L1-Load-Accesses:    6728858064  100.00%

L1-Store-Hits:        1825161933   98.28%
L1-Store-Misses:        31870136    1.72%
L1-Store-Accesses:    1857032069  100.00%

L1-Total-Hits:        8536092557   99.42%
L1-Total-Misses:        49797576    0.58%
L1-Total-Accesses:    8585890133  100.00%

L2 Cache Stats:
L2-Load-Hits:          17925481   99.99%
L2-Load-Misses:            1959    0.01%
L2-Load-Accesses:      17927440  100.00%

L2-Store-Hits:          31849592   99.94%
L2-Store-Misses:           20544    0.06%
L2-Store-Accesses:      31870136  100.00%

L2-Total-Hits:          49775073   99.95%
L2-Total-Misses:           22503    0.05%
L2-Total-Accesses:      49797576  100.00%

