--------
Total Statistics
--------
Total Instructions: 23714279348
Total Cycles: 32820929369
IPC: 0.722535

--------
Single level Tlb hierarchy
--------
  Data Tlb:
    Entries:          64
    Page Size(B):   4096
    Associativity:      4

Latencies:    0   50
Tlb-Sets:   16 - LRU - assoc:   4

Tlb Stats:
Tlb-Load-Hits:        6728673003  100.00%
Tlb-Load-Misses:          185069    0.00%
Tlb-Load-Accesses:    6728858072  100.00%

Tlb-Store-Hits:        1857031727  100.00%
Tlb-Store-Misses:             342    0.00%
Tlb-Store-Accesses:    1857032069  100.00%

Tlb-Total-Hits:        8585704730  100.00%
Tlb-Total-Misses:          185411    0.00%
Tlb-Total-Accesses:    8585890141  100.00%



--------
Two level Cache hierarchy
--------
  L1-Data Cache:
    Size(KB):          32
    Block Size(B):     64
    Associativity:      8

  L2-Data Cache:
    Size(KB):         512
    Block Size(B):    256
    Associativity:      8

Latencies:    1   10  150
L1-Sets:   64 - LRU - assoc:   8
L2-Sets:  256 - LRU - assoc:   8
Store_allocation: Yes
L2_inclusive: Yes
L2_prefetching: No

L1 Cache Stats:
L1-Load-Hits:        6710657115   99.73%
L1-Load-Misses:        18200957    0.27%
L1-Load-Accesses:    6728858072  100.00%

L1-Store-Hits:        1824168978   98.23%
L1-Store-Misses:        32863091    1.77%
L1-Store-Accesses:    1857032069  100.00%

L1-Total-Hits:        8534826093   99.41%
L1-Total-Misses:        51064048    0.59%
L1-Total-Accesses:    8585890141  100.00%

L2 Cache Stats:
L2-Load-Hits:          18200445  100.00%
L2-Load-Misses:             512    0.00%
L2-Load-Accesses:      18200957  100.00%

L2-Store-Hits:          32857944   99.98%
L2-Store-Misses:            5147    0.02%
L2-Store-Accesses:      32863091  100.00%

L2-Total-Hits:          51058389   99.99%
L2-Total-Misses:            5659    0.01%
L2-Total-Accesses:      51064048  100.00%

