--------
Total Statistics
--------
Total Instructions: 23714279348
Total Cycles: 32800572039
IPC: 0.722984

--------
Single level Tlb hierarchy
--------
  Data Tlb:
    Entries:          64
    Page Size(B):   4096
    Associativity:      4

Latencies:    0   50
Tlb-Sets:   16 - LRU - assoc:   4

Tlb Stats:
Tlb-Load-Hits:        6728858012  100.00%
Tlb-Load-Misses:              60    0.00%
Tlb-Load-Accesses:    6728858072  100.00%

Tlb-Store-Hits:        1857031727  100.00%
Tlb-Store-Misses:             342    0.00%
Tlb-Store-Accesses:    1857032069  100.00%

Tlb-Total-Hits:        8585889739  100.00%
Tlb-Total-Misses:             402    0.00%
Tlb-Total-Accesses:    8585890141  100.00%



--------
Two level Cache hierarchy
--------
  L1-Data Cache:
    Size(KB):          32
    Block Size(B):     64
    Associativity:      8

  L2-Data Cache:
    Size(KB):         512
    Block Size(B):    128
    Associativity:      8

Latencies:    1   10  150
L1-Sets:   64 - LRU - assoc:   8
L2-Sets:  512 - LRU - assoc:   8
Store_allocation: Yes
L2_inclusive: Yes
L2_prefetching: No

L1 Cache Stats:
L1-Load-Hits:        6710923590   99.73%
L1-Load-Misses:        17934482    0.27%
L1-Load-Accesses:    6728858072  100.00%

L1-Store-Hits:        1825097476   98.28%
L1-Store-Misses:        31934593    1.72%
L1-Store-Accesses:    1857032069  100.00%

L1-Total-Hits:        8536021066   99.42%
L1-Total-Misses:        49869075    0.58%
L1-Total-Accesses:    8585890141  100.00%

L2 Cache Stats:
L2-Load-Hits:          17933493   99.99%
L2-Load-Misses:             989    0.01%
L2-Load-Accesses:      17934482  100.00%

L2-Store-Hits:          31924304   99.97%
L2-Store-Misses:           10289    0.03%
L2-Store-Accesses:      31934593  100.00%

L2-Total-Hits:          49857797   99.98%
L2-Total-Misses:           11278    0.02%
L2-Total-Accesses:      49869075  100.00%

