--------
Total Statistics
--------
Total Instructions: 10948989422
Total Cycles: 15889109553
IPC: 0.689088

--------
Single level Tlb hierarchy
--------
  Data Tlb:
    Entries:          64
    Page Size(B):   4096
    Associativity:      4

Latencies:    0   50
Tlb-Sets:   16 - LRU - assoc:   4

Tlb Stats:
Tlb-Load-Hits:        2284521513   99.40%
Tlb-Load-Misses:        13760433    0.60%
Tlb-Load-Accesses:    2298281946  100.00%

Tlb-Store-Hits:         591933699   99.94%
Tlb-Store-Misses:          347216    0.06%
Tlb-Store-Accesses:     592280915  100.00%

Tlb-Total-Hits:        2876455212   99.51%
Tlb-Total-Misses:        14107649    0.49%
Tlb-Total-Accesses:    2890562861  100.00%



--------
Two level Cache hierarchy
--------
  L1-Data Cache:
    Size(KB):          32
    Block Size(B):     64
    Associativity:      8

  L2-Data Cache:
    Size(KB):        1024
    Block Size(B):    128
    Associativity:      8

Latencies:    1   10  150
L1-Sets:   64 - LRU - assoc:   8
L2-Sets: 1024 - LRU - assoc:   8
Store_allocation: Yes
L2_inclusive: Yes
L2_prefetching: No

L1 Cache Stats:
L1-Load-Hits:        2186612418   95.14%
L1-Load-Misses:       111669528    4.86%
L1-Load-Accesses:    2298281946  100.00%

L1-Store-Hits:         585759436   98.90%
L1-Store-Misses:         6521479    1.10%
L1-Store-Accesses:     592280915  100.00%

L1-Total-Hits:        2772371854   95.91%
L1-Total-Misses:       118191007    4.09%
L1-Total-Accesses:    2890562861  100.00%

L2 Cache Stats:
L2-Load-Hits:         111089673   99.48%
L2-Load-Misses:          579855    0.52%
L2-Load-Accesses:     111669528  100.00%

L2-Store-Hits:           6019569   92.30%
L2-Store-Misses:          501910    7.70%
L2-Store-Accesses:       6521479  100.00%

L2-Total-Hits:         117109242   99.08%
L2-Total-Misses:         1081765    0.92%
L2-Total-Accesses:     118191007  100.00%

