--------
Total Statistics
--------
Total Instructions: 10948989422
Total Cycles: 15884108793
IPC: 0.689305

--------
Single level Tlb hierarchy
--------
  Data Tlb:
    Entries:          64
    Page Size(B):   4096
    Associativity:      4

Latencies:    0   50
Tlb-Sets:   16 - LRU - assoc:   4

Tlb Stats:
Tlb-Load-Hits:        2284593029   99.40%
Tlb-Load-Misses:        13688917    0.60%
Tlb-Load-Accesses:    2298281946  100.00%

Tlb-Store-Hits:         591933690   99.94%
Tlb-Store-Misses:          347225    0.06%
Tlb-Store-Accesses:     592280915  100.00%

Tlb-Total-Hits:        2876526719   99.51%
Tlb-Total-Misses:        14036142    0.49%
Tlb-Total-Accesses:    2890562861  100.00%



--------
Two level Cache hierarchy
--------
  L1-Data Cache:
    Size(KB):          32
    Block Size(B):     64
    Associativity:      8

  L2-Data Cache:
    Size(KB):        1024
    Block Size(B):    128
    Associativity:      8

Latencies:    1   10  150
L1-Sets:   64 - LRU - assoc:   8
L2-Sets: 1024 - LRU - assoc:   8
Store_allocation: Yes
L2_inclusive: Yes
L2_prefetching: Yes (  2)

L1 Cache Stats:
L1-Load-Hits:        2186689552   95.14%
L1-Load-Misses:       111592394    4.86%
L1-Load-Accesses:    2298281946  100.00%

L1-Store-Hits:         585820583   98.91%
L1-Store-Misses:         6460332    1.09%
L1-Store-Accesses:     592280915  100.00%

L1-Total-Hits:        2772510135   95.92%
L1-Total-Misses:       118052726    4.08%
L1-Total-Accesses:    2890562861  100.00%

L2 Cache Stats:
L2-Load-Hits:         111012827   99.48%
L2-Load-Misses:          579567    0.52%
L2-Load-Accesses:     111592394  100.00%

L2-Store-Hits:           5958418   92.23%
L2-Store-Misses:          501914    7.77%
L2-Store-Accesses:       6460332  100.00%

L2-Total-Hits:         116971245   99.08%
L2-Total-Misses:         1081481    0.92%
L2-Total-Accesses:     118052726  100.00%

