--------
Total Statistics
--------
Total Instructions: 10948989422
Total Cycles: 15887010793
IPC: 0.689179

--------
Single level Tlb hierarchy
--------
  Data Tlb:
    Entries:          64
    Page Size(B):   4096
    Associativity:      4

Latencies:    0   50
Tlb-Sets:   16 - LRU - assoc:   4

Tlb Stats:
Tlb-Load-Hits:        2284582753   99.40%
Tlb-Load-Misses:        13699193    0.60%
Tlb-Load-Accesses:    2298281946  100.00%

Tlb-Store-Hits:         591933694   99.94%
Tlb-Store-Misses:          347221    0.06%
Tlb-Store-Accesses:     592280915  100.00%

Tlb-Total-Hits:        2876516447   99.51%
Tlb-Total-Misses:        14046414    0.49%
Tlb-Total-Accesses:    2890562861  100.00%



--------
Two level Cache hierarchy
--------
  L1-Data Cache:
    Size(KB):          32
    Block Size(B):     64
    Associativity:      8

  L2-Data Cache:
    Size(KB):        1024
    Block Size(B):    128
    Associativity:      8

Latencies:    1   10  150
L1-Sets:   64 - LRU - assoc:   8
L2-Sets: 1024 - LRU - assoc:   8
Store_allocation: Yes
L2_inclusive: Yes
L2_prefetching: Yes (  4)

L1 Cache Stats:
L1-Load-Hits:        2186569143   95.14%
L1-Load-Misses:       111712803    4.86%
L1-Load-Accesses:    2298281946  100.00%

L1-Store-Hits:         585721217   98.89%
L1-Store-Misses:         6559698    1.11%
L1-Store-Accesses:     592280915  100.00%

L1-Total-Hits:        2772290360   95.91%
L1-Total-Misses:       118272501    4.09%
L1-Total-Accesses:    2890562861  100.00%

L2 Cache Stats:
L2-Load-Hits:         111131974   99.48%
L2-Load-Misses:          580829    0.52%
L2-Load-Accesses:     111712803  100.00%

L2-Store-Hits:           6057775   92.35%
L2-Store-Misses:          501923    7.65%
L2-Store-Accesses:       6559698  100.00%

L2-Total-Hits:         117189749   99.08%
L2-Total-Misses:         1082752    0.92%
L2-Total-Accesses:     118272501  100.00%

