--------
Total Statistics
--------
Total Instructions: 1516636487
Total Cycles: 9355878483
IPC: 0.162105

--------
Single level Tlb hierarchy
--------
  Data Tlb:
    Entries:          64
    Page Size(B):   4096
    Associativity:      4

Latencies:    0   50
Tlb-Sets:   16 - LRU - assoc:   4

Tlb Stats:
Tlb-Load-Hits:         243048125   86.14%
Tlb-Load-Misses:        39121147   13.86%
Tlb-Load-Accesses:     282169272  100.00%

Tlb-Store-Hits:          76182451   99.60%
Tlb-Store-Misses:          308643    0.40%
Tlb-Store-Accesses:      76491094  100.00%

Tlb-Total-Hits:         319230576   89.01%
Tlb-Total-Misses:        39429790   10.99%
Tlb-Total-Accesses:     358660366  100.00%



--------
Two level Cache hierarchy
--------
  L1-Data Cache:
    Size(KB):          32
    Block Size(B):     64
    Associativity:      8

  L2-Data Cache:
    Size(KB):        1024
    Block Size(B):    128
    Associativity:      8

Latencies:    1   10  150
L1-Sets:   64 - LRU - assoc:   8
L2-Sets: 1024 - LRU - assoc:   8
Store_allocation: Yes
L2_inclusive: Yes
L2_prefetching: Yes (  4)

L1 Cache Stats:
L1-Load-Hits:         210071653   74.45%
L1-Load-Misses:        72097619   25.55%
L1-Load-Accesses:     282169272  100.00%

L1-Store-Hits:          76481525   99.99%
L1-Store-Misses:            9569    0.01%
L1-Store-Accesses:      76491094  100.00%

L1-Total-Hits:         286553178   79.90%
L1-Total-Misses:        72107188   20.10%
L1-Total-Accesses:     358660366  100.00%

L2 Cache Stats:
L2-Load-Hits:          40179526   55.73%
L2-Load-Misses:        31918093   44.27%
L2-Load-Accesses:      72097619  100.00%

L2-Store-Hits:              7527   78.66%
L2-Store-Misses:            2042   21.34%
L2-Store-Accesses:          9569  100.00%

L2-Total-Hits:          40187053   55.73%
L2-Total-Misses:        31920135   44.27%
L2-Total-Accesses:      72107188  100.00%

