--------
Total Statistics
--------
Total Instructions: 2235776094
Total Cycles: 3224082143
IPC: 0.693461

--------
Single level Tlb hierarchy
--------
  Data Tlb:
    Entries:          64
    Page Size(B):   4096
    Associativity:      8

Latencies:    0   50
Tlb-Sets:    8 - LRU - assoc:   8

Tlb Stats:
Tlb-Load-Hits:         597857104   99.98%
Tlb-Load-Misses:          100226    0.02%
Tlb-Load-Accesses:     597957330  100.00%

Tlb-Store-Hits:         126593107   99.99%
Tlb-Store-Misses:            7302    0.01%
Tlb-Store-Accesses:     126600409  100.00%

Tlb-Total-Hits:         724450211   99.99%
Tlb-Total-Misses:          107528    0.01%
Tlb-Total-Accesses:     724557739  100.00%



--------
Two level Cache hierarchy
--------
  L1-Data Cache:
    Size(KB):          32
    Block Size(B):     64
    Associativity:      8

  L2-Data Cache:
    Size(KB):        1024
    Block Size(B):    128
    Associativity:      8

Latencies:    1   10  150
L1-Sets:   64 - LRU - assoc:   8
L2-Sets: 1024 - LRU - assoc:   8
Store_allocation: Yes
L2_inclusive: Yes
L2_prefetching: No

L1 Cache Stats:
L1-Load-Hits:         594261229   99.38%
L1-Load-Misses:         3696101    0.62%
L1-Load-Accesses:     597957330  100.00%

L1-Store-Hits:         125986464   99.52%
L1-Store-Misses:          613945    0.48%
L1-Store-Accesses:     126600409  100.00%

L1-Total-Hits:         720247693   99.41%
L1-Total-Misses:         4310046    0.59%
L1-Total-Accesses:     724557739  100.00%

L2 Cache Stats:
L2-Load-Hits:           2466064   66.72%
L2-Load-Misses:         1230037   33.28%
L2-Load-Accesses:       3696101  100.00%

L2-Store-Hits:            408839   66.59%
L2-Store-Misses:          205106   33.41%
L2-Store-Accesses:        613945  100.00%

L2-Total-Hits:           2874903   66.70%
L2-Total-Misses:         1435143   33.30%
L2-Total-Accesses:       4310046  100.00%

