--------
Total Statistics
--------
Total Instructions: 2235776094
Total Cycles: 4981380493
IPC: 0.448827

--------
Single level Tlb hierarchy
--------
  Data Tlb:
    Entries:          64
    Page Size(B):   4096
    Associativity:      4

Latencies:    0   50
Tlb-Sets:   16 - LRU - assoc:   4

Tlb Stats:
Tlb-Load-Hits:         563124705   94.17%
Tlb-Load-Misses:        34832625    5.83%
Tlb-Load-Accesses:     597957330  100.00%

Tlb-Store-Hits:         126178807   99.67%
Tlb-Store-Misses:          421602    0.33%
Tlb-Store-Accesses:     126600409  100.00%

Tlb-Total-Hits:         689303512   95.13%
Tlb-Total-Misses:        35254227    4.87%
Tlb-Total-Accesses:     724557739  100.00%



--------
Two level Cache hierarchy
--------
  L1-Data Cache:
    Size(KB):          32
    Block Size(B):     64
    Associativity:      8

  L2-Data Cache:
    Size(KB):        1024
    Block Size(B):    128
    Associativity:      8

Latencies:    1   10  150
L1-Sets:   64 - LRU - assoc:   8
L2-Sets: 1024 - LRU - assoc:   8
Store_allocation: Yes
L2_inclusive: Yes
L2_prefetching: No

L1 Cache Stats:
L1-Load-Hits:         594262029   99.38%
L1-Load-Misses:         3695301    0.62%
L1-Load-Accesses:     597957330  100.00%

L1-Store-Hits:         125974339   99.51%
L1-Store-Misses:          626070    0.49%
L1-Store-Accesses:     126600409  100.00%

L1-Total-Hits:         720236368   99.40%
L1-Total-Misses:         4321371    0.60%
L1-Total-Accesses:     724557739  100.00%

L2 Cache Stats:
L2-Load-Hits:           2466062   66.74%
L2-Load-Misses:         1229239   33.26%
L2-Load-Accesses:       3695301  100.00%

L2-Store-Hits:            421165   67.27%
L2-Store-Misses:          204905   32.73%
L2-Store-Accesses:        626070  100.00%

L2-Total-Hits:           2887227   66.81%
L2-Total-Misses:         1434144   33.19%
L2-Total-Accesses:       4321371  100.00%

