--------
Total Statistics
--------
Total Instructions: 2235776094
Total Cycles: 7054196253
IPC: 0.316943

--------
Single level Tlb hierarchy
--------
  Data Tlb:
    Entries:           8
    Page Size(B):   4096
    Associativity:      4

Latencies:    0   50
Tlb-Sets:    2 - LRU - assoc:   4

Tlb Stats:
Tlb-Load-Hits:         531231010   88.84%
Tlb-Load-Misses:        66726320   11.16%
Tlb-Load-Accesses:     597957330  100.00%

Tlb-Store-Hits:         116614007   92.11%
Tlb-Store-Misses:         9986402    7.89%
Tlb-Store-Accesses:     126600409  100.00%

Tlb-Total-Hits:         647845017   89.41%
Tlb-Total-Misses:        76712722   10.59%
Tlb-Total-Accesses:     724557739  100.00%



--------
Two level Cache hierarchy
--------
  L1-Data Cache:
    Size(KB):          32
    Block Size(B):     64
    Associativity:      8

  L2-Data Cache:
    Size(KB):        1024
    Block Size(B):    128
    Associativity:      8

Latencies:    1   10  150
L1-Sets:   64 - LRU - assoc:   8
L2-Sets: 1024 - LRU - assoc:   8
Store_allocation: Yes
L2_inclusive: Yes
L2_prefetching: No

L1 Cache Stats:
L1-Load-Hits:         594260427   99.38%
L1-Load-Misses:         3696903    0.62%
L1-Load-Accesses:     597957330  100.00%

L1-Store-Hits:         125986870   99.52%
L1-Store-Misses:          613539    0.48%
L1-Store-Accesses:     126600409  100.00%

L1-Total-Hits:         720247297   99.41%
L1-Total-Misses:         4310442    0.59%
L1-Total-Accesses:     724557739  100.00%

L2 Cache Stats:
L2-Load-Hits:           2467862   66.75%
L2-Load-Misses:         1229041   33.25%
L2-Load-Accesses:       3696903  100.00%

L2-Store-Hits:            408434   66.57%
L2-Store-Misses:          205105   33.43%
L2-Store-Accesses:        613539  100.00%

L2-Total-Hits:           2876296   66.73%
L2-Total-Misses:         1434146   33.27%
L2-Total-Accesses:       4310442  100.00%

