--------
Total Statistics
--------
Total Instructions: 20807579389
Total Cycles: 44566922812
IPC: 0.466884

--------
Single level Tlb hierarchy
--------
  Data Tlb:
    Entries:          64
    Page Size(B):   4096
    Associativity:      4

Latencies:    0   50
Tlb-Sets:   16 - LRU - assoc:   4

Tlb Stats:
Tlb-Load-Hits:        6336726064   99.49%
Tlb-Load-Misses:        32257319    0.51%
Tlb-Load-Accesses:    6368983383  100.00%

Tlb-Store-Hits:        2597106950   99.85%
Tlb-Store-Misses:         3809170    0.15%
Tlb-Store-Accesses:    2600916120  100.00%

Tlb-Total-Hits:        8933833014   99.60%
Tlb-Total-Misses:        36066489    0.40%
Tlb-Total-Accesses:    8969899503  100.00%



--------
Two level Cache hierarchy
--------
  L1-Data Cache:
    Size(KB):          32
    Block Size(B):     64
    Associativity:      8

  L2-Data Cache:
    Size(KB):        1024
    Block Size(B):    128
    Associativity:      8

Latencies:    1   10  150
L1-Sets:   64 - LRU - assoc:   8
L2-Sets: 1024 - LRU - assoc:   8
Store_allocation: Yes
L2_inclusive: Yes
L2_prefetching: Yes ( 16)

L1 Cache Stats:
L1-Load-Hits:        6147423983   96.52%
L1-Load-Misses:       221559400    3.48%
L1-Load-Accesses:    6368983383  100.00%

L1-Store-Hits:        2581721023   99.26%
L1-Store-Misses:        19195097    0.74%
L1-Store-Accesses:    2600916120  100.00%

L1-Total-Hits:        8729145006   97.32%
L1-Total-Misses:       240754497    2.68%
L1-Total-Accesses:    8969899503  100.00%

L2 Cache Stats:
L2-Load-Hits:         156586072   70.67%
L2-Load-Misses:        64973328   29.33%
L2-Load-Accesses:     221559400  100.00%

L2-Store-Hits:          13644595   71.08%
L2-Store-Misses:         5550502   28.92%
L2-Store-Accesses:      19195097  100.00%

L2-Total-Hits:         170230667   70.71%
L2-Total-Misses:        70523830   29.29%
L2-Total-Accesses:     240754497  100.00%

