--------
Total Statistics
--------
Total Instructions: 20807579496
Total Cycles: 44346234378
IPC: 0.469207

--------
Single level Tlb hierarchy
--------
  Data Tlb:
    Entries:          64
    Page Size(B):   4096
    Associativity:      4

Latencies:    0   50
Tlb-Sets:   16 - LRU - assoc:   4

Tlb Stats:
Tlb-Load-Hits:        6341114862   99.56%
Tlb-Load-Misses:        27868547    0.44%
Tlb-Load-Accesses:    6368983409  100.00%

Tlb-Store-Hits:        2597240642   99.86%
Tlb-Store-Misses:         3675481    0.14%
Tlb-Store-Accesses:    2600916123  100.00%

Tlb-Total-Hits:        8938355504   99.65%
Tlb-Total-Misses:        31544028    0.35%
Tlb-Total-Accesses:    8969899532  100.00%



--------
Two level Cache hierarchy
--------
  L1-Data Cache:
    Size(KB):          32
    Block Size(B):     64
    Associativity:      8

  L2-Data Cache:
    Size(KB):        1024
    Block Size(B):    128
    Associativity:      8

Latencies:    1   10  150
L1-Sets:   64 - LRU - assoc:   8
L2-Sets: 1024 - LRU - assoc:   8
Store_allocation: Yes
L2_inclusive: Yes
L2_prefetching: Yes (  4)

L1 Cache Stats:
L1-Load-Hits:        6146947988   96.51%
L1-Load-Misses:       222035421    3.49%
L1-Load-Accesses:    6368983409  100.00%

L1-Store-Hits:        2581543664   99.26%
L1-Store-Misses:        19372459    0.74%
L1-Store-Accesses:    2600916123  100.00%

L1-Total-Hits:        8728491652   97.31%
L1-Total-Misses:       241407880    2.69%
L1-Total-Accesses:    8969899532  100.00%

L2 Cache Stats:
L2-Load-Hits:         157069084   70.74%
L2-Load-Misses:        64966337   29.26%
L2-Load-Accesses:     222035421  100.00%

L2-Store-Hits:          13822295   71.35%
L2-Store-Misses:         5550164   28.65%
L2-Store-Accesses:      19372459  100.00%

L2-Total-Hits:         170891379   70.79%
L2-Total-Misses:        70516501   29.21%
L2-Total-Accesses:     241407880  100.00%

