--------
Total Statistics
--------
Total Instructions: 20807579237
Total Cycles: 44365120579
IPC: 0.469008

--------
Single level Tlb hierarchy
--------
  Data Tlb:
    Entries:          64
    Page Size(B):   4096
    Associativity:      4

Latencies:    0   50
Tlb-Sets:   16 - LRU - assoc:   4

Tlb Stats:
Tlb-Load-Hits:        6340604318   99.55%
Tlb-Load-Misses:        28379035    0.45%
Tlb-Load-Accesses:    6368983353  100.00%

Tlb-Store-Hits:        2597379397   99.86%
Tlb-Store-Misses:         3536712    0.14%
Tlb-Store-Accesses:    2600916109  100.00%

Tlb-Total-Hits:        8937983715   99.64%
Tlb-Total-Misses:        31915747    0.36%
Tlb-Total-Accesses:    8969899462  100.00%



--------
Two level Cache hierarchy
--------
  L1-Data Cache:
    Size(KB):          32
    Block Size(B):     64
    Associativity:      8

  L2-Data Cache:
    Size(KB):        1024
    Block Size(B):    128
    Associativity:      8

Latencies:    1   10  150
L1-Sets:   64 - LRU - assoc:   8
L2-Sets: 1024 - LRU - assoc:   8
Store_allocation: Yes
L2_inclusive: Yes
L2_prefetching: Yes (  1)

L1 Cache Stats:
L1-Load-Hits:        6146943196   96.51%
L1-Load-Misses:       222040157    3.49%
L1-Load-Accesses:    6368983353  100.00%

L1-Store-Hits:        2581524958   99.25%
L1-Store-Misses:        19391151    0.75%
L1-Store-Accesses:    2600916109  100.00%

L1-Total-Hits:        8728468154   97.31%
L1-Total-Misses:       241431308    2.69%
L1-Total-Accesses:    8969899462  100.00%

L2 Cache Stats:
L2-Load-Hits:         157073332   70.74%
L2-Load-Misses:        64966825   29.26%
L2-Load-Accesses:     222040157  100.00%

L2-Store-Hits:          13841033   71.38%
L2-Store-Misses:         5550118   28.62%
L2-Store-Accesses:      19391151  100.00%

L2-Total-Hits:         170914365   70.79%
L2-Total-Misses:        70516943   29.21%
L2-Total-Accesses:     241431308  100.00%

