--------
Total Statistics
--------
Total Instructions: 23696515872
Total Cycles: 43325251715
IPC: 0.546945

--------
Single level Tlb hierarchy
--------
  Data Tlb:
    Entries:          64
    Page Size(B):   4096
    Associativity:      4

Latencies:    0   50
Tlb-Sets:   16 - LRU - assoc:   4

Tlb Stats:
Tlb-Load-Hits:        6892909446   99.59%
Tlb-Load-Misses:        28648805    0.41%
Tlb-Load-Accesses:    6921558251  100.00%

Tlb-Store-Hits:        1361282876   99.81%
Tlb-Store-Misses:         2587126    0.19%
Tlb-Store-Accesses:    1363870002  100.00%

Tlb-Total-Hits:        8254192322   99.62%
Tlb-Total-Misses:        31235931    0.38%
Tlb-Total-Accesses:    8285428253  100.00%



--------
Two level Cache hierarchy
--------
  L1-Data Cache:
    Size(KB):         128
    Block Size(B):     32
    Associativity:      8

  L2-Data Cache:
    Size(KB):        1024
    Block Size(B):    128
    Associativity:      8

Latencies:    1   10  150
L1-Sets:  512 - LRU - assoc:   8
L2-Sets: 1024 - LRU - assoc:   8
Store_allocation: Yes
L2_inclusive: Yes
L2_prefetching: No

L1 Cache Stats:
L1-Load-Hits:        6730341056   97.24%
L1-Load-Misses:       191217195    2.76%
L1-Load-Accesses:    6921558251  100.00%

L1-Store-Hits:        1329212688   97.46%
L1-Store-Misses:        34657314    2.54%
L1-Store-Accesses:    1363870002  100.00%

L1-Total-Hits:        8059553744   97.27%
L1-Total-Misses:       225874509    2.73%
L1-Total-Accesses:    8285428253  100.00%

L2 Cache Stats:
L2-Load-Hits:         145158062   75.91%
L2-Load-Misses:        46059133   24.09%
L2-Load-Accesses:     191217195  100.00%

L2-Store-Hits:          30564674   88.19%
L2-Store-Misses:         4092640   11.81%
L2-Store-Accesses:      34657314  100.00%

L2-Total-Hits:         175722736   77.80%
L2-Total-Misses:        50151773   22.20%
L2-Total-Accesses:     225874509  100.00%

