--------
Total Statistics
--------
Total Instructions: 23696516764
Total Cycles: 43802876343
IPC: 0.540981

--------
Single level Tlb hierarchy
--------
  Data Tlb:
    Entries:          64
    Page Size(B):   4096
    Associativity:      4

Latencies:    0   50
Tlb-Sets:   16 - LRU - assoc:   4

Tlb Stats:
Tlb-Load-Hits:        6893163221   99.59%
Tlb-Load-Misses:        28395022    0.41%
Tlb-Load-Accesses:    6921558243  100.00%

Tlb-Store-Hits:        1361297019   99.81%
Tlb-Store-Misses:         2573507    0.19%
Tlb-Store-Accesses:    1363870526  100.00%

Tlb-Total-Hits:        8254460240   99.63%
Tlb-Total-Misses:        30968529    0.37%
Tlb-Total-Accesses:    8285428769  100.00%



--------
Two level Cache hierarchy
--------
  L1-Data Cache:
    Size(KB):          32
    Block Size(B):     64
    Associativity:      4

  L2-Data Cache:
    Size(KB):        1024
    Block Size(B):    128
    Associativity:      8

Latencies:    1   10  150
L1-Sets:  128 - LRU - assoc:   4
L2-Sets: 1024 - LRU - assoc:   8
Store_allocation: Yes
L2_inclusive: Yes
L2_prefetching: No

L1 Cache Stats:
L1-Load-Hits:        6750347162   97.53%
L1-Load-Misses:       171211081    2.47%
L1-Load-Accesses:    6921558243  100.00%

L1-Store-Hits:        1259395686   92.34%
L1-Store-Misses:       104474840    7.66%
L1-Store-Accesses:    1363870526  100.00%

L1-Total-Hits:        8009742848   96.67%
L1-Total-Misses:       275685921    3.33%
L1-Total-Accesses:    8285428769  100.00%

L2 Cache Stats:
L2-Load-Hits:         125189819   73.12%
L2-Load-Misses:        46021262   26.88%
L2-Load-Accesses:     171211081  100.00%

L2-Store-Hits:         100391801   96.09%
L2-Store-Misses:         4083039    3.91%
L2-Store-Accesses:     104474840  100.00%

L2-Total-Hits:         225581620   81.83%
L2-Total-Misses:        50104301   18.17%
L2-Total-Accesses:     275685921  100.00%

