--------
Total Statistics
--------
Total Instructions: 23696515511
Total Cycles: 42312109244
IPC: 0.560041

--------
Single level Tlb hierarchy
--------
  Data Tlb:
    Entries:          64
    Page Size(B):   4096
    Associativity:      4

Latencies:    0   50
Tlb-Sets:   16 - LRU - assoc:   4

Tlb Stats:
Tlb-Load-Hits:        6892906928   99.59%
Tlb-Load-Misses:        28651315    0.41%
Tlb-Load-Accesses:    6921558243  100.00%

Tlb-Store-Hits:        1361313140   99.81%
Tlb-Store-Misses:         2556670    0.19%
Tlb-Store-Accesses:    1363869810  100.00%

Tlb-Total-Hits:        8254220068   99.62%
Tlb-Total-Misses:        31207985    0.38%
Tlb-Total-Accesses:    8285428053  100.00%



--------
Two level Cache hierarchy
--------
  L1-Data Cache:
    Size(KB):          64
    Block Size(B):    128
    Associativity:      8

  L2-Data Cache:
    Size(KB):        1024
    Block Size(B):    128
    Associativity:      8

Latencies:    1   10  150
L1-Sets:   64 - LRU - assoc:   8
L2-Sets: 1024 - LRU - assoc:   8
Store_allocation: Yes
L2_inclusive: Yes
L2_prefetching: No

L1 Cache Stats:
L1-Load-Hits:        6846606227   98.92%
L1-Load-Misses:        74952016    1.08%
L1-Load-Accesses:    6921558243  100.00%

L1-Store-Hits:        1314190583   96.36%
L1-Store-Misses:        49679227    3.64%
L1-Store-Accesses:    1363869810  100.00%

L1-Total-Hits:        8160796810   98.50%
L1-Total-Misses:       124631243    1.50%
L1-Total-Accesses:    8285428053  100.00%

L2 Cache Stats:
L2-Load-Hits:          28880931   38.53%
L2-Load-Misses:        46071085   61.47%
L2-Load-Accesses:      74952016  100.00%

L2-Store-Hits:          45593952   91.78%
L2-Store-Misses:         4085275    8.22%
L2-Store-Accesses:      49679227  100.00%

L2-Total-Hits:          74474883   59.76%
L2-Total-Misses:        50156360   40.24%
L2-Total-Accesses:     124631243  100.00%

