--------
Total Statistics
--------
Total Instructions: 1516636512
Total Cycles: 9345755736
IPC: 0.162281

--------
Single level Tlb hierarchy
--------
  Data Tlb:
    Entries:          64
    Page Size(B):   4096
    Associativity:      4

Latencies:    0   50
Tlb-Sets:   16 - LRU - assoc:   4

Tlb Stats:
Tlb-Load-Hits:         243240997   86.20%
Tlb-Load-Misses:        38928283   13.80%
Tlb-Load-Accesses:     282169280  100.00%

Tlb-Store-Hits:          76182452   99.60%
Tlb-Store-Misses:          308642    0.40%
Tlb-Store-Accesses:      76491094  100.00%

Tlb-Total-Hits:         319423449   89.06%
Tlb-Total-Misses:        39236925   10.94%
Tlb-Total-Accesses:     358660374  100.00%



--------
Two level Cache hierarchy
--------
  L1-Data Cache:
    Size(KB):          32
    Block Size(B):     64
    Associativity:      8

  L2-Data Cache:
    Size(KB):        1024
    Block Size(B):    128
    Associativity:      8

Latencies:    1   10  150
L1-Sets:   64 - LRU - assoc:   8
L2-Sets: 1024 - LRU - assoc:   8
Store_allocation: Yes
L2_inclusive: Yes
L2_prefetching: Yes (  2)

L1 Cache Stats:
L1-Load-Hits:         210042101   74.44%
L1-Load-Misses:        72127179   25.56%
L1-Load-Accesses:     282169280  100.00%

L1-Store-Hits:          76481278   99.99%
L1-Store-Misses:            9816    0.01%
L1-Store-Accesses:      76491094  100.00%

L1-Total-Hits:         286523379   79.89%
L1-Total-Misses:        72136995   20.11%
L1-Total-Accesses:     358660374  100.00%

L2 Cache Stats:
L2-Load-Hits:          40214253   55.75%
L2-Load-Misses:        31912926   44.25%
L2-Load-Accesses:      72127179  100.00%

L2-Store-Hits:              7791   79.37%
L2-Store-Misses:            2025   20.63%
L2-Store-Accesses:          9816  100.00%

L2-Total-Hits:          40222044   55.76%
L2-Total-Misses:        31914951   44.24%
L2-Total-Accesses:      72136995  100.00%

