--------
Total Statistics
--------
Total Instructions: 6594956433
Total Cycles: 9058789636
IPC: 0.728017

--------
Single level Tlb hierarchy
--------
  Data Tlb:
    Entries:          64
    Page Size(B):   4096
    Associativity:      2

Latencies:    0   50
Tlb-Sets:   32 - LRU - assoc:   2

Tlb Stats:
Tlb-Load-Hits:        1667042856   99.95%
Tlb-Load-Misses:          788065    0.05%
Tlb-Load-Accesses:    1667830921  100.00%

Tlb-Store-Hits:         565338112   99.98%
Tlb-Store-Misses:           94230    0.02%
Tlb-Store-Accesses:     565432342  100.00%

Tlb-Total-Hits:        2232380968   99.96%
Tlb-Total-Misses:          882295    0.04%
Tlb-Total-Accesses:    2233263263  100.00%



--------
Two level Cache hierarchy
--------
  L1-Data Cache:
    Size(KB):          32
    Block Size(B):     64
    Associativity:      8

  L2-Data Cache:
    Size(KB):        1024
    Block Size(B):    128
    Associativity:      8

Latencies:    1   10  150
L1-Sets:   64 - LRU - assoc:   8
L2-Sets: 1024 - LRU - assoc:   8
Store_allocation: Yes
L2_inclusive: Yes
L2_prefetching: No

L1 Cache Stats:
L1-Load-Hits:        1664275542   99.79%
L1-Load-Misses:         3555379    0.21%
L1-Load-Accesses:    1667830921  100.00%

L1-Store-Hits:         564819287   99.89%
L1-Store-Misses:          613055    0.11%
L1-Store-Accesses:     565432342  100.00%

L1-Total-Hits:        2229094829   99.81%
L1-Total-Misses:         4168434    0.19%
L1-Total-Accesses:    2233263263  100.00%

L2 Cache Stats:
L2-Load-Hits:           2785298   78.34%
L2-Load-Misses:          770081   21.66%
L2-Load-Accesses:       3555379  100.00%

L2-Store-Hits:            417997   68.18%
L2-Store-Misses:          195058   31.82%
L2-Store-Accesses:        613055  100.00%

L2-Total-Hits:           3203295   76.85%
L2-Total-Misses:          965139   23.15%
L2-Total-Accesses:       4168434  100.00%

