--------
Total Statistics
--------
Total Instructions: 6594956433
Total Cycles: 9175445076
IPC: 0.718761

--------
Single level Tlb hierarchy
--------
  Data Tlb:
    Entries:          16
    Page Size(B):   4096
    Associativity:      4

Latencies:    0   50
Tlb-Sets:    4 - LRU - assoc:   4

Tlb Stats:
Tlb-Load-Hits:        1665152957   99.84%
Tlb-Load-Misses:         2677964    0.16%
Tlb-Load-Accesses:    1667830921  100.00%

Tlb-Store-Hits:         564899711   99.91%
Tlb-Store-Misses:          532631    0.09%
Tlb-Store-Accesses:     565432342  100.00%

Tlb-Total-Hits:        2230052668   99.86%
Tlb-Total-Misses:         3210595    0.14%
Tlb-Total-Accesses:    2233263263  100.00%



--------
Two level Cache hierarchy
--------
  L1-Data Cache:
    Size(KB):          32
    Block Size(B):     64
    Associativity:      8

  L2-Data Cache:
    Size(KB):        1024
    Block Size(B):    128
    Associativity:      8

Latencies:    1   10  150
L1-Sets:   64 - LRU - assoc:   8
L2-Sets: 1024 - LRU - assoc:   8
Store_allocation: Yes
L2_inclusive: Yes
L2_prefetching: No

L1 Cache Stats:
L1-Load-Hits:        1664260797   99.79%
L1-Load-Misses:         3570124    0.21%
L1-Load-Accesses:    1667830921  100.00%

L1-Store-Hits:         564814848   99.89%
L1-Store-Misses:          617494    0.11%
L1-Store-Accesses:     565432342  100.00%

L1-Total-Hits:        2229075645   99.81%
L1-Total-Misses:         4187618    0.19%
L1-Total-Accesses:    2233263263  100.00%

L2 Cache Stats:
L2-Load-Hits:           2799706   78.42%
L2-Load-Misses:          770418   21.58%
L2-Load-Accesses:       3570124  100.00%

L2-Store-Hits:            422449   68.41%
L2-Store-Misses:          195045   31.59%
L2-Store-Accesses:        617494  100.00%

L2-Total-Hits:           3222155   76.94%
L2-Total-Misses:          965463   23.06%
L2-Total-Accesses:       4187618  100.00%

