--------
Total Statistics
--------
Total Instructions: 6594956458
Total Cycles: 9041910469
IPC: 0.729376

--------
Single level Tlb hierarchy
--------
  Data Tlb:
    Entries:          64
    Page Size(B):   4096
    Associativity:     16

Latencies:    0   50
Tlb-Sets:    4 - LRU - assoc:  16

Tlb Stats:
Tlb-Load-Hits:        1667353341   99.97%
Tlb-Load-Misses:          477588    0.03%
Tlb-Load-Accesses:    1667830929  100.00%

Tlb-Store-Hits:         565371484   99.99%
Tlb-Store-Misses:           60858    0.01%
Tlb-Store-Accesses:     565432342  100.00%

Tlb-Total-Hits:        2232724825   99.98%
Tlb-Total-Misses:          538446    0.02%
Tlb-Total-Accesses:    2233263271  100.00%



--------
Two level Cache hierarchy
--------
  L1-Data Cache:
    Size(KB):          32
    Block Size(B):     64
    Associativity:      8

  L2-Data Cache:
    Size(KB):        1024
    Block Size(B):    128
    Associativity:      8

Latencies:    1   10  150
L1-Sets:   64 - LRU - assoc:   8
L2-Sets: 1024 - LRU - assoc:   8
Store_allocation: Yes
L2_inclusive: Yes
L2_prefetching: No

L1 Cache Stats:
L1-Load-Hits:        1664253863   99.79%
L1-Load-Misses:         3577066    0.21%
L1-Load-Accesses:    1667830929  100.00%

L1-Store-Hits:         564812814   99.89%
L1-Store-Misses:          619528    0.11%
L1-Store-Accesses:     565432342  100.00%

L1-Total-Hits:        2229066677   99.81%
L1-Total-Misses:         4196594    0.19%
L1-Total-Accesses:    2233263271  100.00%

L2 Cache Stats:
L2-Load-Hits:           2806744   78.46%
L2-Load-Misses:          770322   21.54%
L2-Load-Accesses:       3577066  100.00%

L2-Store-Hits:            424500   68.52%
L2-Store-Misses:          195028   31.48%
L2-Store-Accesses:        619528  100.00%

L2-Total-Hits:           3231244   77.00%
L2-Total-Misses:          965350   23.00%
L2-Total-Accesses:       4196594  100.00%

