--------
Total Statistics
--------
Total Instructions: 17762792384
Total Cycles: 54595369046
IPC: 0.325353

--------
Single level Tlb hierarchy
--------
  Data Tlb:
    Entries:          64
    Page Size(B):   4096
    Associativity:      4

Latencies:    0   50
Tlb-Sets:   16 - LRU - assoc:   4

Tlb Stats:
Tlb-Load-Hits:        2975234016   98.89%
Tlb-Load-Misses:        33410038    1.11%
Tlb-Load-Accesses:    3008644054  100.00%

Tlb-Store-Hits:          85585124   99.83%
Tlb-Store-Misses:          145964    0.17%
Tlb-Store-Accesses:      85731088  100.00%

Tlb-Total-Hits:        3060819140   98.92%
Tlb-Total-Misses:        33556002    1.08%
Tlb-Total-Accesses:    3094375142  100.00%



--------
Two level Cache hierarchy
--------
  L1-Data Cache:
    Size(KB):          32
    Block Size(B):     64
    Associativity:      8

  L2-Data Cache:
    Size(KB):        1024
    Block Size(B):    128
    Associativity:      8

Latencies:    1   10  150
L1-Sets:   64 - LRU - assoc:   8
L2-Sets: 1024 - LRU - assoc:   8
Store_allocation: Yes
L2_inclusive: Yes
L2_prefetching: No

L1 Cache Stats:
L1-Load-Hits:        2497978363   83.03%
L1-Load-Misses:       510665691   16.97%
L1-Load-Accesses:    3008644054  100.00%

L1-Store-Hits:          83710602   97.64%
L1-Store-Misses:         2020486    2.36%
L1-Store-Accesses:      85731088  100.00%

L1-Total-Hits:        2581688965   83.43%
L1-Total-Misses:       512686177   16.57%
L1-Total-Accesses:    3094375142  100.00%

L2 Cache Stats:
L2-Load-Hits:         331583724   64.93%
L2-Load-Misses:       179081967   35.07%
L2-Load-Accesses:     510665691  100.00%

L2-Store-Hits:           1545522   76.49%
L2-Store-Misses:          474964   23.51%
L2-Store-Accesses:       2020486  100.00%

L2-Total-Hits:         333129246   64.98%
L2-Total-Misses:       179556931   35.02%
L2-Total-Accesses:     512686177  100.00%

