--------
Total Statistics
--------
Total Instructions: 17762792409
Total Cycles: 54659283449
IPC: 0.324973

--------
Single level Tlb hierarchy
--------
  Data Tlb:
    Entries:          64
    Page Size(B):   4096
    Associativity:      8

Latencies:    0   50
Tlb-Sets:    8 - LRU - assoc:   8

Tlb Stats:
Tlb-Load-Hits:        2975430071   98.90%
Tlb-Load-Misses:        33213991    1.10%
Tlb-Load-Accesses:    3008644062  100.00%

Tlb-Store-Hits:          85613364   99.86%
Tlb-Store-Misses:          117724    0.14%
Tlb-Store-Accesses:      85731088  100.00%

Tlb-Total-Hits:        3061043435   98.92%
Tlb-Total-Misses:        33331715    1.08%
Tlb-Total-Accesses:    3094375150  100.00%



--------
Two level Cache hierarchy
--------
  L1-Data Cache:
    Size(KB):          32
    Block Size(B):     64
    Associativity:      8

  L2-Data Cache:
    Size(KB):        1024
    Block Size(B):    128
    Associativity:      8

Latencies:    1   10  150
L1-Sets:   64 - LRU - assoc:   8
L2-Sets: 1024 - LRU - assoc:   8
Store_allocation: Yes
L2_inclusive: Yes
L2_prefetching: No

L1 Cache Stats:
L1-Load-Hits:        2490659788   82.78%
L1-Load-Misses:       517984274   17.22%
L1-Load-Accesses:    3008644062  100.00%

L1-Store-Hits:          83717448   97.65%
L1-Store-Misses:         2013640    2.35%
L1-Store-Accesses:      85731088  100.00%

L1-Total-Hits:        2574377236   83.20%
L1-Total-Misses:       519997914   16.80%
L1-Total-Accesses:    3094375150  100.00%

L2 Cache Stats:
L2-Load-Hits:         338879407   65.42%
L2-Load-Misses:       179104867   34.58%
L2-Load-Accesses:     517984274  100.00%

L2-Store-Hits:           1548167   76.88%
L2-Store-Misses:          465473   23.12%
L2-Store-Accesses:       2013640  100.00%

L2-Total-Hits:         340427574   65.47%
L2-Total-Misses:       179570340   34.53%
L2-Total-Accesses:     519997914  100.00%

