--------
Total Statistics
--------
Total Instructions: 17762792409
Total Cycles: 57929575899
IPC: 0.306627

--------
Single level Tlb hierarchy
--------
  Data Tlb:
    Entries:          64
    Page Size(B):   4096
    Associativity:      1

Latencies:    0   50
Tlb-Sets:   64 - LRU - assoc:   1

Tlb Stats:
Tlb-Load-Hits:        2911356354   96.77%
Tlb-Load-Misses:        97287708    3.23%
Tlb-Load-Accesses:    3008644062  100.00%

Tlb-Store-Hits:          82804000   96.59%
Tlb-Store-Misses:         2927088    3.41%
Tlb-Store-Accesses:      85731088  100.00%

Tlb-Total-Hits:        2994160354   96.76%
Tlb-Total-Misses:       100214796    3.24%
Tlb-Total-Accesses:    3094375150  100.00%



--------
Two level Cache hierarchy
--------
  L1-Data Cache:
    Size(KB):          32
    Block Size(B):     64
    Associativity:      8

  L2-Data Cache:
    Size(KB):        1024
    Block Size(B):    128
    Associativity:      8

Latencies:    1   10  150
L1-Sets:   64 - LRU - assoc:   8
L2-Sets: 1024 - LRU - assoc:   8
Store_allocation: Yes
L2_inclusive: Yes
L2_prefetching: No

L1 Cache Stats:
L1-Load-Hits:        2497807645   83.02%
L1-Load-Misses:       510836417   16.98%
L1-Load-Accesses:    3008644062  100.00%

L1-Store-Hits:          83714041   97.65%
L1-Store-Misses:         2017047    2.35%
L1-Store-Accesses:      85731088  100.00%

L1-Total-Hits:        2581521686   83.43%
L1-Total-Misses:       512853464   16.57%
L1-Total-Accesses:    3094375150  100.00%

L2 Cache Stats:
L2-Load-Hits:         331756467   64.94%
L2-Load-Misses:       179079950   35.06%
L2-Load-Accesses:     510836417  100.00%

L2-Store-Hits:           1542771   76.49%
L2-Store-Misses:          474276   23.51%
L2-Store-Accesses:       2017047  100.00%

L2-Total-Hits:         333299238   64.99%
L2-Total-Misses:       179554226   35.01%
L2-Total-Accesses:     512853464  100.00%

