--------
Total Statistics
--------
Total Instructions: 17762792409
Total Cycles: 57527135739
IPC: 0.308772

--------
Single level Tlb hierarchy
--------
  Data Tlb:
    Entries:           8
    Page Size(B):   4096
    Associativity:      4

Latencies:    0   50
Tlb-Sets:    2 - LRU - assoc:   4

Tlb Stats:
Tlb-Load-Hits:        2918367775   97.00%
Tlb-Load-Misses:        90276287    3.00%
Tlb-Load-Accesses:    3008644062  100.00%

Tlb-Store-Hits:          83764441   97.71%
Tlb-Store-Misses:         1966647    2.29%
Tlb-Store-Accesses:      85731088  100.00%

Tlb-Total-Hits:        3002132216   97.02%
Tlb-Total-Misses:        92242934    2.98%
Tlb-Total-Accesses:    3094375150  100.00%



--------
Two level Cache hierarchy
--------
  L1-Data Cache:
    Size(KB):          32
    Block Size(B):     64
    Associativity:      8

  L2-Data Cache:
    Size(KB):        1024
    Block Size(B):    128
    Associativity:      8

Latencies:    1   10  150
L1-Sets:   64 - LRU - assoc:   8
L2-Sets: 1024 - LRU - assoc:   8
Store_allocation: Yes
L2_inclusive: Yes
L2_prefetching: No

L1 Cache Stats:
L1-Load-Hits:        2497949935   83.03%
L1-Load-Misses:       510694127   16.97%
L1-Load-Accesses:    3008644062  100.00%

L1-Store-Hits:          83699192   97.63%
L1-Store-Misses:         2031896    2.37%
L1-Store-Accesses:      85731088  100.00%

L1-Total-Hits:        2581649127   83.43%
L1-Total-Misses:       512726023   16.57%
L1-Total-Accesses:    3094375150  100.00%

L2 Cache Stats:
L2-Load-Hits:         331647711   64.94%
L2-Load-Misses:       179046416   35.06%
L2-Load-Accesses:     510694127  100.00%

L2-Store-Hits:           1541237   75.85%
L2-Store-Misses:          490659   24.15%
L2-Store-Accesses:       2031896  100.00%

L2-Total-Hits:         333188948   64.98%
L2-Total-Misses:       179537075   35.02%
L2-Total-Accesses:     512726023  100.00%

