--------
Total Statistics
--------
Total Instructions: 20807579352
Total Cycles: 43175392019
IPC: 0.481931

--------
Single level Tlb hierarchy
--------
  Data Tlb:
    Entries:         128
    Page Size(B):   4096
    Associativity:      4

Latencies:    0   50
Tlb-Sets:   32 - LRU - assoc:   4

Tlb Stats:
Tlb-Load-Hits:        6361676792   99.89%
Tlb-Load-Misses:         7306582    0.11%
Tlb-Load-Accesses:    6368983374  100.00%

Tlb-Store-Hits:        2599964703   99.96%
Tlb-Store-Misses:          951400    0.04%
Tlb-Store-Accesses:    2600916103  100.00%

Tlb-Total-Hits:        8961641495   99.91%
Tlb-Total-Misses:         8257982    0.09%
Tlb-Total-Accesses:    8969899477  100.00%



--------
Two level Cache hierarchy
--------
  L1-Data Cache:
    Size(KB):          32
    Block Size(B):     64
    Associativity:      8

  L2-Data Cache:
    Size(KB):        1024
    Block Size(B):    128
    Associativity:      8

Latencies:    1   10  150
L1-Sets:   64 - LRU - assoc:   8
L2-Sets: 1024 - LRU - assoc:   8
Store_allocation: Yes
L2_inclusive: Yes
L2_prefetching: No

L1 Cache Stats:
L1-Load-Hits:        6147428293   96.52%
L1-Load-Misses:       221555081    3.48%
L1-Load-Accesses:    6368983374  100.00%

L1-Store-Hits:        2581750875   99.26%
L1-Store-Misses:        19165228    0.74%
L1-Store-Accesses:    2600916103  100.00%

L1-Total-Hits:        8729179168   97.32%
L1-Total-Misses:       240720309    2.68%
L1-Total-Accesses:    8969899477  100.00%

L2 Cache Stats:
L2-Load-Hits:         156586491   70.68%
L2-Load-Misses:        64968590   29.32%
L2-Load-Accesses:     221555081  100.00%

L2-Store-Hits:          13615078   71.04%
L2-Store-Misses:         5550150   28.96%
L2-Store-Accesses:      19165228  100.00%

L2-Total-Hits:         170201569   70.71%
L2-Total-Misses:        70518740   29.29%
L2-Total-Accesses:     240720309  100.00%

