--------
Total Statistics
--------
Total Instructions: 20807579404
Total Cycles: 44085487971
IPC: 0.471983

--------
Single level Tlb hierarchy
--------
  Data Tlb:
    Entries:          64
    Page Size(B):   4096
    Associativity:      8

Latencies:    0   50
Tlb-Sets:    8 - LRU - assoc:   8

Tlb Stats:
Tlb-Load-Hits:        6345366546   99.63%
Tlb-Load-Misses:        23616839    0.37%
Tlb-Load-Accesses:    6368983385  100.00%

Tlb-Store-Hits:        2598072523   99.89%
Tlb-Store-Misses:         2843609    0.11%
Tlb-Store-Accesses:    2600916132  100.00%

Tlb-Total-Hits:        8943439069   99.71%
Tlb-Total-Misses:        26460448    0.29%
Tlb-Total-Accesses:    8969899517  100.00%



--------
Two level Cache hierarchy
--------
  L1-Data Cache:
    Size(KB):          32
    Block Size(B):     64
    Associativity:      8

  L2-Data Cache:
    Size(KB):        1024
    Block Size(B):    128
    Associativity:      8

Latencies:    1   10  150
L1-Sets:   64 - LRU - assoc:   8
L2-Sets: 1024 - LRU - assoc:   8
Store_allocation: Yes
L2_inclusive: Yes
L2_prefetching: No

L1 Cache Stats:
L1-Load-Hits:        6147441346   96.52%
L1-Load-Misses:       221542039    3.48%
L1-Load-Accesses:    6368983385  100.00%

L1-Store-Hits:        2581751406   99.26%
L1-Store-Misses:        19164726    0.74%
L1-Store-Accesses:    2600916132  100.00%

L1-Total-Hits:        8729192752   97.32%
L1-Total-Misses:       240706765    2.68%
L1-Total-Accesses:    8969899517  100.00%

L2 Cache Stats:
L2-Load-Hits:         156573005   70.67%
L2-Load-Misses:        64969034   29.33%
L2-Load-Accesses:     221542039  100.00%

L2-Store-Hits:          13614300   71.04%
L2-Store-Misses:         5550426   28.96%
L2-Store-Accesses:      19164726  100.00%

L2-Total-Hits:         170187305   70.70%
L2-Total-Misses:        70519460   29.30%
L2-Total-Accesses:     240706765  100.00%

