--------
Total Statistics
--------
Total Instructions: 20807579382
Total Cycles: 51897977918
IPC: 0.400932

--------
Single level Tlb hierarchy
--------
  Data Tlb:
    Entries:          64
    Page Size(B):   4096
    Associativity:      1

Latencies:    0   50
Tlb-Sets:   64 - LRU - assoc:   1

Tlb Stats:
Tlb-Load-Hits:        6209112649   97.49%
Tlb-Load-Misses:       159870737    2.51%
Tlb-Load-Accesses:    6368983386  100.00%

Tlb-Store-Hits:        2578081067   99.12%
Tlb-Store-Misses:        22835003    0.88%
Tlb-Store-Accesses:    2600916070  100.00%

Tlb-Total-Hits:        8787193716   97.96%
Tlb-Total-Misses:       182705740    2.04%
Tlb-Total-Accesses:    8969899456  100.00%



--------
Two level Cache hierarchy
--------
  L1-Data Cache:
    Size(KB):          32
    Block Size(B):     64
    Associativity:      8

  L2-Data Cache:
    Size(KB):        1024
    Block Size(B):    128
    Associativity:      8

Latencies:    1   10  150
L1-Sets:   64 - LRU - assoc:   8
L2-Sets: 1024 - LRU - assoc:   8
Store_allocation: Yes
L2_inclusive: Yes
L2_prefetching: No

L1 Cache Stats:
L1-Load-Hits:        6147421906   96.52%
L1-Load-Misses:       221561480    3.48%
L1-Load-Accesses:    6368983386  100.00%

L1-Store-Hits:        2581771792   99.26%
L1-Store-Misses:        19144278    0.74%
L1-Store-Accesses:    2600916070  100.00%

L1-Total-Hits:        8729193698   97.32%
L1-Total-Misses:       240705758    2.68%
L1-Total-Accesses:    8969899456  100.00%

L2 Cache Stats:
L2-Load-Hits:         156591330   70.68%
L2-Load-Misses:        64970150   29.32%
L2-Load-Accesses:     221561480  100.00%

L2-Store-Hits:          13593398   71.01%
L2-Store-Misses:         5550880   28.99%
L2-Store-Accesses:      19144278  100.00%

L2-Total-Hits:         170184728   70.70%
L2-Total-Misses:        70521030   29.30%
L2-Total-Accesses:     240705758  100.00%

