--------
Total Statistics
--------
Total Instructions: 8308509597
Total Cycles: 12156643514
IPC: 0.683454

--------
Single level Tlb hierarchy
--------
  Data Tlb:
    Entries:          64
    Page Size(B):   4096
    Associativity:      4

Latencies:    0   50
Tlb-Sets:   16 - LRU - assoc:   4

Tlb Stats:
Tlb-Load-Hits:        1869902028   99.97%
Tlb-Load-Misses:          565075    0.03%
Tlb-Load-Accesses:    1870467103  100.00%

Tlb-Store-Hits:         183336841   99.85%
Tlb-Store-Misses:          279853    0.15%
Tlb-Store-Accesses:     183616694  100.00%

Tlb-Total-Hits:        2053238869   99.96%
Tlb-Total-Misses:          844928    0.04%
Tlb-Total-Accesses:    2054083797  100.00%



--------
Two level Cache hierarchy
--------
  L1-Data Cache:
    Size(KB):          32
    Block Size(B):     64
    Associativity:      8

  L2-Data Cache:
    Size(KB):         512
    Block Size(B):     64
    Associativity:      8

Latencies:    1   10  150
L1-Sets:   64 - LRU - assoc:   8
L2-Sets: 1024 - LRU - assoc:   8
Store_allocation: Yes
L2_inclusive: Yes
L2_prefetching: No

L1 Cache Stats:
L1-Load-Hits:        1856551244   99.26%
L1-Load-Misses:        13915859    0.74%
L1-Load-Accesses:    1870467103  100.00%

L1-Store-Hits:         180527841   98.32%
L1-Store-Misses:         3088853    1.68%
L1-Store-Accesses:     183616694  100.00%

L1-Total-Hits:        2037079085   99.17%
L1-Total-Misses:        17004712    0.83%
L1-Total-Accesses:    2054083797  100.00%

L2 Cache Stats:
L2-Load-Hits:           6452609   46.37%
L2-Load-Misses:         7463250   53.63%
L2-Load-Accesses:      13915859  100.00%

L2-Store-Hits:              7059    0.23%
L2-Store-Misses:         3081794   99.77%
L2-Store-Accesses:       3088853  100.00%

L2-Total-Hits:           6459668   37.99%
L2-Total-Misses:        10545044   62.01%
L2-Total-Accesses:      17004712  100.00%

