--------
Total Statistics
--------
Total Instructions: 8308509597
Total Cycles: 11981694814
IPC: 0.693434

--------
Single level Tlb hierarchy
--------
  Data Tlb:
    Entries:          64
    Page Size(B):   4096
    Associativity:      4

Latencies:    0   50
Tlb-Sets:   16 - LRU - assoc:   4

Tlb Stats:
Tlb-Load-Hits:        1869902363   99.97%
Tlb-Load-Misses:          564740    0.03%
Tlb-Load-Accesses:    1870467103  100.00%

Tlb-Store-Hits:         183336849   99.85%
Tlb-Store-Misses:          279845    0.15%
Tlb-Store-Accesses:     183616694  100.00%

Tlb-Total-Hits:        2053239212   99.96%
Tlb-Total-Misses:          844585    0.04%
Tlb-Total-Accesses:    2054083797  100.00%



--------
Two level Cache hierarchy
--------
  L1-Data Cache:
    Size(KB):          32
    Block Size(B):     64
    Associativity:      8

  L2-Data Cache:
    Size(KB):        1024
    Block Size(B):    128
    Associativity:      8

Latencies:    1   10  150
L1-Sets:   64 - LRU - assoc:   8
L2-Sets: 1024 - LRU - assoc:   8
Store_allocation: Yes
L2_inclusive: Yes
L2_prefetching: No

L1 Cache Stats:
L1-Load-Hits:        1848524366   98.83%
L1-Load-Misses:        21942737    1.17%
L1-Load-Accesses:    1870467103  100.00%

L1-Store-Hits:         178121954   97.01%
L1-Store-Misses:         5494740    2.99%
L1-Store-Accesses:     183616694  100.00%

L1-Total-Hits:        2026646320   98.66%
L1-Total-Misses:        27437477    1.34%
L1-Total-Accesses:    2054083797  100.00%

L2 Cache Stats:
L2-Load-Hits:          15978507   72.82%
L2-Load-Misses:         5964230   27.18%
L2-Load-Accesses:      21942737  100.00%

L2-Store-Hits:           2775654   50.51%
L2-Store-Misses:         2719086   49.49%
L2-Store-Accesses:       5494740  100.00%

L2-Total-Hits:          18754161   68.35%
L2-Total-Misses:         8683316   31.65%
L2-Total-Accesses:      27437477  100.00%

