--------
Total Statistics
--------
Total Instructions: 8308509597
Total Cycles: 11629537764
IPC: 0.714432

--------
Single level Tlb hierarchy
--------
  Data Tlb:
    Entries:          64
    Page Size(B):   4096
    Associativity:      4

Latencies:    0   50
Tlb-Sets:   16 - LRU - assoc:   4

Tlb Stats:
Tlb-Load-Hits:        1869902813   99.97%
Tlb-Load-Misses:          564290    0.03%
Tlb-Load-Accesses:    1870467103  100.00%

Tlb-Store-Hits:         183336841   99.85%
Tlb-Store-Misses:          279853    0.15%
Tlb-Store-Accesses:     183616694  100.00%

Tlb-Total-Hits:        2053239654   99.96%
Tlb-Total-Misses:          844143    0.04%
Tlb-Total-Accesses:    2054083797  100.00%



--------
Two level Cache hierarchy
--------
  L1-Data Cache:
    Size(KB):          32
    Block Size(B):     64
    Associativity:      8

  L2-Data Cache:
    Size(KB):        1024
    Block Size(B):    256
    Associativity:     16

Latencies:    1   10  150
L1-Sets:   64 - LRU - assoc:   8
L2-Sets:  256 - LRU - assoc:  16
Store_allocation: Yes
L2_inclusive: Yes
L2_prefetching: No

L1 Cache Stats:
L1-Load-Hits:        1850607411   98.94%
L1-Load-Misses:        19859692    1.06%
L1-Load-Accesses:    1870467103  100.00%

L1-Store-Hits:         178659699   97.30%
L1-Store-Misses:         4956995    2.70%
L1-Store-Accesses:     183616694  100.00%

L1-Total-Hits:        2029267110   98.79%
L1-Total-Misses:        24816687    1.21%
L1-Total-Accesses:    2054083797  100.00%

L2 Cache Stats:
L2-Load-Hits:          15531464   78.21%
L2-Load-Misses:         4328228   21.79%
L2-Load-Accesses:      19859692  100.00%

L2-Store-Hits:           2774754   55.98%
L2-Store-Misses:         2182241   44.02%
L2-Store-Accesses:       4956995  100.00%

L2-Total-Hits:          18306218   73.77%
L2-Total-Misses:         6510469   26.23%
L2-Total-Accesses:      24816687  100.00%

