--------
Total Statistics
--------
Total Instructions: 8308509597
Total Cycles: 11772695634
IPC: 0.705744

--------
Single level Tlb hierarchy
--------
  Data Tlb:
    Entries:          64
    Page Size(B):   4096
    Associativity:      4

Latencies:    0   50
Tlb-Sets:   16 - LRU - assoc:   4

Tlb Stats:
Tlb-Load-Hits:        1869902216   99.97%
Tlb-Load-Misses:          564887    0.03%
Tlb-Load-Accesses:    1870467103  100.00%

Tlb-Store-Hits:         183336849   99.85%
Tlb-Store-Misses:          279845    0.15%
Tlb-Store-Accesses:     183616694  100.00%

Tlb-Total-Hits:        2053239065   99.96%
Tlb-Total-Misses:          844732    0.04%
Tlb-Total-Accesses:    2054083797  100.00%



--------
Two level Cache hierarchy
--------
  L1-Data Cache:
    Size(KB):          32
    Block Size(B):     64
    Associativity:      8

  L2-Data Cache:
    Size(KB):        2048
    Block Size(B):    128
    Associativity:     16

Latencies:    1   10  150
L1-Sets:   64 - LRU - assoc:   8
L2-Sets: 1024 - LRU - assoc:  16
Store_allocation: Yes
L2_inclusive: Yes
L2_prefetching: No

L1 Cache Stats:
L1-Load-Hits:        1850108689   98.91%
L1-Load-Misses:        20358414    1.09%
L1-Load-Accesses:    1870467103  100.00%

L1-Store-Hits:         178119919   97.01%
L1-Store-Misses:         5496775    2.99%
L1-Store-Accesses:     183616694  100.00%

L1-Total-Hits:        2028228608   98.74%
L1-Total-Misses:        25855189    1.26%
L1-Total-Accesses:    2054083797  100.00%

L2 Cache Stats:
L2-Load-Hits:          15681897   77.03%
L2-Load-Misses:         4676517   22.97%
L2-Load-Accesses:      20358414  100.00%

L2-Store-Hits:           2777867   50.54%
L2-Store-Misses:         2718908   49.46%
L2-Store-Accesses:       5496775  100.00%

L2-Total-Hits:          18459764   71.40%
L2-Total-Misses:         7395425   28.60%
L2-Total-Accesses:      25855189  100.00%

