--------
Total Statistics
--------
Total Instructions: 2235776094
Total Cycles: 4981528113
IPC: 0.448813

--------
Single level Tlb hierarchy
--------
  Data Tlb:
    Entries:          64
    Page Size(B):   4096
    Associativity:      4

Latencies:    0   50
Tlb-Sets:   16 - LRU - assoc:   4

Tlb Stats:
Tlb-Load-Hits:         563124404   94.17%
Tlb-Load-Misses:        34832926    5.83%
Tlb-Load-Accesses:     597957330  100.00%

Tlb-Store-Hits:         126178807   99.67%
Tlb-Store-Misses:          421602    0.33%
Tlb-Store-Accesses:     126600409  100.00%

Tlb-Total-Hits:         689303211   95.13%
Tlb-Total-Misses:        35254528    4.87%
Tlb-Total-Accesses:     724557739  100.00%



--------
Two level Cache hierarchy
--------
  L1-Data Cache:
    Size(KB):          32
    Block Size(B):     64
    Associativity:      8

  L2-Data Cache:
    Size(KB):        1024
    Block Size(B):    128
    Associativity:      8

Latencies:    1   10  150
L1-Sets:   64 - LRU - assoc:   8
L2-Sets: 1024 - LRU - assoc:   8
Store_allocation: Yes
L2_inclusive: Yes
L2_prefetching: No

L1 Cache Stats:
L1-Load-Hits:         594261236   99.38%
L1-Load-Misses:         3696094    0.62%
L1-Load-Accesses:     597957330  100.00%

L1-Store-Hits:         125973845   99.51%
L1-Store-Misses:          626564    0.49%
L1-Store-Accesses:     126600409  100.00%

L1-Total-Hits:         720235081   99.40%
L1-Total-Misses:         4322658    0.60%
L1-Total-Accesses:     724557739  100.00%

L2 Cache Stats:
L2-Load-Hits:           2466060   66.72%
L2-Load-Misses:         1230034   33.28%
L2-Load-Accesses:       3696094  100.00%

L2-Store-Hits:            421656   67.30%
L2-Store-Misses:          204908   32.70%
L2-Store-Accesses:        626564  100.00%

L2-Total-Hits:           2887716   66.80%
L2-Total-Misses:         1434942   33.20%
L2-Total-Accesses:       4322658  100.00%

