--------
Total Statistics
--------
Total Instructions: 2235776094
Total Cycles: 4866921093
IPC: 0.459382

--------
Single level Tlb hierarchy
--------
  Data Tlb:
    Entries:          64
    Page Size(B):   4096
    Associativity:      4

Latencies:    0   50
Tlb-Sets:   16 - LRU - assoc:   4

Tlb Stats:
Tlb-Load-Hits:         563124504   94.17%
Tlb-Load-Misses:        34832826    5.83%
Tlb-Load-Accesses:     597957330  100.00%

Tlb-Store-Hits:         126179307   99.67%
Tlb-Store-Misses:          421102    0.33%
Tlb-Store-Accesses:     126600409  100.00%

Tlb-Total-Hits:         689303811   95.13%
Tlb-Total-Misses:        35253928    4.87%
Tlb-Total-Accesses:     724557739  100.00%



--------
Two level Cache hierarchy
--------
  L1-Data Cache:
    Size(KB):          32
    Block Size(B):     64
    Associativity:      8

  L2-Data Cache:
    Size(KB):        1024
    Block Size(B):    256
    Associativity:      8

Latencies:    1   10  150
L1-Sets:   64 - LRU - assoc:   8
L2-Sets:  512 - LRU - assoc:   8
Store_allocation: Yes
L2_inclusive: Yes
L2_prefetching: No

L1 Cache Stats:
L1-Load-Hits:         594833816   99.48%
L1-Load-Misses:         3123514    0.52%
L1-Load-Accesses:     597957330  100.00%

L1-Store-Hits:         126088937   99.60%
L1-Store-Misses:          511472    0.40%
L1-Store-Accesses:     126600409  100.00%

L1-Total-Hits:         720922753   99.50%
L1-Total-Misses:         3634986    0.50%
L1-Total-Accesses:     724557739  100.00%

L2 Cache Stats:
L2-Load-Hits:           2509078   80.33%
L2-Load-Misses:          614436   19.67%
L2-Load-Accesses:       3123514  100.00%

L2-Store-Hits:            408968   79.96%
L2-Store-Misses:          102504   20.04%
L2-Store-Accesses:        511472  100.00%

L2-Total-Hits:           2918046   80.28%
L2-Total-Misses:          716940   19.72%
L2-Total-Accesses:       3634986  100.00%

