--------
Total Statistics
--------
Total Instructions: 2235776094
Total Cycles: 4754006403
IPC: 0.470293

--------
Single level Tlb hierarchy
--------
  Data Tlb:
    Entries:          64
    Page Size(B):   4096
    Associativity:      4

Latencies:    0   50
Tlb-Sets:   16 - LRU - assoc:   4

Tlb Stats:
Tlb-Load-Hits:         563124506   94.17%
Tlb-Load-Misses:        34832824    5.83%
Tlb-Load-Accesses:     597957330  100.00%

Tlb-Store-Hits:         126179307   99.67%
Tlb-Store-Misses:          421102    0.33%
Tlb-Store-Accesses:     126600409  100.00%

Tlb-Total-Hits:         689303813   95.13%
Tlb-Total-Misses:        35253926    4.87%
Tlb-Total-Accesses:     724557739  100.00%



--------
Two level Cache hierarchy
--------
  L1-Data Cache:
    Size(KB):          32
    Block Size(B):     64
    Associativity:      8

  L2-Data Cache:
    Size(KB):        2048
    Block Size(B):    128
    Associativity:     16

Latencies:    1   10  150
L1-Sets:   64 - LRU - assoc:   8
L2-Sets: 1024 - LRU - assoc:  16
Store_allocation: Yes
L2_inclusive: Yes
L2_prefetching: No

L1 Cache Stats:
L1-Load-Hits:         595485171   99.59%
L1-Load-Misses:         2472159    0.41%
L1-Load-Accesses:     597957330  100.00%

L1-Store-Hits:         126190701   99.68%
L1-Store-Misses:          409708    0.32%
L1-Store-Accesses:     126600409  100.00%

L1-Total-Hits:         721675872   99.60%
L1-Total-Misses:         2881867    0.40%
L1-Total-Accesses:     724557739  100.00%

L2 Cache Stats:
L2-Load-Hits:           2459830   99.50%
L2-Load-Misses:           12329    0.50%
L2-Load-Accesses:       2472159  100.00%

L2-Store-Hits:            407653   99.50%
L2-Store-Misses:            2055    0.50%
L2-Store-Accesses:        409708  100.00%

L2-Total-Hits:           2867483   99.50%
L2-Total-Misses:           14384    0.50%
L2-Total-Accesses:       2881867  100.00%

