--------
Total Statistics
--------
Total Instructions: 2235776119
Total Cycles: 5182380116
IPC: 0.431419

--------
Single level Tlb hierarchy
--------
  Data Tlb:
    Entries:          64
    Page Size(B):   4096
    Associativity:      4

Latencies:    0   50
Tlb-Sets:   16 - LRU - assoc:   4

Tlb Stats:
Tlb-Load-Hits:         563124513   94.17%
Tlb-Load-Misses:        34832825    5.83%
Tlb-Load-Accesses:     597957338  100.00%

Tlb-Store-Hits:         126179307   99.67%
Tlb-Store-Misses:          421102    0.33%
Tlb-Store-Accesses:     126600409  100.00%

Tlb-Total-Hits:         689303820   95.13%
Tlb-Total-Misses:        35253927    4.87%
Tlb-Total-Accesses:     724557747  100.00%



--------
Two level Cache hierarchy
--------
  L1-Data Cache:
    Size(KB):          32
    Block Size(B):     64
    Associativity:      8

  L2-Data Cache:
    Size(KB):        1024
    Block Size(B):     64
    Associativity:      8

Latencies:    1   10  150
L1-Sets:   64 - LRU - assoc:   8
L2-Sets: 2048 - LRU - assoc:   8
Store_allocation: Yes
L2_inclusive: Yes
L2_prefetching: No

L1 Cache Stats:
L1-Load-Hits:         595485911   99.59%
L1-Load-Misses:         2471427    0.41%
L1-Load-Accesses:     597957338  100.00%

L1-Store-Hits:         126190401   99.68%
L1-Store-Misses:          410008    0.32%
L1-Store-Accesses:     126600409  100.00%

L1-Total-Hits:         721676312   99.60%
L1-Total-Misses:         2881435    0.40%
L1-Total-Accesses:     724557747  100.00%

L2 Cache Stats:
L2-Load-Hits:             11198    0.45%
L2-Load-Misses:         2460229   99.55%
L2-Load-Accesses:       2471427  100.00%

L2-Store-Hits:                 0    0.00%
L2-Store-Misses:          410008  100.00%
L2-Store-Accesses:        410008  100.00%

L2-Total-Hits:             11198    0.39%
L2-Total-Misses:         2870237   99.61%
L2-Total-Accesses:       2881435  100.00%

