--------
Total Statistics
--------
Total Instructions: 2235776094
Total Cycles: 4752916893
IPC: 0.470401

--------
Single level Tlb hierarchy
--------
  Data Tlb:
    Entries:          64
    Page Size(B):   4096
    Associativity:      4

Latencies:    0   50
Tlb-Sets:   16 - LRU - assoc:   4

Tlb Stats:
Tlb-Load-Hits:         563124105   94.17%
Tlb-Load-Misses:        34833225    5.83%
Tlb-Load-Accesses:     597957330  100.00%

Tlb-Store-Hits:         126179307   99.67%
Tlb-Store-Misses:          421102    0.33%
Tlb-Store-Accesses:     126600409  100.00%

Tlb-Total-Hits:         689303412   95.13%
Tlb-Total-Misses:        35254327    4.87%
Tlb-Total-Accesses:     724557739  100.00%



--------
Two level Cache hierarchy
--------
  L1-Data Cache:
    Size(KB):          32
    Block Size(B):     64
    Associativity:      8

  L2-Data Cache:
    Size(KB):        2048
    Block Size(B):    256
    Associativity:     16

Latencies:    1   10  150
L1-Sets:   64 - LRU - assoc:   8
L2-Sets:  512 - LRU - assoc:  16
Store_allocation: Yes
L2_inclusive: Yes
L2_prefetching: No

L1 Cache Stats:
L1-Load-Hits:         595488471   99.59%
L1-Load-Misses:         2468859    0.41%
L1-Load-Accesses:     597957330  100.00%

L1-Store-Hits:         126190702   99.68%
L1-Store-Misses:          409707    0.32%
L1-Store-Accesses:     126600409  100.00%

L1-Total-Hits:         721679173   99.60%
L1-Total-Misses:         2878566    0.40%
L1-Total-Accesses:     724557739  100.00%

L2 Cache Stats:
L2-Load-Hits:           2462681   99.75%
L2-Load-Misses:            6178    0.25%
L2-Load-Accesses:       2468859  100.00%

L2-Store-Hits:            408678   99.75%
L2-Store-Misses:            1029    0.25%
L2-Store-Accesses:        409707  100.00%

L2-Total-Hits:           2871359   99.75%
L2-Total-Misses:            7207    0.25%
L2-Total-Accesses:       2878566  100.00%

