--------
Total Statistics
--------
Total Instructions: 6594956433
Total Cycles: 9019867226
IPC: 0.731159

--------
Single level Tlb hierarchy
--------
  Data Tlb:
    Entries:          64
    Page Size(B):   4096
    Associativity:      4

Latencies:    0   50
Tlb-Sets:   16 - LRU - assoc:   4

Tlb Stats:
Tlb-Load-Hits:        1667279888   99.97%
Tlb-Load-Misses:          551033    0.03%
Tlb-Load-Accesses:    1667830921  100.00%

Tlb-Store-Hits:         565379915   99.99%
Tlb-Store-Misses:           52427    0.01%
Tlb-Store-Accesses:     565432342  100.00%

Tlb-Total-Hits:        2232659803   99.97%
Tlb-Total-Misses:          603460    0.03%
Tlb-Total-Accesses:    2233263263  100.00%



--------
Two level Cache hierarchy
--------
  L1-Data Cache:
    Size(KB):          64
    Block Size(B):    128
    Associativity:      8

  L2-Data Cache:
    Size(KB):        1024
    Block Size(B):    128
    Associativity:      8

Latencies:    1   10  150
L1-Sets:   64 - LRU - assoc:   8
L2-Sets: 1024 - LRU - assoc:   8
Store_allocation: Yes
L2_inclusive: Yes
L2_prefetching: No

L1 Cache Stats:
L1-Load-Hits:        1666414499   99.92%
L1-Load-Misses:         1416422    0.08%
L1-Load-Accesses:    1667830921  100.00%

L1-Store-Hits:         565227776   99.96%
L1-Store-Misses:          204566    0.04%
L1-Store-Accesses:     565432342  100.00%

L1-Total-Hits:        2231642275   99.93%
L1-Total-Misses:         1620988    0.07%
L1-Total-Accesses:    2233263263  100.00%

L2 Cache Stats:
L2-Load-Hits:            643487   45.43%
L2-Load-Misses:          772935   54.57%
L2-Load-Accesses:       1416422  100.00%

L2-Store-Hits:              9070    4.43%
L2-Store-Misses:          195496   95.57%
L2-Store-Accesses:        204566  100.00%

L2-Total-Hits:            652557   40.26%
L2-Total-Misses:          968431   59.74%
L2-Total-Accesses:       1620988  100.00%

