--------
Total Statistics
--------
Total Instructions: 6594956433
Total Cycles: 9057102426
IPC: 0.728153

--------
Single level Tlb hierarchy
--------
  Data Tlb:
    Entries:          64
    Page Size(B):   4096
    Associativity:      4

Latencies:    0   50
Tlb-Sets:   16 - LRU - assoc:   4

Tlb Stats:
Tlb-Load-Hits:        1667266988   99.97%
Tlb-Load-Misses:          563933    0.03%
Tlb-Load-Accesses:    1667830921  100.00%

Tlb-Store-Hits:         565375859   99.99%
Tlb-Store-Misses:           56483    0.01%
Tlb-Store-Accesses:     565432342  100.00%

Tlb-Total-Hits:        2232642847   99.97%
Tlb-Total-Misses:          620416    0.03%
Tlb-Total-Accesses:    2233263263  100.00%



--------
Two level Cache hierarchy
--------
  L1-Data Cache:
    Size(KB):          64
    Block Size(B):     32
    Associativity:      8

  L2-Data Cache:
    Size(KB):        1024
    Block Size(B):    128
    Associativity:      8

Latencies:    1   10  150
L1-Sets:  256 - LRU - assoc:   8
L2-Sets: 1024 - LRU - assoc:   8
Store_allocation: Yes
L2_inclusive: Yes
L2_prefetching: No

L1 Cache Stats:
L1-Load-Hits:        1663505276   99.74%
L1-Load-Misses:         4325645    0.26%
L1-Load-Accesses:    1667830921  100.00%

L1-Store-Hits:         564465079   99.83%
L1-Store-Misses:          967263    0.17%
L1-Store-Accesses:     565432342  100.00%

L1-Total-Hits:        2227970355   99.76%
L1-Total-Misses:         5292908    0.24%
L1-Total-Accesses:    2233263263  100.00%

L2 Cache Stats:
L2-Load-Hits:           3554675   82.18%
L2-Load-Misses:          770970   17.82%
L2-Load-Accesses:       4325645  100.00%

L2-Store-Hits:            772014   79.81%
L2-Store-Misses:          195249   20.19%
L2-Store-Accesses:        967263  100.00%

L2-Total-Hits:           4326689   81.75%
L2-Total-Misses:          966219   18.25%
L2-Total-Accesses:       5292908  100.00%

