--------
Total Statistics
--------
Total Instructions: 6594956433
Total Cycles: 9060925996
IPC: 0.727846

--------
Single level Tlb hierarchy
--------
  Data Tlb:
    Entries:          64
    Page Size(B):   4096
    Associativity:      4

Latencies:    0   50
Tlb-Sets:   16 - LRU - assoc:   4

Tlb Stats:
Tlb-Load-Hits:        1667273699   99.97%
Tlb-Load-Misses:          557222    0.03%
Tlb-Load-Accesses:    1667830921  100.00%

Tlb-Store-Hits:         565379223   99.99%
Tlb-Store-Misses:           53119    0.01%
Tlb-Store-Accesses:     565432342  100.00%

Tlb-Total-Hits:        2232652922   99.97%
Tlb-Total-Misses:          610341    0.03%
Tlb-Total-Accesses:    2233263263  100.00%



--------
Two level Cache hierarchy
--------
  L1-Data Cache:
    Size(KB):          32
    Block Size(B):     32
    Associativity:      8

  L2-Data Cache:
    Size(KB):        1024
    Block Size(B):    128
    Associativity:      8

Latencies:    1   10  150
L1-Sets:  128 - LRU - assoc:   8
L2-Sets: 1024 - LRU - assoc:   8
Store_allocation: Yes
L2_inclusive: Yes
L2_prefetching: No

L1 Cache Stats:
L1-Load-Hits:        1663104002   99.72%
L1-Load-Misses:         4726919    0.28%
L1-Load-Accesses:    1667830921  100.00%

L1-Store-Hits:         564433381   99.82%
L1-Store-Misses:          998961    0.18%
L1-Store-Accesses:     565432342  100.00%

L1-Total-Hits:        2227537383   99.74%
L1-Total-Misses:         5725880    0.26%
L1-Total-Accesses:    2233263263  100.00%

L2 Cache Stats:
L2-Load-Hits:           3955797   83.69%
L2-Load-Misses:          771122   16.31%
L2-Load-Accesses:       4726919  100.00%

L2-Store-Hits:            803880   80.47%
L2-Store-Misses:          195081   19.53%
L2-Store-Accesses:        998961  100.00%

L2-Total-Hits:           4759677   83.13%
L2-Total-Misses:          966203   16.87%
L2-Total-Accesses:       5725880  100.00%

