--------
Total Statistics
--------
Total Instructions: 6594956433
Total Cycles: 9044926716
IPC: 0.729133

--------
Single level Tlb hierarchy
--------
  Data Tlb:
    Entries:          64
    Page Size(B):   4096
    Associativity:      4

Latencies:    0   50
Tlb-Sets:   16 - LRU - assoc:   4

Tlb Stats:
Tlb-Load-Hits:        1667277570   99.97%
Tlb-Load-Misses:          553351    0.03%
Tlb-Load-Accesses:    1667830921  100.00%

Tlb-Store-Hits:         565379818   99.99%
Tlb-Store-Misses:           52524    0.01%
Tlb-Store-Accesses:     565432342  100.00%

Tlb-Total-Hits:        2232657388   99.97%
Tlb-Total-Misses:          605875    0.03%
Tlb-Total-Accesses:    2233263263  100.00%



--------
Two level Cache hierarchy
--------
  L1-Data Cache:
    Size(KB):          32
    Block Size(B):     64
    Associativity:      8

  L2-Data Cache:
    Size(KB):        1024
    Block Size(B):    128
    Associativity:      8

Latencies:    1   10  150
L1-Sets:   64 - LRU - assoc:   8
L2-Sets: 1024 - LRU - assoc:   8
Store_allocation: Yes
L2_inclusive: Yes
L2_prefetching: No

L1 Cache Stats:
L1-Load-Hits:        1664277322   99.79%
L1-Load-Misses:         3553599    0.21%
L1-Load-Accesses:    1667830921  100.00%

L1-Store-Hits:         564821924   99.89%
L1-Store-Misses:          610418    0.11%
L1-Store-Accesses:     565432342  100.00%

L1-Total-Hits:        2229099246   99.81%
L1-Total-Misses:         4164017    0.19%
L1-Total-Accesses:    2233263263  100.00%

L2 Cache Stats:
L2-Load-Hits:           2783484   78.33%
L2-Load-Misses:          770115   21.67%
L2-Load-Accesses:       3553599  100.00%

L2-Store-Hits:            415379   68.05%
L2-Store-Misses:          195039   31.95%
L2-Store-Accesses:        610418  100.00%

L2-Total-Hits:           3198863   76.82%
L2-Total-Misses:          965154   23.18%
L2-Total-Accesses:       4164017  100.00%

