--------
Total Statistics
--------
Total Instructions: 10948989397
Total Cycles: 15886724520
IPC: 0.689191

--------
Single level Tlb hierarchy
--------
  Data Tlb:
    Entries:          64
    Page Size(B):   4096
    Associativity:      4

Latencies:    0   50
Tlb-Sets:   16 - LRU - assoc:   4

Tlb Stats:
Tlb-Load-Hits:        2284591211   99.40%
Tlb-Load-Misses:        13690727    0.60%
Tlb-Load-Accesses:    2298281938  100.00%

Tlb-Store-Hits:         591933670   99.94%
Tlb-Store-Misses:          347245    0.06%
Tlb-Store-Accesses:     592280915  100.00%

Tlb-Total-Hits:        2876524881   99.51%
Tlb-Total-Misses:        14037972    0.49%
Tlb-Total-Accesses:    2890562853  100.00%



--------
Two level Cache hierarchy
--------
  L1-Data Cache:
    Size(KB):          32
    Block Size(B):     64
    Associativity:      8

  L2-Data Cache:
    Size(KB):        1024
    Block Size(B):    128
    Associativity:      8

Latencies:    1   10  150
L1-Sets:   64 - LRU - assoc:   8
L2-Sets: 1024 - LRU - assoc:   8
Store_allocation: Yes
L2_inclusive: Yes
L2_prefetching: No

L1 Cache Stats:
L1-Load-Hits:        2186540467   95.14%
L1-Load-Misses:       111741471    4.86%
L1-Load-Accesses:    2298281938  100.00%

L1-Store-Hits:         585719139   98.89%
L1-Store-Misses:         6561776    1.11%
L1-Store-Accesses:     592280915  100.00%

L1-Total-Hits:        2772259606   95.91%
L1-Total-Misses:       118303247    4.09%
L1-Total-Accesses:    2890562853  100.00%

L2 Cache Stats:
L2-Load-Hits:         111161924   99.48%
L2-Load-Misses:          579547    0.52%
L2-Load-Accesses:     111741471  100.00%

L2-Store-Hits:           6059715   92.35%
L2-Store-Misses:          502061    7.65%
L2-Store-Accesses:       6561776  100.00%

L2-Total-Hits:         117221639   99.09%
L2-Total-Misses:         1081608    0.91%
L2-Total-Accesses:     118303247  100.00%

