--------
Total Statistics
--------
Total Instructions: 10948989422
Total Cycles: 15873950063
IPC: 0.689746

--------
Single level Tlb hierarchy
--------
  Data Tlb:
    Entries:          64
    Page Size(B):   4096
    Associativity:      4

Latencies:    0   50
Tlb-Sets:   16 - LRU - assoc:   4

Tlb Stats:
Tlb-Load-Hits:        2284593388   99.40%
Tlb-Load-Misses:        13688558    0.60%
Tlb-Load-Accesses:    2298281946  100.00%

Tlb-Store-Hits:         591853753   99.93%
Tlb-Store-Misses:          427162    0.07%
Tlb-Store-Accesses:     592280915  100.00%

Tlb-Total-Hits:        2876447141   99.51%
Tlb-Total-Misses:        14115720    0.49%
Tlb-Total-Accesses:    2890562861  100.00%



--------
Two level Cache hierarchy
--------
  L1-Data Cache:
    Size(KB):          32
    Block Size(B):     64
    Associativity:      8

  L2-Data Cache:
    Size(KB):        2048
    Block Size(B):     64
    Associativity:     16

Latencies:    1   10  150
L1-Sets:   64 - LRU - assoc:   8
L2-Sets: 2048 - LRU - assoc:  16
Store_allocation: Yes
L2_inclusive: Yes
L2_prefetching: No

L1 Cache Stats:
L1-Load-Hits:        2186997148   95.16%
L1-Load-Misses:       111284798    4.84%
L1-Load-Accesses:    2298281946  100.00%

L1-Store-Hits:         586549230   99.03%
L1-Store-Misses:         5731685    0.97%
L1-Store-Accesses:     592280915  100.00%

L1-Total-Hits:        2773546378   95.95%
L1-Total-Misses:       117016483    4.05%
L1-Total-Accesses:    2890562861  100.00%

L2 Cache Stats:
L2-Load-Hits:         110693177   99.47%
L2-Load-Misses:          591621    0.53%
L2-Load-Accesses:     111284798  100.00%

L2-Store-Hits:           5266993   91.89%
L2-Store-Misses:          464692    8.11%
L2-Store-Accesses:       5731685  100.00%

L2-Total-Hits:         115960170   99.10%
L2-Total-Misses:         1056313    0.90%
L2-Total-Accesses:     117016483  100.00%

