--------
Total Statistics
--------
Total Instructions: 32216352854
Total Cycles: 50063466019
IPC: 0.64351

--------
Single level Tlb hierarchy
--------
  Data Tlb:
    Entries:          64
    Page Size(B):   4096
    Associativity:      4

Latencies:    0   50
Tlb-Sets:   16 - LRU - assoc:   4

Tlb Stats:
Tlb-Load-Hits:        9244045081   99.68%
Tlb-Load-Misses:        29696287    0.32%
Tlb-Load-Accesses:    9273741368  100.00%

Tlb-Store-Hits:        4832772931   99.84%
Tlb-Store-Misses:         7731706    0.16%
Tlb-Store-Accesses:    4840504637  100.00%

Tlb-Total-Hits:       14076818012   99.73%
Tlb-Total-Misses:        37427993    0.27%
Tlb-Total-Accesses:   14114246005  100.00%



--------
Two level Cache hierarchy
--------
  L1-Data Cache:
    Size(KB):          32
    Block Size(B):     64
    Associativity:      8

  L2-Data Cache:
    Size(KB):        1024
    Block Size(B):    128
    Associativity:      8

Latencies:    1   10  150
L1-Sets:   64 - LRU - assoc:   8
L2-Sets: 1024 - LRU - assoc:   8
Store_allocation: Yes
L2_inclusive: Yes
L2_prefetching: No

L1 Cache Stats:
L1-Load-Hits:        9223635923   99.46%
L1-Load-Misses:        50105445    0.54%
L1-Load-Accesses:    9273741368  100.00%

L1-Store-Hits:        4830287636   99.79%
L1-Store-Misses:        10217001    0.21%
L1-Store-Accesses:    4840504637  100.00%

L1-Total-Hits:       14053923559   99.57%
L1-Total-Misses:        60322446    0.43%
L1-Total-Accesses:   14114246005  100.00%

L2 Cache Stats:
L2-Load-Hits:          43986687   87.79%
L2-Load-Misses:         6118758   12.21%
L2-Load-Accesses:      50105445  100.00%

L2-Store-Hits:           7947472   77.79%
L2-Store-Misses:         2269529   22.21%
L2-Store-Accesses:      10217001  100.00%

L2-Total-Hits:          51934159   86.09%
L2-Total-Misses:         8388287   13.91%
L2-Total-Accesses:      60322446  100.00%

