--------
Total Statistics
--------
Total Instructions: 32216352829
Total Cycles: 87258459096
IPC: 0.369206

--------
Single level Tlb hierarchy
--------
  Data Tlb:
    Entries:          16
    Page Size(B):   4096
    Associativity:      4

Latencies:    0   50
Tlb-Sets:    4 - LRU - assoc:   4

Tlb Stats:
Tlb-Load-Hits:        8642334274   93.19%
Tlb-Load-Misses:       631407086    6.81%
Tlb-Load-Accesses:    9273741360  100.00%

Tlb-Store-Hits:        4690600341   96.90%
Tlb-Store-Misses:       149904296    3.10%
Tlb-Store-Accesses:    4840504637  100.00%

Tlb-Total-Hits:       13332934615   94.46%
Tlb-Total-Misses:       781311382    5.54%
Tlb-Total-Accesses:   14114245997  100.00%



--------
Two level Cache hierarchy
--------
  L1-Data Cache:
    Size(KB):          32
    Block Size(B):     64
    Associativity:      8

  L2-Data Cache:
    Size(KB):        1024
    Block Size(B):    128
    Associativity:      8

Latencies:    1   10  150
L1-Sets:   64 - LRU - assoc:   8
L2-Sets: 1024 - LRU - assoc:   8
Store_allocation: Yes
L2_inclusive: Yes
L2_prefetching: No

L1 Cache Stats:
L1-Load-Hits:        9223629642   99.46%
L1-Load-Misses:        50111718    0.54%
L1-Load-Accesses:    9273741360  100.00%

L1-Store-Hits:        4830273013   99.79%
L1-Store-Misses:        10231624    0.21%
L1-Store-Accesses:    4840504637  100.00%

L1-Total-Hits:       14053902655   99.57%
L1-Total-Misses:        60343342    0.43%
L1-Total-Accesses:   14114245997  100.00%

L2 Cache Stats:
L2-Load-Hits:          43989987   87.78%
L2-Load-Misses:         6121731   12.22%
L2-Load-Accesses:      50111718  100.00%

L2-Store-Hits:           7960970   77.81%
L2-Store-Misses:         2270654   22.19%
L2-Store-Accesses:      10231624  100.00%

L2-Total-Hits:          51950957   86.09%
L2-Total-Misses:         8392385   13.91%
L2-Total-Accesses:      60343342  100.00%

