--------
Total Statistics
--------
Total Instructions: 23696515511
Total Cycles: 41866922284
IPC: 0.565996

--------
Single level Tlb hierarchy
--------
  Data Tlb:
    Entries:          64
    Page Size(B):   4096
    Associativity:      4

Latencies:    0   50
Tlb-Sets:   16 - LRU - assoc:   4

Tlb Stats:
Tlb-Load-Hits:        6892559357   99.58%
Tlb-Load-Misses:        28998886    0.42%
Tlb-Load-Accesses:    6921558243  100.00%

Tlb-Store-Hits:        1361171461   99.80%
Tlb-Store-Misses:         2698349    0.20%
Tlb-Store-Accesses:    1363869810  100.00%

Tlb-Total-Hits:        8253730818   99.62%
Tlb-Total-Misses:        31697235    0.38%
Tlb-Total-Accesses:    8285428053  100.00%



--------
Two level Cache hierarchy
--------
  L1-Data Cache:
    Size(KB):         128
    Block Size(B):    128
    Associativity:      8

  L2-Data Cache:
    Size(KB):        1024
    Block Size(B):    128
    Associativity:      8

Latencies:    1   10  150
L1-Sets:  128 - LRU - assoc:   8
L2-Sets: 1024 - LRU - assoc:   8
Store_allocation: Yes
L2_inclusive: Yes
L2_prefetching: No

L1 Cache Stats:
L1-Load-Hits:        6853769573   99.02%
L1-Load-Misses:        67788670    0.98%
L1-Load-Accesses:    6921558243  100.00%

L1-Store-Hits:        1354658018   99.32%
L1-Store-Misses:         9211792    0.68%
L1-Store-Accesses:    1363869810  100.00%

L1-Total-Hits:        8208427591   99.07%
L1-Total-Misses:        77000462    0.93%
L1-Total-Accesses:    8285428053  100.00%

L2 Cache Stats:
L2-Load-Hits:          21673180   31.97%
L2-Load-Misses:        46115490   68.03%
L2-Load-Accesses:      67788670  100.00%

L2-Store-Hits:           5126533   55.65%
L2-Store-Misses:         4085259   44.35%
L2-Store-Accesses:       9211792  100.00%

L2-Total-Hits:          26799713   34.80%
L2-Total-Misses:        50200749   65.20%
L2-Total-Accesses:      77000462  100.00%

