--------
Total Statistics
--------
Total Instructions: 23696515536
Total Cycles: 45195815387
IPC: 0.524308

--------
Single level Tlb hierarchy
--------
  Data Tlb:
    Entries:          64
    Page Size(B):   4096
    Associativity:      4

Latencies:    0   50
Tlb-Sets:   16 - LRU - assoc:   4

Tlb Stats:
Tlb-Load-Hits:        6891765335   99.57%
Tlb-Load-Misses:        29792916    0.43%
Tlb-Load-Accesses:    6921558251  100.00%

Tlb-Store-Hits:        1361244514   99.81%
Tlb-Store-Misses:         2625296    0.19%
Tlb-Store-Accesses:    1363869810  100.00%

Tlb-Total-Hits:        8253009849   99.61%
Tlb-Total-Misses:        32418212    0.39%
Tlb-Total-Accesses:    8285428061  100.00%



--------
Two level Cache hierarchy
--------
  L1-Data Cache:
    Size(KB):          64
    Block Size(B):     32
    Associativity:      8

  L2-Data Cache:
    Size(KB):        1024
    Block Size(B):    128
    Associativity:      8

Latencies:    1   10  150
L1-Sets:  256 - LRU - assoc:   8
L2-Sets: 1024 - LRU - assoc:   8
Store_allocation: Yes
L2_inclusive: Yes
L2_prefetching: No

L1 Cache Stats:
L1-Load-Hits:        6713124384   96.99%
L1-Load-Misses:       208433867    3.01%
L1-Load-Accesses:    6921558251  100.00%

L1-Store-Hits:        1164419673   85.38%
L1-Store-Misses:       199450137   14.62%
L1-Store-Accesses:    1363869810  100.00%

L1-Total-Hits:        7877544057   95.08%
L1-Total-Misses:       407884004    4.92%
L1-Total-Accesses:    8285428061  100.00%

L2 Cache Stats:
L2-Load-Hits:         162424305   77.93%
L2-Load-Misses:        46009562   22.07%
L2-Load-Accesses:     208433867  100.00%

L2-Store-Hits:         195365558   97.95%
L2-Store-Misses:         4084579    2.05%
L2-Store-Accesses:     199450137  100.00%

L2-Total-Hits:         357789863   87.72%
L2-Total-Misses:        50094141   12.28%
L2-Total-Accesses:     407884004  100.00%

