--------
Total Statistics
--------
Total Instructions: 23696516764
Total Cycles: 42843735593
IPC: 0.553092

--------
Single level Tlb hierarchy
--------
  Data Tlb:
    Entries:          64
    Page Size(B):   4096
    Associativity:      4

Latencies:    0   50
Tlb-Sets:   16 - LRU - assoc:   4

Tlb Stats:
Tlb-Load-Hits:        6890388571   99.55%
Tlb-Load-Misses:        31169672    0.45%
Tlb-Load-Accesses:    6921558243  100.00%

Tlb-Store-Hits:        1360759188   99.77%
Tlb-Store-Misses:         3111338    0.23%
Tlb-Store-Accesses:    1363870526  100.00%

Tlb-Total-Hits:        8251147759   99.59%
Tlb-Total-Misses:        34281010    0.41%
Tlb-Total-Accesses:    8285428769  100.00%



--------
Two level Cache hierarchy
--------
  L1-Data Cache:
    Size(KB):         128
    Block Size(B):     64
    Associativity:      8

  L2-Data Cache:
    Size(KB):        1024
    Block Size(B):    128
    Associativity:      8

Latencies:    1   10  150
L1-Sets:  256 - LRU - assoc:   8
L2-Sets: 1024 - LRU - assoc:   8
Store_allocation: Yes
L2_inclusive: Yes
L2_prefetching: No

L1 Cache Stats:
L1-Load-Hits:        6779773859   97.95%
L1-Load-Misses:       141784384    2.05%
L1-Load-Accesses:    6921558243  100.00%

L1-Store-Hits:        1343127459   98.48%
L1-Store-Misses:        20743067    1.52%
L1-Store-Accesses:    1363870526  100.00%

L1-Total-Hits:        8122901318   98.04%
L1-Total-Misses:       162527451    1.96%
L1-Total-Accesses:    8285428769  100.00%

L2 Cache Stats:
L2-Load-Hits:          95721823   67.51%
L2-Load-Misses:        46062561   32.49%
L2-Load-Accesses:     141784384  100.00%

L2-Store-Hits:          16655861   80.30%
L2-Store-Misses:         4087206   19.70%
L2-Store-Accesses:      20743067  100.00%

L2-Total-Hits:         112377684   69.14%
L2-Total-Misses:        50149767   30.86%
L2-Total-Accesses:     162527451  100.00%

