--------
Total Statistics
--------
Total Instructions: 8308509622
Total Cycles: 11947337507
IPC: 0.695428

--------
Single level Tlb hierarchy
--------
  Data Tlb:
    Entries:          64
    Page Size(B):   4096
    Associativity:      4

Latencies:    0   50
Tlb-Sets:   16 - LRU - assoc:   4

Tlb Stats:
Tlb-Load-Hits:        1869901997   99.97%
Tlb-Load-Misses:          565114    0.03%
Tlb-Load-Accesses:    1870467111  100.00%

Tlb-Store-Hits:         183336841   99.85%
Tlb-Store-Misses:          279853    0.15%
Tlb-Store-Accesses:     183616694  100.00%

Tlb-Total-Hits:        2053238838   99.96%
Tlb-Total-Misses:          844967    0.04%
Tlb-Total-Accesses:    2054083805  100.00%



--------
Two level Cache hierarchy
--------
  L1-Data Cache:
    Size(KB):          64
    Block Size(B):     64
    Associativity:      4

  L2-Data Cache:
    Size(KB):        1024
    Block Size(B):    128
    Associativity:      8

Latencies:    1   10  150
L1-Sets:  256 - LRU - assoc:   4
L2-Sets: 1024 - LRU - assoc:   8
Store_allocation: Yes
L2_inclusive: Yes
L2_prefetching: No

L1 Cache Stats:
L1-Load-Hits:        1851954572   99.01%
L1-Load-Misses:        18512539    0.99%
L1-Load-Accesses:    1870467111  100.00%

L1-Store-Hits:         178138100   97.02%
L1-Store-Misses:         5478594    2.98%
L1-Store-Accesses:     183616694  100.00%

L1-Total-Hits:        2030092672   98.83%
L1-Total-Misses:        23991133    1.17%
L1-Total-Accesses:    2054083805  100.00%

L2 Cache Stats:
L2-Load-Hits:          12548060   67.78%
L2-Load-Misses:         5964479   32.22%
L2-Load-Accesses:      18512539  100.00%

L2-Store-Hits:           2759177   50.36%
L2-Store-Misses:         2719417   49.64%
L2-Store-Accesses:       5478594  100.00%

L2-Total-Hits:          15307237   63.80%
L2-Total-Misses:         8683896   36.20%
L2-Total-Accesses:      23991133  100.00%

