--------
Total Statistics
--------
Total Instructions: 8308509597
Total Cycles: 11838142794
IPC: 0.701842

--------
Single level Tlb hierarchy
--------
  Data Tlb:
    Entries:          64
    Page Size(B):   4096
    Associativity:      4

Latencies:    0   50
Tlb-Sets:   16 - LRU - assoc:   4

Tlb Stats:
Tlb-Load-Hits:        1869902627   99.97%
Tlb-Load-Misses:          564476    0.03%
Tlb-Load-Accesses:    1870467103  100.00%

Tlb-Store-Hits:         183336839   99.85%
Tlb-Store-Misses:          279855    0.15%
Tlb-Store-Accesses:     183616694  100.00%

Tlb-Total-Hits:        2053239466   99.96%
Tlb-Total-Misses:          844331    0.04%
Tlb-Total-Accesses:    2054083797  100.00%



--------
Two level Cache hierarchy
--------
  L1-Data Cache:
    Size(KB):          64
    Block Size(B):    128
    Associativity:      8

  L2-Data Cache:
    Size(KB):        1024
    Block Size(B):    128
    Associativity:      8

Latencies:    1   10  150
L1-Sets:   64 - LRU - assoc:   8
L2-Sets: 1024 - LRU - assoc:   8
Store_allocation: Yes
L2_inclusive: Yes
L2_prefetching: No

L1 Cache Stats:
L1-Load-Hits:        1860157965   99.45%
L1-Load-Misses:        10309138    0.55%
L1-Load-Accesses:    1870467103  100.00%

L1-Store-Hits:         180895597   98.52%
L1-Store-Misses:         2721097    1.48%
L1-Store-Accesses:     183616694  100.00%

L1-Total-Hits:        2041053562   99.37%
L1-Total-Misses:        13030235    0.63%
L1-Total-Accesses:    2054083797  100.00%

L2 Cache Stats:
L2-Load-Hits:           4341522   42.11%
L2-Load-Misses:         5967616   57.89%
L2-Load-Accesses:      10309138  100.00%

L2-Store-Hits:              1843    0.07%
L2-Store-Misses:         2719254   99.93%
L2-Store-Accesses:       2721097  100.00%

L2-Total-Hits:           4343365   33.33%
L2-Total-Misses:         8686870   66.67%
L2-Total-Accesses:      13030235  100.00%

