--------
Total Statistics
--------
Total Instructions: 8308509622
Total Cycles: 12043774467
IPC: 0.689859

--------
Single level Tlb hierarchy
--------
  Data Tlb:
    Entries:          64
    Page Size(B):   4096
    Associativity:      4

Latencies:    0   50
Tlb-Sets:   16 - LRU - assoc:   4

Tlb Stats:
Tlb-Load-Hits:        1869901886   99.97%
Tlb-Load-Misses:          565225    0.03%
Tlb-Load-Accesses:    1870467111  100.00%

Tlb-Store-Hits:         183336845   99.85%
Tlb-Store-Misses:          279849    0.15%
Tlb-Store-Accesses:     183616694  100.00%

Tlb-Total-Hits:        2053238731   99.96%
Tlb-Total-Misses:          845074    0.04%
Tlb-Total-Accesses:    2054083805  100.00%



--------
Two level Cache hierarchy
--------
  L1-Data Cache:
    Size(KB):          32
    Block Size(B):     32
    Associativity:      8

  L2-Data Cache:
    Size(KB):        1024
    Block Size(B):    128
    Associativity:      8

Latencies:    1   10  150
L1-Sets:  128 - LRU - assoc:   8
L2-Sets: 1024 - LRU - assoc:   8
Store_allocation: Yes
L2_inclusive: Yes
L2_prefetching: No

L1 Cache Stats:
L1-Load-Hits:        1843633318   98.57%
L1-Load-Misses:        26833793    1.43%
L1-Load-Accesses:    1870467111  100.00%

L1-Store-Hits:         176808198   96.29%
L1-Store-Misses:         6808496    3.71%
L1-Store-Accesses:     183616694  100.00%

L1-Total-Hits:        2020441516   98.36%
L1-Total-Misses:        33642289    1.64%
L1-Total-Accesses:    2054083805  100.00%

L2 Cache Stats:
L2-Load-Hits:          20869386   77.77%
L2-Load-Misses:         5964407   22.23%
L2-Load-Accesses:      26833793  100.00%

L2-Store-Hits:           4089540   60.07%
L2-Store-Misses:         2718956   39.93%
L2-Store-Accesses:       6808496  100.00%

L2-Total-Hits:          24958926   74.19%
L2-Total-Misses:         8683363   25.81%
L2-Total-Accesses:      33642289  100.00%

