--------
Total Statistics
--------
Total Instructions: 8308509597
Total Cycles: 11958418204
IPC: 0.694783

--------
Single level Tlb hierarchy
--------
  Data Tlb:
    Entries:          64
    Page Size(B):   4096
    Associativity:      4

Latencies:    0   50
Tlb-Sets:   16 - LRU - assoc:   4

Tlb Stats:
Tlb-Load-Hits:        1869896471   99.97%
Tlb-Load-Misses:          570632    0.03%
Tlb-Load-Accesses:    1870467103  100.00%

Tlb-Store-Hits:         183336834   99.85%
Tlb-Store-Misses:          279860    0.15%
Tlb-Store-Accesses:     183616694  100.00%

Tlb-Total-Hits:        2053233305   99.96%
Tlb-Total-Misses:          850492    0.04%
Tlb-Total-Accesses:    2054083797  100.00%



--------
Two level Cache hierarchy
--------
  L1-Data Cache:
    Size(KB):          64
    Block Size(B):     64
    Associativity:      8

  L2-Data Cache:
    Size(KB):        1024
    Block Size(B):    128
    Associativity:      8

Latencies:    1   10  150
L1-Sets:  128 - LRU - assoc:   8
L2-Sets: 1024 - LRU - assoc:   8
Store_allocation: Yes
L2_inclusive: Yes
L2_prefetching: No

L1 Cache Stats:
L1-Load-Hits:        1850877209   98.95%
L1-Load-Misses:        19589894    1.05%
L1-Load-Accesses:    1870467103  100.00%

L1-Store-Hits:         178136222   97.02%
L1-Store-Misses:         5480472    2.98%
L1-Store-Accesses:     183616694  100.00%

L1-Total-Hits:        2029013431   98.78%
L1-Total-Misses:        25070366    1.22%
L1-Total-Accesses:    2054083797  100.00%

L2 Cache Stats:
L2-Load-Hits:          13625001   69.55%
L2-Load-Misses:         5964893   30.45%
L2-Load-Accesses:      19589894  100.00%

L2-Store-Hits:           2761388   50.39%
L2-Store-Misses:         2719084   49.61%
L2-Store-Accesses:       5480472  100.00%

L2-Total-Hits:          16386389   65.36%
L2-Total-Misses:         8683977   34.64%
L2-Total-Accesses:      25070366  100.00%

