--------
Total Statistics
--------
Total Instructions: 23714279323
Total Cycles: 32302006596
IPC: 0.734143

--------
Single level Tlb hierarchy
--------
  Data Tlb:
    Entries:          64
    Page Size(B):   4096
    Associativity:      4

Latencies:    0   50
Tlb-Sets:   16 - LRU - assoc:   4

Tlb Stats:
Tlb-Load-Hits:        6728858017  100.00%
Tlb-Load-Misses:              47    0.00%
Tlb-Load-Accesses:    6728858064  100.00%

Tlb-Store-Hits:        1857031727  100.00%
Tlb-Store-Misses:             342    0.00%
Tlb-Store-Accesses:    1857032069  100.00%

Tlb-Total-Hits:        8585889744  100.00%
Tlb-Total-Misses:             389    0.00%
Tlb-Total-Accesses:    8585890133  100.00%



--------
Two level Cache hierarchy
--------
  L1-Data Cache:
    Size(KB):          64
    Block Size(B):    128
    Associativity:      8

  L2-Data Cache:
    Size(KB):        1024
    Block Size(B):    128
    Associativity:      8

Latencies:    1   10  150
L1-Sets:   64 - LRU - assoc:   8
L2-Sets: 1024 - LRU - assoc:   8
Store_allocation: Yes
L2_inclusive: Yes
L2_prefetching: No

L1 Cache Stats:
L1-Load-Hits:        6728856658  100.00%
L1-Load-Misses:            1406    0.00%
L1-Load-Accesses:    6728858064  100.00%

L1-Store-Hits:        1857021671  100.00%
L1-Store-Misses:           10398    0.00%
L1-Store-Accesses:    1857032069  100.00%

L1-Total-Hits:        8585878329  100.00%
L1-Total-Misses:           11804    0.00%
L1-Total-Accesses:    8585890133  100.00%

L2 Cache Stats:
L2-Load-Hits:               371   26.39%
L2-Load-Misses:            1035   73.61%
L2-Load-Accesses:          1406  100.00%

L2-Store-Hits:               102    0.98%
L2-Store-Misses:           10296   99.02%
L2-Store-Accesses:         10398  100.00%

L2-Total-Hits:               473    4.01%
L2-Total-Misses:           11331   95.99%
L2-Total-Accesses:         11804  100.00%

