--------
Total Statistics
--------
Total Instructions: 23714279323
Total Cycles: 32302154026
IPC: 0.734139

--------
Single level Tlb hierarchy
--------
  Data Tlb:
    Entries:          64
    Page Size(B):   4096
    Associativity:      4

Latencies:    0   50
Tlb-Sets:   16 - LRU - assoc:   4

Tlb Stats:
Tlb-Load-Hits:        6728858021  100.00%
Tlb-Load-Misses:              43    0.00%
Tlb-Load-Accesses:    6728858064  100.00%

Tlb-Store-Hits:        1857031727  100.00%
Tlb-Store-Misses:             342    0.00%
Tlb-Store-Accesses:    1857032069  100.00%

Tlb-Total-Hits:        8585889748  100.00%
Tlb-Total-Misses:             385    0.00%
Tlb-Total-Accesses:    8585890133  100.00%



--------
Two level Cache hierarchy
--------
  L1-Data Cache:
    Size(KB):          64
    Block Size(B):     64
    Associativity:      8

  L2-Data Cache:
    Size(KB):        1024
    Block Size(B):    128
    Associativity:      8

Latencies:    1   10  150
L1-Sets:  128 - LRU - assoc:   8
L2-Sets: 1024 - LRU - assoc:   8
Store_allocation: Yes
L2_inclusive: Yes
L2_prefetching: No

L1 Cache Stats:
L1-Load-Hits:        6728855122  100.00%
L1-Load-Misses:            2942    0.00%
L1-Load-Accesses:    6728858064  100.00%

L1-Store-Hits:        1857008324  100.00%
L1-Store-Misses:           23745    0.00%
L1-Store-Accesses:    1857032069  100.00%

L1-Total-Hits:        8585863446  100.00%
L1-Total-Misses:           26687    0.00%
L1-Total-Accesses:    8585890133  100.00%

L2 Cache Stats:
L2-Load-Hits:              1913   65.02%
L2-Load-Misses:            1029   34.98%
L2-Load-Accesses:          2942  100.00%

L2-Store-Hits:             13451   56.65%
L2-Store-Misses:           10294   43.35%
L2-Store-Accesses:         23745  100.00%

L2-Total-Hits:             15364   57.57%
L2-Total-Misses:           11323   42.43%
L2-Total-Accesses:         26687  100.00%

