--------
Total Statistics
--------
Total Instructions: 23714279323
Total Cycles: 32302385236
IPC: 0.734134

--------
Single level Tlb hierarchy
--------
  Data Tlb:
    Entries:          64
    Page Size(B):   4096
    Associativity:      4

Latencies:    0   50
Tlb-Sets:   16 - LRU - assoc:   4

Tlb Stats:
Tlb-Load-Hits:        6728858013  100.00%
Tlb-Load-Misses:              51    0.00%
Tlb-Load-Accesses:    6728858064  100.00%

Tlb-Store-Hits:        1857031727  100.00%
Tlb-Store-Misses:             342    0.00%
Tlb-Store-Accesses:    1857032069  100.00%

Tlb-Total-Hits:        8585889740  100.00%
Tlb-Total-Misses:             393    0.00%
Tlb-Total-Accesses:    8585890133  100.00%



--------
Two level Cache hierarchy
--------
  L1-Data Cache:
    Size(KB):          64
    Block Size(B):     32
    Associativity:      8

  L2-Data Cache:
    Size(KB):        1024
    Block Size(B):    128
    Associativity:      8

Latencies:    1   10  150
L1-Sets:  256 - LRU - assoc:   8
L2-Sets: 1024 - LRU - assoc:   8
Store_allocation: Yes
L2_inclusive: Yes
L2_prefetching: No

L1 Cache Stats:
L1-Load-Hits:        6728853745  100.00%
L1-Load-Misses:            4319    0.00%
L1-Load-Accesses:    6728858064  100.00%

L1-Store-Hits:        1856986380  100.00%
L1-Store-Misses:           45689    0.00%
L1-Store-Accesses:    1857032069  100.00%

L1-Total-Hits:        8585840125  100.00%
L1-Total-Misses:           50008    0.00%
L1-Total-Accesses:    8585890133  100.00%

L2 Cache Stats:
L2-Load-Hits:              3305   76.52%
L2-Load-Misses:            1014   23.48%
L2-Load-Accesses:          4319  100.00%

L2-Store-Hits:             35396   77.47%
L2-Store-Misses:           10293   22.53%
L2-Store-Accesses:         45689  100.00%

L2-Total-Hits:             38701   77.39%
L2-Total-Misses:           11307   22.61%
L2-Total-Accesses:         50008  100.00%

