--------
Total Statistics
--------
Total Instructions: 23714279323
Total Cycles: 32607267006
IPC: 0.72727

--------
Single level Tlb hierarchy
--------
  Data Tlb:
    Entries:          64
    Page Size(B):   4096
    Associativity:      4

Latencies:    0   50
Tlb-Sets:   16 - LRU - assoc:   4

Tlb Stats:
Tlb-Load-Hits:        6728858025  100.00%
Tlb-Load-Misses:              39    0.00%
Tlb-Load-Accesses:    6728858064  100.00%

Tlb-Store-Hits:        1857031727  100.00%
Tlb-Store-Misses:             342    0.00%
Tlb-Store-Accesses:    1857032069  100.00%

Tlb-Total-Hits:        8585889752  100.00%
Tlb-Total-Misses:             381    0.00%
Tlb-Total-Accesses:    8585890133  100.00%



--------
Two level Cache hierarchy
--------
  L1-Data Cache:
    Size(KB):          32
    Block Size(B):    128
    Associativity:      8

  L2-Data Cache:
    Size(KB):        1024
    Block Size(B):    128
    Associativity:      8

Latencies:    1   10  150
L1-Sets:   32 - LRU - assoc:   8
L2-Sets: 1024 - LRU - assoc:   8
Store_allocation: Yes
L2_inclusive: Yes
L2_prefetching: No

L1 Cache Stats:
L1-Load-Hits:        6717424746   99.83%
L1-Load-Misses:        11433318    0.17%
L1-Load-Accesses:    6728858064  100.00%

L1-Store-Hits:        1837926737   98.97%
L1-Store-Misses:        19105332    1.03%
L1-Store-Accesses:    1857032069  100.00%

L1-Total-Hits:        8555351483   99.64%
L1-Total-Misses:        30538650    0.36%
L1-Total-Accesses:    8585890133  100.00%

L2 Cache Stats:
L2-Load-Hits:          11432329   99.99%
L2-Load-Misses:             989    0.01%
L2-Load-Accesses:      11433318  100.00%

L2-Store-Hits:          19095041   99.95%
L2-Store-Misses:           10291    0.05%
L2-Store-Accesses:      19105332  100.00%

L2-Total-Hits:          30527370   99.96%
L2-Total-Misses:           11280    0.04%
L2-Total-Accesses:      30538650  100.00%

