--------
Total Statistics
--------
Total Instructions: 23714279348
Total Cycles: 33140625429
IPC: 0.715565

--------
Single level Tlb hierarchy
--------
  Data Tlb:
    Entries:          64
    Page Size(B):   4096
    Associativity:      4

Latencies:    0   50
Tlb-Sets:   16 - LRU - assoc:   4

Tlb Stats:
Tlb-Load-Hits:        6728858021  100.00%
Tlb-Load-Misses:              51    0.00%
Tlb-Load-Accesses:    6728858072  100.00%

Tlb-Store-Hits:        1857031724  100.00%
Tlb-Store-Misses:             345    0.00%
Tlb-Store-Accesses:    1857032069  100.00%

Tlb-Total-Hits:        8585889745  100.00%
Tlb-Total-Misses:             396    0.00%
Tlb-Total-Accesses:    8585890141  100.00%



--------
Two level Cache hierarchy
--------
  L1-Data Cache:
    Size(KB):          32
    Block Size(B):     32
    Associativity:      8

  L2-Data Cache:
    Size(KB):        1024
    Block Size(B):    128
    Associativity:      8

Latencies:    1   10  150
L1-Sets:  128 - LRU - assoc:   8
L2-Sets: 1024 - LRU - assoc:   8
Store_allocation: Yes
L2_inclusive: Yes
L2_prefetching: No

L1 Cache Stats:
L1-Load-Hits:        6703746552   99.63%
L1-Load-Misses:        25111520    0.37%
L1-Load-Accesses:    6728858072  100.00%

L1-Store-Hits:        1798269160   96.84%
L1-Store-Misses:        58762909    3.16%
L1-Store-Accesses:    1857032069  100.00%

L1-Total-Hits:        8502015712   99.02%
L1-Total-Misses:        83874429    0.98%
L1-Total-Accesses:    8585890141  100.00%

L2 Cache Stats:
L2-Load-Hits:          25110530  100.00%
L2-Load-Misses:             990    0.00%
L2-Load-Accesses:      25111520  100.00%

L2-Store-Hits:          58752620   99.98%
L2-Store-Misses:           10289    0.02%
L2-Store-Accesses:      58762909  100.00%

L2-Total-Hits:          83863150   99.99%
L2-Total-Misses:           11279    0.01%
L2-Total-Accesses:      83874429  100.00%

