--------
Total Statistics
--------
Total Instructions: 8308509597
Total Cycles: 11635649844
IPC: 0.714056

--------
Single level Tlb hierarchy
--------
  Data Tlb:
    Entries:          64
    Page Size(B):   4096
    Associativity:      4

Latencies:    0   50
Tlb-Sets:   16 - LRU - assoc:   4

Tlb Stats:
Tlb-Load-Hits:        1869902206   99.97%
Tlb-Load-Misses:          564897    0.03%
Tlb-Load-Accesses:    1870467103  100.00%

Tlb-Store-Hits:         183336849   99.85%
Tlb-Store-Misses:          279845    0.15%
Tlb-Store-Accesses:     183616694  100.00%

Tlb-Total-Hits:        2053239055   99.96%
Tlb-Total-Misses:          844742    0.04%
Tlb-Total-Accesses:    2054083797  100.00%



--------
Two level Cache hierarchy
--------
  L1-Data Cache:
    Size(KB):          32
    Block Size(B):     64
    Associativity:      8

  L2-Data Cache:
    Size(KB):        1024
    Block Size(B):    256
    Associativity:      8

Latencies:    1   10  150
L1-Sets:   64 - LRU - assoc:   8
L2-Sets:  512 - LRU - assoc:   8
Store_allocation: Yes
L2_inclusive: Yes
L2_prefetching: No

L1 Cache Stats:
L1-Load-Hits:        1850671000   98.94%
L1-Load-Misses:        19796103    1.06%
L1-Load-Accesses:    1870467103  100.00%

L1-Store-Hits:         178634952   97.29%
L1-Store-Misses:         4981742    2.71%
L1-Store-Accesses:     183616694  100.00%

L1-Total-Hits:        2029305952   98.79%
L1-Total-Misses:        24777845    1.21%
L1-Total-Accesses:    2054083797  100.00%

L2 Cache Stats:
L2-Load-Hits:          15424473   77.92%
L2-Load-Misses:         4371630   22.08%
L2-Load-Accesses:      19796103  100.00%

L2-Store-Hits:           2799766   56.20%
L2-Store-Misses:         2181976   43.80%
L2-Store-Accesses:       4981742  100.00%

L2-Total-Hits:          18224239   73.55%
L2-Total-Misses:         6553606   26.45%
L2-Total-Accesses:      24777845  100.00%

