--------
Total Statistics
--------
Total Instructions: 8308509597
Total Cycles: 11698790784
IPC: 0.710202

--------
Single level Tlb hierarchy
--------
  Data Tlb:
    Entries:          64
    Page Size(B):   4096
    Associativity:      4

Latencies:    0   50
Tlb-Sets:   16 - LRU - assoc:   4

Tlb Stats:
Tlb-Load-Hits:        1869901565   99.97%
Tlb-Load-Misses:          565538    0.03%
Tlb-Load-Accesses:    1870467103  100.00%

Tlb-Store-Hits:         183336849   99.85%
Tlb-Store-Misses:          279845    0.15%
Tlb-Store-Accesses:     183616694  100.00%

Tlb-Total-Hits:        2053238414   99.96%
Tlb-Total-Misses:          845383    0.04%
Tlb-Total-Accesses:    2054083797  100.00%



--------
Two level Cache hierarchy
--------
  L1-Data Cache:
    Size(KB):          32
    Block Size(B):     64
    Associativity:      8

  L2-Data Cache:
    Size(KB):         512
    Block Size(B):    256
    Associativity:      8

Latencies:    1   10  150
L1-Sets:   64 - LRU - assoc:   8
L2-Sets:  256 - LRU - assoc:   8
Store_allocation: Yes
L2_inclusive: Yes
L2_prefetching: No

L1 Cache Stats:
L1-Load-Hits:        1850452714   98.93%
L1-Load-Misses:        20014389    1.07%
L1-Load-Accesses:    1870467103  100.00%

L1-Store-Hits:         178472764   97.20%
L1-Store-Misses:         5143930    2.80%
L1-Store-Accesses:     183616694  100.00%

L1-Total-Hits:        2028925478   98.78%
L1-Total-Misses:        25158319    1.22%
L1-Total-Accesses:    2054083797  100.00%

L2 Cache Stats:
L2-Load-Hits:          15248422   76.19%
L2-Load-Misses:         4765967   23.81%
L2-Load-Accesses:      20014389  100.00%

L2-Store-Hits:           2960930   57.56%
L2-Store-Misses:         2183000   42.44%
L2-Store-Accesses:       5143930  100.00%

L2-Total-Hits:          18209352   72.38%
L2-Total-Misses:         6948967   27.62%
L2-Total-Accesses:      25158319  100.00%

