--------
Total Statistics
--------
Total Instructions: 8308509597
Total Cycles: 11870463124
IPC: 0.699931

--------
Single level Tlb hierarchy
--------
  Data Tlb:
    Entries:          64
    Page Size(B):   4096
    Associativity:      4

Latencies:    0   50
Tlb-Sets:   16 - LRU - assoc:   4

Tlb Stats:
Tlb-Load-Hits:        1869901565   99.97%
Tlb-Load-Misses:          565538    0.03%
Tlb-Load-Accesses:    1870467103  100.00%

Tlb-Store-Hits:         183336849   99.85%
Tlb-Store-Misses:          279845    0.15%
Tlb-Store-Accesses:     183616694  100.00%

Tlb-Total-Hits:        2053238414   99.96%
Tlb-Total-Misses:          845383    0.04%
Tlb-Total-Accesses:    2054083797  100.00%



--------
Two level Cache hierarchy
--------
  L1-Data Cache:
    Size(KB):          32
    Block Size(B):     64
    Associativity:      8

  L2-Data Cache:
    Size(KB):        2048
    Block Size(B):     64
    Associativity:     16

Latencies:    1   10  150
L1-Sets:   64 - LRU - assoc:   8
L2-Sets: 2048 - LRU - assoc:  16
Store_allocation: Yes
L2_inclusive: Yes
L2_prefetching: No

L1 Cache Stats:
L1-Load-Hits:        1856554365   99.26%
L1-Load-Misses:        13912738    0.74%
L1-Load-Accesses:    1870467103  100.00%

L1-Store-Hits:         180528724   98.32%
L1-Store-Misses:         3087970    1.68%
L1-Store-Accesses:     183616694  100.00%

L1-Total-Hits:        2037083089   99.17%
L1-Total-Misses:        17000708    0.83%
L1-Total-Accesses:    2054083797  100.00%

L2 Cache Stats:
L2-Load-Hits:           8355948   60.06%
L2-Load-Misses:         5556790   39.94%
L2-Load-Accesses:      13912738  100.00%

L2-Store-Hits:              7470    0.24%
L2-Store-Misses:         3080500   99.76%
L2-Store-Accesses:       3087970  100.00%

L2-Total-Hits:           8363418   49.19%
L2-Total-Misses:         8637290   50.81%
L2-Total-Accesses:      17000708  100.00%

