--------
Total Statistics
--------
Total Instructions: 23714279323
Total Cycles: 32808981416
IPC: 0.722798

--------
Single level Tlb hierarchy
--------
  Data Tlb:
    Entries:          64
    Page Size(B):   4096
    Associativity:      4

Latencies:    0   50
Tlb-Sets:   16 - LRU - assoc:   4

Tlb Stats:
Tlb-Load-Hits:        6728857999  100.00%
Tlb-Load-Misses:              65    0.00%
Tlb-Load-Accesses:    6728858064  100.00%

Tlb-Store-Hits:        1857031717  100.00%
Tlb-Store-Misses:             352    0.00%
Tlb-Store-Accesses:    1857032069  100.00%

Tlb-Total-Hits:        8585889716  100.00%
Tlb-Total-Misses:             417    0.00%
Tlb-Total-Accesses:    8585890133  100.00%



--------
Two level Cache hierarchy
--------
  L1-Data Cache:
    Size(KB):          32
    Block Size(B):     64
    Associativity:      8

  L2-Data Cache:
    Size(KB):        1024
    Block Size(B):    128
    Associativity:      8

Latencies:    1   10  150
L1-Sets:   64 - LRU - assoc:   8
L2-Sets: 1024 - LRU - assoc:   8
Store_allocation: Yes
L2_inclusive: Yes
L2_prefetching: Yes ( 64)

L1 Cache Stats:
L1-Load-Hits:        6710699427   99.73%
L1-Load-Misses:        18158637    0.27%
L1-Load-Accesses:    6728858064  100.00%

L1-Store-Hits:        1824480780   98.25%
L1-Store-Misses:        32551289    1.75%
L1-Store-Accesses:    1857032069  100.00%

L1-Total-Hits:        8535180207   99.41%
L1-Total-Misses:        50709926    0.59%
L1-Total-Accesses:    8585890133  100.00%

L2 Cache Stats:
L2-Load-Hits:          18157649   99.99%
L2-Load-Misses:             988    0.01%
L2-Load-Accesses:      18158637  100.00%

L2-Store-Hits:          32540998   99.97%
L2-Store-Misses:           10291    0.03%
L2-Store-Accesses:      32551289  100.00%

L2-Total-Hits:          50698647   99.98%
L2-Total-Misses:           11279    0.02%
L2-Total-Accesses:      50709926  100.00%

