--------
Total Statistics
--------
Total Instructions: 23714279348
Total Cycles: 32803437269
IPC: 0.722921

--------
Single level Tlb hierarchy
--------
  Data Tlb:
    Entries:          64
    Page Size(B):   4096
    Associativity:      4

Latencies:    0   50
Tlb-Sets:   16 - LRU - assoc:   4

Tlb Stats:
Tlb-Load-Hits:        6728729257  100.00%
Tlb-Load-Misses:          128815    0.00%
Tlb-Load-Accesses:    6728858072  100.00%

Tlb-Store-Hits:        1857019225  100.00%
Tlb-Store-Misses:           12844    0.00%
Tlb-Store-Accesses:    1857032069  100.00%

Tlb-Total-Hits:        8585748482  100.00%
Tlb-Total-Misses:          141659    0.00%
Tlb-Total-Accesses:    8585890141  100.00%



--------
Two level Cache hierarchy
--------
  L1-Data Cache:
    Size(KB):          32
    Block Size(B):     64
    Associativity:      8

  L2-Data Cache:
    Size(KB):        1024
    Block Size(B):    128
    Associativity:      8

Latencies:    1   10  150
L1-Sets:   64 - LRU - assoc:   8
L2-Sets: 1024 - LRU - assoc:   8
Store_allocation: Yes
L2_inclusive: Yes
L2_prefetching: Yes (  8)

L1 Cache Stats:
L1-Load-Hits:        6711120140   99.74%
L1-Load-Misses:        17737932    0.26%
L1-Load-Accesses:    6728858072  100.00%

L1-Store-Hits:        1825320703   98.29%
L1-Store-Misses:        31711366    1.71%
L1-Store-Accesses:    1857032069  100.00%

L1-Total-Hits:        8536440843   99.42%
L1-Total-Misses:        49449298    0.58%
L1-Total-Accesses:    8585890141  100.00%

L2 Cache Stats:
L2-Load-Hits:          17736942   99.99%
L2-Load-Misses:             990    0.01%
L2-Load-Accesses:      17737932  100.00%

L2-Store-Hits:          31701077   99.97%
L2-Store-Misses:           10289    0.03%
L2-Store-Accesses:      31711366  100.00%

L2-Total-Hits:          49438019   99.98%
L2-Total-Misses:           11279    0.02%
L2-Total-Accesses:      49449298  100.00%

