--------
Total Statistics
--------
Total Instructions: 23714279323
Total Cycles: 32797526376
IPC: 0.723051

--------
Single level Tlb hierarchy
--------
  Data Tlb:
    Entries:          64
    Page Size(B):   4096
    Associativity:      4

Latencies:    0   50
Tlb-Sets:   16 - LRU - assoc:   4

Tlb Stats:
Tlb-Load-Hits:        6728848011  100.00%
Tlb-Load-Misses:           10053    0.00%
Tlb-Load-Accesses:    6728858064  100.00%

Tlb-Store-Hits:        1857031723  100.00%
Tlb-Store-Misses:             346    0.00%
Tlb-Store-Accesses:    1857032069  100.00%

Tlb-Total-Hits:        8585879734  100.00%
Tlb-Total-Misses:           10399    0.00%
Tlb-Total-Accesses:    8585890133  100.00%



--------
Two level Cache hierarchy
--------
  L1-Data Cache:
    Size(KB):          32
    Block Size(B):     64
    Associativity:      8

  L2-Data Cache:
    Size(KB):        1024
    Block Size(B):    128
    Associativity:      8

Latencies:    1   10  150
L1-Sets:   64 - LRU - assoc:   8
L2-Sets: 1024 - LRU - assoc:   8
Store_allocation: Yes
L2_inclusive: Yes
L2_prefetching: Yes (  2)

L1 Cache Stats:
L1-Load-Hits:        6711175904   99.74%
L1-Load-Misses:        17682160    0.26%
L1-Load-Accesses:    6728858064  100.00%

L1-Store-Hits:        1825199732   98.29%
L1-Store-Misses:        31832337    1.71%
L1-Store-Accesses:    1857032069  100.00%

L1-Total-Hits:        8536375636   99.42%
L1-Total-Misses:        49514497    0.58%
L1-Total-Accesses:    8585890133  100.00%

L2 Cache Stats:
L2-Load-Hits:          17681170   99.99%
L2-Load-Misses:             990    0.01%
L2-Load-Accesses:      17682160  100.00%

L2-Store-Hits:          31822047   99.97%
L2-Store-Misses:           10290    0.03%
L2-Store-Accesses:      31832337  100.00%

L2-Total-Hits:          49503217   99.98%
L2-Total-Misses:           11280    0.02%
L2-Total-Accesses:      49514497  100.00%

