--------
Total Statistics
--------
Total Instructions: 23714279323
Total Cycles: 32799940596
IPC: 0.722998

--------
Single level Tlb hierarchy
--------
  Data Tlb:
    Entries:          64
    Page Size(B):   4096
    Associativity:      4

Latencies:    0   50
Tlb-Sets:   16 - LRU - assoc:   4

Tlb Stats:
Tlb-Load-Hits:        6728858025  100.00%
Tlb-Load-Misses:              39    0.00%
Tlb-Load-Accesses:    6728858064  100.00%

Tlb-Store-Hits:        1857031727  100.00%
Tlb-Store-Misses:             342    0.00%
Tlb-Store-Accesses:    1857032069  100.00%

Tlb-Total-Hits:        8585889752  100.00%
Tlb-Total-Misses:             381    0.00%
Tlb-Total-Accesses:    8585890133  100.00%



--------
Two level Cache hierarchy
--------
  L1-Data Cache:
    Size(KB):          32
    Block Size(B):     64
    Associativity:      8

  L2-Data Cache:
    Size(KB):        1024
    Block Size(B):    128
    Associativity:      8

Latencies:    1   10  150
L1-Sets:   64 - LRU - assoc:   8
L2-Sets: 1024 - LRU - assoc:   8
Store_allocation: Yes
L2_inclusive: Yes
L2_prefetching: No

L1 Cache Stats:
L1-Load-Hits:        6710975549   99.73%
L1-Load-Misses:        17882515    0.27%
L1-Load-Accesses:    6728858064  100.00%

L1-Store-Hits:        1825108560   98.28%
L1-Store-Misses:        31923509    1.72%
L1-Store-Accesses:    1857032069  100.00%

L1-Total-Hits:        8536084109   99.42%
L1-Total-Misses:        49806024    0.58%
L1-Total-Accesses:    8585890133  100.00%

L2 Cache Stats:
L2-Load-Hits:          17881525   99.99%
L2-Load-Misses:             990    0.01%
L2-Load-Accesses:      17882515  100.00%

L2-Store-Hits:          31913220   99.97%
L2-Store-Misses:           10289    0.03%
L2-Store-Accesses:      31923509  100.00%

L2-Total-Hits:          49794745   99.98%
L2-Total-Misses:           11279    0.02%
L2-Total-Accesses:      49806024  100.00%

