--------
Total Statistics
--------
Total Instructions: 8308509597
Total Cycles: 14249987294
IPC: 0.583054

--------
Single level Tlb hierarchy
--------
  Data Tlb:
    Entries:           8
    Page Size(B):   4096
    Associativity:      4

Latencies:    0   50
Tlb-Sets:    2 - LRU - assoc:   4

Tlb Stats:
Tlb-Load-Hits:        1824583682   97.55%
Tlb-Load-Misses:        45883421    2.45%
Tlb-Load-Accesses:    1870467103  100.00%

Tlb-Store-Hits:         183295269   99.82%
Tlb-Store-Misses:          321425    0.18%
Tlb-Store-Accesses:     183616694  100.00%

Tlb-Total-Hits:        2007878951   97.75%
Tlb-Total-Misses:        46204846    2.25%
Tlb-Total-Accesses:    2054083797  100.00%



--------
Two level Cache hierarchy
--------
  L1-Data Cache:
    Size(KB):          32
    Block Size(B):     64
    Associativity:      8

  L2-Data Cache:
    Size(KB):        1024
    Block Size(B):    128
    Associativity:      8

Latencies:    1   10  150
L1-Sets:   64 - LRU - assoc:   8
L2-Sets: 1024 - LRU - assoc:   8
Store_allocation: Yes
L2_inclusive: Yes
L2_prefetching: No

L1 Cache Stats:
L1-Load-Hits:        1848499522   98.83%
L1-Load-Misses:        21967581    1.17%
L1-Load-Accesses:    1870467103  100.00%

L1-Store-Hits:         178121390   97.01%
L1-Store-Misses:         5495304    2.99%
L1-Store-Accesses:     183616694  100.00%

L1-Total-Hits:        2026620912   98.66%
L1-Total-Misses:        27462885    1.34%
L1-Total-Accesses:    2054083797  100.00%

L2 Cache Stats:
L2-Load-Hits:          16003083   72.85%
L2-Load-Misses:         5964498   27.15%
L2-Load-Accesses:      21967581  100.00%

L2-Store-Hits:           2776317   50.52%
L2-Store-Misses:         2718987   49.48%
L2-Store-Accesses:       5495304  100.00%

L2-Total-Hits:          18779400   68.38%
L2-Total-Misses:         8683485   31.62%
L2-Total-Accesses:      27462885  100.00%

