--------
Total Statistics
--------
Total Instructions: 8308509597
Total Cycles: 11982193194
IPC: 0.693405

--------
Single level Tlb hierarchy
--------
  Data Tlb:
    Entries:          64
    Page Size(B):   4096
    Associativity:     64

Latencies:    0   50
Tlb-Sets:    1 - LRU - assoc:  64

Tlb Stats:
Tlb-Load-Hits:        1869897652   99.97%
Tlb-Load-Misses:          569451    0.03%
Tlb-Load-Accesses:    1870467103  100.00%

Tlb-Store-Hits:         183336849   99.85%
Tlb-Store-Misses:          279845    0.15%
Tlb-Store-Accesses:     183616694  100.00%

Tlb-Total-Hits:        2053234501   99.96%
Tlb-Total-Misses:          849296    0.04%
Tlb-Total-Accesses:    2054083797  100.00%



--------
Two level Cache hierarchy
--------
  L1-Data Cache:
    Size(KB):          32
    Block Size(B):     64
    Associativity:      8

  L2-Data Cache:
    Size(KB):        1024
    Block Size(B):    128
    Associativity:      8

Latencies:    1   10  150
L1-Sets:   64 - LRU - assoc:   8
L2-Sets: 1024 - LRU - assoc:   8
Store_allocation: Yes
L2_inclusive: Yes
L2_prefetching: No

L1 Cache Stats:
L1-Load-Hits:        1848500062   98.83%
L1-Load-Misses:        21967041    1.17%
L1-Load-Accesses:    1870467103  100.00%

L1-Store-Hits:         178121310   97.01%
L1-Store-Misses:         5495384    2.99%
L1-Store-Accesses:     183616694  100.00%

L1-Total-Hits:        2026621372   98.66%
L1-Total-Misses:        27462425    1.34%
L1-Total-Accesses:    2054083797  100.00%

L2 Cache Stats:
L2-Load-Hits:          16002593   72.85%
L2-Load-Misses:         5964448   27.15%
L2-Load-Accesses:      21967041  100.00%

L2-Store-Hits:           2776427   50.52%
L2-Store-Misses:         2718957   49.48%
L2-Store-Accesses:       5495384  100.00%

L2-Total-Hits:          18779020   68.38%
L2-Total-Misses:         8683405   31.62%
L2-Total-Accesses:      27462425  100.00%

