--------
Total Statistics
--------
Total Instructions: 8308509597
Total Cycles: 12974510704
IPC: 0.640372

--------
Single level Tlb hierarchy
--------
  Data Tlb:
    Entries:          64
    Page Size(B):   4096
    Associativity:      1

Latencies:    0   50
Tlb-Sets:   64 - LRU - assoc:   1

Tlb Stats:
Tlb-Load-Hits:        1850468072   98.93%
Tlb-Load-Misses:        19999031    1.07%
Tlb-Load-Accesses:    1870467103  100.00%

Tlb-Store-Hits:         182919417   99.62%
Tlb-Store-Misses:          697277    0.38%
Tlb-Store-Accesses:     183616694  100.00%

Tlb-Total-Hits:        2033387489   98.99%
Tlb-Total-Misses:        20696308    1.01%
Tlb-Total-Accesses:    2054083797  100.00%



--------
Two level Cache hierarchy
--------
  L1-Data Cache:
    Size(KB):          32
    Block Size(B):     64
    Associativity:      8

  L2-Data Cache:
    Size(KB):        1024
    Block Size(B):    128
    Associativity:      8

Latencies:    1   10  150
L1-Sets:   64 - LRU - assoc:   8
L2-Sets: 1024 - LRU - assoc:   8
Store_allocation: Yes
L2_inclusive: Yes
L2_prefetching: No

L1 Cache Stats:
L1-Load-Hits:        1848503586   98.83%
L1-Load-Misses:        21963517    1.17%
L1-Load-Accesses:    1870467103  100.00%

L1-Store-Hits:         178121470   97.01%
L1-Store-Misses:         5495224    2.99%
L1-Store-Accesses:     183616694  100.00%

L1-Total-Hits:        2026625056   98.66%
L1-Total-Misses:        27458741    1.34%
L1-Total-Accesses:    2054083797  100.00%

L2 Cache Stats:
L2-Load-Hits:          15999123   72.84%
L2-Load-Misses:         5964394   27.16%
L2-Load-Accesses:      21963517  100.00%

L2-Store-Hits:           2776188   50.52%
L2-Store-Misses:         2719036   49.48%
L2-Store-Accesses:       5495224  100.00%

L2-Total-Hits:          18775311   68.38%
L2-Total-Misses:         8683430   31.62%
L2-Total-Accesses:      27458741  100.00%

