--------
Total Statistics
--------
Total Instructions: 10948989397
Total Cycles: 15809534580
IPC: 0.692556

--------
Single level Tlb hierarchy
--------
  Data Tlb:
    Entries:          64
    Page Size(B):   4096
    Associativity:      4

Latencies:    0   50
Tlb-Sets:   16 - LRU - assoc:   4

Tlb Stats:
Tlb-Load-Hits:        2284530179   99.40%
Tlb-Load-Misses:        13751759    0.60%
Tlb-Load-Accesses:    2298281938  100.00%

Tlb-Store-Hits:         591853568   99.93%
Tlb-Store-Misses:          427347    0.07%
Tlb-Store-Accesses:     592280915  100.00%

Tlb-Total-Hits:        2876383747   99.51%
Tlb-Total-Misses:        14179106    0.49%
Tlb-Total-Accesses:    2890562853  100.00%



--------
Two level Cache hierarchy
--------
  L1-Data Cache:
    Size(KB):          32
    Block Size(B):     64
    Associativity:      8

  L2-Data Cache:
    Size(KB):        2048
    Block Size(B):    128
    Associativity:     16

Latencies:    1   10  150
L1-Sets:   64 - LRU - assoc:   8
L2-Sets: 1024 - LRU - assoc:  16
Store_allocation: Yes
L2_inclusive: Yes
L2_prefetching: No

L1 Cache Stats:
L1-Load-Hits:        2186764165   95.15%
L1-Load-Misses:       111517773    4.85%
L1-Load-Accesses:    2298281938  100.00%

L1-Store-Hits:         586064410   98.95%
L1-Store-Misses:         6216505    1.05%
L1-Store-Accesses:     592280915  100.00%

L1-Total-Hits:        2772828575   95.93%
L1-Total-Misses:       117734278    4.07%
L1-Total-Accesses:    2890562853  100.00%

L2 Cache Stats:
L2-Load-Hits:         111196056   99.71%
L2-Load-Misses:          321717    0.29%
L2-Load-Accesses:     111517773  100.00%

L2-Store-Hits:           5980327   96.20%
L2-Store-Misses:          236178    3.80%
L2-Store-Accesses:       6216505  100.00%

L2-Total-Hits:         117176383   99.53%
L2-Total-Misses:          557895    0.47%
L2-Total-Accesses:     117734278  100.00%

