--------
Total Statistics
--------
Total Instructions: 10948989422
Total Cycles: 16181274293
IPC: 0.676646

--------
Single level Tlb hierarchy
--------
  Data Tlb:
    Entries:          64
    Page Size(B):   4096
    Associativity:      4

Latencies:    0   50
Tlb-Sets:   16 - LRU - assoc:   4

Tlb Stats:
Tlb-Load-Hits:        2284521600   99.40%
Tlb-Load-Misses:        13760346    0.60%
Tlb-Load-Accesses:    2298281946  100.00%

Tlb-Store-Hits:         591853609   99.93%
Tlb-Store-Misses:          427306    0.07%
Tlb-Store-Accesses:     592280915  100.00%

Tlb-Total-Hits:        2876375209   99.51%
Tlb-Total-Misses:        14187652    0.49%
Tlb-Total-Accesses:    2890562861  100.00%



--------
Two level Cache hierarchy
--------
  L1-Data Cache:
    Size(KB):          32
    Block Size(B):     64
    Associativity:      8

  L2-Data Cache:
    Size(KB):         512
    Block Size(B):     64
    Associativity:      8

Latencies:    1   10  150
L1-Sets:   64 - LRU - assoc:   8
L2-Sets: 1024 - LRU - assoc:   8
Store_allocation: Yes
L2_inclusive: Yes
L2_prefetching: No

L1 Cache Stats:
L1-Load-Hits:        2187020838   95.16%
L1-Load-Misses:       111261108    4.84%
L1-Load-Accesses:    2298281946  100.00%

L1-Store-Hits:         586562772   99.03%
L1-Store-Misses:         5718143    0.97%
L1-Store-Accesses:     592280915  100.00%

L1-Total-Hits:        2773583610   95.95%
L1-Total-Misses:       116979251    4.05%
L1-Total-Accesses:    2890562861  100.00%

L2 Cache Stats:
L2-Load-Hits:         109542579   98.46%
L2-Load-Misses:         1718529    1.54%
L2-Load-Accesses:     111261108  100.00%

L2-Store-Hits:           4353026   76.13%
L2-Store-Misses:         1365117   23.87%
L2-Store-Accesses:       5718143  100.00%

L2-Total-Hits:         113895605   97.36%
L2-Total-Misses:         3083646    2.64%
L2-Total-Accesses:     116979251  100.00%

