--------
Total Statistics
--------
Total Instructions: 10948989422
Total Cycles: 16032708053
IPC: 0.682916

--------
Single level Tlb hierarchy
--------
  Data Tlb:
    Entries:          64
    Page Size(B):   4096
    Associativity:      4

Latencies:    0   50
Tlb-Sets:   16 - LRU - assoc:   4

Tlb Stats:
Tlb-Load-Hits:        2284445117   99.40%
Tlb-Load-Misses:        13836829    0.60%
Tlb-Load-Accesses:    2298281946  100.00%

Tlb-Store-Hits:         591933617   99.94%
Tlb-Store-Misses:          347298    0.06%
Tlb-Store-Accesses:     592280915  100.00%

Tlb-Total-Hits:        2876378734   99.51%
Tlb-Total-Misses:        14184127    0.49%
Tlb-Total-Accesses:    2890562861  100.00%



--------
Two level Cache hierarchy
--------
  L1-Data Cache:
    Size(KB):          32
    Block Size(B):     64
    Associativity:      8

  L2-Data Cache:
    Size(KB):        1024
    Block Size(B):     64
    Associativity:      8

Latencies:    1   10  150
L1-Sets:   64 - LRU - assoc:   8
L2-Sets: 2048 - LRU - assoc:   8
Store_allocation: Yes
L2_inclusive: Yes
L2_prefetching: No

L1 Cache Stats:
L1-Load-Hits:        2186934886   95.16%
L1-Load-Misses:       111347060    4.84%
L1-Load-Accesses:    2298281946  100.00%

L1-Store-Hits:         586575788   99.04%
L1-Store-Misses:         5705127    0.96%
L1-Store-Accesses:     592280915  100.00%

L1-Total-Hits:        2773510674   95.95%
L1-Total-Misses:       117052187    4.05%
L1-Total-Accesses:    2890562861  100.00%

L2 Cache Stats:
L2-Load-Hits:         110257364   99.02%
L2-Load-Misses:         1089696    0.98%
L2-Load-Accesses:     111347060  100.00%

L2-Store-Hits:           4705306   82.48%
L2-Store-Misses:          999821   17.52%
L2-Store-Accesses:       5705127  100.00%

L2-Total-Hits:         114962670   98.21%
L2-Total-Misses:         2089517    1.79%
L2-Total-Accesses:     117052187  100.00%

