--------
Total Statistics
--------
Total Instructions: 10948989397
Total Cycles: 15916777790
IPC: 0.68789

--------
Single level Tlb hierarchy
--------
  Data Tlb:
    Entries:          64
    Page Size(B):   4096
    Associativity:      4

Latencies:    0   50
Tlb-Sets:   16 - LRU - assoc:   4

Tlb Stats:
Tlb-Load-Hits:        2284517285   99.40%
Tlb-Load-Misses:        13764653    0.60%
Tlb-Load-Accesses:    2298281938  100.00%

Tlb-Store-Hits:         591853523   99.93%
Tlb-Store-Misses:          427392    0.07%
Tlb-Store-Accesses:     592280915  100.00%

Tlb-Total-Hits:        2876370808   99.51%
Tlb-Total-Misses:        14192045    0.49%
Tlb-Total-Accesses:    2890562853  100.00%



--------
Two level Cache hierarchy
--------
  L1-Data Cache:
    Size(KB):          32
    Block Size(B):     64
    Associativity:      8

  L2-Data Cache:
    Size(KB):         512
    Block Size(B):    256
    Associativity:      8

Latencies:    1   10  150
L1-Sets:   64 - LRU - assoc:   8
L2-Sets:  256 - LRU - assoc:   8
Store_allocation: Yes
L2_inclusive: Yes
L2_prefetching: No

L1 Cache Stats:
L1-Load-Hits:        2186351371   95.13%
L1-Load-Misses:       111930567    4.87%
L1-Load-Accesses:    2298281938  100.00%

L1-Store-Hits:         585946388   98.93%
L1-Store-Misses:         6334527    1.07%
L1-Store-Accesses:     592280915  100.00%

L1-Total-Hits:        2772297759   95.91%
L1-Total-Misses:       118265094    4.09%
L1-Total-Accesses:    2890562853  100.00%

L2 Cache Stats:
L2-Load-Hits:         111039335   99.20%
L2-Load-Misses:          891232    0.80%
L2-Load-Accesses:     111930567  100.00%

L2-Store-Hits:           5992610   94.60%
L2-Store-Misses:          341917    5.40%
L2-Store-Accesses:       6334527  100.00%

L2-Total-Hits:         117031945   98.96%
L2-Total-Misses:         1233149    1.04%
L2-Total-Accesses:     118265094  100.00%

