--------
Total Statistics
--------
Total Instructions: 10948989422
Total Cycles: 15816159303
IPC: 0.692266

--------
Single level Tlb hierarchy
--------
  Data Tlb:
    Entries:          64
    Page Size(B):   4096
    Associativity:      4

Latencies:    0   50
Tlb-Sets:   16 - LRU - assoc:   4

Tlb Stats:
Tlb-Load-Hits:        2284364452   99.39%
Tlb-Load-Misses:        13917494    0.61%
Tlb-Load-Accesses:    2298281946  100.00%

Tlb-Store-Hits:         591933666   99.94%
Tlb-Store-Misses:          347249    0.06%
Tlb-Store-Accesses:     592280915  100.00%

Tlb-Total-Hits:        2876298118   99.51%
Tlb-Total-Misses:        14264743    0.49%
Tlb-Total-Accesses:    2890562861  100.00%



--------
Two level Cache hierarchy
--------
  L1-Data Cache:
    Size(KB):          32
    Block Size(B):     64
    Associativity:      8

  L2-Data Cache:
    Size(KB):        1024
    Block Size(B):    256
    Associativity:     16

Latencies:    1   10  150
L1-Sets:   64 - LRU - assoc:   8
L2-Sets:  256 - LRU - assoc:  16
Store_allocation: Yes
L2_inclusive: Yes
L2_prefetching: No

L1 Cache Stats:
L1-Load-Hits:        2186637367   95.14%
L1-Load-Misses:       111644579    4.86%
L1-Load-Accesses:    2298281946  100.00%

L1-Store-Hits:         586213117   98.98%
L1-Store-Misses:         6067798    1.02%
L1-Store-Accesses:     592280915  100.00%

L1-Total-Hits:        2772850484   95.93%
L1-Total-Misses:       117712377    4.07%
L1-Total-Accesses:    2890562861  100.00%

L2 Cache Stats:
L2-Load-Hits:         111323465   99.71%
L2-Load-Misses:          321114    0.29%
L2-Load-Accesses:     111644579  100.00%

L2-Store-Hits:           5813938   95.82%
L2-Store-Misses:          253860    4.18%
L2-Store-Accesses:       6067798  100.00%

L2-Total-Hits:         117137403   99.51%
L2-Total-Misses:          574974    0.49%
L2-Total-Accesses:     117712377  100.00%

