--------
Total Statistics
--------
Total Instructions: 10948989397
Total Cycles: 15812107990
IPC: 0.692443

--------
Single level Tlb hierarchy
--------
  Data Tlb:
    Entries:          64
    Page Size(B):   4096
    Associativity:      4

Latencies:    0   50
Tlb-Sets:   16 - LRU - assoc:   4

Tlb Stats:
Tlb-Load-Hits:        2284514429   99.40%
Tlb-Load-Misses:        13767509    0.60%
Tlb-Load-Accesses:    2298281938  100.00%

Tlb-Store-Hits:         591853652   99.93%
Tlb-Store-Misses:          427263    0.07%
Tlb-Store-Accesses:     592280915  100.00%

Tlb-Total-Hits:        2876368081   99.51%
Tlb-Total-Misses:        14194772    0.49%
Tlb-Total-Accesses:    2890562853  100.00%



--------
Two level Cache hierarchy
--------
  L1-Data Cache:
    Size(KB):          32
    Block Size(B):     64
    Associativity:      8

  L2-Data Cache:
    Size(KB):        1024
    Block Size(B):    256
    Associativity:      8

Latencies:    1   10  150
L1-Sets:   64 - LRU - assoc:   8
L2-Sets:  512 - LRU - assoc:   8
Store_allocation: Yes
L2_inclusive: Yes
L2_prefetching: No

L1 Cache Stats:
L1-Load-Hits:        2186658591   95.14%
L1-Load-Misses:       111623347    4.86%
L1-Load-Accesses:    2298281938  100.00%

L1-Store-Hits:         586151083   98.97%
L1-Store-Misses:         6129832    1.03%
L1-Store-Accesses:     592280915  100.00%

L1-Total-Hits:        2772809674   95.93%
L1-Total-Misses:       117753179    4.07%
L1-Total-Accesses:    2890562853  100.00%

L2 Cache Stats:
L2-Load-Hits:         111307115   99.72%
L2-Load-Misses:          316232    0.28%
L2-Load-Accesses:     111623347  100.00%

L2-Store-Hits:           5877495   95.88%
L2-Store-Misses:          252337    4.12%
L2-Store-Accesses:       6129832  100.00%

L2-Total-Hits:         117184610   99.52%
L2-Total-Misses:          568569    0.48%
L2-Total-Accesses:     117753179  100.00%

