--------
Total Statistics
--------
Total Instructions: 10948989422
Total Cycles: 15970402463
IPC: 0.68558

--------
Single level Tlb hierarchy
--------
  Data Tlb:
    Entries:          64
    Page Size(B):   4096
    Associativity:      4

Latencies:    0   50
Tlb-Sets:   16 - LRU - assoc:   4

Tlb Stats:
Tlb-Load-Hits:        2284593240   99.40%
Tlb-Load-Misses:        13688706    0.60%
Tlb-Load-Accesses:    2298281946  100.00%

Tlb-Store-Hits:         591853603   99.93%
Tlb-Store-Misses:          427312    0.07%
Tlb-Store-Accesses:     592280915  100.00%

Tlb-Total-Hits:        2876446843   99.51%
Tlb-Total-Misses:        14116018    0.49%
Tlb-Total-Accesses:    2890562861  100.00%



--------
Two level Cache hierarchy
--------
  L1-Data Cache:
    Size(KB):          32
    Block Size(B):     64
    Associativity:      8

  L2-Data Cache:
    Size(KB):         512
    Block Size(B):    128
    Associativity:      8

Latencies:    1   10  150
L1-Sets:   64 - LRU - assoc:   8
L2-Sets:  512 - LRU - assoc:   8
Store_allocation: Yes
L2_inclusive: Yes
L2_prefetching: No

L1 Cache Stats:
L1-Load-Hits:        2186096533   95.12%
L1-Load-Misses:       112185413    4.88%
L1-Load-Accesses:    2298281946  100.00%

L1-Store-Hits:         585545795   98.86%
L1-Store-Misses:         6735120    1.14%
L1-Store-Accesses:     592280915  100.00%

L1-Total-Hits:        2771642328   95.89%
L1-Total-Misses:       118920533    4.11%
L1-Total-Accesses:    2890562861  100.00%

L2 Cache Stats:
L2-Load-Hits:         111295950   99.21%
L2-Load-Misses:          889463    0.79%
L2-Load-Accesses:     112185413  100.00%

L2-Store-Hits:           6052290   89.86%
L2-Store-Misses:          682830   10.14%
L2-Store-Accesses:       6735120  100.00%

L2-Total-Hits:         117348240   98.68%
L2-Total-Misses:         1572293    1.32%
L2-Total-Accesses:     118920533  100.00%

