--------
Total Statistics
--------
Total Instructions: 20807579425
Total Cycles: 38930017391
IPC: 0.534487

--------
Single level Tlb hierarchy
--------
  Data Tlb:
    Entries:          64
    Page Size(B):   4096
    Associativity:      4

Latencies:    0   50
Tlb-Sets:   16 - LRU - assoc:   4

Tlb Stats:
Tlb-Load-Hits:        6343628587   99.60%
Tlb-Load-Misses:        25354797    0.40%
Tlb-Load-Accesses:    6368983384  100.00%

Tlb-Store-Hits:        2597357269   99.86%
Tlb-Store-Misses:         3558823    0.14%
Tlb-Store-Accesses:    2600916092  100.00%

Tlb-Total-Hits:        8940985856   99.68%
Tlb-Total-Misses:        28913620    0.32%
Tlb-Total-Accesses:    8969899476  100.00%



--------
Two level Cache hierarchy
--------
  L1-Data Cache:
    Size(KB):          32
    Block Size(B):     64
    Associativity:      8

  L2-Data Cache:
    Size(KB):         512
    Block Size(B):    256
    Associativity:      8

Latencies:    1   10  150
L1-Sets:   64 - LRU - assoc:   8
L2-Sets:  256 - LRU - assoc:   8
Store_allocation: Yes
L2_inclusive: Yes
L2_prefetching: No

L1 Cache Stats:
L1-Load-Hits:        6177364338   96.99%
L1-Load-Misses:       191619046    3.01%
L1-Load-Accesses:    6368983384  100.00%

L1-Store-Hits:        2585022184   99.39%
L1-Store-Misses:        15893908    0.61%
L1-Store-Accesses:    2600916092  100.00%

L1-Total-Hits:        8762386522   97.69%
L1-Total-Misses:       207512954    2.31%
L1-Total-Accesses:    8969899476  100.00%

L2 Cache Stats:
L2-Load-Hits:         157058867   81.96%
L2-Load-Misses:        34560179   18.04%
L2-Load-Accesses:     191619046  100.00%

L2-Store-Hits:          12909234   81.22%
L2-Store-Misses:         2984674   18.78%
L2-Store-Accesses:      15893908  100.00%

L2-Total-Hits:         169968101   81.91%
L2-Total-Misses:        37544853   18.09%
L2-Total-Accesses:     207512954  100.00%

