--------
Total Statistics
--------
Total Instructions: 20807579378
Total Cycles: 53650660781
IPC: 0.387835

--------
Single level Tlb hierarchy
--------
  Data Tlb:
    Entries:          64
    Page Size(B):   4096
    Associativity:      4

Latencies:    0   50
Tlb-Sets:   16 - LRU - assoc:   4

Tlb Stats:
Tlb-Load-Hits:        6343046597   99.59%
Tlb-Load-Misses:        25936781    0.41%
Tlb-Load-Accesses:    6368983378  100.00%

Tlb-Store-Hits:        2597207917   99.86%
Tlb-Store-Misses:         3708188    0.14%
Tlb-Store-Accesses:    2600916105  100.00%

Tlb-Total-Hits:        8940254514   99.67%
Tlb-Total-Misses:        29644969    0.33%
Tlb-Total-Accesses:    8969899483  100.00%



--------
Two level Cache hierarchy
--------
  L1-Data Cache:
    Size(KB):          32
    Block Size(B):     64
    Associativity:      8

  L2-Data Cache:
    Size(KB):        1024
    Block Size(B):     64
    Associativity:     16

Latencies:    1   10  150
L1-Sets:   64 - LRU - assoc:   8
L2-Sets: 1024 - LRU - assoc:  16
Store_allocation: Yes
L2_inclusive: Yes
L2_prefetching: No

L1 Cache Stats:
L1-Load-Hits:        6217343679   97.62%
L1-Load-Misses:       151639699    2.38%
L1-Load-Accesses:    6368983378  100.00%

L1-Store-Hits:        2588894872   99.54%
L1-Store-Misses:        12021233    0.46%
L1-Store-Accesses:    2600916105  100.00%

L1-Total-Hits:        8806238551   98.18%
L1-Total-Misses:       163660932    1.82%
L1-Total-Accesses:    8969899483  100.00%

L2 Cache Stats:
L2-Load-Hits:          24090851   15.89%
L2-Load-Misses:       127548848   84.11%
L2-Load-Accesses:     151639699  100.00%

L2-Store-Hits:           1207920   10.05%
L2-Store-Misses:        10813313   89.95%
L2-Store-Accesses:      12021233  100.00%

L2-Total-Hits:          25298771   15.46%
L2-Total-Misses:       138362161   84.54%
L2-Total-Accesses:     163660932  100.00%

