--------
Total Statistics
--------
Total Instructions: 20807579495
Total Cycles: 44384900772
IPC: 0.468799

--------
Single level Tlb hierarchy
--------
  Data Tlb:
    Entries:          64
    Page Size(B):   4096
    Associativity:      4

Latencies:    0   50
Tlb-Sets:   16 - LRU - assoc:   4

Tlb Stats:
Tlb-Load-Hits:        6340324982   99.55%
Tlb-Load-Misses:        28658420    0.45%
Tlb-Load-Accesses:    6368983402  100.00%

Tlb-Store-Hits:        2597041742   99.85%
Tlb-Store-Misses:         3874363    0.15%
Tlb-Store-Accesses:    2600916105  100.00%

Tlb-Total-Hits:        8937366724   99.64%
Tlb-Total-Misses:        32532783    0.36%
Tlb-Total-Accesses:    8969899507  100.00%



--------
Two level Cache hierarchy
--------
  L1-Data Cache:
    Size(KB):          32
    Block Size(B):     64
    Associativity:      8

  L2-Data Cache:
    Size(KB):        1024
    Block Size(B):    128
    Associativity:     16

Latencies:    1   10  150
L1-Sets:   64 - LRU - assoc:   8
L2-Sets:  512 - LRU - assoc:  16
Store_allocation: Yes
L2_inclusive: Yes
L2_prefetching: No

L1 Cache Stats:
L1-Load-Hits:        6147323120   96.52%
L1-Load-Misses:       221660282    3.48%
L1-Load-Accesses:    6368983402  100.00%

L1-Store-Hits:        2581725620   99.26%
L1-Store-Misses:        19190485    0.74%
L1-Store-Accesses:    2600916105  100.00%

L1-Total-Hits:        8729048740   97.31%
L1-Total-Misses:       240850767    2.69%
L1-Total-Accesses:    8969899507  100.00%

L2 Cache Stats:
L2-Load-Hits:         156736885   70.71%
L2-Load-Misses:        64923397   29.29%
L2-Load-Accesses:     221660282  100.00%

L2-Store-Hits:          13632049   71.04%
L2-Store-Misses:         5558436   28.96%
L2-Store-Accesses:      19190485  100.00%

L2-Total-Hits:         170368934   70.74%
L2-Total-Misses:        70481833   29.26%
L2-Total-Accesses:     240850767  100.00%

