--------
Total Statistics
--------
Total Instructions: 20807579447
Total Cycles: 43724447396
IPC: 0.47588

--------
Single level Tlb hierarchy
--------
  Data Tlb:
    Entries:          64
    Page Size(B):   4096
    Associativity:      4

Latencies:    0   50
Tlb-Sets:   16 - LRU - assoc:   4

Tlb Stats:
Tlb-Load-Hits:        6342589573   99.59%
Tlb-Load-Misses:        26393829    0.41%
Tlb-Load-Accesses:    6368983402  100.00%

Tlb-Store-Hits:        2597251054   99.86%
Tlb-Store-Misses:         3665053    0.14%
Tlb-Store-Accesses:    2600916107  100.00%

Tlb-Total-Hits:        8939840627   99.66%
Tlb-Total-Misses:        30058882    0.34%
Tlb-Total-Accesses:    8969899509  100.00%



--------
Two level Cache hierarchy
--------
  L1-Data Cache:
    Size(KB):          32
    Block Size(B):     64
    Associativity:      8

  L2-Data Cache:
    Size(KB):        2048
    Block Size(B):    128
    Associativity:     16

Latencies:    1   10  150
L1-Sets:   64 - LRU - assoc:   8
L2-Sets: 1024 - LRU - assoc:  16
Store_allocation: Yes
L2_inclusive: Yes
L2_prefetching: No

L1 Cache Stats:
L1-Load-Hits:        6150277249   96.57%
L1-Load-Misses:       218706153    3.43%
L1-Load-Accesses:    6368983402  100.00%

L1-Store-Hits:        2582286571   99.28%
L1-Store-Misses:        18629536    0.72%
L1-Store-Accesses:    2600916107  100.00%

L1-Total-Hits:        8732563820   97.35%
L1-Total-Misses:       237335689    2.65%
L1-Total-Accesses:    8969899509  100.00%

L2 Cache Stats:
L2-Load-Hits:         156775666   71.68%
L2-Load-Misses:        61930487   28.32%
L2-Load-Accesses:     218706153  100.00%

L2-Store-Hits:          13422240   72.05%
L2-Store-Misses:         5207296   27.95%
L2-Store-Accesses:      18629536  100.00%

L2-Total-Hits:         170197906   71.71%
L2-Total-Misses:        67137783   28.29%
L2-Total-Accesses:     237335689  100.00%

