--------
Total Statistics
--------
Total Instructions: 20807579569
Total Cycles: 54341394122
IPC: 0.382905

--------
Single level Tlb hierarchy
--------
  Data Tlb:
    Entries:          64
    Page Size(B):   4096
    Associativity:      4

Latencies:    0   50
Tlb-Sets:   16 - LRU - assoc:   4

Tlb Stats:
Tlb-Load-Hits:        6337772782   99.51%
Tlb-Load-Misses:        31210629    0.49%
Tlb-Load-Accesses:    6368983411  100.00%

Tlb-Store-Hits:        2597355409   99.86%
Tlb-Store-Misses:         3560723    0.14%
Tlb-Store-Accesses:    2600916132  100.00%

Tlb-Total-Hits:        8935128191   99.61%
Tlb-Total-Misses:        34771352    0.39%
Tlb-Total-Accesses:    8969899543  100.00%



--------
Two level Cache hierarchy
--------
  L1-Data Cache:
    Size(KB):          32
    Block Size(B):     64
    Associativity:      8

  L2-Data Cache:
    Size(KB):         512
    Block Size(B):     64
    Associativity:      8

Latencies:    1   10  150
L1-Sets:   64 - LRU - assoc:   8
L2-Sets: 1024 - LRU - assoc:   8
Store_allocation: Yes
L2_inclusive: Yes
L2_prefetching: No

L1 Cache Stats:
L1-Load-Hits:        6217287053   97.62%
L1-Load-Misses:       151696358    2.38%
L1-Load-Accesses:    6368983411  100.00%

L1-Store-Hits:        2588917179   99.54%
L1-Store-Misses:        11998953    0.46%
L1-Store-Accesses:    2600916132  100.00%

L1-Total-Hits:        8806204232   98.18%
L1-Total-Misses:       163695311    1.82%
L1-Total-Accesses:    8969899543  100.00%

L2 Cache Stats:
L2-Load-Hits:          21458175   14.15%
L2-Load-Misses:       130238183   85.85%
L2-Load-Accesses:     151696358  100.00%

L2-Store-Hits:            981174    8.18%
L2-Store-Misses:        11017779   91.82%
L2-Store-Accesses:      11998953  100.00%

L2-Total-Hits:          22439349   13.71%
L2-Total-Misses:       141255962   86.29%
L2-Total-Accesses:     163695311  100.00%

