--------
Total Statistics
--------
Total Instructions: 23714279323
Total Cycles: 32805536236
IPC: 0.722874

--------
Single level Tlb hierarchy
--------
  Data Tlb:
    Entries:          64
    Page Size(B):   4096
    Associativity:      4

Latencies:    0   50
Tlb-Sets:   16 - LRU - assoc:   4

Tlb Stats:
Tlb-Load-Hits:        6728853011  100.00%
Tlb-Load-Misses:            5053    0.00%
Tlb-Load-Accesses:    6728858064  100.00%

Tlb-Store-Hits:        1857031727  100.00%
Tlb-Store-Misses:             342    0.00%
Tlb-Store-Accesses:    1857032069  100.00%

Tlb-Total-Hits:        8585884738  100.00%
Tlb-Total-Misses:            5395    0.00%
Tlb-Total-Accesses:    8585890133  100.00%



--------
Two level Cache hierarchy
--------
  L1-Data Cache:
    Size(KB):          32
    Block Size(B):     64
    Associativity:      8

  L2-Data Cache:
    Size(KB):        1024
    Block Size(B):    128
    Associativity:      8

Latencies:    1   10  150
L1-Sets:   64 - LRU - assoc:   8
L2-Sets: 1024 - LRU - assoc:   8
Store_allocation: Yes
L2_inclusive: Yes
L2_prefetching: Yes ( 16)

L1 Cache Stats:
L1-Load-Hits:        6710844906   99.73%
L1-Load-Misses:        18013158    0.27%
L1-Load-Accesses:    6728858064  100.00%

L1-Store-Hits:        1824704709   98.26%
L1-Store-Misses:        32327360    1.74%
L1-Store-Accesses:    1857032069  100.00%

L1-Total-Hits:        8535549615   99.41%
L1-Total-Misses:        50340518    0.59%
L1-Total-Accesses:    8585890133  100.00%

L2 Cache Stats:
L2-Load-Hits:          18012169   99.99%
L2-Load-Misses:             989    0.01%
L2-Load-Accesses:      18013158  100.00%

L2-Store-Hits:          32317070   99.97%
L2-Store-Misses:           10290    0.03%
L2-Store-Accesses:      32327360  100.00%

L2-Total-Hits:          50329239   99.98%
L2-Total-Misses:           11279    0.02%
L2-Total-Accesses:      50340518  100.00%

